\BOOKMARK [0][-]{part.1}{I ESMF Overview}{}% 1
\BOOKMARK [1][-]{section.1}{What is the Earth System Modeling Framework?}{part.1}% 2
\BOOKMARK [1][-]{section.2}{The ESMF Reference Manual for C}{part.1}% 3
\BOOKMARK [1][-]{section.3}{How to Contact User Support and Find Additional Information}{part.1}% 4
\BOOKMARK [1][-]{section.4}{How to Submit Comments, Bug Reports, and Feature Requests}{part.1}% 5
\BOOKMARK [1][-]{section.5}{The ESMF Application Programming Interface}{part.1}% 6
\BOOKMARK [2][-]{subsection.5.1}{Standard Methods and Interface Rules}{section.5}% 7
\BOOKMARK [2][-]{subsection.5.2}{Deep and Shallow Classes}{section.5}% 8
\BOOKMARK [2][-]{subsection.5.3}{Special Methods}{section.5}% 9
\BOOKMARK [2][-]{subsection.5.4}{The ESMF Data Hierarchy}{section.5}% 10
\BOOKMARK [2][-]{subsection.5.5}{ESMF Spatial Classes}{section.5}% 11
\BOOKMARK [2][-]{subsection.5.6}{ESMF Maps}{section.5}% 12
\BOOKMARK [2][-]{subsection.5.7}{ESMF Specification Classes}{section.5}% 13
\BOOKMARK [2][-]{subsection.5.8}{ESMF Utility Classes}{section.5}% 14
\BOOKMARK [1][-]{section.6}{Integrating ESMF into Applications}{part.1}% 15
\BOOKMARK [2][-]{subsection.6.1}{Using the ESMF Superstructure}{section.6}% 16
\BOOKMARK [2][-]{subsection.6.2}{Constants}{section.6}% 17
\BOOKMARK [1][-]{section.7}{Overall Rules and Behavior}{part.1}% 18
\BOOKMARK [2][-]{subsection.7.1}{Local and Global Views and Associated Conventions}{section.7}% 19
\BOOKMARK [2][-]{subsection.7.2}{Allocation Rules}{section.7}% 20
\BOOKMARK [2][-]{subsection.7.3}{Assignment, Equality, Copying and Comparing Objects}{section.7}% 21
\BOOKMARK [1][-]{section.8}{Overall Design and Implementation Notes}{part.1}% 22
\BOOKMARK [0][-]{part.2}{II Applications}{}% 23
\BOOKMARK [0][-]{part.3}{III Superstructure}{}% 24
\BOOKMARK [1][-]{section.9}{Overview of Superstructure}{part.3}% 25
\BOOKMARK [2][-]{subsection.9.1}{Superstructure Classes}{section.9}% 26
\BOOKMARK [2][-]{subsection.9.2}{Hierarchical Creation of Components}{section.9}% 27
\BOOKMARK [2][-]{subsection.9.3}{Sequential and Concurrent Execution of Components}{section.9}% 28
\BOOKMARK [2][-]{subsection.9.4}{Intra-Component Communication}{section.9}% 29
\BOOKMARK [2][-]{subsection.9.5}{Data Distribution and Scoping in Components}{section.9}% 30
\BOOKMARK [2][-]{subsection.9.6}{Performance}{section.9}% 31
\BOOKMARK [2][-]{subsection.9.7}{Object Model}{section.9}% 32
\BOOKMARK [1][-]{section.10}{Application Driver and Required ESMF Methods}{part.3}% 33
\BOOKMARK [2][-]{subsection.10.1}{Description}{section.10}% 34
\BOOKMARK [2][-]{subsection.10.2}{Required ESMF Methods}{section.10}% 35
\BOOKMARK [3][-]{subsubsection.10.2.1}{ESMC\137Initialize}{subsection.10.2}% 36
\BOOKMARK [3][-]{subsubsection.10.2.2}{ESMC\137Finalize}{subsection.10.2}% 37
\BOOKMARK [1][-]{section.11}{GridComp Class}{part.3}% 38
\BOOKMARK [2][-]{subsection.11.1}{Description}{section.11}% 39
\BOOKMARK [2][-]{subsection.11.2}{Class API}{section.11}% 40
\BOOKMARK [3][-]{subsubsection.11.2.1}{ESMC\137GridCompCreate}{subsection.11.2}% 41
\BOOKMARK [3][-]{subsubsection.11.2.2}{ESMC\137GridCompDestroy}{subsection.11.2}% 42
\BOOKMARK [3][-]{subsubsection.11.2.3}{ESMC\137GridCompFinalize}{subsection.11.2}% 43
\BOOKMARK [3][-]{subsubsection.11.2.4}{ESMC\137GridCompGetInternalState}{subsection.11.2}% 44
\BOOKMARK [3][-]{subsubsection.11.2.5}{ESMC\137GridCompInitialize}{subsection.11.2}% 45
\BOOKMARK [3][-]{subsubsection.11.2.6}{ESMC\137GridCompPrint}{subsection.11.2}% 46
\BOOKMARK [3][-]{subsubsection.11.2.7}{ESMC\137GridCompRun}{subsection.11.2}% 47
\BOOKMARK [3][-]{subsubsection.11.2.8}{ESMC\137GridCompSetEntryPoint}{subsection.11.2}% 48
\BOOKMARK [3][-]{subsubsection.11.2.9}{ESMC\137GridCompSetInternalState}{subsection.11.2}% 49
\BOOKMARK [3][-]{subsubsection.11.2.10}{ESMC\137GridCompSetServices}{subsection.11.2}% 50
\BOOKMARK [1][-]{section.12}{CplComp Class}{part.3}% 51
\BOOKMARK [2][-]{subsection.12.1}{Description}{section.12}% 52
\BOOKMARK [2][-]{subsection.12.2}{Class API}{section.12}% 53
\BOOKMARK [3][-]{subsubsection.12.2.1}{ESMC\137CplCompCreate}{subsection.12.2}% 54
\BOOKMARK [3][-]{subsubsection.12.2.2}{ESMC\137CplCompDestroy}{subsection.12.2}% 55
\BOOKMARK [3][-]{subsubsection.12.2.3}{ESMC\137CplCompFinalize}{subsection.12.2}% 56
\BOOKMARK [3][-]{subsubsection.12.2.4}{ESMC\137CplCompGetInternalState}{subsection.12.2}% 57
\BOOKMARK [3][-]{subsubsection.12.2.5}{ESMC\137CplCompInitialize}{subsection.12.2}% 58
\BOOKMARK [3][-]{subsubsection.12.2.6}{ESMC\137CplCompPrint}{subsection.12.2}% 59
\BOOKMARK [3][-]{subsubsection.12.2.7}{ESMC\137CplCompRun}{subsection.12.2}% 60
\BOOKMARK [3][-]{subsubsection.12.2.8}{ESMC\137CplCompSetEntryPoint}{subsection.12.2}% 61
\BOOKMARK [3][-]{subsubsection.12.2.9}{ESMC\137CplCompSetInternalState}{subsection.12.2}% 62
\BOOKMARK [3][-]{subsubsection.12.2.10}{ESMC\137CplCompSetServices}{subsection.12.2}% 63
\BOOKMARK [1][-]{section.13}{SciComp Class}{part.3}% 64
\BOOKMARK [2][-]{subsection.13.1}{Description}{section.13}% 65
\BOOKMARK [2][-]{subsection.13.2}{Class API}{section.13}% 66
\BOOKMARK [3][-]{subsubsection.13.2.1}{ESMC\137SciCompCreate}{subsection.13.2}% 67
\BOOKMARK [3][-]{subsubsection.13.2.2}{ESMC\137SciCompDestroy}{subsection.13.2}% 68
\BOOKMARK [3][-]{subsubsection.13.2.3}{ESMC\137SciCompPrint}{subsection.13.2}% 69
\BOOKMARK [1][-]{section.14}{State Class}{part.3}% 70
\BOOKMARK [2][-]{subsection.14.1}{Description}{section.14}% 71
\BOOKMARK [2][-]{subsection.14.2}{Restrictions and Future Work}{section.14}% 72
\BOOKMARK [2][-]{subsection.14.3}{Class API}{section.14}% 73
\BOOKMARK [3][-]{subsubsection.14.3.1}{ESMC\137StateAddArray}{subsection.14.3}% 74
\BOOKMARK [3][-]{subsubsection.14.3.2}{ESMC\137StateAddField}{subsection.14.3}% 75
\BOOKMARK [3][-]{subsubsection.14.3.3}{ESMC\137StateCreate}{subsection.14.3}% 76
\BOOKMARK [3][-]{subsubsection.14.3.4}{ESMC\137StateDestroy}{subsection.14.3}% 77
\BOOKMARK [3][-]{subsubsection.14.3.5}{ESMC\137StateGetArray}{subsection.14.3}% 78
\BOOKMARK [3][-]{subsubsection.14.3.6}{ESMC\137StateGetField}{subsection.14.3}% 79
\BOOKMARK [3][-]{subsubsection.14.3.7}{ESMC\137StatePrint}{subsection.14.3}% 80
\BOOKMARK [0][-]{part.4}{IV Infrastructure: Fields and Grids}{}% 81
\BOOKMARK [1][-]{section.15}{Overview of Infrastructure Data Handling}{part.4}% 82
\BOOKMARK [2][-]{subsection.15.1}{Infrastructure Data Classes}{section.15}% 83
\BOOKMARK [2][-]{subsection.15.2}{Design and Implementation Notes}{section.15}% 84
\BOOKMARK [1][-]{section.16}{Field Class}{part.4}% 85
\BOOKMARK [2][-]{subsection.16.1}{Description}{section.16}% 86
\BOOKMARK [2][-]{subsection.16.2}{Constants}{section.16}% 87
\BOOKMARK [3][-]{subsubsection.16.2.1}{ESMC\137REGRIDMETHOD}{subsection.16.2}% 88
\BOOKMARK [2][-]{subsection.16.3}{Use and Examples}{section.16}% 89
\BOOKMARK [3][-]{subsubsection.16.3.1}{Field create and destroy}{subsection.16.3}% 90
\BOOKMARK [2][-]{subsection.16.4}{Class API}{section.16}% 91
\BOOKMARK [3][-]{subsubsection.16.4.1}{ESMC\137FieldCreateGridArraySpec}{subsection.16.4}% 92
\BOOKMARK [3][-]{subsubsection.16.4.2}{ESMC\137FieldCreateGridTypeKind}{subsection.16.4}% 93
\BOOKMARK [3][-]{subsubsection.16.4.3}{ESMC\137FieldCreateMeshArraySpec}{subsection.16.4}% 94
\BOOKMARK [3][-]{subsubsection.16.4.4}{ESMC\137FieldCreateMeshTypeKind}{subsection.16.4}% 95
\BOOKMARK [3][-]{subsubsection.16.4.5}{ESMC\137FieldCreateLocStreamArraySpec}{subsection.16.4}% 96
\BOOKMARK [3][-]{subsubsection.16.4.6}{ESMC\137FieldCreateLocStreamTypeKind}{subsection.16.4}% 97
\BOOKMARK [3][-]{subsubsection.16.4.7}{ESMC\137FieldDestroy}{subsection.16.4}% 98
\BOOKMARK [3][-]{subsubsection.16.4.8}{ESMC\137FieldGetArray}{subsection.16.4}% 99
\BOOKMARK [3][-]{subsubsection.16.4.9}{ESMC\137FieldGetMesh}{subsection.16.4}% 100
\BOOKMARK [3][-]{subsubsection.16.4.10}{ESMC\137FieldGetPtr}{subsection.16.4}% 101
\BOOKMARK [3][-]{subsubsection.16.4.11}{ESMC\137FieldGetBounds}{subsection.16.4}% 102
\BOOKMARK [3][-]{subsubsection.16.4.12}{ESMC\137FieldPrint}{subsection.16.4}% 103
\BOOKMARK [3][-]{subsubsection.16.4.13}{ESMC\137FieldRegridGetArea}{subsection.16.4}% 104
\BOOKMARK [3][-]{subsubsection.16.4.14}{ESMC\137FieldRegridStore}{subsection.16.4}% 105
\BOOKMARK [3][-]{subsubsection.16.4.15}{ESMC\137FieldRegridStoreFile}{subsection.16.4}% 106
\BOOKMARK [3][-]{subsubsection.16.4.16}{ESMC\137FieldRegrid}{subsection.16.4}% 107
\BOOKMARK [3][-]{subsubsection.16.4.17}{ESMC\137FieldRegridRelease}{subsection.16.4}% 108
\BOOKMARK [3][-]{subsubsection.16.4.18}{ESMC\137FieldSMMStore}{subsection.16.4}% 109
\BOOKMARK [1][-]{section.17}{Array Class}{part.4}% 110
\BOOKMARK [2][-]{subsection.17.1}{Description}{section.17}% 111
\BOOKMARK [2][-]{subsection.17.2}{Class API}{section.17}% 112
\BOOKMARK [3][-]{subsubsection.17.2.1}{ESMC\137ArrayCreate}{subsection.17.2}% 113
\BOOKMARK [3][-]{subsubsection.17.2.2}{ESMC\137ArrayDestroy}{subsection.17.2}% 114
\BOOKMARK [3][-]{subsubsection.17.2.3}{ESMC\137ArrayGetName}{subsection.17.2}% 115
\BOOKMARK [3][-]{subsubsection.17.2.4}{ESMC\137ArrayGetPtr}{subsection.17.2}% 116
\BOOKMARK [3][-]{subsubsection.17.2.5}{ESMC\137ArrayPrint}{subsection.17.2}% 117
\BOOKMARK [1][-]{section.18}{ArraySpec Class}{part.4}% 118
\BOOKMARK [2][-]{subsection.18.1}{Description}{section.18}% 119
\BOOKMARK [2][-]{subsection.18.2}{Class API}{section.18}% 120
\BOOKMARK [3][-]{subsubsection.18.2.1}{ESMC\137ArraySpecGet}{subsection.18.2}% 121
\BOOKMARK [3][-]{subsubsection.18.2.2}{ESMC\137ArraySpecSet}{subsection.18.2}% 122
\BOOKMARK [1][-]{section.19}{Grid Class}{part.4}% 123
\BOOKMARK [2][-]{subsection.19.1}{Description}{section.19}% 124
\BOOKMARK [3][-]{subsubsection.19.1.1}{Grid Representation in ESMF}{subsection.19.1}% 125
\BOOKMARK [3][-]{subsubsection.19.1.2}{Supported Grids}{subsection.19.1}% 126
\BOOKMARK [3][-]{subsubsection.19.1.3}{Grid Topologies and Periodicity}{subsection.19.1}% 127
\BOOKMARK [3][-]{subsubsection.19.1.4}{Grid Distribution}{subsection.19.1}% 128
\BOOKMARK [3][-]{subsubsection.19.1.5}{Grid Coordinates}{subsection.19.1}% 129
\BOOKMARK [3][-]{subsubsection.19.1.6}{Coordinate Specification and Generation}{subsection.19.1}% 130
\BOOKMARK [3][-]{subsubsection.19.1.7}{Staggering}{subsection.19.1}% 131
\BOOKMARK [3][-]{subsubsection.19.1.8}{Masking}{subsection.19.1}% 132
\BOOKMARK [2][-]{subsection.19.2}{Constants}{section.19}% 133
\BOOKMARK [3][-]{subsubsection.19.2.1}{ESMC\137COORDSYS}{subsection.19.2}% 134
\BOOKMARK [3][-]{subsubsection.19.2.2}{ESMC\137GRIDITEM}{subsection.19.2}% 135
\BOOKMARK [3][-]{subsubsection.19.2.3}{ESMC\137GRIDSTATUS}{subsection.19.2}% 136
\BOOKMARK [3][-]{subsubsection.19.2.4}{ESMC\137POLEKIND}{subsection.19.2}% 137
\BOOKMARK [3][-]{subsubsection.19.2.5}{ESMC\137STAGGERLOC}{subsection.19.2}% 138
\BOOKMARK [3][-]{subsubsection.19.2.6}{ESMC\137FILEFORMAT}{subsection.19.2}% 139
\BOOKMARK [2][-]{subsection.19.3}{Restrictions and Future Work}{section.19}% 140
\BOOKMARK [2][-]{subsection.19.4}{Design and Implementation Notes}{section.19}% 141
\BOOKMARK [3][-]{subsubsection.19.4.1}{Grid Topology}{subsection.19.4}% 142
\BOOKMARK [2][-]{subsection.19.5}{Class API: General Grid Methods}{section.19}% 143
\BOOKMARK [3][-]{subsubsection.19.5.1}{ESMC\137GridCreateNoPeriDim}{subsection.19.5}% 144
\BOOKMARK [3][-]{subsubsection.19.5.2}{ESMC\137GridCreate1PeriDim}{subsection.19.5}% 145
\BOOKMARK [3][-]{subsubsection.19.5.3}{ESMC\137GridCreateCubedSphere}{subsection.19.5}% 146
\BOOKMARK [3][-]{subsubsection.19.5.4}{ESMC\137GridCreateFromFile}{subsection.19.5}% 147
\BOOKMARK [3][-]{subsubsection.19.5.5}{ESMC\137GridDestroy}{subsection.19.5}% 148
\BOOKMARK [3][-]{subsubsection.19.5.6}{ESMC\137GridAddItem}{subsection.19.5}% 149
\BOOKMARK [3][-]{subsubsection.19.5.7}{ESMC\137GridGetItem}{subsection.19.5}% 150
\BOOKMARK [3][-]{subsubsection.19.5.8}{ESMC\137GridAddCoord}{subsection.19.5}% 151
\BOOKMARK [3][-]{subsubsection.19.5.9}{ESMC\137GridGetCoord}{subsection.19.5}% 152
\BOOKMARK [3][-]{subsubsection.19.5.10}{ESMC\137GridGetCoordBounds}{subsection.19.5}% 153
\BOOKMARK [1][-]{section.20}{Mesh Class}{part.4}% 154
\BOOKMARK [2][-]{subsection.20.1}{Description}{section.20}% 155
\BOOKMARK [3][-]{subsubsection.20.1.1}{Mesh Representation in ESMF}{subsection.20.1}% 156
\BOOKMARK [3][-]{subsubsection.20.1.2}{Supported Meshes}{subsection.20.1}% 157
\BOOKMARK [2][-]{subsection.20.2}{Constants}{section.20}% 158
\BOOKMARK [3][-]{subsubsection.20.2.1}{ESMC\137MESHELEMTYPE}{subsection.20.2}% 159
\BOOKMARK [3][-]{subsubsection.20.2.2}{ESMF\137FILEFORMAT}{subsection.20.2}% 160
\BOOKMARK [2][-]{subsection.20.3}{Class API}{section.20}% 161
\BOOKMARK [3][-]{subsubsection.20.3.1}{ESMC\137MeshAddElements}{subsection.20.3}% 162
\BOOKMARK [3][-]{subsubsection.20.3.2}{ESMC\137MeshAddNodes}{subsection.20.3}% 163
\BOOKMARK [3][-]{subsubsection.20.3.3}{ESMC\137MeshCreate}{subsection.20.3}% 164
\BOOKMARK [3][-]{subsubsection.20.3.4}{ESMC\137MeshCreateFromFile}{subsection.20.3}% 165
\BOOKMARK [3][-]{subsubsection.20.3.5}{ESMC\137MeshGetCoord}{subsection.20.3}% 166
\BOOKMARK [3][-]{subsubsection.20.3.6}{ESMC\137MeshGetElemCoord}{subsection.20.3}% 167
\BOOKMARK [3][-]{subsubsection.20.3.7}{ESMC\137MeshGetConnectivity}{subsection.20.3}% 168
\BOOKMARK [3][-]{subsubsection.20.3.8}{ESMC\137MeshDestroy}{subsection.20.3}% 169
\BOOKMARK [3][-]{subsubsection.20.3.9}{ESMC\137MeshFreeMemory}{subsection.20.3}% 170
\BOOKMARK [3][-]{subsubsection.20.3.10}{ESMC\137MeshGetLocalElementCount}{subsection.20.3}% 171
\BOOKMARK [3][-]{subsubsection.20.3.11}{ESMC\137MeshGetLocalNodeCount}{subsection.20.3}% 172
\BOOKMARK [3][-]{subsubsection.20.3.12}{ESMC\137MeshGetOwnedElementCount}{subsection.20.3}% 173
\BOOKMARK [3][-]{subsubsection.20.3.13}{ESMC\137MeshGetOwnedNodeCount}{subsection.20.3}% 174
\BOOKMARK [1][-]{section.21}{XGrid Class}{part.4}% 175
\BOOKMARK [2][-]{subsection.21.1}{Description}{section.21}% 176
\BOOKMARK [2][-]{subsection.21.2}{Restrictions and Future Work}{section.21}% 177
\BOOKMARK [3][-]{subsubsection.21.2.1}{Restrictions and Future Work}{subsection.21.2}% 178
\BOOKMARK [2][-]{subsection.21.3}{Design and Implementation Notes}{section.21}% 179
\BOOKMARK [2][-]{subsection.21.4}{Class API}{section.21}% 180
\BOOKMARK [3][-]{subsubsection.21.4.1}{ESMC\137XGridCreate}{subsection.21.4}% 181
\BOOKMARK [3][-]{subsubsection.21.4.2}{ESMC\137XGridDestroy}{subsection.21.4}% 182
\BOOKMARK [3][-]{subsubsection.21.4.3}{ESMC\137XGridGetSideAGridCount}{subsection.21.4}% 183
\BOOKMARK [3][-]{subsubsection.21.4.4}{ESMC\137XGridGetSideAMeshCount}{subsection.21.4}% 184
\BOOKMARK [3][-]{subsubsection.21.4.5}{ESMC\137XGridGetSideBGridCount}{subsection.21.4}% 185
\BOOKMARK [3][-]{subsubsection.21.4.6}{ESMC\137XGridGetSideBMeshCount}{subsection.21.4}% 186
\BOOKMARK [3][-]{subsubsection.21.4.7}{ESMC\137XGridGetDimCount}{subsection.21.4}% 187
\BOOKMARK [3][-]{subsubsection.21.4.8}{ESMC\137XGridGetElementCount}{subsection.21.4}% 188
\BOOKMARK [3][-]{subsubsection.21.4.9}{ESMC\137XGridGetMesh}{subsection.21.4}% 189
\BOOKMARK [3][-]{subsubsection.21.4.10}{ESMC\137XGridGetElementArea}{subsection.21.4}% 190
\BOOKMARK [3][-]{subsubsection.21.4.11}{ESMC\137XGridGetElementCentroid}{subsection.21.4}% 191
\BOOKMARK [3][-]{subsubsection.21.4.12}{ESMC\137XGridGetSparseMatA2X}{subsection.21.4}% 192
\BOOKMARK [3][-]{subsubsection.21.4.13}{ESMC\137XGridGetSparseMatA2X}{subsection.21.4}% 193
\BOOKMARK [3][-]{subsubsection.21.4.14}{ESMC\137XGridGetSparseMatB2X}{subsection.21.4}% 194
\BOOKMARK [3][-]{subsubsection.21.4.15}{ESMC\137XGridGetSparseMatB2X}{subsection.21.4}% 195
\BOOKMARK [1][-]{section.22}{DistGrid Class}{part.4}% 196
\BOOKMARK [2][-]{subsection.22.1}{Description}{section.22}% 197
\BOOKMARK [2][-]{subsection.22.2}{Class API}{section.22}% 198
\BOOKMARK [3][-]{subsubsection.22.2.1}{ESMC\137DistGridCreate}{subsection.22.2}% 199
\BOOKMARK [3][-]{subsubsection.22.2.2}{ESMC\137DistGridDestroy}{subsection.22.2}% 200
\BOOKMARK [3][-]{subsubsection.22.2.3}{ESMC\137DistGridPrint}{subsection.22.2}% 201
\BOOKMARK [1][-]{section.23}{RouteHandle Class}{part.4}% 202
\BOOKMARK [2][-]{subsection.23.1}{Description}{section.23}% 203
\BOOKMARK [2][-]{subsection.23.2}{Use and Examples}{section.23}% 204
\BOOKMARK [2][-]{subsection.23.3}{Restrictions and Future Work}{section.23}% 205
\BOOKMARK [2][-]{subsection.23.4}{Design and Implementation Notes}{section.23}% 206
\BOOKMARK [2][-]{subsection.23.5}{Class API}{section.23}% 207
\BOOKMARK [3][-]{subsubsection.23.5.1}{ESMC\137RouteHandleCreateFromFile}{subsection.23.5}% 208
\BOOKMARK [3][-]{subsubsection.23.5.2}{ESMC\137RouteHandlePrint}{subsection.23.5}% 209
\BOOKMARK [3][-]{subsubsection.23.5.3}{ESMC\137RouteHandleWrite}{subsection.23.5}% 210
\BOOKMARK [0][-]{part.5}{V Infrastructure: Utilities}{}% 211
\BOOKMARK [1][-]{section.24}{Overview of Infrastructure Utility Classes}{part.5}% 212
\BOOKMARK [1][-]{section.25}{Time Manager Utility}{part.5}% 213
\BOOKMARK [2][-]{subsection.25.1}{Time Manager Classes}{section.25}% 214
\BOOKMARK [2][-]{subsection.25.2}{Calendar}{section.25}% 215
\BOOKMARK [2][-]{subsection.25.3}{Time Instants and TimeIntervals}{section.25}% 216
\BOOKMARK [2][-]{subsection.25.4}{Clocks}{section.25}% 217
\BOOKMARK [1][-]{section.26}{Calendar Class}{part.5}% 218
\BOOKMARK [2][-]{subsection.26.1}{Description}{section.26}% 219
\BOOKMARK [2][-]{subsection.26.2}{Constants}{section.26}% 220
\BOOKMARK [3][-]{subsubsection.26.2.1}{ESMC\137CALKIND}{subsection.26.2}% 221
\BOOKMARK [2][-]{subsection.26.3}{Class API}{section.26}% 222
\BOOKMARK [3][-]{subsubsection.26.3.1}{ESMC\137CalendarCreate}{subsection.26.3}% 223
\BOOKMARK [3][-]{subsubsection.26.3.2}{ESMC\137CalendarDestroy}{subsection.26.3}% 224
\BOOKMARK [3][-]{subsubsection.26.3.3}{ESMC\137CalendarPrint}{subsection.26.3}% 225
\BOOKMARK [1][-]{section.27}{Time Class}{part.5}% 226
\BOOKMARK [2][-]{subsection.27.1}{Description}{section.27}% 227
\BOOKMARK [2][-]{subsection.27.2}{Class API}{section.27}% 228
\BOOKMARK [3][-]{subsubsection.27.2.1}{ESMC\137TimeGet}{subsection.27.2}% 229
\BOOKMARK [3][-]{subsubsection.27.2.2}{ESMC\137TimePrint}{subsection.27.2}% 230
\BOOKMARK [3][-]{subsubsection.27.2.3}{ESMC\137TimeSet}{subsection.27.2}% 231
\BOOKMARK [1][-]{section.28}{TimeInterval Class}{part.5}% 232
\BOOKMARK [2][-]{subsection.28.1}{Description}{section.28}% 233
\BOOKMARK [2][-]{subsection.28.2}{Class API}{section.28}% 234
\BOOKMARK [3][-]{subsubsection.28.2.1}{ESMC\137TimeIntervalGet}{subsection.28.2}% 235
\BOOKMARK [3][-]{subsubsection.28.2.2}{ESMC\137TimeIntervalPrint}{subsection.28.2}% 236
\BOOKMARK [3][-]{subsubsection.28.2.3}{ESMC\137TimeIntervalSet}{subsection.28.2}% 237
\BOOKMARK [1][-]{section.29}{Clock Class}{part.5}% 238
\BOOKMARK [2][-]{subsection.29.1}{Description}{section.29}% 239
\BOOKMARK [2][-]{subsection.29.2}{Class API}{section.29}% 240
\BOOKMARK [3][-]{subsubsection.29.2.1}{ESMC\137ClockAdvance}{subsection.29.2}% 241
\BOOKMARK [3][-]{subsubsection.29.2.2}{ESMC\137ClockCreate}{subsection.29.2}% 242
\BOOKMARK [3][-]{subsubsection.29.2.3}{ESMC\137ClockDestroy}{subsection.29.2}% 243
\BOOKMARK [3][-]{subsubsection.29.2.4}{ESMC\137ClockGet}{subsection.29.2}% 244
\BOOKMARK [3][-]{subsubsection.29.2.5}{ESMC\137ClockPrint}{subsection.29.2}% 245
\BOOKMARK [1][-]{section.30}{Config Class}{part.5}% 246
\BOOKMARK [2][-]{subsection.30.1}{Description}{section.30}% 247
\BOOKMARK [3][-]{subsubsection.30.1.1}{Package history}{subsection.30.1}% 248
\BOOKMARK [2][-]{subsection.30.2}{Class API}{section.30}% 249
\BOOKMARK [3][-]{subsubsection.30.2.1}{ESMC\137ConfigCreate}{subsection.30.2}% 250
\BOOKMARK [3][-]{subsubsection.30.2.2}{ESMC\137ConfigDestroy}{subsection.30.2}% 251
\BOOKMARK [3][-]{subsubsection.30.2.3}{ESMC\137ConfigCreate}{subsection.30.2}% 252
\BOOKMARK [3][-]{subsubsection.30.2.4}{ESMC\137ConfigFindLabel}{subsection.30.2}% 253
\BOOKMARK [3][-]{subsubsection.30.2.5}{ESMC\137ConfigFindNextLabel}{subsection.30.2}% 254
\BOOKMARK [3][-]{subsubsection.30.2.6}{ESMC\137ConfigGetDim}{subsection.30.2}% 255
\BOOKMARK [3][-]{subsubsection.30.2.7}{ESMC\137ConfigGetLen}{subsection.30.2}% 256
\BOOKMARK [3][-]{subsubsection.30.2.8}{ESMC\137ConfigLoadFile}{subsection.30.2}% 257
\BOOKMARK [3][-]{subsubsection.30.2.9}{ESMC\137ConfigNextLine}{subsection.30.2}% 258
\BOOKMARK [3][-]{subsubsection.30.2.10}{ESMC\137ConfigPrint}{subsection.30.2}% 259
\BOOKMARK [3][-]{subsubsection.30.2.11}{ESMC\137ConfigValidate}{subsection.30.2}% 260
\BOOKMARK [1][-]{section.31}{Log Class}{part.5}% 261
\BOOKMARK [2][-]{subsection.31.1}{Description}{section.31}% 262
\BOOKMARK [2][-]{subsection.31.2}{Constants}{section.31}% 263
\BOOKMARK [3][-]{subsubsection.31.2.1}{ESMC\137LOGKIND}{subsection.31.2}% 264
\BOOKMARK [3][-]{subsubsection.31.2.2}{ESMC\137LOGMSG}{subsection.31.2}% 265
\BOOKMARK [2][-]{subsection.31.3}{Class API}{section.31}% 266
\BOOKMARK [3][-]{subsubsection.31.3.1}{ESMC\137LogWrite}{subsection.31.3}% 267
\BOOKMARK [3][-]{subsubsection.31.3.2}{ESMC\137LogSet}{subsection.31.3}% 268
\BOOKMARK [1][-]{section.32}{VM Class}{part.5}% 269
\BOOKMARK [2][-]{subsection.32.1}{Description}{section.32}% 270
\BOOKMARK [2][-]{subsection.32.2}{Class API}{section.32}% 271
\BOOKMARK [3][-]{subsubsection.32.2.1}{ESMC\137VMBarrier}{subsection.32.2}% 272
\BOOKMARK [3][-]{subsubsection.32.2.2}{ESMC\137VMBroadcast}{subsection.32.2}% 273
\BOOKMARK [3][-]{subsubsection.32.2.3}{ESMC\137VMGet}{subsection.32.2}% 274
\BOOKMARK [3][-]{subsubsection.32.2.4}{ESMC\137VMGetCurrent}{subsection.32.2}% 275
\BOOKMARK [3][-]{subsubsection.32.2.5}{ESMC\137VMGetGlobal}{subsection.32.2}% 276
\BOOKMARK [3][-]{subsubsection.32.2.6}{ESMC\137VMPrint}{subsection.32.2}% 277
\BOOKMARK [3][-]{subsubsection.32.2.7}{ESMC\137VMReduce}{subsection.32.2}% 278
\BOOKMARK [0][-]{part.6}{VI References}{}% 279
\BOOKMARK [0][-]{part.7}{VII Appendices}{}% 280
\BOOKMARK [1][-]{section.33}{Appendix A: Master List of Constants}{part.7}% 281
\BOOKMARK [2][-]{subsection.33.1}{ESMC\137CALKIND}{section.33}% 282
\BOOKMARK [2][-]{subsection.33.2}{ESMC\137COORDSYS}{section.33}% 283
\BOOKMARK [2][-]{subsection.33.3}{ESMC\137DECOMP}{section.33}% 284
\BOOKMARK [2][-]{subsection.33.4}{ESMC\137FILEFORMAT}{section.33}% 285
\BOOKMARK [2][-]{subsection.33.5}{ESMC\137GRIDITEM}{section.33}% 286
\BOOKMARK [2][-]{subsection.33.6}{ESMC\137GRIDSTATUS}{section.33}% 287
\BOOKMARK [2][-]{subsection.33.7}{ESMC\137INDEX}{section.33}% 288
\BOOKMARK [2][-]{subsection.33.8}{ESMC\137LINETYPE}{section.33}% 289
\BOOKMARK [2][-]{subsection.33.9}{ESMC\137LOGKIND}{section.33}% 290
\BOOKMARK [2][-]{subsection.33.10}{ESMC\137LOGMSG}{section.33}% 291
\BOOKMARK [2][-]{subsection.33.11}{ESMC\137MESHELEMTYPE}{section.33}% 292
\BOOKMARK [2][-]{subsection.33.12}{ESMF\137METHOD}{section.33}% 293
\BOOKMARK [2][-]{subsection.33.13}{ESMC\137POLEKIND}{section.33}% 294
\BOOKMARK [2][-]{subsection.33.14}{ESMC\137REDUCE}{section.33}% 295
\BOOKMARK [2][-]{subsection.33.15}{ESMC\137REGION}{section.33}% 296
\BOOKMARK [2][-]{subsection.33.16}{ESMC\137REGRIDMETHOD}{section.33}% 297
\BOOKMARK [2][-]{subsection.33.17}{ESMC\137STAGGERLOC}{section.33}% 298
\BOOKMARK [2][-]{subsection.33.18}{ESMC\137TYPEKIND}{section.33}% 299
\BOOKMARK [2][-]{subsection.33.19}{ESMC\137UNMAPPEDACTION}{section.33}% 300
\BOOKMARK [1][-]{section.34}{Appendix B: A Brief Introduction to UML}{part.7}% 301
\BOOKMARK [1][-]{section.35}{Appendix C: ESMF Error Return Codes}{part.7}% 302
