This is pdfTeX, Version 3.14159265-2.6-1.40.19 (TeX Live 2018) (preloaded format=latex 2018.6.22)  5 MAY 2020 21:00
entering extended mode
 restricted \write18 enabled.
 %&-line parsing enabled.
**ESMC_crefdoc
(./ESMC_crefdoc.tex
LaTeX2e <2018-04-01> patch level 2
Babel <3.18> and hyphenation patterns for 84 language(s) loaded.
(/usr/local/texlive/2018/texmf-dist/tex/latex/base/article.cls
Document Class: article 2014/09/29 v1.4h Standard LaTeX document class
(/usr/local/texlive/2018/texmf-dist/tex/latex/base/size10.clo
File: size10.clo 2014/09/29 v1.4h Standard LaTeX file (size option)
)
\c@part=\count80
\c@section=\count81
\c@subsection=\count82
\c@subsubsection=\count83
\c@paragraph=\count84
\c@subparagraph=\count85
\c@figure=\count86
\c@table=\count87
\abovecaptionskip=\skip41
\belowcaptionskip=\skip42
\bibindent=\dimen102
)
(/usr/local/texlive/2018/texmf-dist/tex/generic/babel/babel.sty
Package: babel 2018/02/14 3.18 The Babel package

(/usr/local/texlive/2018/texmf-dist/tex/generic/babel/switch.def
File: switch.def 2018/02/14 3.18 Babel switching mechanism
)
(/usr/local/texlive/2018/texmf-dist/tex/generic/babel-english/english.ldf
Language: english 2017/06/06 v3.3r English support from the babel system

(/usr/local/texlive/2018/texmf-dist/tex/generic/babel/babel.def
File: babel.def 2018/02/14 3.18 Babel common definitions
\babel@savecnt=\count88
\U@D=\dimen103

(/usr/local/texlive/2018/texmf-dist/tex/generic/babel/txtbabel.def)
\bbl@dirlevel=\count89
)
\l@canadian = a dialect from \language\l@american 
\l@australian = a dialect from \language\l@british 
\l@newzealand = a dialect from \language\l@british 
))
(/usr/local/texlive/texmf-local/tex/latex/local/texinputs/html.sty
(/usr/local/texlive/2018/texmf-dist/tex/latex/hyperref/hyperref.sty
Package: hyperref 2018/02/06 v6.86b Hypertext links for LaTeX

(/usr/local/texlive/2018/texmf-dist/tex/generic/oberdiek/hobsub-hyperref.sty
Package: hobsub-hyperref 2016/05/16 v1.14 Bundle oberdiek, subset hyperref (HO)


(/usr/local/texlive/2018/texmf-dist/tex/generic/oberdiek/hobsub-generic.sty
Package: hobsub-generic 2016/05/16 v1.14 Bundle oberdiek, subset generic (HO)
Package: hobsub 2016/05/16 v1.14 Construct package bundles (HO)
Package: infwarerr 2016/05/16 v1.4 Providing info/warning/error messages (HO)
Package: ltxcmds 2016/05/16 v1.23 LaTeX kernel commands for general use (HO)
Package: ifluatex 2016/05/16 v1.4 Provides the ifluatex switch (HO)
Package ifluatex Info: LuaTeX not detected.
Package: ifvtex 2016/05/16 v1.6 Detect VTeX and its facilities (HO)
Package ifvtex Info: VTeX not detected.
Package: intcalc 2016/05/16 v1.2 Expandable calculations with integers (HO)
Package: ifpdf 2017/03/15 v3.2 Provides the ifpdf switch
Package: etexcmds 2016/05/16 v1.6 Avoid name clashes with e-TeX commands (HO)
Package etexcmds Info: Could not find \expanded.
(etexcmds)             That can mean that you are not using pdfTeX 1.50 or
(etexcmds)             that some package has redefined \expanded.
(etexcmds)             In the latter case, load this package earlier.
Package: kvsetkeys 2016/05/16 v1.17 Key value parser (HO)
Package: kvdefinekeys 2016/05/16 v1.4 Define keys (HO)
Package: pdftexcmds 2018/01/30 v0.27 Utility functions of pdfTeX for LuaTeX (HO
)
Package pdftexcmds Info: LuaTeX not detected.
Package pdftexcmds Info: \pdf@primitive is available.
Package pdftexcmds Info: \pdf@ifprimitive is available.
Package pdftexcmds Info: \pdfdraftmode is ignored in DVI mode.
Package: pdfescape 2016/05/16 v1.14 Implements pdfTeX's escape features (HO)
Package: bigintcalc 2016/05/16 v1.4 Expandable calculations on big integers (HO
)
Package: bitset 2016/05/16 v1.2 Handle bit-vector datatype (HO)
Package: uniquecounter 2016/05/16 v1.3 Provide unlimited unique counter (HO)
)
Package hobsub Info: Skipping package `hobsub' (already loaded).
Package: letltxmacro 2016/05/16 v1.5 Let assignment for LaTeX macros (HO)
Package: hopatch 2016/05/16 v1.3 Wrapper for package hooks (HO)
Package: xcolor-patch 2016/05/16 xcolor patch
Package: atveryend 2016/05/16 v1.9 Hooks at the very end of document (HO)
Package atveryend Info: \enddocument detected (standard20110627).
Package: atbegshi 2016/06/09 v1.18 At begin shipout hook (HO)
Package: refcount 2016/05/16 v3.5 Data extraction from label references (HO)
Package: hycolor 2016/05/16 v1.8 Color options for hyperref/bookmark (HO)
)
(/usr/local/texlive/2018/texmf-dist/tex/latex/graphics/keyval.sty
Package: keyval 2014/10/28 v1.15 key=value parser (DPC)
\KV@toks@=\toks14
)
(/usr/local/texlive/2018/texmf-dist/tex/generic/ifxetex/ifxetex.sty
Package: ifxetex 2010/09/12 v0.6 Provides ifxetex conditional
)
(/usr/local/texlive/2018/texmf-dist/tex/latex/oberdiek/auxhook.sty
Package: auxhook 2016/05/16 v1.4 Hooks for auxiliary files (HO)
)
(/usr/local/texlive/2018/texmf-dist/tex/latex/oberdiek/kvoptions.sty
Package: kvoptions 2016/05/16 v3.12 Key value format for package options (HO)
)
\@linkdim=\dimen104
\Hy@linkcounter=\count90
\Hy@pagecounter=\count91

(/usr/local/texlive/2018/texmf-dist/tex/latex/hyperref/pd1enc.def
File: pd1enc.def 2018/02/06 v6.86b Hyperref: PDFDocEncoding definition (HO)
Now handling font encoding PD1 ...
... no UTF-8 mapping file for font encoding PD1
)
\Hy@SavedSpaceFactor=\count92

(/usr/local/texlive/2018/texmf-dist/tex/latex/latexconfig/hyperref.cfg
File: hyperref.cfg 2002/06/06 v1.2 hyperref configuration of TeXLive
)
Package hyperref Info: Hyper figures OFF on input line 4509.
Package hyperref Info: Link nesting OFF on input line 4514.
Package hyperref Info: Hyper index ON on input line 4517.
Package hyperref Info: Plain pages OFF on input line 4524.
Package hyperref Info: Backreferencing OFF on input line 4529.
Package hyperref Info: Implicit mode ON; LaTeX internals redefined.
Package hyperref Info: Bookmarks ON on input line 4762.
\c@Hy@tempcnt=\count93

(/usr/local/texlive/texmf-local/tex/latex/local/texinputs/url.sty
Package: url 1999/03/02  ver 1.4  Verb mode for urls, email addresses, and file
 names
)
LaTeX Info: Redefining \url on input line 5115.
\XeTeXLinkMargin=\dimen105
\Fld@menulength=\count94
\Field@Width=\dimen106
\Fld@charsize=\dimen107
Package hyperref Info: Hyper figures OFF on input line 6369.
Package hyperref Info: Link nesting OFF on input line 6374.
Package hyperref Info: Hyper index ON on input line 6377.
Package hyperref Info: backreferencing OFF on input line 6384.
Package hyperref Info: Link coloring OFF on input line 6389.
Package hyperref Info: Link coloring with OCG OFF on input line 6394.
Package hyperref Info: PDF/A mode OFF on input line 6399.
LaTeX Info: Redefining \ref on input line 6439.
LaTeX Info: Redefining \pageref on input line 6443.
\Hy@abspage=\count95
\c@Item=\count96
\c@Hfootnote=\count97
)
Package hyperref Info: Driver (default): hdvips.

(/usr/local/texlive/2018/texmf-dist/tex/latex/hyperref/hdvips.def
File: hdvips.def 2018/02/06 v6.86b Hyperref driver for dvips

(/usr/local/texlive/2018/texmf-dist/tex/latex/hyperref/pdfmark.def
File: pdfmark.def 2018/02/06 v6.86b Hyperref definitions for pdfmark specials
\pdf@docset=\toks15
\pdf@box=\box26
\pdf@toks=\toks16
\pdf@defaulttoks=\toks17
\HyField@AnnotCount=\count98
\Fld@listcount=\count99
\c@bookmark@seq@number=\count100

(/usr/local/texlive/2018/texmf-dist/tex/latex/oberdiek/rerunfilecheck.sty
Package: rerunfilecheck 2016/05/16 v1.8 Rerun checks for auxiliary files (HO)
Package uniquecounter Info: New unique counter `rerunfilecheck' on input line 2
82.
)
\Hy@SectionHShift=\skip43
))
Package: html 1999/07/19 v1.38 hypertext commands for latex2html (nd, hws, rrm)

\c@lpart=\count101
\c@lchapter=\count102
\c@chapter=\count103
\c@lsection=\count104
\c@lsubsection=\count105
\c@lsubsubsection=\count106
\c@lparagraph=\count107
\c@lsubparagraph=\count108
\c@lsubsubparagraph=\count109
\ptrfile=\write3
)
(/usr/local/texlive/2018/texmf-dist/tex/latex/psnfss/times.sty
Package: times 2005/04/12 PSNFSS-v9.2a (SPQR) 
)
(/usr/local/texlive/2018/texmf-dist/tex/latex/graphics/graphicx.sty
Package: graphicx 2017/06/01 v1.1a Enhanced LaTeX Graphics (DPC,SPQR)

(/usr/local/texlive/2018/texmf-dist/tex/latex/graphics/graphics.sty
Package: graphics 2017/06/25 v1.2c Standard LaTeX Graphics (DPC,SPQR)

(/usr/local/texlive/2018/texmf-dist/tex/latex/graphics/trig.sty
Package: trig 2016/01/03 v1.10 sin cos tan (DPC)
)
(/usr/local/texlive/2018/texmf-dist/tex/latex/graphics-cfg/graphics.cfg
File: graphics.cfg 2016/06/04 v1.11 sample graphics configuration
)
Package graphics Info: Driver file: dvips.def on input line 99.

(/usr/local/texlive/2018/texmf-dist/tex/latex/graphics-def/dvips.def
File: dvips.def 2017/06/20 v3.1d Graphics/color driver for dvips
))
\Gin@req@height=\dimen108
\Gin@req@width=\dimen109
)
(/usr/local/texlive/2018/texmf-dist/tex/latex/base/fontenc.sty
Package: fontenc 2017/04/05 v2.0i Standard LaTeX package

(/usr/local/texlive/2018/texmf-dist/tex/latex/base/t1enc.def
File: t1enc.def 2017/04/05 v2.0i Standard LaTeX file
LaTeX Font Info:    Redeclaring font encoding T1 on input line 48.
))
\oldparskip=\skip44
\oldparindent=\skip45
\oldbaselineskip=\skip46

(./ESMC_crefdoc.aux)
\openout1 = `ESMC_crefdoc.aux'.

LaTeX Font Info:    Checking defaults for OML/cmm/m/it on input line 55.
LaTeX Font Info:    ... okay on input line 55.
LaTeX Font Info:    Checking defaults for T1/cmr/m/n on input line 55.
LaTeX Font Info:    ... okay on input line 55.
LaTeX Font Info:    Checking defaults for OT1/cmr/m/n on input line 55.
LaTeX Font Info:    ... okay on input line 55.
LaTeX Font Info:    Checking defaults for OMS/cmsy/m/n on input line 55.
LaTeX Font Info:    ... okay on input line 55.
LaTeX Font Info:    Checking defaults for OMX/cmex/m/n on input line 55.
LaTeX Font Info:    ... okay on input line 55.
LaTeX Font Info:    Checking defaults for U/cmr/m/n on input line 55.
LaTeX Font Info:    ... okay on input line 55.
LaTeX Font Info:    Checking defaults for PD1/pdf/m/n on input line 55.
LaTeX Font Info:    ... okay on input line 55.
LaTeX Font Info:    Try loading font information for T1+ptm on input line 55.

(/usr/local/texlive/2018/texmf-dist/tex/latex/psnfss/t1ptm.fd
File: t1ptm.fd 2001/06/04 font definitions for T1/ptm.
)
\AtBeginShipoutBox=\box27
Package hyperref Info: Link coloring OFF on input line 55.

(/usr/local/texlive/2018/texmf-dist/tex/latex/hyperref/nameref.sty
Package: nameref 2016/05/21 v2.44 Cross-referencing by name of section

(/usr/local/texlive/2018/texmf-dist/tex/generic/oberdiek/gettitlestring.sty
Package: gettitlestring 2016/05/16 v1.5 Cleanup title references (HO)
)
\c@section@level=\count110
)
LaTeX Info: Redefining \ref on input line 55.
LaTeX Info: Redefining \pageref on input line 55.
LaTeX Info: Redefining \nameref on input line 55.

(./ESMC_crefdoc.out) (./ESMC_crefdoc.out)
\@outlinefile=\write4
\openout4 = `ESMC_crefdoc.out'.

 (./verstitle_alldoc.tex
LaTeX Font Info:    Font shape `T1/ptm/bx/n' in size <14.4> not available
(Font)              Font shape `T1/ptm/b/n' tried instead on input line 17.
LaTeX Font Info:    Font shape `T1/ptm/bx/n' in size <12> not available
(Font)              Font shape `T1/ptm/b/n' tried instead on input line 19.
LaTeX Font Info:    External font `cmex10' loaded for size
(Font)              <7> on input line 29.
LaTeX Font Info:    External font `cmex10' loaded for size
(Font)              <5> on input line 29.
 [1

] [2])
(./ESMF_acknowledge.tex
LaTeX Font Info:    Font shape `T1/ptm/bx/n' in size <10> not available
(Font)              Font shape `T1/ptm/b/n' tried instead on input line 4.
LaTeX Font Info:    Try loading font information for OMS+ptm on input line 15.

(/usr/local/texlive/2018/texmf-dist/tex/latex/psnfss/omsptm.fd
File: omsptm.fd 
)
LaTeX Font Info:    Font shape `OMS/ptm/m/n' in size <10> not available
(Font)              Font shape `OMS/cmsy/m/n' tried instead on input line 15.
) [1]
(./ESMC_crefdoc.toc [2] [3] [4] [5] [6] [7])
\tf@toc=\write5
\openout5 = `ESMC_crefdoc.toc'.

 [8]
LaTeX Font Info:    Font shape `T1/ptm/bx/n' in size <20.74> not available
(Font)              Font shape `T1/ptm/b/n' tried instead on input line 69.
 [9] (./ESMF_whatisesmf.tex)
(./ESMC_refintro.tex [10]
File: ESMF_sandwich.eps Graphic file (type eps)
 <ESMF_sandwich.eps>) (./ESMF_refsupport.tex) [11]
(./ESMC_api.tex
LaTeX Font Info:    Try loading font information for T1+pcr on input line 20.
 (/usr/local/texlive/2018/texmf-dist/tex/latex/psnfss/t1pcr.fd
File: t1pcr.fd 2001/06/04 font definitions for T1/pcr.
)
[12] [13] [14] [15] [16] [17]) [18] (./CApplications.tex) [19] [20]
(./ESMF_superoverview.tex [21]
File: ESMF_GEOS5.eps Graphic file (type eps)
 <ESMF_GEOS5.eps> [22]
File: ESMF_appunit.eps Graphic file (type eps)
 <ESMF_appunit.eps>
Overfull \hbox (4.015pt too wide) in paragraph at lines 150--151
[][] 
 []

[23]
File: ESMF_serial.eps Graphic file (type eps)
 <ESMF_serial.eps>
File: ESMF_concurrent.eps Graphic file (type eps)
 <ESMF_concurrent.eps>
File: ESMF_reconcile.eps Graphic file (type eps)
 <ESMF_reconcile.eps> [24] [25]
[26] [27]
File: Comp_obj.eps Graphic file (type eps)
 <Comp_obj.eps>) (../Superstructure/AppDriver/doc/AppDriver_desc.tex
[28]) (../Superstructure/AppDriver/doc/AppDriver_creqmethodsintro.tex)
(../Superstructure/ESMFMod/doc/ESMC_Init_chapi.tex
LaTeX Font Info:    Try loading font information for T1+phv on input line 47.

(/usr/local/texlive/2018/texmf-dist/tex/latex/psnfss/t1phv.fd
File: t1phv.fd 2001/06/04 scalable font definitions for T1/phv.
) [29] [30])
(../Superstructure/Component/doc/GridComp_cdesc.tex [31])
(../Superstructure/Component/doc/ESMC_GridComp_chapi.tex [32] [33] [34]
[35] [36] [37]) (../Superstructure/Component/doc/CplComp_cdesc.tex [38]
LaTeX Font Info:    External font `cmex10' loaded for size
(Font)              <8> on input line 59.
LaTeX Font Info:    External font `cmex10' loaded for size
(Font)              <6> on input line 59.
)
(../Superstructure/Component/doc/ESMC_CplComp_chapi.tex [39] [40] [41] [42]
[43] [44] [45]) (../Superstructure/Component/doc/SciComp_cdesc.tex)
(../Superstructure/Component/doc/ESMC_SciComp_chapi.tex [46] [47])
(../Superstructure/State/doc/State_cdesc.tex)
(../Superstructure/State/doc/State_crest.tex)
(../Superstructure/State/doc/ESMC_State_chapi.tex [48] [49] [50] [51]) [52]
[53] (./ESMC_cinfradataoverview.tex [54]) (./ESMC_cinfradataimplnotes.tex)
[55] (../Infrastructure/Field/doc/Field_cdesc.tex)
(../Infrastructure/Field/doc/Field_coptions.tex [56])
(../Infrastructure/Field/doc/Field_cusage.tex)
(../Infrastructure/Field/doc/ESMC_Field_chapi.tex [57] [58] [59] [60] [61]
[62] [63] [64] [65] [66] [67] [68] [69] [70] [71] [72]

LaTeX Warning: Reference `RH:bfb' on page 73 undefined on input line 1056.

[73]) (../Infrastructure/Array/doc/Array_cdesc.tex)
(../Infrastructure/Array/doc/ESMC_Array_chapi.tex [74] [75] [76])
(../Infrastructure/ArraySpec/doc/ArraySpec_desc.tex)
(../Infrastructure/ArraySpec/doc/ESMC_ArraySpec_chapi.tex [77] [78])
(../Infrastructure/Grid/doc/Grid_cdesc.tex [79] [80]
File: GridDecomps.eps Graphic file (type eps)
 <GridDecomps.eps>
File: LogRectGrids.eps Graphic file (type eps)

<LogRectGrids.eps> [81] [82]) (../Infrastructure/Grid/doc/Grid_coptions.tex
[83]
Overfull \hbox (52.11139pt too wide) in paragraph at lines 39--51
[] 
 []

[84]
File: GridStaggerLoc2D.eps Graphic file (type eps)
 <GridStaggerLoc2D.eps>
File: GridStaggerLoc3D.eps Graphic file (type eps)
 <GridStaggerLoc3D.eps> [85] [86])
(../Infrastructure/Grid/doc/Grid_rest.tex)
(../Infrastructure/Grid/doc/Grid_implnotes.tex)
(../Infrastructure/Grid/doc/ESMC_Grid_chapi.tex [87] [88] [89] [90] [91]
[92] [93] [94]) (../Infrastructure/Mesh/doc/Mesh_cdesc.tex [95])
(../Infrastructure/Mesh/doc/Mesh_coptions.tex [96])
(../Infrastructure/Mesh/doc/ESMC_Mesh_chapi.tex [97] [98] [99] [100] [101]
[102] [103] [104] [105]) (../Infrastructure/XGrid/doc/XGrid_cdesc.tex [106])
(../Infrastructure/XGrid/doc/XGrid_rest.tex)
(../Infrastructure/XGrid/doc/XGrid_implnotes.tex)
(../Infrastructure/XGrid/doc/ESMC_XGrid_chapi.tex
Overfull \hbox (4.24501pt too wide) in paragraph at lines 62--62
[]                               \T1/pcr/m/n/10 int sideAGridCount,  ESMC_Grid 
*sideAGrid, // in[] 
 []


Overfull \hbox (4.24501pt too wide) in paragraph at lines 62--62
[]                               \T1/pcr/m/n/10 int sideAMeshCount,  ESMC_Mesh 
*sideAMesh, // in[] 
 []


Overfull \hbox (4.24501pt too wide) in paragraph at lines 62--62
[]                               \T1/pcr/m/n/10 int sideBGridCount,  ESMC_Grid 
*sideBGrid, // in[] 
 []


Overfull \hbox (4.24501pt too wide) in paragraph at lines 62--62
[]                               \T1/pcr/m/n/10 int sideBMeshCount,  ESMC_Mesh 
*sideBMesh, // in[] 
 []

[107]
Overfull \hbox (4.24501pt too wide) in paragraph at lines 62--62
[]                               \T1/pcr/m/n/10 ESMC_InterArrayInt *sideAGridPr
iority,     // in[] 
 []


Overfull \hbox (4.24501pt too wide) in paragraph at lines 62--62
[]                               \T1/pcr/m/n/10 ESMC_InterArrayInt *sideAMeshPr
iority,     // in[] 
 []


Overfull \hbox (4.24501pt too wide) in paragraph at lines 62--62
[]                               \T1/pcr/m/n/10 ESMC_InterArrayInt *sideBGridPr
iority,     // in[] 
 []


Overfull \hbox (4.24501pt too wide) in paragraph at lines 62--62
[]                               \T1/pcr/m/n/10 ESMC_InterArrayInt *sideBMeshPr
iority,     // in[] 
 []


Overfull \hbox (4.24501pt too wide) in paragraph at lines 62--62
[]                               \T1/pcr/m/n/10 ESMC_InterArrayInt *sideAMaskVa
lues,       // in[] 
 []


Overfull \hbox (4.24501pt too wide) in paragraph at lines 62--62
[]                               \T1/pcr/m/n/10 ESMC_InterArrayInt *sideBMaskVa
lues,       // in[] 
 []


Overfull \hbox (4.24501pt too wide) in paragraph at lines 62--62
[]                               \T1/pcr/m/n/10 int storeOverlay,              
            // in[] 
 []


Overfull \hbox (10.24501pt too wide) in paragraph at lines 62--62
[]                               \T1/pcr/m/n/10 int *rc                        
            // out[] 
 []

LaTeX Font Info:    Font shape `T1/pcr/m/it' in size <10> not available
(Font)              Font shape `T1/pcr/m/sl' tried instead on input line 62.
[108] [109] [110] [111] [112] [113] [114] [115] [116] [117])
(../Infrastructure/DistGrid/doc/DistGrid_cdesc.tex [118])
(../Infrastructure/DistGrid/doc/ESMC_DistGrid_chapi.tex [119])
(../Infrastructure/Route/doc/RHandle_desc.tex [120])
(../Infrastructure/Route/doc/RHandle_usage.tex)
(../Infrastructure/Route/doc/RHandle_rest.tex
LaTeX Font Info:    Try loading font information for OMS+pcr on input line 6.

(/usr/local/texlive/2018/texmf-dist/tex/latex/psnfss/omspcr.fd
File: omspcr.fd 
)
LaTeX Font Info:    Font shape `OMS/pcr/m/n' in size <10> not available
(Font)              Font shape `OMS/cmsy/m/n' tried instead on input line 6.
)
(../Infrastructure/Route/doc/RHandle_implnotes.tex)
(../Infrastructure/Route/doc/ESMC_RHandle_chapi.tex [121] [122]) [123] [124]
(./ESMC_infrautiloverview.tex) [125]
(../Infrastructure/TimeMgr/doc/TimeMgr_cdesc.tex [126]) [127]
(../Infrastructure/TimeMgr/doc/Calendar_cdesc.tex)
(../Infrastructure/TimeMgr/doc/Calendar_coptions.tex [128])
(../Infrastructure/TimeMgr/doc/ESMC_Calendar_chapi.tex [129]) [130]
(../Infrastructure/TimeMgr/doc/Time_cdesc.tex)
(../Infrastructure/TimeMgr/doc/ESMC_Time_chapi.tex [131] [132]) [133]
(../Infrastructure/TimeMgr/doc/TimeInterval_cdesc.tex)
(../Infrastructure/TimeMgr/doc/ESMC_TimeInterval_chapi.tex [134]) [135]
(../Infrastructure/TimeMgr/doc/Clock_cdesc.tex)
(../Infrastructure/TimeMgr/doc/ESMC_Clock_chapi.tex [136] [137])
(../Infrastructure/Config/doc/Config_desc.tex [138])
(../Infrastructure/Config/doc/ESMC_Config_chapi.tex [139] [140] [141] [142]
[143] [144]) (../Infrastructure/LogErr/doc/LogErr_cdesc.tex [145])
(../Infrastructure/LogErr/doc/LogErr_coptions.tex)
(../Infrastructure/LogErr/doc/ESMC_LogErr_chapi.tex [146])
(../Infrastructure/VM/doc/VM_cdesc.tex [147])
(../Infrastructure/VM/doc/ESMC_VM_chapi.tex [148] [149] [150] [151] [152])
[153] (./ESMC_crefdoc.bbl) [154] (./ESMC_options.tex [155] [156] [157] [158]
[159]) (./ESMF_appuml.tex
File: Appendix_uml.eps Graphic file (type eps)
 <Appendix_uml.eps> [160]) (./ESMF_apperr.tex
(../Infrastructure/Util/doc/ESMC_ReturnCodes.tex [161] [162] [163]))
Package atveryend Info: Empty hook `BeforeClearDocument' on input line 864.
 [164]
Package atveryend Info: Empty hook `AfterLastShipout' on input line 864.

(./ESMC_crefdoc.aux)
Package atveryend Info: Empty hook `AtVeryEndDocument' on input line 864.
Package atveryend Info: Executing hook `AtEndAfterFileList' on input line 864.
Package rerunfilecheck Info: File `ESMC_crefdoc.out' has not changed.
(rerunfilecheck)             Checksum: 7C50C8A2914D6FBBD16CCF04E3346024;23292.


LaTeX Warning: There were undefined references.

Package atveryend Info: Empty hook `AtVeryVeryEnd' on input line 864.
 )
(\end occurred inside a group at level 1)

### simple group (level 1) entered at line 34 ({)
### bottom level 
Here is how much of TeX's memory you used:
 6328 strings out of 492650
 97381 string characters out of 6129648
 226655 words of memory out of 5000000
 9923 multiletter control sequences out of 15000+600000
 30443 words of font info for 37 fonts, out of 8000000 for 9000
 1141 hyphenation exceptions out of 8191
 36i,8n,28p,918b,557s stack positions out of 5000i,500n,10000p,200000b,80000s

Output written on ESMC_crefdoc.dvi (166 pages, 680716 bytes).
