This is pdfTeX, Version 3.14159265-2.6-1.40.19 (TeX Live 2018) (preloaded format=latex 2018.6.22)  5 MAY 2020 21:00
entering extended mode
 restricted \write18 enabled.
 %&-line parsing enabled.
**ESMF_usrdoc
(./ESMF_usrdoc.tex
LaTeX2e <2018-04-01> patch level 2
Babel <3.18> and hyphenation patterns for 84 language(s) loaded.
(/usr/local/texlive/2018/texmf-dist/tex/latex/base/article.cls
Document Class: article 2014/09/29 v1.4h Standard LaTeX document class
(/usr/local/texlive/2018/texmf-dist/tex/latex/base/size10.clo
File: size10.clo 2014/09/29 v1.4h Standard LaTeX file (size option)
)
\c@part=\count80
\c@section=\count81
\c@subsection=\count82
\c@subsubsection=\count83
\c@paragraph=\count84
\c@subparagraph=\count85
\c@figure=\count86
\c@table=\count87
\abovecaptionskip=\skip41
\belowcaptionskip=\skip42
\bibindent=\dimen102
)
(/usr/local/texlive/2018/texmf-dist/tex/generic/babel/babel.sty
Package: babel 2018/02/14 3.18 The Babel package

(/usr/local/texlive/2018/texmf-dist/tex/generic/babel/switch.def
File: switch.def 2018/02/14 3.18 Babel switching mechanism
)
(/usr/local/texlive/2018/texmf-dist/tex/generic/babel-english/english.ldf
Language: english 2017/06/06 v3.3r English support from the babel system

(/usr/local/texlive/2018/texmf-dist/tex/generic/babel/babel.def
File: babel.def 2018/02/14 3.18 Babel common definitions
\babel@savecnt=\count88
\U@D=\dimen103

(/usr/local/texlive/2018/texmf-dist/tex/generic/babel/txtbabel.def)
\bbl@dirlevel=\count89
)
\l@canadian = a dialect from \language\l@american 
\l@australian = a dialect from \language\l@british 
\l@newzealand = a dialect from \language\l@british 
))
(/usr/local/texlive/2018/texmf-dist/tex/latex/tools/longtable.sty
Package: longtable 2014/10/28 v4.11 Multi-page Table package (DPC)
\LTleft=\skip43
\LTright=\skip44
\LTpre=\skip45
\LTpost=\skip46
\LTchunksize=\count90
\LTcapwidth=\dimen104
\LT@head=\box26
\LT@firsthead=\box27
\LT@foot=\box28
\LT@lastfoot=\box29
\LT@cols=\count91
\LT@rows=\count92
\c@LT@tables=\count93
\c@LT@chunks=\count94
\LT@p@ftn=\toks14
)
(/usr/local/texlive/texmf-local/tex/latex/local/texinputs/html.sty
(/usr/local/texlive/2018/texmf-dist/tex/latex/hyperref/hyperref.sty
Package: hyperref 2018/02/06 v6.86b Hypertext links for LaTeX

(/usr/local/texlive/2018/texmf-dist/tex/generic/oberdiek/hobsub-hyperref.sty
Package: hobsub-hyperref 2016/05/16 v1.14 Bundle oberdiek, subset hyperref (HO)


(/usr/local/texlive/2018/texmf-dist/tex/generic/oberdiek/hobsub-generic.sty
Package: hobsub-generic 2016/05/16 v1.14 Bundle oberdiek, subset generic (HO)
Package: hobsub 2016/05/16 v1.14 Construct package bundles (HO)
Package: infwarerr 2016/05/16 v1.4 Providing info/warning/error messages (HO)
Package: ltxcmds 2016/05/16 v1.23 LaTeX kernel commands for general use (HO)
Package: ifluatex 2016/05/16 v1.4 Provides the ifluatex switch (HO)
Package ifluatex Info: LuaTeX not detected.
Package: ifvtex 2016/05/16 v1.6 Detect VTeX and its facilities (HO)
Package ifvtex Info: VTeX not detected.
Package: intcalc 2016/05/16 v1.2 Expandable calculations with integers (HO)
Package: ifpdf 2017/03/15 v3.2 Provides the ifpdf switch
Package: etexcmds 2016/05/16 v1.6 Avoid name clashes with e-TeX commands (HO)
Package etexcmds Info: Could not find \expanded.
(etexcmds)             That can mean that you are not using pdfTeX 1.50 or
(etexcmds)             that some package has redefined \expanded.
(etexcmds)             In the latter case, load this package earlier.
Package: kvsetkeys 2016/05/16 v1.17 Key value parser (HO)
Package: kvdefinekeys 2016/05/16 v1.4 Define keys (HO)
Package: pdftexcmds 2018/01/30 v0.27 Utility functions of pdfTeX for LuaTeX (HO
)
Package pdftexcmds Info: LuaTeX not detected.
Package pdftexcmds Info: \pdf@primitive is available.
Package pdftexcmds Info: \pdf@ifprimitive is available.
Package pdftexcmds Info: \pdfdraftmode is ignored in DVI mode.
Package: pdfescape 2016/05/16 v1.14 Implements pdfTeX's escape features (HO)
Package: bigintcalc 2016/05/16 v1.4 Expandable calculations on big integers (HO
)
Package: bitset 2016/05/16 v1.2 Handle bit-vector datatype (HO)
Package: uniquecounter 2016/05/16 v1.3 Provide unlimited unique counter (HO)
)
Package hobsub Info: Skipping package `hobsub' (already loaded).
Package: letltxmacro 2016/05/16 v1.5 Let assignment for LaTeX macros (HO)
Package: hopatch 2016/05/16 v1.3 Wrapper for package hooks (HO)
Package: xcolor-patch 2016/05/16 xcolor patch
Package: atveryend 2016/05/16 v1.9 Hooks at the very end of document (HO)
Package atveryend Info: \enddocument detected (standard20110627).
Package: atbegshi 2016/06/09 v1.18 At begin shipout hook (HO)
Package: refcount 2016/05/16 v3.5 Data extraction from label references (HO)
Package: hycolor 2016/05/16 v1.8 Color options for hyperref/bookmark (HO)
)
(/usr/local/texlive/2018/texmf-dist/tex/latex/graphics/keyval.sty
Package: keyval 2014/10/28 v1.15 key=value parser (DPC)
\KV@toks@=\toks15
)
(/usr/local/texlive/2018/texmf-dist/tex/generic/ifxetex/ifxetex.sty
Package: ifxetex 2010/09/12 v0.6 Provides ifxetex conditional
)
(/usr/local/texlive/2018/texmf-dist/tex/latex/oberdiek/auxhook.sty
Package: auxhook 2016/05/16 v1.4 Hooks for auxiliary files (HO)
)
(/usr/local/texlive/2018/texmf-dist/tex/latex/oberdiek/kvoptions.sty
Package: kvoptions 2016/05/16 v3.12 Key value format for package options (HO)
)
\@linkdim=\dimen105
\Hy@linkcounter=\count95
\Hy@pagecounter=\count96

(/usr/local/texlive/2018/texmf-dist/tex/latex/hyperref/pd1enc.def
File: pd1enc.def 2018/02/06 v6.86b Hyperref: PDFDocEncoding definition (HO)
Now handling font encoding PD1 ...
... no UTF-8 mapping file for font encoding PD1
)
\Hy@SavedSpaceFactor=\count97

(/usr/local/texlive/2018/texmf-dist/tex/latex/latexconfig/hyperref.cfg
File: hyperref.cfg 2002/06/06 v1.2 hyperref configuration of TeXLive
)
Package hyperref Info: Hyper figures OFF on input line 4509.
Package hyperref Info: Link nesting OFF on input line 4514.
Package hyperref Info: Hyper index ON on input line 4517.
Package hyperref Info: Plain pages OFF on input line 4524.
Package hyperref Info: Backreferencing OFF on input line 4529.
Package hyperref Info: Implicit mode ON; LaTeX internals redefined.
Package hyperref Info: Bookmarks ON on input line 4762.
\c@Hy@tempcnt=\count98

(/usr/local/texlive/texmf-local/tex/latex/local/texinputs/url.sty
Package: url 1999/03/02  ver 1.4  Verb mode for urls, email addresses, and file
 names
)
LaTeX Info: Redefining \url on input line 5115.
\XeTeXLinkMargin=\dimen106
\Fld@menulength=\count99
\Field@Width=\dimen107
\Fld@charsize=\dimen108
Package hyperref Info: Hyper figures OFF on input line 6369.
Package hyperref Info: Link nesting OFF on input line 6374.
Package hyperref Info: Hyper index ON on input line 6377.
Package hyperref Info: backreferencing OFF on input line 6384.
Package hyperref Info: Link coloring OFF on input line 6389.
Package hyperref Info: Link coloring with OCG OFF on input line 6394.
Package hyperref Info: PDF/A mode OFF on input line 6399.
LaTeX Info: Redefining \ref on input line 6439.
LaTeX Info: Redefining \pageref on input line 6443.
\Hy@abspage=\count100
\c@Item=\count101
\c@Hfootnote=\count102
)
Package hyperref Info: Driver (default): hdvips.

(/usr/local/texlive/2018/texmf-dist/tex/latex/hyperref/hdvips.def
File: hdvips.def 2018/02/06 v6.86b Hyperref driver for dvips

(/usr/local/texlive/2018/texmf-dist/tex/latex/hyperref/pdfmark.def
File: pdfmark.def 2018/02/06 v6.86b Hyperref definitions for pdfmark specials
\pdf@docset=\toks16
\pdf@box=\box30
\pdf@toks=\toks17
\pdf@defaulttoks=\toks18
\HyField@AnnotCount=\count103
\Fld@listcount=\count104
\c@bookmark@seq@number=\count105

(/usr/local/texlive/2018/texmf-dist/tex/latex/oberdiek/rerunfilecheck.sty
Package: rerunfilecheck 2016/05/16 v1.8 Rerun checks for auxiliary files (HO)
Package uniquecounter Info: New unique counter `rerunfilecheck' on input line 2
82.
)
\Hy@SectionHShift=\skip47
))
Package: html 1999/07/19 v1.38 hypertext commands for latex2html (nd, hws, rrm)

\c@lpart=\count106
\c@lchapter=\count107
\c@chapter=\count108
\c@lsection=\count109
\c@lsubsection=\count110
\c@lsubsubsection=\count111
\c@lparagraph=\count112
\c@lsubparagraph=\count113
\c@lsubsubparagraph=\count114
\ptrfile=\write3
)
(/usr/local/texlive/2018/texmf-dist/tex/latex/psnfss/times.sty
Package: times 2005/04/12 PSNFSS-v9.2a (SPQR) 
)
(/usr/local/texlive/2018/texmf-dist/tex/latex/graphics/graphicx.sty
Package: graphicx 2017/06/01 v1.1a Enhanced LaTeX Graphics (DPC,SPQR)

(/usr/local/texlive/2018/texmf-dist/tex/latex/graphics/graphics.sty
Package: graphics 2017/06/25 v1.2c Standard LaTeX Graphics (DPC,SPQR)

(/usr/local/texlive/2018/texmf-dist/tex/latex/graphics/trig.sty
Package: trig 2016/01/03 v1.10 sin cos tan (DPC)
)
(/usr/local/texlive/2018/texmf-dist/tex/latex/graphics-cfg/graphics.cfg
File: graphics.cfg 2016/06/04 v1.11 sample graphics configuration
)
Package graphics Info: Driver file: dvips.def on input line 99.

(/usr/local/texlive/2018/texmf-dist/tex/latex/graphics-def/dvips.def
File: dvips.def 2017/06/20 v3.1d Graphics/color driver for dvips
))
\Gin@req@height=\dimen109
\Gin@req@width=\dimen110
)
(/usr/local/texlive/2018/texmf-dist/tex/latex/base/fontenc.sty
Package: fontenc 2017/04/05 v2.0i Standard LaTeX package

(/usr/local/texlive/2018/texmf-dist/tex/latex/base/t1enc.def
File: t1enc.def 2017/04/05 v2.0i Standard LaTeX file
LaTeX Font Info:    Redeclaring font encoding T1 on input line 48.
))
\oldparskip=\skip48
\oldparindent=\skip49
\oldbaselineskip=\skip50

(./ESMF_usrdoc.aux)
\openout1 = `ESMF_usrdoc.aux'.

LaTeX Font Info:    Checking defaults for OML/cmm/m/it on input line 47.
LaTeX Font Info:    ... okay on input line 47.
LaTeX Font Info:    Checking defaults for T1/cmr/m/n on input line 47.
LaTeX Font Info:    ... okay on input line 47.
LaTeX Font Info:    Checking defaults for OT1/cmr/m/n on input line 47.
LaTeX Font Info:    ... okay on input line 47.
LaTeX Font Info:    Checking defaults for OMS/cmsy/m/n on input line 47.
LaTeX Font Info:    ... okay on input line 47.
LaTeX Font Info:    Checking defaults for OMX/cmex/m/n on input line 47.
LaTeX Font Info:    ... okay on input line 47.
LaTeX Font Info:    Checking defaults for U/cmr/m/n on input line 47.
LaTeX Font Info:    ... okay on input line 47.
LaTeX Font Info:    Checking defaults for PD1/pdf/m/n on input line 47.
LaTeX Font Info:    ... okay on input line 47.
LaTeX Font Info:    Try loading font information for T1+ptm on input line 47.

(/usr/local/texlive/2018/texmf-dist/tex/latex/psnfss/t1ptm.fd
File: t1ptm.fd 2001/06/04 font definitions for T1/ptm.
)
\AtBeginShipoutBox=\box31
Package hyperref Info: Link coloring OFF on input line 47.

(/usr/local/texlive/2018/texmf-dist/tex/latex/hyperref/nameref.sty
Package: nameref 2016/05/21 v2.44 Cross-referencing by name of section

(/usr/local/texlive/2018/texmf-dist/tex/generic/oberdiek/gettitlestring.sty
Package: gettitlestring 2016/05/16 v1.5 Cleanup title references (HO)
)
\c@section@level=\count115
)
LaTeX Info: Redefining \ref on input line 47.
LaTeX Info: Redefining \pageref on input line 47.
LaTeX Info: Redefining \nameref on input line 47.

(./ESMF_usrdoc.out) (./ESMF_usrdoc.out)
\@outlinefile=\write4
\openout4 = `ESMF_usrdoc.out'.

 (./verstitle_alldoc.tex
LaTeX Font Info:    Font shape `T1/ptm/bx/n' in size <14.4> not available
(Font)              Font shape `T1/ptm/b/n' tried instead on input line 17.
LaTeX Font Info:    Font shape `T1/ptm/bx/n' in size <12> not available
(Font)              Font shape `T1/ptm/b/n' tried instead on input line 19.
LaTeX Font Info:    External font `cmex10' loaded for size
(Font)              <7> on input line 29.
LaTeX Font Info:    External font `cmex10' loaded for size
(Font)              <5> on input line 29.
 [1

] [2])
(./ESMF_acknowledge.tex
LaTeX Font Info:    Font shape `T1/ptm/bx/n' in size <10> not available
(Font)              Font shape `T1/ptm/b/n' tried instead on input line 4.
LaTeX Font Info:    Try loading font information for OMS+ptm on input line 15.

(/usr/local/texlive/2018/texmf-dist/tex/latex/psnfss/omsptm.fd
File: omsptm.fd 
)
LaTeX Font Info:    Font shape `OMS/ptm/m/n' in size <10> not available
(Font)              Font shape `OMS/cmsy/m/n' tried instead on input line 15.
) [1]
(./ESMF_usrdoc.toc [2]
LaTeX Font Info:    Try loading font information for T1+pcr on input line 46.

(/usr/local/texlive/2018/texmf-dist/tex/latex/psnfss/t1pcr.fd
File: t1pcr.fd 2001/06/04 font definitions for T1/pcr.
))
\tf@toc=\write5
\openout5 = `ESMF_usrdoc.toc'.

 [3]
(./ESMF_whatisesmf.tex) (./ESMF_usrintro.tex [4]
File: ESMF_sandwich.eps Graphic file (type eps)
 <ESMF_sandwich.eps>)
(./ESMF_usrsupport.tex) [5] (./ESMF_quickstart.tex [6] [7] [8] [9] [10]
[11]
Overfull \hbox (4.24501pt too wide) in paragraph at lines 383--383
[]\T1/pcr/m/n/10 ESMF_CXXLINKRPATHS: -Wl,-rpath,/nobackupp10/scvasque/daily_bui
lds/intel/esmf/ \[] 
 []

[12] [13]) [14] (./ESMF_techoverview.tex (./ESMF_use.tex
Overfull \hbox (10.24501pt too wide) in paragraph at lines 134--134
[]\T1/pcr/m/n/10 ##############################################################
##################[] 
 []


Overfull \hbox (10.24501pt too wide) in paragraph at lines 134--134
[]\T1/pcr/m/n/10 ### Makefile template for user ESMF application, leveraging es
mf.mk mechanism ##[] 
 []


Overfull \hbox (10.24501pt too wide) in paragraph at lines 134--134
[]\T1/pcr/m/n/10 ##############################################################
##################[] 
 []


Overfull \hbox (10.24501pt too wide) in paragraph at lines 134--134
[]\T1/pcr/m/n/10 ##############################################################
##################[] 
 []


Overfull \hbox (10.24501pt too wide) in paragraph at lines 134--134
[]\T1/pcr/m/n/10 ### Finding and including esmf.mk ############################
##################[] 
 []

[15]
Overfull \hbox (10.24501pt too wide) in paragraph at lines 134--134
[]\T1/pcr/m/n/10 ##############################################################
##################[] 
 []


Overfull \hbox (10.24501pt too wide) in paragraph at lines 134--134
[]\T1/pcr/m/n/10 ### Compiler and linker rules using ESMF_ variables supplied b
y esmf.mk ########[] 
 []


Overfull \hbox (10.24501pt too wide) in paragraph at lines 134--134
[]\T1/pcr/m/n/10 ##############################################################
##################[] 
 []


Overfull \hbox (10.24501pt too wide) in paragraph at lines 134--134
[]\T1/pcr/m/n/10 ### Sample targets for user ESMF applications ################
##################[] 
 []

[16]
Overfull \hbox (10.24501pt too wide) in paragraph at lines 134--134
[]\T1/pcr/m/n/10 ##############################################################
##################[] 
 []

) [17] (./ESMF_apps.tex) [18] (./ESMF_install.tex
Overfull \hbox (280.24501pt too wide) in paragraph at lines 36--36
[]  \T1/pcr/m/n/10 $ git archive --remote=git://git.code.sf.net/p/esmf/esmf --f
ormat=tar --prefix=esmf/ ESMF_7_1_0_beta_snapshot_31 | tar xf -[] 
 []

(./ESMF_systemreq.tex [19]) [20] [21] [22] [23] [24] [25] [26] [27] [28]
[29] [30] (../../build/doc/user_arch.tex [31]
LaTeX Font Info:    Font shape `T1/ptm/bx/n' in size <8> not available
(Font)              Font shape `T1/ptm/b/n' tried instead on input line 20.

Overfull \hbox (83.63036pt too wide) in alignment at lines 19--47
 [] [] [] [] [] [] [] 
 []


Overfull \hbox (83.63036pt too wide) in alignment at lines 47--71
 [] [] [] [] [] [] [] 
 []


Overfull \hbox (83.63036pt too wide) in alignment at lines 71--95
 [] [] [] [] [] [] [] 
 []


Overfull \hbox (83.63036pt too wide) in alignment at lines 95--116
 [] [] [] [] [] [] [] 
 []

[32]
Overfull \hbox (83.63036pt too wide) in alignment at lines 116--129
 [] [] [] [] [] [] [] 
 []

[33]
Overfull \hbox (65.59662pt too wide) in alignment at lines 139--161
 [] [] [] [] [] 
 []


Overfull \hbox (65.59662pt too wide) in alignment at lines 161--181
 [] [] [] [] [] 
 []


Overfull \hbox (65.59662pt too wide) in alignment at lines 181--201
 [] [] [] [] [] 
 []


Overfull \hbox (65.59662pt too wide) in alignment at lines 201--211
 [] [] [] [] [] 
 []

[34]) (../../build/doc/user_make.tex) [35] [36]) (./ESMF_builddetail.tex
[37] [38] [39] [40] [41] [42] [43] [44]
Overfull \hbox (4.24501pt too wide) in paragraph at lines 427--427
[]\T1/pcr/m/n/10 cvs -z3 -d:ext:$username@cvs.sourceforge.net:/cvsroot/esmfcont
rib checkout ncar[] 
 []

) [45] (./ESMF_testing.tex [46] [47] [48] [49] [50] [51]) (./ESMF_examples.tex
[52] [53]) (./ESMF_esmfmkfiletesting.tex)) [54] (./ESMF_archoverview.tex
[55]
File: ESMF_appunit.eps Graphic file (type eps)
 <ESMF_appunit.eps>
Overfull \hbox (4.015pt too wide) in paragraph at lines 114--115
[][] 
 []

[56] [57]
File: ESMF_hubandspokes.eps Graphic file (type eps)
 <ESMF_hubandspokes.eps>
Overfull \hbox (18.0675pt too wide) in paragraph at lines 211--212
[][] 
 []

File: ESMF_pairwise.eps Graphic file (type eps)
<ESMF_pairwise.eps>
Overfull \hbox (18.0675pt too wide) in paragraph at lines 222--223
[][] 
 []

[58] [59]
File: regrid.eps Graphic file (type eps)
 <regrid.eps> [60]) (./ESMF_adoption.tex [61] [62]) [63]
(./ESMF_terms.tex [64] [65] [66] [67] [68] [69]) (./ESMF_usrdoc.bbl)
Package atveryend Info: Empty hook `BeforeClearDocument' on input line 81.
 [70]
Package atveryend Info: Empty hook `AfterLastShipout' on input line 81.

(./ESMF_usrdoc.aux)
Package atveryend Info: Empty hook `AtVeryEndDocument' on input line 81.
Package atveryend Info: Executing hook `AtEndAfterFileList' on input line 81.
Package rerunfilecheck Info: File `ESMF_usrdoc.out' has not changed.
(rerunfilecheck)             Checksum: 935E66EABD049F3EFA0BEAB96B637BC0;6376.
Package atveryend Info: Empty hook `AtVeryVeryEnd' on input line 81.
 ) 
Here is how much of TeX's memory you used:
 5987 strings out of 492650
 87238 string characters out of 6129648
 220503 words of memory out of 5000000
 9768 multiletter control sequences out of 15000+600000
 23475 words of font info for 28 fonts, out of 8000000 for 9000
 1141 hyphenation exceptions out of 8191
 36i,8n,29p,1237b,443s stack positions out of 5000i,500n,10000p,200000b,80000s

Output written on ESMF_usrdoc.dvi (72 pages, 374716 bytes).
