\BOOKMARK [1][-]{section.1}{What is the Earth System Modeling Framework?}{}% 1
\BOOKMARK [1][-]{section.2}{The ESMF User's Guide}{}% 2
\BOOKMARK [1][-]{section.3}{How to Contact User Support and Find Additional Information}{}% 3
\BOOKMARK [1][-]{section.4}{How to Submit Comments, Bug Reports, and Feature Requests}{}% 4
\BOOKMARK [1][-]{section.5}{Quick Start}{}% 5
\BOOKMARK [2][-]{subsection.5.1}{Downloading ESMF}{section.5}% 6
\BOOKMARK [3][-]{subsubsection.5.1.1}{From the ESMF web site}{subsection.5.1}% 7
\BOOKMARK [3][-]{subsubsection.5.1.2}{From the SourceForge website}{subsection.5.1}% 8
\BOOKMARK [2][-]{subsection.5.2}{Unpacking the download}{section.5}% 9
\BOOKMARK [2][-]{subsection.5.3}{Directory Structure}{section.5}% 10
\BOOKMARK [2][-]{subsection.5.4}{Building ESMF}{section.5}% 11
\BOOKMARK [3][-]{subsubsection.5.4.1}{Environment variables}{subsection.5.4}% 12
\BOOKMARK [3][-]{subsubsection.5.4.2}{GNU make}{subsection.5.4}% 13
\BOOKMARK [3][-]{subsubsection.5.4.3}{gmake info}{subsection.5.4}% 14
\BOOKMARK [3][-]{subsubsection.5.4.4}{Building makefile targets}{subsection.5.4}% 15
\BOOKMARK [3][-]{subsubsection.5.4.5}{Testing makefile targets}{subsection.5.4}% 16
\BOOKMARK [3][-]{subsubsection.5.4.6}{Building and using bundled ESMF applications}{subsection.5.4}% 17
\BOOKMARK [1][-]{section.6}{Compiling and Linking User Code against an ESMF Installation}{}% 18
\BOOKMARK [2][-]{subsection.6.1}{esmf.mk method}{section.6}% 19
\BOOKMARK [2][-]{subsection.6.2}{CMake method}{section.6}% 20
\BOOKMARK [1][-]{section.7}{Using Bundled ESMF Applications}{}% 21
\BOOKMARK [1][-]{section.8}{Building and Installing the ESMF}{}% 22
\BOOKMARK [2][-]{subsection.8.1}{ESMF Download Options}{section.8}% 23
\BOOKMARK [2][-]{subsection.8.2}{Acquiring Development Snapshots}{section.8}% 24
\BOOKMARK [2][-]{subsection.8.3}{System Requirements}{section.8}% 25
\BOOKMARK [2][-]{subsection.8.4}{Third Party Libraries}{section.8}% 26
\BOOKMARK [3][-]{subsubsection.8.4.1}{LAPACK}{subsection.8.4}% 27
\BOOKMARK [3][-]{subsubsection.8.4.2}{NetCDF}{subsection.8.4}% 28
\BOOKMARK [3][-]{subsubsection.8.4.3}{Parallel-NetCDF}{subsection.8.4}% 29
\BOOKMARK [3][-]{subsubsection.8.4.4}{PIO}{subsection.8.4}% 30
\BOOKMARK [3][-]{subsubsection.8.4.5}{Accelerator Software Stacks}{subsection.8.4}% 31
\BOOKMARK [3][-]{subsubsection.8.4.6}{XERCES}{subsection.8.4}% 32
\BOOKMARK [3][-]{subsubsection.8.4.7}{yaml-cpp}{subsection.8.4}% 33
\BOOKMARK [2][-]{subsection.8.5}{ESMF Environment Variables}{section.8}% 34
\BOOKMARK [2][-]{subsection.8.6}{Supported Platforms}{section.8}% 35
\BOOKMARK [2][-]{subsection.8.7}{Building the ESMF Library}{section.8}% 36
\BOOKMARK [2][-]{subsection.8.8}{Building the ESMF Documentation}{section.8}% 37
\BOOKMARK [2][-]{subsection.8.9}{Installing the ESMF}{section.8}% 38
\BOOKMARK [1][-]{section.9}{Porting the ESMF}{}% 39
\BOOKMARK [2][-]{subsection.9.1}{The ESMF Build System}{section.9}% 40
\BOOKMARK [3][-]{subsubsection.9.1.1}{General structure}{subsection.9.1}% 41
\BOOKMARK [3][-]{subsubsection.9.1.2}{Build configuration}{subsection.9.1}% 42
\BOOKMARK [3][-]{subsubsection.9.1.3}{Source code configuration}{subsection.9.1}% 43
\BOOKMARK [2][-]{subsection.9.2}{Porting the ESMF to New Platforms}{section.9}% 44
\BOOKMARK [3][-]{subsubsection.9.2.1}{Customizing the build\137rules.mk fragment}{subsection.9.2}% 45
\BOOKMARK [3][-]{subsubsection.9.2.2}{Customizing ESMC\137Conf.h and ESMF\137Conf.inc}{subsection.9.2}% 46
\BOOKMARK [2][-]{subsection.9.3}{Shared Object Libraries}{section.9}% 47
\BOOKMARK [2][-]{subsection.9.4}{Customized SITE Files}{section.9}% 48
\BOOKMARK [1][-]{section.10}{Validating an ESMF Build}{}% 49
\BOOKMARK [2][-]{subsection.10.1}{Running ESMF Self-Tests}{section.10}% 50
\BOOKMARK [3][-]{subsubsection.10.1.1}{Setting up ESMF to run test suite applications}{subsection.10.1}% 51
\BOOKMARK [3][-]{subsubsection.10.1.2}{Running ESMF unit tests}{subsection.10.1}% 52
\BOOKMARK [3][-]{subsubsection.10.1.3}{Running ESMF system tests}{subsection.10.1}% 53
\BOOKMARK [2][-]{subsection.10.2}{Running ESMF Examples}{section.10}% 54
\BOOKMARK [3][-]{subsubsection.10.2.1}{Example source code}{subsection.10.2}% 55
\BOOKMARK [3][-]{subsubsection.10.2.2}{Building and running examples}{subsection.10.2}% 56
\BOOKMARK [2][-]{subsection.10.3}{Validating an existing ESMF installation}{section.10}% 57
\BOOKMARK [1][-]{section.11}{Architectural Overview}{}% 58
\BOOKMARK [2][-]{subsection.11.1}{Key Concepts}{section.11}% 59
\BOOKMARK [3][-]{subsubsection.11.1.1}{Modularity}{subsection.11.1}% 60
\BOOKMARK [3][-]{subsubsection.11.1.2}{Flexibility}{subsection.11.1}% 61
\BOOKMARK [3][-]{subsubsection.11.1.3}{Hierarchical organization}{subsection.11.1}% 62
\BOOKMARK [3][-]{subsubsection.11.1.4}{Communication within Components}{subsection.11.1}% 63
\BOOKMARK [3][-]{subsubsection.11.1.5}{Uniform communication API}{subsection.11.1}% 64
\BOOKMARK [2][-]{subsection.11.2}{Superstructure}{section.11}% 65
\BOOKMARK [3][-]{subsubsection.11.2.1}{Import and export State classes}{subsection.11.2}% 66
\BOOKMARK [3][-]{subsubsection.11.2.2}{Interface standards}{subsection.11.2}% 67
\BOOKMARK [3][-]{subsubsection.11.2.3}{Gridded Component class}{subsection.11.2}% 68
\BOOKMARK [3][-]{subsubsection.11.2.4}{Coupler Component class}{subsection.11.2}% 69
\BOOKMARK [3][-]{subsubsection.11.2.5}{Flexible data and control flow}{subsection.11.2}% 70
\BOOKMARK [2][-]{subsection.11.3}{Infrastructure}{section.11}% 71
\BOOKMARK [3][-]{subsubsection.11.3.1}{FieldBundle, Field and Array classes}{subsection.11.3}% 72
\BOOKMARK [3][-]{subsubsection.11.3.2}{Grid class}{subsection.11.3}% 73
\BOOKMARK [3][-]{subsubsection.11.3.3}{Time and Calendar management}{subsection.11.3}% 74
\BOOKMARK [3][-]{subsubsection.11.3.4}{Config resource file manager}{subsection.11.3}% 75
\BOOKMARK [3][-]{subsubsection.11.3.5}{DELayout and virtual machine}{subsection.11.3}% 76
\BOOKMARK [3][-]{subsubsection.11.3.6}{Logging and error handling}{subsection.11.3}% 77
\BOOKMARK [3][-]{subsubsection.11.3.7}{File input and output}{subsection.11.3}% 78
\BOOKMARK [1][-]{section.12}{How to Adapt Applications for ESMF}{}% 79
\BOOKMARK [2][-]{subsection.12.1}{Individual Components}{section.12}% 80
\BOOKMARK [2][-]{subsection.12.2}{Full Application}{section.12}% 81
\BOOKMARK [1][-]{section.13}{Glossary}{}% 82
\BOOKMARK [1][-]{section*.2}{References}{}% 83
