This is pdfeTeX, Version 3.141592-1.21a-2.2 (Web2C 7.5.4) (format=latex 2012.8.24)  30 SEP 2013 18:14
entering extended mode
**./images.tex
(./images.tex
LaTeX2e <2003/12/01>
Babel <v3.8d> and hyphenation patterns for american, french, german, ngerman, b
ahasa, basque, bulgarian, catalan, croatian, czech, danish, dutch, esperanto, e
stonian, finnish, greek, icelandic, irish, italian, latin, magyar, norsk, polis
h, portuges, romanian, russian, serbian, slovak, slovene, spanish, swedish, tur
kish, ukrainian, nohyphenation, loaded.

(/usr/share/texmf/tex/latex/base/article.cls
Document Class: article 2004/02/16 v1.4f Standard LaTeX document class
(/usr/share/texmf/tex/latex/base/size10.clo
File: size10.clo 2004/02/16 v1.4f Standard LaTeX file (size option)
)
\c@part=\count79
\c@section=\count80
\c@subsection=\count81
\c@subsubsection=\count82
\c@paragraph=\count83
\c@subparagraph=\count84
\c@figure=\count85
\c@table=\count86
\abovecaptionskip=\skip41
\belowcaptionskip=\skip42
\bibindent=\dimen102
) (/usr/share/texmf/tex/latex/base/ifthen.sty
Package: ifthen 2001/05/26 v1.1c Standard LaTeX ifthen package (DPC)
) (/usr/share/texmf/tex/generic/babel/babel.sty
Package: babel 2004/11/20 v3.8d The Babel package
(/usr/share/texmf/tex/generic/babel/english.ldf
Language: english 2004/06/14 v3.3o English support from the babel system
(/usr/share/texmf/tex/generic/babel/babel.def
File: babel.def 2004/11/20 v3.8d Babel common definitions
\babel@savecnt=\count87
\U@D=\dimen103
)
\l@british = a dialect from \language\l@english 
\l@UKenglish = a dialect from \language\l@english 
\l@canadian = a dialect from \language\l@american 
\l@australian = a dialect from \language\l@british 
\l@newzealand = a dialect from \language\l@british 
)) (/usr/share/texmf/tex/latex/supertabular/supertabular.sty
Package: supertabular 2004/02/20 v4.1e the supertabular environment
\c@tracingst=\count88
\ST@wd=\dimen104
\ST@rightskip=\skip43
\ST@leftskip=\skip44
\ST@parfillskip=\skip45
\ST@pageleft=\dimen105
\ST@headht=\dimen106
\ST@tailht=\dimen107
\ST@pagesofar=\dimen108
\ST@pboxht=\dimen109
\ST@lineht=\dimen110
\ST@stretchht=\dimen111
\ST@prevht=\dimen112
\ST@toadd=\dimen113
\ST@dimen=\dimen114
\ST@pbox=\box26
) (/usr/share/texmf/tex/latex/tools/longtable.sty
Package: longtable 2004/02/01 v4.11 Multi-page Table package (DPC)
\LTleft=\skip46
\LTright=\skip47
\LTpre=\skip48
\LTpost=\skip49
\LTchunksize=\count89
\LTcapwidth=\dimen115
\LT@head=\box27
\LT@firsthead=\box28
\LT@foot=\box29
\LT@lastfoot=\box30
\LT@cols=\count90
\LT@rows=\count91
\c@LT@tables=\count92
\c@LT@chunks=\count93
\LT@p@ftn=\toks14
) (/usr/share/texmf/tex/latex/html/html.sty (/usr/share/texmf/tex/latex/hyperre
f/hyperref.sty
Package: hyperref 2003/11/30 v6.74m Hypertext links for LaTeX
(/usr/share/texmf/tex/latex/graphics/keyval.sty
Package: keyval 1999/03/16 v1.13 key=value parser (DPC)
\KV@toks@=\toks15
)
\@linkdim=\dimen116
\Hy@linkcounter=\count94
\Hy@pagecounter=\count95
(/usr/share/texmf/tex/latex/hyperref/pd1enc.def
File: pd1enc.def 2003/11/30 v6.74m Hyperref: PDFDocEncoding definition (HO)
) (/usr/share/texmf/tex/latex/hyperref/hyperref.cfg
File: hyperref.cfg 2002/06/06 v1.2 hyperref configuration of TeXLive and teTeX
)
Package hyperref Info: Hyper figures OFF on input line 1880.
Package hyperref Info: Link nesting OFF on input line 1885.
Package hyperref Info: Hyper index ON on input line 1888.
Package hyperref Info: Plain pages ON on input line 1893.
Package hyperref Info: Backreferencing OFF on input line 1900.
Implicit mode ON; LaTeX internals redefined
Package hyperref Info: Bookmarks ON on input line 2004.
(/usr/share/texmf/tex/latex/html/url.sty
Package: url 1999/03/02  ver 1.4  Verb mode for urls, email addresses, and file
 names
)
LaTeX Info: Redefining \url on input line 2143.
\Fld@menulength=\count96
\Field@Width=\dimen117
\Fld@charsize=\dimen118
\Choice@toks=\toks16
\Field@toks=\toks17
Package hyperref Info: Hyper figures OFF on input line 2618.
Package hyperref Info: Link nesting OFF on input line 2623.
Package hyperref Info: Hyper index ON on input line 2626.
Package hyperref Info: backreferencing OFF on input line 2633.
Package hyperref Info: Link coloring OFF on input line 2638.
\c@Item=\count97
\c@Hfootnote=\count98
)
*hyperref using default driver hdvips*
(/usr/share/texmf/tex/latex/hyperref/hdvips.def
File: hdvips.def 2003/11/30 v6.74m Hyperref driver for dvips
(/usr/share/texmf/tex/latex/hyperref/pdfmark.def
File: pdfmark.def 2003/11/30 v6.74m Hyperref definitions for pdfmark specials
\pdf@docset=\toks18
\pdf@box=\box31
\pdf@toks=\toks19
\pdf@defaulttoks=\toks20
\Fld@listcount=\count99
\@outlinefile=\write3
))
Package: html 1999/07/19 v1.38 hypertext commands for latex2html (nd, hws, rrm)

\c@lpart=\count100
\c@lchapter=\count101
\c@chapter=\count102
\c@lsection=\count103
\c@lsubsection=\count104
\c@lsubsubsection=\count105
\c@lparagraph=\count106
\c@lsubparagraph=\count107
\c@lsubsubparagraph=\count108
\ptrfile=\write4
) (/usr/share/texmf/tex/latex/psnfss/times.sty
Package: times 2004/09/15 PSNFSS-v9.2 (SPQR) 
) (/usr/share/texmf/tex/latex/graphics/graphicx.sty
Package: graphicx 1999/02/16 v1.0f Enhanced LaTeX Graphics (DPC,SPQR)
(/usr/share/texmf/tex/latex/graphics/graphics.sty
Package: graphics 2001/07/07 v1.0n Standard LaTeX Graphics (DPC,SPQR)
(/usr/share/texmf/tex/latex/graphics/trig.sty
Package: trig 1999/03/16 v1.09 sin cos tan (DPC)
) (/usr/share/texmf/tex/latex/graphics/graphics.cfg
File: graphics.cfg 2005/02/03 v1.3 graphics configuration of teTeX/TeXLive
)
Package graphics Info: Driver file: dvips.def on input line 80.
(/usr/share/texmf/tex/latex/graphics/dvips.def
File: dvips.def 1999/02/16 v3.0i Driver-dependant file (DPC,SPQR)
))
\Gin@req@height=\dimen119
\Gin@req@width=\dimen120
) (/usr/share/texmf/tex/latex/base/fontenc.sty
Package: fontenc 2004/02/22 v1.99f Standard LaTeX package
(/usr/share/texmf/tex/latex/base/t1enc.def
File: t1enc.def 2004/02/22 v1.99f Standard LaTeX file
LaTeX Font Info:    Redeclaring font encoding T1 on input line 43.
)) (/usr/share/texmf/tex/latex/graphics/color.sty
Package: color 1999/02/16 v1.0i Standard LaTeX Color (DPC)
(/usr/share/texmf/tex/latex/graphics/color.cfg
File: color.cfg 2005/02/03 v1.3 color configuration of teTeX/TeXLive
)
Package color Info: Driver file: dvips.def on input line 125.
(/usr/share/texmf/tex/latex/graphics/dvipsnam.def
File: dvipsnam.def 1999/02/16 v3.0i Driver-dependant file (DPC,SPQR)
)) (/usr/share/texmf/tex/latex/base/inputenc.sty
Package: inputenc 2004/02/05 v1.0d Input encoding file
)
\sizebox=\box32
\lthtmlwrite=\write5
(./images.aux)
\openout1 = `images.aux'.

LaTeX Font Info:    Checking defaults for OML/cmm/m/it on input line 177.
LaTeX Font Info:    ... okay on input line 177.
LaTeX Font Info:    Checking defaults for T1/cmr/m/n on input line 177.
LaTeX Font Info:    ... okay on input line 177.
LaTeX Font Info:    Checking defaults for OT1/cmr/m/n on input line 177.
LaTeX Font Info:    ... okay on input line 177.
LaTeX Font Info:    Checking defaults for OMS/cmsy/m/n on input line 177.
LaTeX Font Info:    ... okay on input line 177.
LaTeX Font Info:    Checking defaults for OMX/cmex/m/n on input line 177.
LaTeX Font Info:    ... okay on input line 177.
LaTeX Font Info:    Checking defaults for U/cmr/m/n on input line 177.
LaTeX Font Info:    ... okay on input line 177.
LaTeX Font Info:    Checking defaults for PD1/pdf/m/n on input line 177.
LaTeX Font Info:    ... okay on input line 177.
LaTeX Font Info:    Try loading font information for T1+ptm on input line 177.
(/usr/share/texmf/tex/latex/psnfss/t1ptm.fd
File: t1ptm.fd 2001/06/04 font definitions for T1/ptm.
)
Package hyperref Info: Link coloring OFF on input line 177.
(/usr/share/texmf/tex/latex/hyperref/nameref.sty
Package: nameref 2003/12/03 v2.21 Cross-referencing by name of section
\c@section@level=\count109
)
LaTeX Info: Redefining \ref on input line 177.
LaTeX Info: Redefining \pageref on input line 177.
\openout3 = `images.out'.


latex2htmlLength hsize=349.0pt

latex2htmlLength vsize=697.295pt

latex2htmlLength hoffset=0.0pt

latex2htmlLength voffset=0.0pt

latex2htmlLength topmargin=0.0pt

latex2htmlLength topskip=0.00003pt

latex2htmlLength headheight=0.0pt

latex2htmlLength headsep=0.0pt

latex2htmlLength parskip=0.0pt plus 1.0pt

latex2htmlLength oddsidemargin=0.0pt

latex2htmlLength evensidemargin=0.0pt

File: ESMF_sandwich.eps Graphic file (type eps)
<ESMF_sandwich.eps>
Overfull \hbox (33.42874pt too wide) detected at line 208
 [] 
 []

l2hSize :tex2html_wrap295:210.78749pt::0.0pt::349.0pt.
[1



]
File: ESMF_GEOS5.eps Graphic file (type eps)
<ESMF_GEOS5.eps>
Overfull \hbox (109.91138pt too wide) detected at line 297
 [] 
 []

l2hSize :tex2html_wrap2022:279.14096pt::0.0pt::349.0pt.
[2


]
File: ESMF_appunit.eps Graphic file (type eps)
<ESMF_appunit.eps>
Overfull \hbox (124.76999pt too wide) detected at line 304
 [] 
 []

l2hSize :tex2html_wrap2042:346.29375pt::0.0pt::349.0pt.
[3


]
File: ESMF_serial.eps Graphic file (type eps)
<ESMF_serial.eps>
Overfull \hbox (44.46999pt too wide) detected at line 311
 [] 
 []

l2hSize :tex2html_wrap2062:445.665pt::0.0pt::349.0pt.
[4


]
File: ESMF_concurrent.eps Graphic file (type eps)
<ESMF_concurrent.eps>
Overfull \hbox (44.46999pt too wide) detected at line 317
 [] 
 []

l2hSize :tex2html_wrap2068:382.42874pt::0.0pt::349.0pt.
[5


]
File: ESMF_reconcile.eps Graphic file (type eps)
<ESMF_reconcile.eps>
Overfull \hbox (51.49625pt too wide) detected at line 325
 [] 
 []

l2hSize :tex2html_wrap2088:418.56374pt::0.0pt::349.0pt.
[6


]
File: Comp_obj.eps Graphic file (type eps)
<Comp_obj.eps>
Overfull \hbox (88.635pt too wide) detected at line 333
 [] 
 []

l2hSize :tex2html_wrap85752:143.53624pt::0.0pt::349.0pt.
[7


]
File: Excl_src_grid.eps Graphic file (type eps)
<Excl_src_grid.eps>
l2hSize :tex2html_wrap7981:158.9929pt::0.0pt::349.0pt.
[8


]
File: Excl_dst_grid.eps Graphic file (type eps)
<Excl_dst_grid.eps>
l2hSize :tex2html_wrap7987:151.76596pt::0.0pt::349.0pt.
[9


]
File: Excl_src_grid_cpl.eps Graphic file (type eps)
<Excl_src_grid_cpl.eps>
Overfull \hbox (45.77219pt too wide) detected at line 617
 [] 
 []

l2hSize :tex2html_wrap7995:183.38387pt::0.0pt::349.0pt.
[10


]
File: Excl_dst_grid_cpl.eps Graphic file (type eps)
<Excl_dst_grid_cpl.eps>
Overfull \hbox (86.42378pt too wide) detected at line 623
 [] 
 []

l2hSize :tex2html_wrap8001:187.90071pt::0.0pt::349.0pt.
[11


]
File: State_obj.eps Graphic file (type eps)
<State_obj.eps>
Overfull \hbox (124.76999pt too wide) detected at line 630
 [] 
 []

l2hSize :tex2html_wrap86208:138.51749pt::0.0pt::349.0pt.
[12


]
File: webservices.eps Graphic file (type eps)
<webservices.eps>
l2hSize :tex2html_wrap10195:279.54437pt::0.0pt::349.0pt.
[13


]
LaTeX Font Info:    External font `cmex10' loaded for size
(Font)              <7> on input line 899.
LaTeX Font Info:    External font `cmex10' loaded for size
(Font)              <5> on input line 899.
l2hSize :tex2html_wrap_inline10973:8.94843pt::8.94843pt::113.58128pt.
[14


]
l2hSize :tex2html_wrap_inline10975:8.94843pt::8.94843pt::110.72125pt.
[15


]
l2hSize :tex2html_wrap_inline10977:7.24997pt::7.24997pt::83.0809pt.
[16


]
l2hSize :tex2html_wrap_inline10979:8.0pt::8.0pt::112.99733pt.
[17


]
l2hSize :tex2html_wrap_inline10981:7.24997pt::7.24997pt::5.53128pt.
[18


]
l2hSize :tex2html_wrap_inline10983:7.24997pt::7.24997pt::5.67018pt.
[19


]
l2hSize :tex2html_wrap_inline10985:6.74997pt::0.0pt::6.22461pt.
[20


]
l2hSize :tex2html_wrap_inline10987:6.74997pt::0.0pt::5.70604pt.
[21


]
l2hSize :tex2html_wrap_inline14316:7.24997pt::7.24997pt::58.07022pt.
[22


]
l2hSize :tex2html_wrap_inline14318:8.0pt::8.0pt::108.93636pt.
[23


]
l2hSize :tex2html_wrap_inline14320:8.0pt::8.0pt::65.22731pt.
[24


]
l2hSize :tex2html_wrap_inline14322:7.24997pt::7.24997pt::13.0163pt.
[25


]
l2hSize :tex2html_wrap_inline14324:7.24997pt::7.24997pt::13.38538pt.
[26


]
l2hSize :tex2html_wrap_inline14326:8.0pt::8.0pt::46.09215pt.
[27


]
l2hSize :tex2html_wrap_inline14328:7.24997pt::7.24997pt::10.82816pt.
[28


]
l2hSize :tex2html_wrap_inline14330:7.44444pt::7.44444pt::30.11972pt.
[29


]
File: FieldParameterSetup.eps Graphic file (type eps)
<FieldParameterSetup.eps>
Overfull \hbox (111.72124pt too wide) detected at line 1096
 [] 
 []

l2hSize :tex2html_wrap14448:596.22748pt::0.0pt::349.0pt.
[30


]
l2hSize :tex2html_wrap_inline14870:7.99998pt::7.99998pt::8.83339pt.
[31


]
l2hSize :tex2html_wrap_inline15648:8.0pt::8.0pt::164.64523pt.
[32


]
l2hSize :tex2html_wrap_inline15650:7.44444pt::7.44444pt::17.3328pt.
[33


]
l2hSize :tex2html_wrap_inline15652:7.33331pt::7.33331pt::19.61928pt.
[34


]
l2hSize :tex2html_wrap_inline15654:7.24997pt::7.24997pt::18.51802pt.
[35


]
l2hSize :tex2html_wrap_inline15775:8.64003pt::8.64003pt::49.29288pt.
[36


]
l2hSize :tex2html_wrap_inline15777:8.0pt::8.0pt::52.49536pt.
[37


]
l2hSize :tex2html_wrap_inline15779:8.0pt::8.0pt::104.72679pt.
[38


]
l2hSize :tex2html_wrap_inline15783:6.74997pt::0.0pt::29.6666pt.
[39


]
l2hSize :tex2html_wrap_inline15785:6.74997pt::0.0pt::6.2153pt.
[40


]
l2hSize :tex2html_wrap_inline28231:7.24997pt::7.24997pt::32.72223pt.
[41


]
l2hSize :tex2html_wrap_inline28455:6.74997pt::0.0pt::3.94516pt.
[42


]
l2hSize :tex2html_wrap_inline28457:7.24997pt::7.24997pt::5.19052pt.
[43


]
l2hSize :tex2html_wrap_inline29130:7.44444pt::7.44444pt::80.91606pt.
[44


]
l2hSize :tex2html_wrap_inline29132:8.0pt::8.0pt::33.27786pt.
[45


]
l2hSize :tex2html_wrap_inline29134:7.24997pt::7.24997pt::63.2776pt.
[46


]
l2hSize :tex2html_wrap_inline30135:8.0pt::8.0pt::26.83012pt.
[47


]
l2hSize :displaymath30050:14.5pt::0.0pt::349.0pt.
[48


]
l2hSize :displaymath30052:14.5pt::0.0pt::349.0pt.
[49


]
l2hSize :displaymath30054:14.86108pt::0.0pt::349.0pt.
[50


]
l2hSize :tex2html_wrap_inline30137:7.33331pt::7.33331pt::35.19728pt.
[51


]
l2hSize :tex2html_wrap_inline30139:7.33331pt::7.33331pt::36.08156pt.
[52


]
l2hSize :tex2html_wrap_inline30823:7.24997pt::7.24997pt::41.05544pt.
[53


]
l2hSize :tex2html_wrap_inline31254:6.74997pt::0.0pt::5.50005pt.
[54


]
l2hSize :tex2html_wrap_inline31258:8.0pt::8.0pt::8.27783pt.
[55


]
l2hSize :tex2html_wrap_inline31260:8.0pt::8.0pt::6.0556pt.
[56


]
File: GridDecomps.eps Graphic file (type eps)
<GridDecomps.eps>
Overfull \hbox (109.91138pt too wide) detected at line 2198
 [] 
 []

l2hSize :tex2html_wrap37764:140.92552pt::0.0pt::349.0pt.
[57


]
File: LogRectGrids.eps Graphic file (type eps)
<LogRectGrids.eps>
Overfull \hbox (109.91138pt too wide) detected at line 2205
 [] 
 []

l2hSize :tex2html_wrap37780:140.92552pt::0.0pt::349.0pt.
[58


]
File: GridStaggerLoc2D.eps Graphic file (type eps)
<GridStaggerLoc2D.eps>
Overfull \hbox (3.31624pt too wide) detected at line 2221
 [] 
 []

l2hSize :tex2html_wrap38059:216.80998pt::0.0pt::349.0pt.
[59


]
File: GridStaggerLoc3D.eps Graphic file (type eps)
<GridStaggerLoc3D.eps>
Overfull \hbox (3.31624pt too wide) detected at line 2227
 [] 
 []

l2hSize :tex2html_wrap38071:261.97874pt::0.0pt::349.0pt.
[60


]
File: GridExclusiveReg.eps Graphic file (type eps)
<GridExclusiveReg.eps>
Overfull \hbox (71.06937pt too wide) detected at line 2265
 [] 
 []

l2hSize :tex2html_wrap38968:203.25937pt::0.0pt::349.0pt.
[61


]
l2hSize :tex2html_wrap_inline38500:8.0pt::8.0pt::38.27788pt.
[62


]
l2hSize :tex2html_wrap_inline38502:8.0pt::8.0pt::22.72227pt.
[63


]
l2hSize :tex2html_wrap_inline38504:7.24997pt::7.24997pt::13.27785pt.
[64


]
l2hSize :tex2html_wrap_inline38510:6.74997pt::0.0pt::5.50005pt.
[65


]
File: GridCustStaggerLoc.eps Graphic file (type eps)
<GridCustStaggerLoc.eps>
Overfull \hbox (47.73218pt too wide) detected at line 2301
 [] 
 []

l2hSize :tex2html_wrap39118:223.5853pt::0.0pt::349.0pt.
[66


]
l2hSize :tex2html_wrap_inline38512:8.0pt::8.0pt::22.72227pt.
[67


]
l2hSize :tex2html_wrap_inline38514:7.24997pt::7.24997pt::13.27785pt.
[68


]
l2hSize :tex2html_wrap_inline38522:8.0pt::8.0pt::32.1667pt.
[69


]
l2hSize :tex2html_wrap_inline38524:8.0pt::8.0pt::32.1667pt.
[70


]
l2hSize :tex2html_wrap_inline38528:6.94444pt::0.0pt::5.7049pt.
[71


]
File: GridCellsAndCorners.eps Graphic file (type eps)
<GridCellsAndCorners.eps>
l2hSize :tex2html_wrap39140:162.6075pt::0.0pt::349.0pt.
[72


]
l2hSize :tex2html_wrap_inline38546:8.0pt::8.0pt::32.7223pt.
[73


]
l2hSize :tex2html_wrap_inline38552:6.74997pt::0.0pt::8.27783pt.
[74


]
l2hSize :tex2html_wrap_inline42908:8.14003pt::0.0pt::14.98619pt.
[75


]
l2hSize :tex2html_wrap_inline44874:6.74997pt::0.0pt::5.1563pt.
[76


]
l2hSize :tex2html_wrap_inline44876:8.0pt::8.0pt::527.62456pt.

Overfull \hbox (181.62457pt too wide) in paragraph at lines 2561--2562
[]|[] 
 []

[77


]
l2hSize :tex2html_wrap_inline44878:6.74997pt::0.0pt::6.50238pt.
[78


]
l2hSize :tex2html_wrap_inline44880:8.0pt::8.0pt::109.4784pt.
[79


]
File: XGridEx1.eps Graphic file (type eps)
<XGridEx1.eps>
Overfull \hbox (80.4086pt too wide) detected at line 2608
 [] 
 []

l2hSize :tex2html_wrap45475:288.48068pt::0.0pt::349.0pt.
[80


]
l2hSize :tex2html_wrap_inline46359:6.83331pt::0.0pt::9.625pt.
[81


]
l2hSize :tex2html_wrap_inline46361:8.0pt::8.0pt::90.48274pt.
[82


]
l2hSize :tex2html_wrap_inline46363:6.83331pt::0.0pt::27.70514pt.
[83


]
l2hSize :tex2html_wrap_inline46365:7.33331pt::7.33331pt::26.84715pt.
[84


]
l2hSize :tex2html_wrap_inline46369:7.24997pt::7.24997pt::22.7222pt.
[85


]
l2hSize :tex2html_wrap_inline46371:7.24997pt::7.24997pt::41.05544pt.
[86


]
l2hSize :tex2html_wrap_inline47227:7.24997pt::7.24997pt::51.0555pt.
[87


]
l2hSize :tex2html_wrap_inline47231:7.24997pt::7.24997pt::23.72453pt.
[88


]
l2hSize :tex2html_wrap_inline47233:6.74997pt::0.0pt::17.05789pt.
[89


]
File: Basic_xpacket.eps Graphic file (type eps)
<Basic_xpacket.eps>
Overfull \hbox (115.13576pt too wide) detected at line 2818
 [] 
 []

l2hSize :tex2html_wrap48368:291.4901pt::0.0pt::349.0pt.
[90


]
File: Basic_xpacket_pack.eps Graphic file (type eps)
<Basic_xpacket_pack.eps>
Overfull \hbox (119.84843pt too wide) detected at line 2824
 [] 
 []

l2hSize :tex2html_wrap48414:368.5745pt::0.0pt::349.0pt.
[91


]
File: Basic_xpacket_2up.eps Graphic file (type eps)
<Basic_xpacket_2up.eps>
Overfull \hbox (116.74176pt too wide) detected at line 2830
 [] 
 []

l2hSize :tex2html_wrap48420:291.4901pt::0.0pt::349.0pt.
[92


]
File: Basic_xpacket_contig.eps Graphic file (type eps)
<Basic_xpacket_contig.eps>
Overfull \hbox (116.74176pt too wide) detected at line 2836
 [] 
 []

l2hSize :tex2html_wrap48428:291.4901pt::0.0pt::349.0pt.
[93


]
File: Basic_pack_route.eps Graphic file (type eps)
<Basic_pack_route.eps>
Overfull \hbox (174.05057pt too wide) detected at line 2842
 [] 
 []

l2hSize :tex2html_wrap48432:392.96544pt::0.0pt::349.0pt.
[94


]
File: Basic_2up_route.eps Graphic file (type eps)
<Basic_2up_route.eps>
Overfull \hbox (115.93877pt too wide) detected at line 2848
 [] 
 []

l2hSize :tex2html_wrap48438:301.92914pt::0.0pt::349.0pt.
[95


]
File: RouteHandle_obj.eps Graphic file (type eps)
<RouteHandle_obj.eps>
Overfull \hbox (138.8225pt too wide) detected at line 2855
 [] 
 []

l2hSize :tex2html_wrap88640:201.75374pt::0.0pt::349.0pt.
[96


]
File: AttributeClassUML.eps Graphic file (type eps)
<AttributeClassUML.eps>
l2hSize :tex2html_wrap89218:421.575pt::0.0pt::349.0pt.
[97


]
File: AttributePackageUML.eps Graphic file (type eps)
<AttributePackageUML.eps>
Overfull \hbox (48.49516pt too wide) detected at line 3064
 [] 
 []

l2hSize :tex2html_wrap89222:433.639pt::0.0pt::349.0pt.
[98


]
File: AttributeHierarchyUML.eps Graphic file (type eps)
<AttributeHierarchyUML.eps>
Overfull \hbox (48.48108pt too wide) detected at line 3070
 [] 
 []

l2hSize :tex2html_wrap89226:433.62056pt::0.0pt::349.0pt.
[99


]
File: TimeMgr_desc.eps Graphic file (type eps)
<TimeMgr_desc.eps>
Overfull \hbox (124.76999pt too wide) detected at line 3122
 [] 
 []

l2hSize :tex2html_wrap89292:137.51375pt::0.0pt::349.0pt.
[100


]
l2hSize :tex2html_wrap_inline52866:9.22066pt::9.22066pt::19.86676pt.
[101


]
File: TimeMgr_obj.eps Graphic file (type eps)
<TimeMgr_obj.eps>
Overfull \hbox (124.76999pt too wide) detected at line 3140
 [] 
 []

l2hSize :tex2html_wrap89331:219.82124pt::0.0pt::349.0pt.
[102


]
l2hSize :tex2html_wrap_inline52982:8.14003pt::0.0pt::8.97229pt.
[103


]
l2hSize :tex2html_wrap_inline54347:8.14003pt::0.0pt::13.9723pt.
[104


]
l2hSize :tex2html_wrap_inline54351:8.14003pt::0.0pt::13.9723pt.
[105


]
File: Log_obj.eps Graphic file (type eps)
<Log_obj.eps>
Overfull \hbox (124.76999pt too wide) detected at line 3550
 [] 
 []

l2hSize :tex2html_wrap90238:210.78749pt::0.0pt::349.0pt.
[106


]
l2hSize :tex2html_wrap_inline63622:8.0pt::8.0pt::98.69392pt.
[107


]
l2hSize :tex2html_wrap_inline63624:8.0pt::8.0pt::81.47177pt.
[108


]
File: VM_design.eps Graphic file (type eps)
<VM_design.eps>
Overfull \hbox (105.70335pt too wide) detected at line 3785
 [] 
 []

l2hSize :tex2html_wrap65370:331.84311pt::0.0pt::349.0pt.
[109


]
File: Appendix_uml.eps Graphic file (type eps)
<Appendix_uml.eps>
Overfull \hbox (8.33635pt too wide) detected at line 3883
 [] 
 []

l2hSize :tex2html_wrap68165:480.99883pt::0.0pt::349.0pt.
[110


] (./images.aux) ) 
Here is how much of TeX's memory you used:
 3764 strings out of 94501
 51229 string characters out of 1176789
 118604 words of memory out of 1000000
 6892 multiletter control sequences out of 10000+50000
 6047 words of font info for 16 fonts, out of 500000 for 2000
 580 hyphenation exceptions out of 1000
 32i,6n,23p,701b,244s stack positions out of 1500i,500n,5000p,200000b,5000s

Output written on images.dvi (110 pages, 76372 bytes).
