This is pdfeTeX, Version 3.141592-1.21a-2.2 (Web2C 7.5.4) (format=latex 2012.8.24)  22 JAN 2013 23:11
entering extended mode
**./images.tex
(./images.tex
LaTeX2e <2003/12/01>
Babel <v3.8d> and hyphenation patterns for american, french, german, ngerman, b
ahasa, basque, bulgarian, catalan, croatian, czech, danish, dutch, esperanto, e
stonian, finnish, greek, icelandic, irish, italian, latin, magyar, norsk, polis
h, portuges, romanian, russian, serbian, slovak, slovene, spanish, swedish, tur
kish, ukrainian, nohyphenation, loaded.

(/usr/share/texmf/tex/latex/base/article.cls
Document Class: article 2004/02/16 v1.4f Standard LaTeX document class
(/usr/share/texmf/tex/latex/base/size10.clo
File: size10.clo 2004/02/16 v1.4f Standard LaTeX file (size option)
)
\c@part=\count79
\c@section=\count80
\c@subsection=\count81
\c@subsubsection=\count82
\c@paragraph=\count83
\c@subparagraph=\count84
\c@figure=\count85
\c@table=\count86
\abovecaptionskip=\skip41
\belowcaptionskip=\skip42
\bibindent=\dimen102
) (/usr/share/texmf/tex/latex/base/ifthen.sty
Package: ifthen 2001/05/26 v1.1c Standard LaTeX ifthen package (DPC)
) (/usr/share/texmf/tex/generic/babel/babel.sty
Package: babel 2004/11/20 v3.8d The Babel package
(/usr/share/texmf/tex/generic/babel/english.ldf
Language: english 2004/06/14 v3.3o English support from the babel system
(/usr/share/texmf/tex/generic/babel/babel.def
File: babel.def 2004/11/20 v3.8d Babel common definitions
\babel@savecnt=\count87
\U@D=\dimen103
)
\l@british = a dialect from \language\l@english 
\l@UKenglish = a dialect from \language\l@english 
\l@canadian = a dialect from \language\l@american 
\l@australian = a dialect from \language\l@british 
\l@newzealand = a dialect from \language\l@british 
)) (/usr/share/texmf/tex/latex/tools/longtable.sty
Package: longtable 2004/02/01 v4.11 Multi-page Table package (DPC)
\LTleft=\skip43
\LTright=\skip44
\LTpre=\skip45
\LTpost=\skip46
\LTchunksize=\count88
\LTcapwidth=\dimen104
\LT@head=\box26
\LT@firsthead=\box27
\LT@foot=\box28
\LT@lastfoot=\box29
\LT@cols=\count89
\LT@rows=\count90
\c@LT@tables=\count91
\c@LT@chunks=\count92
\LT@p@ftn=\toks14
) (/usr/share/texmf/tex/latex/html/html.sty (/usr/share/texmf/tex/latex/hyperre
f/hyperref.sty
Package: hyperref 2003/11/30 v6.74m Hypertext links for LaTeX
(/usr/share/texmf/tex/latex/graphics/keyval.sty
Package: keyval 1999/03/16 v1.13 key=value parser (DPC)
\KV@toks@=\toks15
)
\@linkdim=\dimen105
\Hy@linkcounter=\count93
\Hy@pagecounter=\count94
(/usr/share/texmf/tex/latex/hyperref/pd1enc.def
File: pd1enc.def 2003/11/30 v6.74m Hyperref: PDFDocEncoding definition (HO)
) (/usr/share/texmf/tex/latex/hyperref/hyperref.cfg
File: hyperref.cfg 2002/06/06 v1.2 hyperref configuration of TeXLive and teTeX
)
Package hyperref Info: Hyper figures OFF on input line 1880.
Package hyperref Info: Link nesting OFF on input line 1885.
Package hyperref Info: Hyper index ON on input line 1888.
Package hyperref Info: Plain pages ON on input line 1893.
Package hyperref Info: Backreferencing OFF on input line 1900.
Implicit mode ON; LaTeX internals redefined
Package hyperref Info: Bookmarks ON on input line 2004.
(/usr/share/texmf/tex/latex/html/url.sty
Package: url 1999/03/02  ver 1.4  Verb mode for urls, email addresses, and file
 names
)
LaTeX Info: Redefining \url on input line 2143.
\Fld@menulength=\count95
\Field@Width=\dimen106
\Fld@charsize=\dimen107
\Choice@toks=\toks16
\Field@toks=\toks17
Package hyperref Info: Hyper figures OFF on input line 2618.
Package hyperref Info: Link nesting OFF on input line 2623.
Package hyperref Info: Hyper index ON on input line 2626.
Package hyperref Info: backreferencing OFF on input line 2633.
Package hyperref Info: Link coloring OFF on input line 2638.
\c@Item=\count96
\c@Hfootnote=\count97
)
*hyperref using default driver hdvips*
(/usr/share/texmf/tex/latex/hyperref/hdvips.def
File: hdvips.def 2003/11/30 v6.74m Hyperref driver for dvips
(/usr/share/texmf/tex/latex/hyperref/pdfmark.def
File: pdfmark.def 2003/11/30 v6.74m Hyperref definitions for pdfmark specials
\pdf@docset=\toks18
\pdf@box=\box30
\pdf@toks=\toks19
\pdf@defaulttoks=\toks20
\Fld@listcount=\count98
\@outlinefile=\write3
))
Package: html 1999/07/19 v1.38 hypertext commands for latex2html (nd, hws, rrm)

\c@lpart=\count99
\c@lchapter=\count100
\c@chapter=\count101
\c@lsection=\count102
\c@lsubsection=\count103
\c@lsubsubsection=\count104
\c@lparagraph=\count105
\c@lsubparagraph=\count106
\c@lsubsubparagraph=\count107
\ptrfile=\write4
) (/usr/share/texmf/tex/latex/psnfss/times.sty
Package: times 2004/09/15 PSNFSS-v9.2 (SPQR) 
) (/usr/share/texmf/tex/latex/graphics/graphicx.sty
Package: graphicx 1999/02/16 v1.0f Enhanced LaTeX Graphics (DPC,SPQR)
(/usr/share/texmf/tex/latex/graphics/graphics.sty
Package: graphics 2001/07/07 v1.0n Standard LaTeX Graphics (DPC,SPQR)
(/usr/share/texmf/tex/latex/graphics/trig.sty
Package: trig 1999/03/16 v1.09 sin cos tan (DPC)
) (/usr/share/texmf/tex/latex/graphics/graphics.cfg
File: graphics.cfg 2005/02/03 v1.3 graphics configuration of teTeX/TeXLive
)
Package graphics Info: Driver file: dvips.def on input line 80.
(/usr/share/texmf/tex/latex/graphics/dvips.def
File: dvips.def 1999/02/16 v3.0i Driver-dependant file (DPC,SPQR)
))
\Gin@req@height=\dimen108
\Gin@req@width=\dimen109
) (/usr/share/texmf/tex/latex/base/fontenc.sty
Package: fontenc 2004/02/22 v1.99f Standard LaTeX package
(/usr/share/texmf/tex/latex/base/t1enc.def
File: t1enc.def 2004/02/22 v1.99f Standard LaTeX file
LaTeX Font Info:    Redeclaring font encoding T1 on input line 43.
))
\oldparskip=\skip47
\oldparindent=\skip48
\oldbaselineskip=\skip49
(/usr/share/texmf/tex/latex/graphics/color.sty
Package: color 1999/02/16 v1.0i Standard LaTeX Color (DPC)
(/usr/share/texmf/tex/latex/graphics/color.cfg
File: color.cfg 2005/02/03 v1.3 color configuration of teTeX/TeXLive
)
Package color Info: Driver file: dvips.def on input line 125.
(/usr/share/texmf/tex/latex/graphics/dvipsnam.def
File: dvipsnam.def 1999/02/16 v3.0i Driver-dependant file (DPC,SPQR)
)) (/usr/share/texmf/tex/latex/base/inputenc.sty
Package: inputenc 2004/02/05 v1.0d Input encoding file
)
\sizebox=\box31
\lthtmlwrite=\write5
(./images.aux)
\openout1 = `images.aux'.

LaTeX Font Info:    Checking defaults for OML/cmm/m/it on input line 193.
LaTeX Font Info:    ... okay on input line 193.
LaTeX Font Info:    Checking defaults for T1/cmr/m/n on input line 193.
LaTeX Font Info:    ... okay on input line 193.
LaTeX Font Info:    Checking defaults for OT1/cmr/m/n on input line 193.
LaTeX Font Info:    ... okay on input line 193.
LaTeX Font Info:    Checking defaults for OMS/cmsy/m/n on input line 193.
LaTeX Font Info:    ... okay on input line 193.
LaTeX Font Info:    Checking defaults for OMX/cmex/m/n on input line 193.
LaTeX Font Info:    ... okay on input line 193.
LaTeX Font Info:    Checking defaults for U/cmr/m/n on input line 193.
LaTeX Font Info:    ... okay on input line 193.
LaTeX Font Info:    Checking defaults for PD1/pdf/m/n on input line 193.
LaTeX Font Info:    ... okay on input line 193.
LaTeX Font Info:    Try loading font information for T1+ptm on input line 193.
(/usr/share/texmf/tex/latex/psnfss/t1ptm.fd
File: t1ptm.fd 2001/06/04 font definitions for T1/ptm.
)
Package hyperref Info: Link coloring OFF on input line 193.
(/usr/share/texmf/tex/latex/hyperref/nameref.sty
Package: nameref 2003/12/03 v2.21 Cross-referencing by name of section
\c@section@level=\count108
)
LaTeX Info: Redefining \ref on input line 193.
LaTeX Info: Redefining \pageref on input line 193.
\openout3 = `images.out'.


latex2htmlLength hsize=349.0pt

latex2htmlLength vsize=697.295pt

latex2htmlLength hoffset=0.0pt

latex2htmlLength voffset=0.0pt

latex2htmlLength topmargin=0.0pt

latex2htmlLength topskip=0.00003pt

latex2htmlLength headheight=0.0pt

latex2htmlLength headsep=0.0pt

latex2htmlLength parskip=0.0pt

latex2htmlLength oddsidemargin=0.0pt

latex2htmlLength evensidemargin=0.0pt

File: ESMF_sandwich.eps Graphic file (type eps)
<ESMF_sandwich.eps>
Overfull \hbox (33.42874pt too wide) detected at line 229
 [] 
 []

l2hSize :tex2html_wrap331:210.78749pt::0.0pt::349.0pt.
[1



]
File: ESMF_GEOS5.eps Graphic file (type eps)
<ESMF_GEOS5.eps>
Overfull \hbox (109.91138pt too wide) detected at line 275
 [] 
 []

l2hSize :tex2html_wrap1836:279.14096pt::0.0pt::349.0pt.
[2


]
File: ESMF_appunit.eps Graphic file (type eps)
<ESMF_appunit.eps>
Overfull \hbox (124.76999pt too wide) detected at line 282
 [] 
 []

l2hSize :tex2html_wrap1856:346.29375pt::0.0pt::349.0pt.
[3


]
File: ESMF_serial.eps Graphic file (type eps)
<ESMF_serial.eps>
Overfull \hbox (44.46999pt too wide) detected at line 289
 [] 
 []

l2hSize :tex2html_wrap1876:445.665pt::0.0pt::349.0pt.
[4


]
File: ESMF_concurrent.eps Graphic file (type eps)
<ESMF_concurrent.eps>
Overfull \hbox (44.46999pt too wide) detected at line 295
 [] 
 []

l2hSize :tex2html_wrap1882:382.42874pt::0.0pt::349.0pt.
[5


]
File: ESMF_reconcile.eps Graphic file (type eps)
<ESMF_reconcile.eps>
Overfull \hbox (51.49625pt too wide) detected at line 303
 [] 
 []

l2hSize :tex2html_wrap1902:418.56374pt::0.0pt::349.0pt.
[6


]
File: Comp_obj.eps Graphic file (type eps)
<Comp_obj.eps>
Overfull \hbox (88.635pt too wide) detected at line 311
 [] 
 []

l2hSize :tex2html_wrap98928:143.53624pt::0.0pt::349.0pt.
[7


]
File: Excl_src_grid.eps Graphic file (type eps)
<Excl_src_grid.eps>
l2hSize :tex2html_wrap10176:158.9929pt::0.0pt::349.0pt.
[8


]
File: Excl_dst_grid.eps Graphic file (type eps)
<Excl_dst_grid.eps>
l2hSize :tex2html_wrap10182:151.76596pt::0.0pt::349.0pt.
[9


]
File: Excl_src_grid_cpl.eps Graphic file (type eps)
<Excl_src_grid_cpl.eps>
Overfull \hbox (45.77219pt too wide) detected at line 1093
 [] 
 []

l2hSize :tex2html_wrap10190:183.38387pt::0.0pt::349.0pt.
[10


]
File: Excl_dst_grid_cpl.eps Graphic file (type eps)
<Excl_dst_grid_cpl.eps>
Overfull \hbox (86.42378pt too wide) detected at line 1099
 [] 
 []

l2hSize :tex2html_wrap10196:187.90071pt::0.0pt::349.0pt.
[11


]
File: State_obj.eps Graphic file (type eps)
<State_obj.eps>
Overfull \hbox (124.76999pt too wide) detected at line 1106
 [] 
 []

l2hSize :tex2html_wrap99544:138.51749pt::0.0pt::349.0pt.
[12


]
File: webservices.eps Graphic file (type eps)
<webservices.eps>
l2hSize :tex2html_wrap12781:279.54437pt::0.0pt::349.0pt.
[13


]
LaTeX Font Info:    External font `cmex10' loaded for size
(Font)              <7> on input line 1635.
LaTeX Font Info:    External font `cmex10' loaded for size
(Font)              <5> on input line 1635.
l2hSize :tex2html_wrap_inline13834:8.64003pt::8.64003pt::31.19446pt.
[14


]
l2hSize :tex2html_wrap_inline14542:8.94843pt::8.94843pt::113.58128pt.
[15


]
l2hSize :tex2html_wrap_inline14544:8.94843pt::8.94843pt::110.72125pt.
[16


]
l2hSize :tex2html_wrap_inline14546:7.24997pt::7.24997pt::83.0809pt.
[17


]
l2hSize :tex2html_wrap_inline14548:8.0pt::8.0pt::112.99733pt.
[18


]
l2hSize :tex2html_wrap_inline14550:7.24997pt::7.24997pt::5.53128pt.
[19


]
l2hSize :tex2html_wrap_inline14552:7.24997pt::7.24997pt::5.67018pt.
[20


]
l2hSize :tex2html_wrap_inline14554:6.74997pt::0.0pt::6.22461pt.
[21


]
l2hSize :tex2html_wrap_inline14556:6.74997pt::0.0pt::5.70604pt.
[22


]
l2hSize :tex2html_wrap_inline18113:7.24997pt::7.24997pt::58.07022pt.
[23


]
l2hSize :tex2html_wrap_inline18115:8.0pt::8.0pt::108.93636pt.
[24


]
l2hSize :tex2html_wrap_inline18117:8.0pt::8.0pt::65.22731pt.
[25


]
l2hSize :tex2html_wrap_inline18119:7.24997pt::7.24997pt::13.0163pt.
[26


]
l2hSize :tex2html_wrap_inline18121:7.24997pt::7.24997pt::13.38538pt.
[27


]
l2hSize :tex2html_wrap_inline18123:8.0pt::8.0pt::46.09215pt.
[28


]
l2hSize :tex2html_wrap_inline18125:7.24997pt::7.24997pt::10.82816pt.
[29


]
l2hSize :tex2html_wrap_inline18127:7.44444pt::7.44444pt::30.11972pt.
[30


]
File: FieldParameterSetup.eps Graphic file (type eps)
<FieldParameterSetup.eps>
Overfull \hbox (111.72124pt too wide) detected at line 2106
 [] 
 []

l2hSize :tex2html_wrap18251:596.22748pt::0.0pt::349.0pt.
[31


]
l2hSize :tex2html_wrap_inline19417:8.0pt::8.0pt::164.64523pt.
[32


]
l2hSize :tex2html_wrap_inline19419:7.44444pt::7.44444pt::17.3328pt.
[33


]
l2hSize :tex2html_wrap_inline19421:7.33331pt::7.33331pt::19.61928pt.
[34


]
l2hSize :tex2html_wrap_inline19423:7.24997pt::7.24997pt::18.51802pt.
[35


]
l2hSize :tex2html_wrap_inline19568:8.64003pt::8.64003pt::49.29288pt.
[36


]
l2hSize :tex2html_wrap_inline19570:8.0pt::8.0pt::52.49536pt.
[37


]
l2hSize :tex2html_wrap_inline19572:8.0pt::8.0pt::104.72679pt.
[38


]
l2hSize :tex2html_wrap_inline19576:6.74997pt::0.0pt::29.6666pt.
[39


]
l2hSize :tex2html_wrap_inline19578:6.74997pt::0.0pt::6.2153pt.
[40


]
l2hSize :tex2html_wrap_inline27713:7.24997pt::7.24997pt::23.83336pt.
[41


]
l2hSize :tex2html_wrap_inline27715:7.24997pt::7.24997pt::16.05556pt.
[42


]
l2hSize :tex2html_wrap_inline33156:7.24997pt::7.24997pt::32.72223pt.
[43


]
l2hSize :tex2html_wrap_inline33406:6.74997pt::0.0pt::3.94516pt.
[44


]
l2hSize :tex2html_wrap_inline33408:7.24997pt::7.24997pt::5.19052pt.
[45


]
l2hSize :tex2html_wrap_inline34139:7.44444pt::7.44444pt::80.91606pt.
[46


]
l2hSize :tex2html_wrap_inline34141:8.0pt::8.0pt::33.27786pt.
[47


]
l2hSize :tex2html_wrap_inline34143:7.24997pt::7.24997pt::63.2776pt.
[48


]
l2hSize :tex2html_wrap_inline35192:8.0pt::8.0pt::26.83012pt.
[49


]
l2hSize :displaymath35101:14.5pt::0.0pt::349.0pt.
[50


]
l2hSize :displaymath35103:14.5pt::0.0pt::349.0pt.
[51


]
l2hSize :displaymath35105:14.86108pt::0.0pt::349.0pt.
[52


]
l2hSize :tex2html_wrap_inline35194:7.33331pt::7.33331pt::35.19728pt.
[53


]
l2hSize :tex2html_wrap_inline35196:7.33331pt::7.33331pt::36.08156pt.
[54


]
l2hSize :tex2html_wrap_inline35930:7.24997pt::7.24997pt::41.05544pt.
[55


]
l2hSize :tex2html_wrap_inline36405:6.74997pt::0.0pt::5.50005pt.
[56


]
l2hSize :tex2html_wrap_inline36409:8.0pt::8.0pt::8.27783pt.
[57


]
l2hSize :tex2html_wrap_inline36411:8.0pt::8.0pt::6.0556pt.
[58


]
File: GridDecomps.eps Graphic file (type eps)
<GridDecomps.eps>
Overfull \hbox (109.91138pt too wide) detected at line 4639
 [] 
 []

l2hSize :tex2html_wrap43700:140.92552pt::0.0pt::349.0pt.
[59


]
File: LogRectGrids.eps Graphic file (type eps)
<LogRectGrids.eps>
Overfull \hbox (109.91138pt too wide) detected at line 4646
 [] 
 []

l2hSize :tex2html_wrap43716:140.92552pt::0.0pt::349.0pt.
[60


]
File: GridStaggerLoc2D.eps Graphic file (type eps)
<GridStaggerLoc2D.eps>
Overfull \hbox (3.31624pt too wide) detected at line 4663
 [] 
 []

l2hSize :tex2html_wrap44028:216.80998pt::0.0pt::349.0pt.
[61


]
File: GridStaggerLoc3D.eps Graphic file (type eps)
<GridStaggerLoc3D.eps>
Overfull \hbox (3.31624pt too wide) detected at line 4669
 [] 
 []

l2hSize :tex2html_wrap44040:261.97874pt::0.0pt::349.0pt.
[62


]
File: GridExclusiveReg.eps Graphic file (type eps)
<GridExclusiveReg.eps>
Overfull \hbox (71.06937pt too wide) detected at line 4723
 [] 
 []

l2hSize :tex2html_wrap45107:203.25937pt::0.0pt::349.0pt.
[63


]
l2hSize :tex2html_wrap_inline44569:8.0pt::8.0pt::38.27788pt.
[64


]
l2hSize :tex2html_wrap_inline44571:8.0pt::8.0pt::22.72227pt.
[65


]
l2hSize :tex2html_wrap_inline44573:7.24997pt::7.24997pt::13.27785pt.
[66


]
l2hSize :tex2html_wrap_inline44579:6.74997pt::0.0pt::5.50005pt.
[67


]
File: GridCustStaggerLoc.eps Graphic file (type eps)
<GridCustStaggerLoc.eps>
Overfull \hbox (47.73218pt too wide) detected at line 4759
 [] 
 []

l2hSize :tex2html_wrap45271:223.5853pt::0.0pt::349.0pt.
[68


]
l2hSize :tex2html_wrap_inline44581:8.0pt::8.0pt::22.72227pt.
[69


]
l2hSize :tex2html_wrap_inline44583:7.24997pt::7.24997pt::13.27785pt.
[70


]
l2hSize :tex2html_wrap_inline44591:8.0pt::8.0pt::32.1667pt.
[71


]
l2hSize :tex2html_wrap_inline44593:8.0pt::8.0pt::32.1667pt.
[72


]
l2hSize :tex2html_wrap_inline44597:6.94444pt::0.0pt::5.7049pt.
[73


]
File: GridCellsAndCorners.eps Graphic file (type eps)
<GridCellsAndCorners.eps>
l2hSize :tex2html_wrap45299:162.6075pt::0.0pt::349.0pt.
[74


]
l2hSize :tex2html_wrap_inline44615:8.0pt::8.0pt::32.7223pt.
[75


]
l2hSize :tex2html_wrap_inline48999:8.14003pt::0.0pt::14.98619pt.
[76


]
l2hSize :tex2html_wrap_inline51178:6.74997pt::0.0pt::5.1563pt.
[77


]
l2hSize :tex2html_wrap_inline51180:8.0pt::8.0pt::527.62456pt.

Overfull \hbox (181.62457pt too wide) in paragraph at lines 5191--5192
[]|[] 
 []

[78


]
l2hSize :tex2html_wrap_inline51182:6.74997pt::0.0pt::6.50238pt.
[79


]
l2hSize :tex2html_wrap_inline51184:8.0pt::8.0pt::109.4784pt.
[80


]
l2hSize :tex2html_wrap_inline51717:7.44444pt::7.44444pt::9.88202pt.
[81


]
l2hSize :tex2html_wrap_inline51719:6.83331pt::0.0pt::8.00005pt.
[82


]
l2hSize :tex2html_wrap_inline51721:7.44444pt::7.44444pt::9.88202pt.
[83


]
l2hSize :tex2html_wrap_inline51733:6.83331pt::0.0pt::8.31949pt.
[84


]
l2hSize :tex2html_wrap_inline51735:10.38896pt::10.38896pt::164.95984pt.
[85


]
l2hSize :tex2html_wrap_inline51737:10.38896pt::10.38896pt::239.29778pt.
[86


]
l2hSize :tex2html_wrap_inline51739:7.24997pt::7.24997pt::16.09639pt.
[87


]
l2hSize :tex2html_wrap_inline51743:6.83331pt::0.0pt::8.68056pt.
[88


]
File: XGridEx1.eps Graphic file (type eps)
<XGridEx1.eps>
Overfull \hbox (80.4086pt too wide) detected at line 5363
 [] 
 []

l2hSize :tex2html_wrap52301:288.48068pt::0.0pt::349.0pt.
[89


]
l2hSize :tex2html_wrap_inline53523:6.74997pt::0.0pt::8.27783pt.
[90


]
l2hSize :tex2html_wrap_inline53525:6.83331pt::0.0pt::9.625pt.
[91


]
l2hSize :tex2html_wrap_inline53527:8.0pt::8.0pt::90.48274pt.
[92


]
l2hSize :tex2html_wrap_inline53529:6.83331pt::0.0pt::27.70514pt.
[93


]
l2hSize :tex2html_wrap_inline53531:7.33331pt::7.33331pt::26.84715pt.
[94


]
l2hSize :tex2html_wrap_inline53535:7.24997pt::7.24997pt::22.7222pt.
[95


]
l2hSize :tex2html_wrap_inline53537:7.24997pt::7.24997pt::41.05544pt.
[96


]
l2hSize :tex2html_wrap_inline54417:7.24997pt::7.24997pt::51.0555pt.
[97


]
l2hSize :tex2html_wrap_inline54421:7.24997pt::7.24997pt::23.72453pt.
[98


]
l2hSize :tex2html_wrap_inline54423:6.74997pt::0.0pt::17.05789pt.
[99


]
File: CIMRepository.eps Graphic file (type eps)
<CIMRepository.eps>
Overfull \hbox (303.4375pt too wide) detected at line 5874
 [] 
 []

l2hSize :tex2html_wrap102067:313.17pt::0.0pt::349.0pt.
[100


]
File: LongNameXSD.eps Graphic file (type eps)
<LongNameXSD.eps>
Overfull \hbox (303.4375pt too wide) detected at line 5880
 [] 
 []

l2hSize :tex2html_wrap102071:313.17pt::0.0pt::349.0pt.
[101


]
File: AttributeClassUML.eps Graphic file (type eps)
<AttributeClassUML.eps>
l2hSize :tex2html_wrap102914:421.575pt::0.0pt::349.0pt.
[102


]
File: AttributePackageUML.eps Graphic file (type eps)
<AttributePackageUML.eps>
Overfull \hbox (48.49516pt too wide) detected at line 6387
 [] 
 []

l2hSize :tex2html_wrap102918:433.639pt::0.0pt::349.0pt.
[103


]
File: AttributeHierarchyUML.eps Graphic file (type eps)
<AttributeHierarchyUML.eps>
Overfull \hbox (48.48108pt too wide) detected at line 6393
 [] 
 []

l2hSize :tex2html_wrap102922:433.62056pt::0.0pt::349.0pt.
[104


]
File: TimeMgr_desc.eps Graphic file (type eps)
<TimeMgr_desc.eps>
Overfull \hbox (124.76999pt too wide) detected at line 6478
 [] 
 []

l2hSize :tex2html_wrap102994:137.51375pt::0.0pt::349.0pt.
[105


]
l2hSize :tex2html_wrap_inline62270:9.22066pt::9.22066pt::19.86676pt.
[106


]
File: TimeMgr_obj.eps Graphic file (type eps)
<TimeMgr_obj.eps>
Overfull \hbox (124.76999pt too wide) detected at line 6496
 [] 
 []

l2hSize :tex2html_wrap103033:219.82124pt::0.0pt::349.0pt.
[107


]
l2hSize :tex2html_wrap_inline62385:8.14003pt::0.0pt::8.97229pt.
[108


]
l2hSize :tex2html_wrap_inline63879:8.14003pt::0.0pt::13.9723pt.
[109


]
l2hSize :tex2html_wrap_inline63883:8.14003pt::0.0pt::13.9723pt.
[110


]
File: Log_obj.eps Graphic file (type eps)
<Log_obj.eps>
Overfull \hbox (124.76999pt too wide) detected at line 7297
 [] 
 []

l2hSize :tex2html_wrap103943:210.78749pt::0.0pt::349.0pt.
[111


]
l2hSize :tex2html_wrap_inline73450:8.0pt::8.0pt::98.69392pt.
[112


]
l2hSize :tex2html_wrap_inline73452:8.0pt::8.0pt::81.47177pt.
[113


]
File: VM_design.eps Graphic file (type eps)
<VM_design.eps>
Overfull \hbox (105.70335pt too wide) detected at line 7908
 [] 
 []

l2hSize :tex2html_wrap75558:331.84311pt::0.0pt::349.0pt.
[114


]
File: Appendix_uml.eps Graphic file (type eps)
<Appendix_uml.eps>
Overfull \hbox (8.33635pt too wide) detected at line 8197
 [] 
 []

l2hSize :tex2html_wrap79470:480.99883pt::0.0pt::349.0pt.
[115


] (./images.aux) ) 
Here is how much of TeX's memory you used:
 3723 strings out of 94501
 51284 string characters out of 1176789
 120524 words of memory out of 1000000
 6860 multiletter control sequences out of 10000+50000
 6047 words of font info for 16 fonts, out of 500000 for 2000
 580 hyphenation exceptions out of 1000
 32i,6n,23p,701b,242s stack positions out of 1500i,500n,5000p,200000b,5000s

Output written on images.dvi (115 pages, 78720 bytes).
