This is pdfeTeX, Version 3.141592-1.21a-2.2 (Web2C 7.5.4) (format=latex 2012.8.24)  11 JUL 2014 16:14
entering extended mode
**./images.tex
(./images.tex
LaTeX2e <2003/12/01>
Babel <v3.8d> and hyphenation patterns for american, french, german, ngerman, b
ahasa, basque, bulgarian, catalan, croatian, czech, danish, dutch, esperanto, e
stonian, finnish, greek, icelandic, irish, italian, latin, magyar, norsk, polis
h, portuges, romanian, russian, serbian, slovak, slovene, spanish, swedish, tur
kish, ukrainian, nohyphenation, loaded.

(/usr/share/texmf/tex/latex/base/article.cls
Document Class: article 2004/02/16 v1.4f Standard LaTeX document class
(/usr/share/texmf/tex/latex/base/size10.clo
File: size10.clo 2004/02/16 v1.4f Standard LaTeX file (size option)
)
\c@part=\count79
\c@section=\count80
\c@subsection=\count81
\c@subsubsection=\count82
\c@paragraph=\count83
\c@subparagraph=\count84
\c@figure=\count85
\c@table=\count86
\abovecaptionskip=\skip41
\belowcaptionskip=\skip42
\bibindent=\dimen102
) (/usr/share/texmf/tex/latex/base/ifthen.sty
Package: ifthen 2001/05/26 v1.1c Standard LaTeX ifthen package (DPC)
) (/usr/share/texmf/tex/generic/babel/babel.sty
Package: babel 2004/11/20 v3.8d The Babel package
(/usr/share/texmf/tex/generic/babel/english.ldf
Language: english 2004/06/14 v3.3o English support from the babel system
(/usr/share/texmf/tex/generic/babel/babel.def
File: babel.def 2004/11/20 v3.8d Babel common definitions
\babel@savecnt=\count87
\U@D=\dimen103
)
\l@british = a dialect from \language\l@english 
\l@UKenglish = a dialect from \language\l@english 
\l@canadian = a dialect from \language\l@american 
\l@australian = a dialect from \language\l@british 
\l@newzealand = a dialect from \language\l@british 
)) (/usr/share/texmf/tex/latex/tools/longtable.sty
Package: longtable 2004/02/01 v4.11 Multi-page Table package (DPC)
\LTleft=\skip43
\LTright=\skip44
\LTpre=\skip45
\LTpost=\skip46
\LTchunksize=\count88
\LTcapwidth=\dimen104
\LT@head=\box26
\LT@firsthead=\box27
\LT@foot=\box28
\LT@lastfoot=\box29
\LT@cols=\count89
\LT@rows=\count90
\c@LT@tables=\count91
\c@LT@chunks=\count92
\LT@p@ftn=\toks14
) (/usr/share/texmf/tex/latex/html/html.sty (/usr/share/texmf/tex/latex/hyperre
f/hyperref.sty
Package: hyperref 2003/11/30 v6.74m Hypertext links for LaTeX
(/usr/share/texmf/tex/latex/graphics/keyval.sty
Package: keyval 1999/03/16 v1.13 key=value parser (DPC)
\KV@toks@=\toks15
)
\@linkdim=\dimen105
\Hy@linkcounter=\count93
\Hy@pagecounter=\count94
(/usr/share/texmf/tex/latex/hyperref/pd1enc.def
File: pd1enc.def 2003/11/30 v6.74m Hyperref: PDFDocEncoding definition (HO)
) (/usr/share/texmf/tex/latex/hyperref/hyperref.cfg
File: hyperref.cfg 2002/06/06 v1.2 hyperref configuration of TeXLive and teTeX
)
Package hyperref Info: Hyper figures OFF on input line 1880.
Package hyperref Info: Link nesting OFF on input line 1885.
Package hyperref Info: Hyper index ON on input line 1888.
Package hyperref Info: Plain pages ON on input line 1893.
Package hyperref Info: Backreferencing OFF on input line 1900.
Implicit mode ON; LaTeX internals redefined
Package hyperref Info: Bookmarks ON on input line 2004.
(/usr/share/texmf/tex/latex/html/url.sty
Package: url 1999/03/02  ver 1.4  Verb mode for urls, email addresses, and file
 names
)
LaTeX Info: Redefining \url on input line 2143.
\Fld@menulength=\count95
\Field@Width=\dimen106
\Fld@charsize=\dimen107
\Choice@toks=\toks16
\Field@toks=\toks17
Package hyperref Info: Hyper figures OFF on input line 2618.
Package hyperref Info: Link nesting OFF on input line 2623.
Package hyperref Info: Hyper index ON on input line 2626.
Package hyperref Info: backreferencing OFF on input line 2633.
Package hyperref Info: Link coloring OFF on input line 2638.
\c@Item=\count96
\c@Hfootnote=\count97
)
*hyperref using default driver hdvips*
(/usr/share/texmf/tex/latex/hyperref/hdvips.def
File: hdvips.def 2003/11/30 v6.74m Hyperref driver for dvips
(/usr/share/texmf/tex/latex/hyperref/pdfmark.def
File: pdfmark.def 2003/11/30 v6.74m Hyperref definitions for pdfmark specials
\pdf@docset=\toks18
\pdf@box=\box30
\pdf@toks=\toks19
\pdf@defaulttoks=\toks20
\Fld@listcount=\count98
\@outlinefile=\write3
))
Package: html 1999/07/19 v1.38 hypertext commands for latex2html (nd, hws, rrm)

\c@lpart=\count99
\c@lchapter=\count100
\c@chapter=\count101
\c@lsection=\count102
\c@lsubsection=\count103
\c@lsubsubsection=\count104
\c@lparagraph=\count105
\c@lsubparagraph=\count106
\c@lsubsubparagraph=\count107
\ptrfile=\write4
) (/usr/share/texmf/tex/latex/psnfss/times.sty
Package: times 2004/09/15 PSNFSS-v9.2 (SPQR) 
) (/usr/share/texmf/tex/latex/graphics/graphicx.sty
Package: graphicx 1999/02/16 v1.0f Enhanced LaTeX Graphics (DPC,SPQR)
(/usr/share/texmf/tex/latex/graphics/graphics.sty
Package: graphics 2001/07/07 v1.0n Standard LaTeX Graphics (DPC,SPQR)
(/usr/share/texmf/tex/latex/graphics/trig.sty
Package: trig 1999/03/16 v1.09 sin cos tan (DPC)
) (/usr/share/texmf/tex/latex/graphics/graphics.cfg
File: graphics.cfg 2005/02/03 v1.3 graphics configuration of teTeX/TeXLive
)
Package graphics Info: Driver file: dvips.def on input line 80.
(/usr/share/texmf/tex/latex/graphics/dvips.def
File: dvips.def 1999/02/16 v3.0i Driver-dependant file (DPC,SPQR)
))
\Gin@req@height=\dimen108
\Gin@req@width=\dimen109
) (/usr/share/texmf/tex/latex/base/fontenc.sty
Package: fontenc 2004/02/22 v1.99f Standard LaTeX package
(/usr/share/texmf/tex/latex/base/t1enc.def
File: t1enc.def 2004/02/22 v1.99f Standard LaTeX file
LaTeX Font Info:    Redeclaring font encoding T1 on input line 43.
))
\oldparskip=\skip47
\oldparindent=\skip48
\oldbaselineskip=\skip49
(/usr/share/texmf/tex/latex/graphics/color.sty
Package: color 1999/02/16 v1.0i Standard LaTeX Color (DPC)
(/usr/share/texmf/tex/latex/graphics/color.cfg
File: color.cfg 2005/02/03 v1.3 color configuration of teTeX/TeXLive
)
Package color Info: Driver file: dvips.def on input line 125.
(/usr/share/texmf/tex/latex/graphics/dvipsnam.def
File: dvipsnam.def 1999/02/16 v3.0i Driver-dependant file (DPC,SPQR)
)) (/usr/share/texmf/tex/latex/base/inputenc.sty
Package: inputenc 2004/02/05 v1.0d Input encoding file
)
\sizebox=\box31
\lthtmlwrite=\write5
(./images.aux)
\openout1 = `images.aux'.

LaTeX Font Info:    Checking defaults for OML/cmm/m/it on input line 193.
LaTeX Font Info:    ... okay on input line 193.
LaTeX Font Info:    Checking defaults for T1/cmr/m/n on input line 193.
LaTeX Font Info:    ... okay on input line 193.
LaTeX Font Info:    Checking defaults for OT1/cmr/m/n on input line 193.
LaTeX Font Info:    ... okay on input line 193.
LaTeX Font Info:    Checking defaults for OMS/cmsy/m/n on input line 193.
LaTeX Font Info:    ... okay on input line 193.
LaTeX Font Info:    Checking defaults for OMX/cmex/m/n on input line 193.
LaTeX Font Info:    ... okay on input line 193.
LaTeX Font Info:    Checking defaults for U/cmr/m/n on input line 193.
LaTeX Font Info:    ... okay on input line 193.
LaTeX Font Info:    Checking defaults for PD1/pdf/m/n on input line 193.
LaTeX Font Info:    ... okay on input line 193.
LaTeX Font Info:    Try loading font information for T1+ptm on input line 193.
(/usr/share/texmf/tex/latex/psnfss/t1ptm.fd
File: t1ptm.fd 2001/06/04 font definitions for T1/ptm.
)
Package hyperref Info: Link coloring OFF on input line 193.
(/usr/share/texmf/tex/latex/hyperref/nameref.sty
Package: nameref 2003/12/03 v2.21 Cross-referencing by name of section
\c@section@level=\count108
)
LaTeX Info: Redefining \ref on input line 193.
LaTeX Info: Redefining \pageref on input line 193.
\openout3 = `images.out'.


latex2htmlLength hsize=349.0pt

latex2htmlLength vsize=697.295pt

latex2htmlLength hoffset=0.0pt

latex2htmlLength voffset=0.0pt

latex2htmlLength topmargin=0.0pt

latex2htmlLength topskip=0.00003pt

latex2htmlLength headheight=0.0pt

latex2htmlLength headsep=0.0pt

latex2htmlLength parskip=0.0pt

latex2htmlLength oddsidemargin=0.0pt

latex2htmlLength evensidemargin=0.0pt

File: ESMF_sandwich.eps Graphic file (type eps)
<ESMF_sandwich.eps>
Overfull \hbox (33.42874pt too wide) detected at line 229
 [] 
 []

l2hSize :tex2html_wrap331:210.78749pt::0.0pt::349.0pt.
[1



]
File: ESMF_GEOS5.eps Graphic file (type eps)
<ESMF_GEOS5.eps>
Overfull \hbox (109.91138pt too wide) detected at line 279
 [] 
 []

l2hSize :tex2html_wrap2183:279.14096pt::0.0pt::349.0pt.
[2


]
File: ESMF_appunit.eps Graphic file (type eps)
<ESMF_appunit.eps>
Overfull \hbox (124.76999pt too wide) detected at line 286
 [] 
 []

l2hSize :tex2html_wrap2203:346.29375pt::0.0pt::349.0pt.
[3


]
File: ESMF_serial.eps Graphic file (type eps)
<ESMF_serial.eps>
Overfull \hbox (44.46999pt too wide) detected at line 293
 [] 
 []

l2hSize :tex2html_wrap2223:445.665pt::0.0pt::349.0pt.
[4


]
File: ESMF_concurrent.eps Graphic file (type eps)
<ESMF_concurrent.eps>
Overfull \hbox (44.46999pt too wide) detected at line 299
 [] 
 []

l2hSize :tex2html_wrap2229:382.42874pt::0.0pt::349.0pt.
[5


]
File: ESMF_reconcile.eps Graphic file (type eps)
<ESMF_reconcile.eps>
Overfull \hbox (51.49625pt too wide) detected at line 307
 [] 
 []

l2hSize :tex2html_wrap2249:418.56374pt::0.0pt::349.0pt.
[6


]
File: Comp_obj.eps Graphic file (type eps)
<Comp_obj.eps>
Overfull \hbox (88.635pt too wide) detected at line 315
 [] 
 []

l2hSize :tex2html_wrap102126:143.53624pt::0.0pt::349.0pt.
[7


]
File: Excl_src_grid.eps Graphic file (type eps)
<Excl_src_grid.eps>
l2hSize :tex2html_wrap10569:158.9929pt::0.0pt::349.0pt.
[8


]
File: Excl_dst_grid.eps Graphic file (type eps)
<Excl_dst_grid.eps>
l2hSize :tex2html_wrap10575:151.76596pt::0.0pt::349.0pt.
[9


]
File: Excl_src_grid_cpl.eps Graphic file (type eps)
<Excl_src_grid_cpl.eps>
Overfull \hbox (45.77219pt too wide) detected at line 1097
 [] 
 []

l2hSize :tex2html_wrap10583:183.38387pt::0.0pt::349.0pt.
[10


]
File: Excl_dst_grid_cpl.eps Graphic file (type eps)
<Excl_dst_grid_cpl.eps>
Overfull \hbox (86.42378pt too wide) detected at line 1103
 [] 
 []

l2hSize :tex2html_wrap10589:187.90071pt::0.0pt::349.0pt.
[11


]
File: State_obj.eps Graphic file (type eps)
<State_obj.eps>
Overfull \hbox (124.76999pt too wide) detected at line 1110
 [] 
 []

l2hSize :tex2html_wrap102748:138.51749pt::0.0pt::349.0pt.
[12


]
File: webservices.eps Graphic file (type eps)
<webservices.eps>
l2hSize :tex2html_wrap13174:279.54437pt::0.0pt::349.0pt.
[13


]
LaTeX Font Info:    External font `cmex10' loaded for size
(Font)              <7> on input line 1641.
LaTeX Font Info:    External font `cmex10' loaded for size
(Font)              <5> on input line 1641.
l2hSize :tex2html_wrap_inline14445:8.64003pt::8.64003pt::31.19446pt.
[14


]
l2hSize :tex2html_wrap_inline15219:8.94843pt::8.94843pt::113.58128pt.
[15


]
l2hSize :tex2html_wrap_inline15221:8.94843pt::8.94843pt::110.72125pt.
[16


]
l2hSize :tex2html_wrap_inline15223:7.24997pt::7.24997pt::83.0809pt.
[17


]
l2hSize :tex2html_wrap_inline15225:8.0pt::8.0pt::112.99733pt.
[18


]
l2hSize :tex2html_wrap_inline15227:7.24997pt::7.24997pt::5.53128pt.
[19


]
l2hSize :tex2html_wrap_inline15229:7.24997pt::7.24997pt::5.67018pt.
[20


]
l2hSize :tex2html_wrap_inline15231:6.74997pt::0.0pt::6.22461pt.
[21


]
l2hSize :tex2html_wrap_inline15233:6.74997pt::0.0pt::5.70604pt.
[22


]
l2hSize :tex2html_wrap_inline18957:7.24997pt::7.24997pt::58.07022pt.
[23


]
l2hSize :tex2html_wrap_inline18959:8.0pt::8.0pt::108.93636pt.
[24


]
l2hSize :tex2html_wrap_inline18961:8.0pt::8.0pt::65.22731pt.
[25


]
l2hSize :tex2html_wrap_inline18963:7.24997pt::7.24997pt::13.0163pt.
[26


]
l2hSize :tex2html_wrap_inline18965:7.24997pt::7.24997pt::13.38538pt.
[27


]
l2hSize :tex2html_wrap_inline18967:8.0pt::8.0pt::46.09215pt.
[28


]
l2hSize :tex2html_wrap_inline18969:7.24997pt::7.24997pt::10.82816pt.
[29


]
l2hSize :tex2html_wrap_inline18971:7.44444pt::7.44444pt::30.11972pt.
[30


]
File: FieldParameterSetup.eps Graphic file (type eps)
<FieldParameterSetup.eps>
Overfull \hbox (111.72124pt too wide) detected at line 2114
 [] 
 []

l2hSize :tex2html_wrap19095:596.22748pt::0.0pt::349.0pt.
[31


]
l2hSize :tex2html_wrap_inline20261:8.0pt::8.0pt::164.64523pt.
[32


]
l2hSize :tex2html_wrap_inline20263:7.44444pt::7.44444pt::17.3328pt.
[33


]
l2hSize :tex2html_wrap_inline20265:7.33331pt::7.33331pt::19.61928pt.
[34


]
l2hSize :tex2html_wrap_inline20267:7.24997pt::7.24997pt::18.51802pt.
[35


]
l2hSize :tex2html_wrap_inline20412:8.64003pt::8.64003pt::49.29288pt.
[36


]
l2hSize :tex2html_wrap_inline20414:8.0pt::8.0pt::52.49536pt.
[37


]
l2hSize :tex2html_wrap_inline20416:8.0pt::8.0pt::104.72679pt.
[38


]
l2hSize :tex2html_wrap_inline20420:6.74997pt::0.0pt::29.6666pt.
[39


]
l2hSize :tex2html_wrap_inline20422:6.74997pt::0.0pt::6.2153pt.
[40


]
l2hSize :tex2html_wrap_inline28588:7.24997pt::7.24997pt::23.83336pt.
[41


]
l2hSize :tex2html_wrap_inline28590:7.24997pt::7.24997pt::16.05556pt.
[42


]
l2hSize :tex2html_wrap_inline34047:7.24997pt::7.24997pt::32.72223pt.
[43


]
l2hSize :tex2html_wrap_inline34297:6.74997pt::0.0pt::3.94516pt.
[44


]
l2hSize :tex2html_wrap_inline34299:7.24997pt::7.24997pt::5.19052pt.
[45


]
l2hSize :tex2html_wrap_inline35030:7.44444pt::7.44444pt::80.91606pt.
[46


]
l2hSize :tex2html_wrap_inline35032:8.0pt::8.0pt::33.27786pt.
[47


]
l2hSize :tex2html_wrap_inline35034:7.24997pt::7.24997pt::63.2776pt.
[48


]
l2hSize :tex2html_wrap_inline36083:8.0pt::8.0pt::26.83012pt.
[49


]
l2hSize :displaymath35992:14.5pt::0.0pt::349.0pt.
[50


]
l2hSize :displaymath35994:14.5pt::0.0pt::349.0pt.
[51


]
l2hSize :displaymath35996:14.86108pt::0.0pt::349.0pt.
[52


]
l2hSize :tex2html_wrap_inline36085:7.33331pt::7.33331pt::35.19728pt.
[53


]
l2hSize :tex2html_wrap_inline36087:7.33331pt::7.33331pt::36.08156pt.
[54


]
l2hSize :tex2html_wrap_inline36840:7.24997pt::7.24997pt::41.05544pt.
[55


]
l2hSize :tex2html_wrap_inline37315:6.74997pt::0.0pt::5.50005pt.
[56


]
l2hSize :tex2html_wrap_inline37319:8.0pt::8.0pt::8.27783pt.
[57


]
l2hSize :tex2html_wrap_inline37321:8.0pt::8.0pt::6.0556pt.
[58


]
File: GridDecomps.eps Graphic file (type eps)
<GridDecomps.eps>
Overfull \hbox (109.91138pt too wide) detected at line 4647
 [] 
 []

l2hSize :tex2html_wrap44652:140.92552pt::0.0pt::349.0pt.
[59


]
File: LogRectGrids.eps Graphic file (type eps)
<LogRectGrids.eps>
Overfull \hbox (109.91138pt too wide) detected at line 4654
 [] 
 []

l2hSize :tex2html_wrap44668:140.92552pt::0.0pt::349.0pt.
[60


]
File: GridStaggerLoc2D.eps Graphic file (type eps)
<GridStaggerLoc2D.eps>
Overfull \hbox (3.31624pt too wide) detected at line 4670
 [] 
 []

l2hSize :tex2html_wrap44942:216.80998pt::0.0pt::349.0pt.
[61


]
File: GridStaggerLoc3D.eps Graphic file (type eps)
<GridStaggerLoc3D.eps>
Overfull \hbox (3.31624pt too wide) detected at line 4676
 [] 
 []

l2hSize :tex2html_wrap44954:261.97874pt::0.0pt::349.0pt.
[62


]
File: GridExclusiveReg.eps Graphic file (type eps)
<GridExclusiveReg.eps>
Overfull \hbox (71.06937pt too wide) detected at line 4730
 [] 
 []

l2hSize :tex2html_wrap46029:203.25937pt::0.0pt::349.0pt.
[63


]
l2hSize :tex2html_wrap_inline45485:8.0pt::8.0pt::38.27788pt.
[64


]
l2hSize :tex2html_wrap_inline45487:8.0pt::8.0pt::22.72227pt.
[65


]
l2hSize :tex2html_wrap_inline45489:7.24997pt::7.24997pt::13.27785pt.
[66


]
l2hSize :tex2html_wrap_inline45495:6.74997pt::0.0pt::5.50005pt.
[67


]
File: GridCustStaggerLoc.eps Graphic file (type eps)
<GridCustStaggerLoc.eps>
Overfull \hbox (47.73218pt too wide) detected at line 4766
 [] 
 []

l2hSize :tex2html_wrap46193:223.5853pt::0.0pt::349.0pt.
[68


]
l2hSize :tex2html_wrap_inline45497:8.0pt::8.0pt::22.72227pt.
[69


]
l2hSize :tex2html_wrap_inline45499:7.24997pt::7.24997pt::13.27785pt.
[70


]
l2hSize :tex2html_wrap_inline45507:8.0pt::8.0pt::32.1667pt.
[71


]
l2hSize :tex2html_wrap_inline45509:8.0pt::8.0pt::32.1667pt.
[72


]
l2hSize :tex2html_wrap_inline45513:6.94444pt::0.0pt::5.7049pt.
[73


]
File: GridCellsAndCorners.eps Graphic file (type eps)
<GridCellsAndCorners.eps>
l2hSize :tex2html_wrap46221:162.6075pt::0.0pt::349.0pt.
[74


]
l2hSize :tex2html_wrap_inline45531:8.0pt::8.0pt::32.7223pt.
[75


]
l2hSize :tex2html_wrap_inline49983:8.14003pt::0.0pt::14.98619pt.
[76


]
l2hSize :tex2html_wrap_inline52234:6.74997pt::0.0pt::5.1563pt.
[77


]
l2hSize :tex2html_wrap_inline52236:8.0pt::8.0pt::527.62456pt.

Overfull \hbox (181.62457pt too wide) in paragraph at lines 5200--5201
[]|[] 
 []

[78


]
l2hSize :tex2html_wrap_inline52238:6.74997pt::0.0pt::6.50238pt.
[79


]
l2hSize :tex2html_wrap_inline52240:8.0pt::8.0pt::109.4784pt.
[80


]
l2hSize :tex2html_wrap_inline52827:7.44444pt::7.44444pt::9.88202pt.
[81


]
l2hSize :tex2html_wrap_inline52829:6.83331pt::0.0pt::8.00005pt.
[82


]
l2hSize :tex2html_wrap_inline52831:7.44444pt::7.44444pt::9.88202pt.
[83


]
l2hSize :tex2html_wrap_inline52843:6.83331pt::0.0pt::8.31949pt.
[84


]
l2hSize :tex2html_wrap_inline52845:10.38896pt::10.38896pt::164.95984pt.
[85


]
l2hSize :tex2html_wrap_inline52847:10.38896pt::10.38896pt::239.29778pt.
[86


]
l2hSize :tex2html_wrap_inline52849:7.24997pt::7.24997pt::16.09639pt.
[87


]
l2hSize :tex2html_wrap_inline52853:6.83331pt::0.0pt::8.68056pt.
[88


]
File: XGridEx1.eps Graphic file (type eps)
<XGridEx1.eps>
Overfull \hbox (80.4086pt too wide) detected at line 5373
 [] 
 []

l2hSize :tex2html_wrap53425:288.48068pt::0.0pt::349.0pt.
[89


]
l2hSize :tex2html_wrap_inline54650:6.74997pt::0.0pt::8.27783pt.
[90


]
l2hSize :tex2html_wrap_inline54652:6.83331pt::0.0pt::9.625pt.
[91


]
l2hSize :tex2html_wrap_inline54654:8.0pt::8.0pt::90.48274pt.
[92


]
l2hSize :tex2html_wrap_inline54656:6.83331pt::0.0pt::27.70514pt.
[93


]
l2hSize :tex2html_wrap_inline54658:7.33331pt::7.33331pt::26.84715pt.
[94


]
l2hSize :tex2html_wrap_inline54662:7.24997pt::7.24997pt::22.7222pt.
[95


]
l2hSize :tex2html_wrap_inline54664:7.24997pt::7.24997pt::41.05544pt.
[96


]
l2hSize :tex2html_wrap_inline55557:7.24997pt::7.24997pt::51.0555pt.
[97


]
l2hSize :tex2html_wrap_inline55561:7.24997pt::7.24997pt::23.72453pt.
[98


]
l2hSize :tex2html_wrap_inline55563:6.74997pt::0.0pt::17.05789pt.
[99


]
File: CIMRepository.eps Graphic file (type eps)
<CIMRepository.eps>
Overfull \hbox (106.24408pt too wide) detected at line 5884
 [] 
 []

l2hSize :tex2html_wrap105345:218.51558pt::0.0pt::349.0pt.
[100


]
File: LongNameXSD.eps Graphic file (type eps)
<LongNameXSD.eps>
Overfull \hbox (106.24408pt too wide) detected at line 5890
 [] 
 []

l2hSize :tex2html_wrap105349:218.51558pt::0.0pt::349.0pt.
[101


]
File: AttributeClassUML.eps Graphic file (type eps)
<AttributeClassUML.eps>
l2hSize :tex2html_wrap106193:421.575pt::0.0pt::349.0pt.
[102


]
File: AttributePackageUML.eps Graphic file (type eps)
<AttributePackageUML.eps>
Overfull \hbox (48.49516pt too wide) detected at line 6398
 [] 
 []

l2hSize :tex2html_wrap106197:433.639pt::0.0pt::349.0pt.
[103


]
File: AttributeHierarchyUML.eps Graphic file (type eps)
<AttributeHierarchyUML.eps>
Overfull \hbox (48.48108pt too wide) detected at line 6404
 [] 
 []

l2hSize :tex2html_wrap106201:433.62056pt::0.0pt::349.0pt.
[104


]
File: TimeMgr_desc.eps Graphic file (type eps)
<TimeMgr_desc.eps>
Overfull \hbox (124.76999pt too wide) detected at line 6503
 [] 
 []

l2hSize :tex2html_wrap106301:137.51375pt::0.0pt::349.0pt.
[105


]
l2hSize :tex2html_wrap_inline64203:9.22066pt::9.22066pt::19.86676pt.
[106


]
File: TimeMgr_obj.eps Graphic file (type eps)
<TimeMgr_obj.eps>
Overfull \hbox (124.76999pt too wide) detected at line 6521
 [] 
 []

l2hSize :tex2html_wrap106340:219.82124pt::0.0pt::349.0pt.
[107


]
l2hSize :tex2html_wrap_inline64318:8.14003pt::0.0pt::8.97229pt.
[108


]
l2hSize :tex2html_wrap_inline65812:8.14003pt::0.0pt::13.9723pt.
[109


]
l2hSize :tex2html_wrap_inline65816:8.14003pt::0.0pt::13.9723pt.
[110


]
File: Log_obj.eps Graphic file (type eps)
<Log_obj.eps>
Overfull \hbox (124.76999pt too wide) detected at line 7324
 [] 
 []

l2hSize :tex2html_wrap107258:210.78749pt::0.0pt::349.0pt.
[111


]
l2hSize :tex2html_wrap_inline75630:8.0pt::8.0pt::98.69392pt.
[112


]
l2hSize :tex2html_wrap_inline75632:8.0pt::8.0pt::81.47177pt.
[113


]
File: VM_design.eps Graphic file (type eps)
<VM_design.eps>
Overfull \hbox (105.70335pt too wide) detected at line 7937
 [] 
 []

l2hSize :tex2html_wrap77738:331.84311pt::0.0pt::349.0pt.
[114


]
File: Appendix_uml.eps Graphic file (type eps)
<Appendix_uml.eps>
Overfull \hbox (8.33635pt too wide) detected at line 8235
 [] 
 []

l2hSize :tex2html_wrap81976:480.99883pt::0.0pt::349.0pt.
[115


] (./images.aux) ) 
Here is how much of TeX's memory you used:
 3743 strings out of 94501
 51546 string characters out of 1176789
 121648 words of memory out of 1000000
 6880 multiletter control sequences out of 10000+50000
 6047 words of font info for 16 fonts, out of 500000 for 2000
 580 hyphenation exceptions out of 1000
 32i,6n,23p,701b,242s stack positions out of 1500i,500n,5000p,200000b,5000s

Output written on images.dvi (115 pages, 78720 bytes).
