This is pdfTeXk, Version 3.1415926-1.40.9 (Web2C 7.5.7) (format=latex 2008.12.28)  10 APR 2012 08:58
entering extended mode
 %&-line parsing enabled.
**./images.tex
(./images.tex
LaTeX2e <2005/12/01>
Babel <v3.8l> and hyphenation patterns for english, usenglishmax, dumylang, noh
yphenation, german-x-2008-06-18, ngerman-x-2008-06-18, ancientgreek, ibycus, ar
abic, basque, bulgarian, catalan, pinyin, coptic, croatian, czech, danish, dutc
h, esperanto, estonian, farsi, finnish, french, galician, german, ngerman, mono
greek, greek, hungarian, icelandic, indonesian, interlingua, irish, italian, la
tin, lithuanian, mongolian, mongolian2a, bokmal, nynorsk, polish, portuguese, r
omanian, russian, sanskrit, serbian, slovak, slovenian, spanish, swedish, turki
sh, ukenglish, ukrainian, uppersorbian, welsh, loaded.

(/usr/local/texlive/2008/texmf-dist/tex/latex/base/article.cls
Document Class: article 2005/09/16 v1.4f Standard LaTeX document class
(/usr/local/texlive/2008/texmf-dist/tex/latex/base/size10.clo
File: size10.clo 2005/09/16 v1.4f Standard LaTeX file (size option)
)
\c@part=\count79
\c@section=\count80
\c@subsection=\count81
\c@subsubsection=\count82
\c@paragraph=\count83
\c@subparagraph=\count84
\c@figure=\count85
\c@table=\count86
\abovecaptionskip=\skip41
\belowcaptionskip=\skip42
\bibindent=\dimen102
) (/usr/local/texlive/2008/texmf-dist/tex/latex/base/ifthen.sty
Package: ifthen 2001/05/26 v1.1c Standard LaTeX ifthen package (DPC)
) (/usr/local/texlive/2008/texmf-dist/tex/generic/babel/babel.sty
Package: babel 2008/07/06 v3.8l The Babel package
(/usr/local/texlive/2008/texmf-dist/tex/generic/babel/english.ldf
Language: english 2005/03/30 v3.3o English support from the babel system
(/usr/local/texlive/2008/texmf-dist/tex/generic/babel/babel.def
File: babel.def 2008/07/06 v3.8l Babel common definitions
\babel@savecnt=\count87
\U@D=\dimen103
)
\l@canadian = a dialect from \language\l@american 
\l@australian = a dialect from \language\l@british 
\l@newzealand = a dialect from \language\l@british 
)) (/usr/local/texlive/2008/texmf-dist/tex/latex/supertabular/supertabular.sty
Package: supertabular 2004/02/20 v4.1e the supertabular environment
\c@tracingst=\count88
\ST@wd=\dimen104
\ST@rightskip=\skip43
\ST@leftskip=\skip44
\ST@parfillskip=\skip45
\ST@pageleft=\dimen105
\ST@headht=\dimen106
\ST@tailht=\dimen107
\ST@pagesofar=\dimen108
\ST@pboxht=\dimen109
\ST@lineht=\dimen110
\ST@stretchht=\dimen111
\ST@prevht=\dimen112
\ST@toadd=\dimen113
\ST@dimen=\dimen114
\ST@pbox=\box26
) (/usr/local/texlive/2008/texmf/tex/latex/html/html.sty (/usr/local/texlive/20
08/texmf-dist/tex/latex/hyperref/hyperref.sty
Package: hyperref 2009/02/22 v6.78p Hypertext links for LaTeX
(/usr/local/texlive/2008/texmf-dist/tex/latex/graphics/keyval.sty
Package: keyval 1999/03/16 v1.13 key=value parser (DPC)
\KV@toks@=\toks14
) (/usr/local/texlive/2008/texmf-dist/tex/generic/oberdiek/ifpdf.sty
Package: ifpdf 2007/12/12 v1.6 Provides the ifpdf switch (HO)
Package ifpdf Info: pdfTeX in pdf mode not detected.
) (/usr/local/texlive/2008/texmf-dist/tex/generic/oberdiek/ifvtex.sty
Package: ifvtex 2008/11/04 v1.4 Switches for detecting VTeX and its modes (HO)
Package ifvtex Info: VTeX not detected.
) (/usr/local/texlive/2008/texmf-dist/tex/generic/ifxetex/ifxetex.sty
Package: ifxetex 2009/01/23 v0.5 Provides ifxetex conditional
) (/usr/local/texlive/2008/texmf-dist/tex/latex/oberdiek/hycolor.sty
Package: hycolor 2008/09/08 v1.4 Code for color options of hyperref/bookmark (H
O)
(/usr/local/texlive/2008/texmf-dist/tex/latex/oberdiek/xcolor-patch.sty
Package: xcolor-patch 2008/09/08 xcolor patch
))
\@linkdim=\dimen115
\Hy@linkcounter=\count89
\Hy@pagecounter=\count90
(/usr/local/texlive/2008/texmf-dist/tex/latex/hyperref/pd1enc.def
File: pd1enc.def 2009/02/22 v6.78p Hyperref: PDFDocEncoding definition (HO)
) (/usr/local/texlive/2008/texmf-dist/tex/generic/oberdiek/etexcmds.sty
Package: etexcmds 2007/12/12 v1.2 Prefix for e-TeX command names (HO)
(/usr/local/texlive/2008/texmf-dist/tex/generic/oberdiek/infwarerr.sty
Package: infwarerr 2007/09/09 v1.2 Providing info/warning/message (HO)
)
Package etexcmds Info: Could not find \expanded.
(etexcmds)             That can mean that you are not using pdfTeX 1.50 or
(etexcmds)             that some package has redefined \expanded.
(etexcmds)             In the latter case, load this package earlier.
) (/usr/local/texlive/2008/texmf/tex/latex/config/hyperref.cfg
File: hyperref.cfg 2002/06/06 v1.2 hyperref configuration of TeXLive
) (/usr/local/texlive/2008/texmf-dist/tex/latex/oberdiek/kvoptions.sty
Package: kvoptions 2007/10/18 v3.0 Keyval support for LaTeX options (HO)
)
Package hyperref Info: Hyper figures OFF on input line 2935.
Package hyperref Info: Link nesting OFF on input line 2940.
Package hyperref Info: Hyper index ON on input line 2943.
Package hyperref Info: Plain pages OFF on input line 2950.
Package hyperref Info: Backreferencing OFF on input line 2955.
Implicit mode ON; LaTeX internals redefined
Package hyperref Info: Bookmarks ON on input line 3145.
(/usr/local/texlive/2008/texmf/tex/latex/html/url.sty
Package: url 1999/03/02  ver 1.4  Verb mode for urls, email addresses, and file
 names
)
LaTeX Info: Redefining \url on input line 3382.
(/usr/local/texlive/2008/texmf-dist/tex/generic/oberdiek/bitset.sty
Package: bitset 2007/09/28 v1.0 Data type bit set (HO)
(/usr/local/texlive/2008/texmf-dist/tex/generic/oberdiek/intcalc.sty
Package: intcalc 2007/09/27 v1.1 Expandable integer calculations (HO)
) (/usr/local/texlive/2008/texmf-dist/tex/generic/oberdiek/bigintcalc.sty
Package: bigintcalc 2007/11/11 v1.1 Expandable big integer calculations (HO)
(/usr/local/texlive/2008/texmf-dist/tex/generic/oberdiek/pdftexcmds.sty
Package: pdftexcmds 2007/12/12 v0.3 LuaTeX support for pdfTeX utility functions
 (HO)
Package pdftexcmds Info: LuaTeX not detected on input line 139.
))) (/usr/local/texlive/2008/texmf-dist/tex/generic/oberdiek/kvsetkeys.sty
Package: kvsetkeys 2007/09/29 v1.3 Key value parser with default handler suppor
t (HO)
)
\Fld@menulength=\count91
\Field@Width=\dimen116
\Fld@charsize=\dimen117
\Field@toks=\toks15
Package hyperref Info: Hyper figures OFF on input line 4299.
Package hyperref Info: Link nesting OFF on input line 4304.
Package hyperref Info: Hyper index ON on input line 4307.
Package hyperref Info: backreferencing OFF on input line 4314.
Package hyperref Info: Link coloring OFF on input line 4319.
Package hyperref Info: Link coloring with OCG OFF on input line 4324.
Package hyperref Info: PDF/A mode OFF on input line 4329.
(/usr/local/texlive/2008/texmf-dist/tex/generic/oberdiek/atbegshi.sty
Package: atbegshi 2008/07/31 v1.9 At begin shipout hook (HO)
)
\Hy@abspage=\count92
\c@Item=\count93
\c@Hfootnote=\count94
)
*hyperref using default driver hdvips*
(/usr/local/texlive/2008/texmf-dist/tex/latex/hyperref/hdvips.def
File: hdvips.def 2009/02/22 v6.78p Hyperref driver for dvips
(/usr/local/texlive/2008/texmf-dist/tex/latex/hyperref/pdfmark.def
File: pdfmark.def 2009/02/22 v6.78p Hyperref definitions for pdfmark specials
\pdf@docset=\toks16
\pdf@box=\box27
\pdf@toks=\toks17
\pdf@defaulttoks=\toks18
\Fld@listcount=\count95
))
Package: html 1999/07/19 v1.38 hypertext commands for latex2html (nd, hws, rrm)

\c@lpart=\count96
\c@lchapter=\count97
\c@chapter=\count98
\c@lsection=\count99
\c@lsubsection=\count100
\c@lsubsubsection=\count101
\c@lparagraph=\count102
\c@lsubparagraph=\count103
\c@lsubsubparagraph=\count104
\ptrfile=\write3
) (/usr/local/texlive/2008/texmf-dist/tex/latex/psnfss/times.sty
Package: times 2005/04/12 PSNFSS-v9.2a (SPQR) 
) (/usr/local/texlive/2008/texmf-dist/tex/latex/graphics/graphicx.sty
Package: graphicx 1999/02/16 v1.0f Enhanced LaTeX Graphics (DPC,SPQR)
(/usr/local/texlive/2008/texmf-dist/tex/latex/graphics/graphics.sty
Package: graphics 2006/02/20 v1.0o Standard LaTeX Graphics (DPC,SPQR)
(/usr/local/texlive/2008/texmf-dist/tex/latex/graphics/trig.sty
Package: trig 1999/03/16 v1.09 sin cos tan (DPC)
) (/usr/local/texlive/2008/texmf/tex/latex/config/graphics.cfg
File: graphics.cfg 2007/01/18 v1.5 graphics configuration of teTeX/TeXLive
)
Package graphics Info: Driver file: dvips.def on input line 90.
(/usr/local/texlive/2008/texmf-dist/tex/latex/graphics/dvips.def
File: dvips.def 1999/02/16 v3.0i Driver-dependant file (DPC,SPQR)
))
\Gin@req@height=\dimen118
\Gin@req@width=\dimen119
) (/usr/local/texlive/2008/texmf-dist/tex/latex/base/fontenc.sty
Package: fontenc 2005/09/27 v1.99g Standard LaTeX package
(/usr/local/texlive/2008/texmf-dist/tex/latex/base/t1enc.def
File: t1enc.def 2005/09/27 v1.99g Standard LaTeX file
LaTeX Font Info:    Redeclaring font encoding T1 on input line 43.
)) (/usr/local/texlive/2008/texmf-dist/tex/latex/graphics/color.sty
Package: color 2005/11/14 v1.0j Standard LaTeX Color (DPC)
(/usr/local/texlive/2008/texmf/tex/latex/config/color.cfg
File: color.cfg 2007/01/18 v1.5 color configuration of teTeX/TeXLive
)
Package color Info: Driver file: dvips.def on input line 130.
(/usr/local/texlive/2008/texmf-dist/tex/latex/graphics/dvipsnam.def
File: dvipsnam.def 1999/02/16 v3.0i Driver-dependant file (DPC,SPQR)
)) (/usr/local/texlive/2008/texmf-dist/tex/latex/base/inputenc.sty
Package: inputenc 2006/05/05 v1.1b Input encoding file
\inpenc@prehook=\toks19
\inpenc@posthook=\toks20
)
\sizebox=\box28
\lthtmlwrite=\write4
(./images.aux)
\openout1 = `images.aux'.

LaTeX Font Info:    Checking defaults for OML/cmm/m/it on input line 136.
LaTeX Font Info:    ... okay on input line 136.
LaTeX Font Info:    Checking defaults for T1/cmr/m/n on input line 136.
LaTeX Font Info:    ... okay on input line 136.
LaTeX Font Info:    Checking defaults for OT1/cmr/m/n on input line 136.
LaTeX Font Info:    ... okay on input line 136.
LaTeX Font Info:    Checking defaults for OMS/cmsy/m/n on input line 136.
LaTeX Font Info:    ... okay on input line 136.
LaTeX Font Info:    Checking defaults for OMX/cmex/m/n on input line 136.
LaTeX Font Info:    ... okay on input line 136.
LaTeX Font Info:    Checking defaults for U/cmr/m/n on input line 136.
LaTeX Font Info:    ... okay on input line 136.
LaTeX Font Info:    Checking defaults for PD1/pdf/m/n on input line 136.
LaTeX Font Info:    ... okay on input line 136.
LaTeX Font Info:    Try loading font information for T1+ptm on input line 136.
(/usr/local/texlive/2008/texmf-dist/tex/latex/psnfss/t1ptm.fd
File: t1ptm.fd 2001/06/04 font definitions for T1/ptm.
)
Package hyperref Info: Link coloring OFF on input line 136.
(/usr/local/texlive/2008/texmf-dist/tex/latex/hyperref/nameref.sty
Package: nameref 2007/05/29 v2.31 Cross-referencing by name of section
(/usr/local/texlive/2008/texmf-dist/tex/latex/oberdiek/refcount.sty
Package: refcount 2008/08/11 v3.1 Data extraction from references (HO)
)
\c@section@level=\count105
)
LaTeX Info: Redefining \ref on input line 136.
LaTeX Info: Redefining \pageref on input line 136.
\@outlinefile=\write5
\openout5 = `images.out'.

\AtBeginShipoutBox=\box29

latex2htmlLength hsize=349.0pt

latex2htmlLength vsize=697.295pt

latex2htmlLength hoffset=0.0pt

latex2htmlLength voffset=0.0pt

latex2htmlLength topmargin=0.0pt

latex2htmlLength topskip=0.00003pt

latex2htmlLength headheight=0.0pt

latex2htmlLength headsep=0.0pt

latex2htmlLength parskip=0.0pt plus 1.0pt

latex2htmlLength oddsidemargin=0.0pt

latex2htmlLength evensidemargin=0.0pt

File: ESMF_sandwich.eps Graphic file (type eps)
<ESMF_sandwich.eps>
Overfull \hbox (33.42874pt too wide) detected at line 164
 [] 
 []

l2hSize :tex2html_wrap250:210.78749pt::0.0pt::349.0pt.
[1



]
File: ESMF_appunit.eps Graphic file (type eps)
<ESMF_appunit.eps>
Overfull \hbox (124.76999pt too wide) detected at line 232
 [] 
 []

l2hSize :tex2html_wrap4272:346.29375pt::0.0pt::349.0pt.
[2


]
File: ESMF_hubandspokes.eps Graphic file (type eps)
<ESMF_hubandspokes.eps>
Overfull \hbox (138.8225pt too wide) detected at line 246
 [] 
 []

l2hSize :tex2html_wrap4308:237.88875pt::0.0pt::349.0pt.
[3


]
File: ESMF_pairwise.eps Graphic file (type eps)
<ESMF_pairwise.eps>
Overfull \hbox (138.8225pt too wide) detected at line 252
 [] 
 []

l2hSize :tex2html_wrap4314:237.88875pt::0.0pt::349.0pt.
[4


]
File: regrid.eps Graphic file (type eps)
<regrid.eps>
l2hSize :tex2html_wrap4326:221.32687pt::0.0pt::349.0pt.
[5


] (./images.aux) ) 
Here is how much of TeX's memory you used:
 5024 strings out of 493877
 71990 string characters out of 1150590
 143102 words of memory out of 3000000
 8246 multiletter control sequences out of 10000+50000
 6047 words of font info for 16 fonts, out of 3000000 for 5000
 714 hyphenation exceptions out of 8191
 43i,5n,23p,1233b,325s stack positions out of 5000i,500n,10000p,200000b,50000s

Output written on images.dvi (5 pages, 5776 bytes).
