This is pdfeTeX, Version 3.141592-1.21a-2.2 (Web2C 7.5.4) (format=latex 2012.8.24)  8 MAR 2018 03:58
entering extended mode
**./images.tex
(./images.tex
LaTeX2e <2003/12/01>
Babel <v3.8d> and hyphenation patterns for american, french, german, ngerman, b
ahasa, basque, bulgarian, catalan, croatian, czech, danish, dutch, esperanto, e
stonian, finnish, greek, icelandic, irish, italian, latin, magyar, norsk, polis
h, portuges, romanian, russian, serbian, slovak, slovene, spanish, swedish, tur
kish, ukrainian, nohyphenation, loaded.

(/usr/share/texmf/tex/latex/base/article.cls
Document Class: article 2004/02/16 v1.4f Standard LaTeX document class
(/usr/share/texmf/tex/latex/base/size10.clo
File: size10.clo 2004/02/16 v1.4f Standard LaTeX file (size option)
)
\c@part=\count79
\c@section=\count80
\c@subsection=\count81
\c@subsubsection=\count82
\c@paragraph=\count83
\c@subparagraph=\count84
\c@figure=\count85
\c@table=\count86
\abovecaptionskip=\skip41
\belowcaptionskip=\skip42
\bibindent=\dimen102
) (/usr/share/texmf/tex/latex/base/ifthen.sty
Package: ifthen 2001/05/26 v1.1c Standard LaTeX ifthen package (DPC)
) (/usr/share/texmf/tex/generic/babel/babel.sty
Package: babel 2004/11/20 v3.8d The Babel package
(/usr/share/texmf/tex/generic/babel/english.ldf
Language: english 2004/06/14 v3.3o English support from the babel system
(/usr/share/texmf/tex/generic/babel/babel.def
File: babel.def 2004/11/20 v3.8d Babel common definitions
\babel@savecnt=\count87
\U@D=\dimen103
)
\l@british = a dialect from \language\l@english 
\l@UKenglish = a dialect from \language\l@english 
\l@canadian = a dialect from \language\l@american 
\l@australian = a dialect from \language\l@british 
\l@newzealand = a dialect from \language\l@british 
)) (/usr/share/texmf/tex/latex/tools/longtable.sty
Package: longtable 2004/02/01 v4.11 Multi-page Table package (DPC)
\LTleft=\skip43
\LTright=\skip44
\LTpre=\skip45
\LTpost=\skip46
\LTchunksize=\count88
\LTcapwidth=\dimen104
\LT@head=\box26
\LT@firsthead=\box27
\LT@foot=\box28
\LT@lastfoot=\box29
\LT@cols=\count89
\LT@rows=\count90
\c@LT@tables=\count91
\c@LT@chunks=\count92
\LT@p@ftn=\toks14
) (/usr/share/texmf/tex/latex/html/html.sty (/usr/share/texmf/tex/latex/hyperre
f/hyperref.sty
Package: hyperref 2003/11/30 v6.74m Hypertext links for LaTeX
(/usr/share/texmf/tex/latex/graphics/keyval.sty
Package: keyval 1999/03/16 v1.13 key=value parser (DPC)
\KV@toks@=\toks15
)
\@linkdim=\dimen105
\Hy@linkcounter=\count93
\Hy@pagecounter=\count94
(/usr/share/texmf/tex/latex/hyperref/pd1enc.def
File: pd1enc.def 2003/11/30 v6.74m Hyperref: PDFDocEncoding definition (HO)
) (/usr/share/texmf/tex/latex/hyperref/hyperref.cfg
File: hyperref.cfg 2002/06/06 v1.2 hyperref configuration of TeXLive and teTeX
)
Package hyperref Info: Hyper figures OFF on input line 1880.
Package hyperref Info: Link nesting OFF on input line 1885.
Package hyperref Info: Hyper index ON on input line 1888.
Package hyperref Info: Plain pages ON on input line 1893.
Package hyperref Info: Backreferencing OFF on input line 1900.
Implicit mode ON; LaTeX internals redefined
Package hyperref Info: Bookmarks ON on input line 2004.
(/usr/share/texmf/tex/latex/html/url.sty
Package: url 1999/03/02  ver 1.4  Verb mode for urls, email addresses, and file
 names
)
LaTeX Info: Redefining \url on input line 2143.
\Fld@menulength=\count95
\Field@Width=\dimen106
\Fld@charsize=\dimen107
\Choice@toks=\toks16
\Field@toks=\toks17
Package hyperref Info: Hyper figures OFF on input line 2618.
Package hyperref Info: Link nesting OFF on input line 2623.
Package hyperref Info: Hyper index ON on input line 2626.
Package hyperref Info: backreferencing OFF on input line 2633.
Package hyperref Info: Link coloring OFF on input line 2638.
\c@Item=\count96
\c@Hfootnote=\count97
)
*hyperref using default driver hdvips*
(/usr/share/texmf/tex/latex/hyperref/hdvips.def
File: hdvips.def 2003/11/30 v6.74m Hyperref driver for dvips
(/usr/share/texmf/tex/latex/hyperref/pdfmark.def
File: pdfmark.def 2003/11/30 v6.74m Hyperref definitions for pdfmark specials
\pdf@docset=\toks18
\pdf@box=\box30
\pdf@toks=\toks19
\pdf@defaulttoks=\toks20
\Fld@listcount=\count98
\@outlinefile=\write3
))
Package: html 1999/07/19 v1.38 hypertext commands for latex2html (nd, hws, rrm)

\c@lpart=\count99
\c@lchapter=\count100
\c@chapter=\count101
\c@lsection=\count102
\c@lsubsection=\count103
\c@lsubsubsection=\count104
\c@lparagraph=\count105
\c@lsubparagraph=\count106
\c@lsubsubparagraph=\count107
\ptrfile=\write4
) (/usr/share/texmf/tex/latex/psnfss/times.sty
Package: times 2004/09/15 PSNFSS-v9.2 (SPQR) 
) (/usr/share/texmf/tex/latex/graphics/graphicx.sty
Package: graphicx 1999/02/16 v1.0f Enhanced LaTeX Graphics (DPC,SPQR)
(/usr/share/texmf/tex/latex/graphics/graphics.sty
Package: graphics 2001/07/07 v1.0n Standard LaTeX Graphics (DPC,SPQR)
(/usr/share/texmf/tex/latex/graphics/trig.sty
Package: trig 1999/03/16 v1.09 sin cos tan (DPC)
) (/usr/share/texmf/tex/latex/graphics/graphics.cfg
File: graphics.cfg 2005/02/03 v1.3 graphics configuration of teTeX/TeXLive
)
Package graphics Info: Driver file: dvips.def on input line 80.
(/usr/share/texmf/tex/latex/graphics/dvips.def
File: dvips.def 1999/02/16 v3.0i Driver-dependant file (DPC,SPQR)
))
\Gin@req@height=\dimen108
\Gin@req@width=\dimen109
) (/usr/share/texmf/tex/latex/base/fontenc.sty
Package: fontenc 2004/02/22 v1.99f Standard LaTeX package
(/usr/share/texmf/tex/latex/base/t1enc.def
File: t1enc.def 2004/02/22 v1.99f Standard LaTeX file
LaTeX Font Info:    Redeclaring font encoding T1 on input line 43.
))
\oldparskip=\skip47
\oldparindent=\skip48
\oldbaselineskip=\skip49
(/usr/share/texmf/tex/latex/graphics/color.sty
Package: color 1999/02/16 v1.0i Standard LaTeX Color (DPC)
(/usr/share/texmf/tex/latex/graphics/color.cfg
File: color.cfg 2005/02/03 v1.3 color configuration of teTeX/TeXLive
)
Package color Info: Driver file: dvips.def on input line 125.
(/usr/share/texmf/tex/latex/graphics/dvipsnam.def
File: dvipsnam.def 1999/02/16 v3.0i Driver-dependant file (DPC,SPQR)
)) (/usr/share/texmf/tex/latex/base/inputenc.sty
Package: inputenc 2004/02/05 v1.0d Input encoding file
)
\sizebox=\box31
\lthtmlwrite=\write5
(./images.aux

LaTeX Warning: Label `ArrayRedistStoreTK' multiply defined.


LaTeX Warning: Label `ArrayRedistStoreNF' multiply defined.


LaTeX Warning: Label `ArraySMMStoreTK' multiply defined.


LaTeX Warning: Label `ArraySMMStoreNF' multiply defined.


LaTeX Warning: Label `api:DynamicMaskSetR8R8R8' multiply defined.


LaTeX Warning: Label `api:DynamicMaskSetR8R8R8' multiply defined.


LaTeX Warning: Label `ex:TraceEx' multiply defined.

)
\openout1 = `images.aux'.

LaTeX Font Info:    Checking defaults for OML/cmm/m/it on input line 193.
LaTeX Font Info:    ... okay on input line 193.
LaTeX Font Info:    Checking defaults for T1/cmr/m/n on input line 193.
LaTeX Font Info:    ... okay on input line 193.
LaTeX Font Info:    Checking defaults for OT1/cmr/m/n on input line 193.
LaTeX Font Info:    ... okay on input line 193.
LaTeX Font Info:    Checking defaults for OMS/cmsy/m/n on input line 193.
LaTeX Font Info:    ... okay on input line 193.
LaTeX Font Info:    Checking defaults for OMX/cmex/m/n on input line 193.
LaTeX Font Info:    ... okay on input line 193.
LaTeX Font Info:    Checking defaults for U/cmr/m/n on input line 193.
LaTeX Font Info:    ... okay on input line 193.
LaTeX Font Info:    Checking defaults for PD1/pdf/m/n on input line 193.
LaTeX Font Info:    ... okay on input line 193.
LaTeX Font Info:    Try loading font information for T1+ptm on input line 193.
(/usr/share/texmf/tex/latex/psnfss/t1ptm.fd
File: t1ptm.fd 2001/06/04 font definitions for T1/ptm.
)
Package hyperref Info: Link coloring OFF on input line 193.
(/usr/share/texmf/tex/latex/hyperref/nameref.sty
Package: nameref 2003/12/03 v2.21 Cross-referencing by name of section
\c@section@level=\count108
)
LaTeX Info: Redefining \ref on input line 193.
LaTeX Info: Redefining \pageref on input line 193.
\openout3 = `images.out'.


latex2htmlLength hsize=349.0pt

latex2htmlLength vsize=697.295pt

latex2htmlLength hoffset=0.0pt

latex2htmlLength voffset=0.0pt

latex2htmlLength topmargin=0.0pt

latex2htmlLength topskip=0.00003pt

latex2htmlLength headheight=0.0pt

latex2htmlLength headsep=0.0pt

latex2htmlLength parskip=0.0pt

latex2htmlLength oddsidemargin=0.0pt

latex2htmlLength evensidemargin=0.0pt

LaTeX Font Info:    External font `cmex10' loaded for size
(Font)              <7> on input line 217.
LaTeX Font Info:    External font `cmex10' loaded for size
(Font)              <5> on input line 217.
l2hSize :tex2html_wrap_inline117969:6.74997pt::0.0pt::3.94516pt.
[1



]
l2hSize :tex2html_wrap_inline117971:7.24997pt::7.24997pt::21.08658pt.
[2


]
l2hSize :tex2html_wrap_inline117973:7.24997pt::7.24997pt::19.98682pt.
[3


]
File: ESMF_sandwich.eps Graphic file (type eps)
<ESMF_sandwich.eps>
Overfull \hbox (33.42874pt too wide) detected at line 247
 [] 
 []

l2hSize :tex2html_wrap331:210.78749pt::0.0pt::349.0pt.
[4


]
l2hSize :tex2html_wrap_inline1471:7.24997pt::7.24997pt::14.70204pt.
[5


]
l2hSize :tex2html_wrap_inline1475:7.24997pt::7.24997pt::5.19052pt.
[6


]
l2hSize :tex2html_wrap_inline1477:8.0pt::8.0pt::83.48174pt.
[7


]
l2hSize :tex2html_wrap_inline1479:7.44444pt::7.44444pt::12.43874pt.
[8


]
l2hSize :tex2html_wrap_inline1485:7.33331pt::7.33331pt::15.10365pt.
[9


]
l2hSize :tex2html_wrap_inline1487:7.33331pt::7.33331pt::15.51537pt.
[10


]
l2hSize :tex2html_wrap_inline1489:8.0pt::8.0pt::113.75217pt.
[11


]
l2hSize :tex2html_wrap_inline1491:7.33331pt::7.33331pt::12.99275pt.
[12


]
l2hSize :tex2html_wrap_inline1493:10.38896pt::10.38896pt::268.15746pt.
[13


]
File: ESMF_GEOS5.eps Graphic file (type eps)
<ESMF_GEOS5.eps>
Overfull \hbox (109.91138pt too wide) detected at line 373
 [] 
 []

l2hSize :tex2html_wrap2745:279.14096pt::0.0pt::349.0pt.
[14


]
File: ESMF_appunit.eps Graphic file (type eps)
<ESMF_appunit.eps>
Overfull \hbox (124.76999pt too wide) detected at line 380
 [] 
 []

l2hSize :tex2html_wrap2765:346.29375pt::0.0pt::349.0pt.
[15


]
File: ESMF_serial.eps Graphic file (type eps)
<ESMF_serial.eps>
Overfull \hbox (44.46999pt too wide) detected at line 387
 [] 
 []

l2hSize :tex2html_wrap2785:445.665pt::0.0pt::349.0pt.
[16


]
File: ESMF_concurrent.eps Graphic file (type eps)
<ESMF_concurrent.eps>
Overfull \hbox (44.46999pt too wide) detected at line 393
 [] 
 []

l2hSize :tex2html_wrap2791:382.42874pt::0.0pt::349.0pt.
[17


]
File: ESMF_reconcile.eps Graphic file (type eps)
<ESMF_reconcile.eps>
Overfull \hbox (51.49625pt too wide) detected at line 401
 [] 
 []

l2hSize :tex2html_wrap2811:418.56374pt::0.0pt::349.0pt.
[18


]
File: Comp_obj.eps Graphic file (type eps)
<Comp_obj.eps>
Overfull \hbox (88.635pt too wide) detected at line 409
 [] 
 []

l2hSize :tex2html_wrap118227:143.53624pt::0.0pt::349.0pt.
[19


]
File: Excl_src_grid.eps Graphic file (type eps)
<Excl_src_grid.eps>
l2hSize :tex2html_wrap12268:158.9929pt::0.0pt::349.0pt.
[20


]
File: Excl_dst_grid.eps Graphic file (type eps)
<Excl_dst_grid.eps>
l2hSize :tex2html_wrap12274:151.76596pt::0.0pt::349.0pt.
[21


]
File: Excl_src_grid_cpl.eps Graphic file (type eps)
<Excl_src_grid_cpl.eps>
Overfull \hbox (45.77219pt too wide) detected at line 1197
 [] 
 []

l2hSize :tex2html_wrap12282:183.38387pt::0.0pt::349.0pt.
[22


]
File: Excl_dst_grid_cpl.eps Graphic file (type eps)
<Excl_dst_grid_cpl.eps>
Overfull \hbox (86.42378pt too wide) detected at line 1203
 [] 
 []

l2hSize :tex2html_wrap12288:187.90071pt::0.0pt::349.0pt.
[23


]
File: State_obj.eps Graphic file (type eps)
<State_obj.eps>
Overfull \hbox (124.76999pt too wide) detected at line 1210
 [] 
 []

l2hSize :tex2html_wrap118898:138.51749pt::0.0pt::349.0pt.
[24


]
File: webservices.eps Graphic file (type eps)
<webservices.eps>
l2hSize :tex2html_wrap14943:279.54437pt::0.0pt::349.0pt.
[25


]
l2hSize :tex2html_wrap_inline15591:6.94444pt::0.0pt::5.7049pt.
[26


]
l2hSize :tex2html_wrap_inline15593:10.38896pt::10.38896pt::219.23499pt.
[27


]
l2hSize :tex2html_wrap_inline15595:7.24997pt::7.24997pt::8.51682pt.
[28


]
l2hSize :tex2html_wrap_inline15597:7.33331pt::7.33331pt::16.85017pt.
[29


]
l2hSize :tex2html_wrap_inline15599:7.24997pt::7.24997pt::11.9312pt.
[30


]
l2hSize :tex2html_wrap_inline15601:7.24997pt::7.24997pt::9.49046pt.
[31


]
l2hSize :tex2html_wrap_inline15603:10.38896pt::10.38896pt::268.15746pt.
[32


]
l2hSize :tex2html_wrap_inline17410:8.94843pt::8.94843pt::113.58128pt.
[33


]
l2hSize :tex2html_wrap_inline17412:8.94843pt::8.94843pt::110.72125pt.
[34


]
l2hSize :tex2html_wrap_inline17414:7.24997pt::7.24997pt::83.0809pt.
[35


]
l2hSize :tex2html_wrap_inline17416:8.0pt::8.0pt::112.99733pt.
[36


]
l2hSize :tex2html_wrap_inline17418:7.24997pt::7.24997pt::5.53128pt.
[37


]
l2hSize :tex2html_wrap_inline17420:7.24997pt::7.24997pt::5.67018pt.
[38


]
l2hSize :tex2html_wrap_inline17422:6.74997pt::0.0pt::6.22461pt.
[39


]
l2hSize :tex2html_wrap_inline17424:6.74997pt::0.0pt::5.70604pt.
[40


]
l2hSize :tex2html_wrap_inline18879:7.24997pt::7.24997pt::23.83336pt.
[41


]
l2hSize :tex2html_wrap_inline18881:7.24997pt::7.24997pt::16.05556pt.
[42


]
l2hSize :tex2html_wrap_inline21591:7.24997pt::7.24997pt::58.07022pt.
[43


]
l2hSize :tex2html_wrap_inline21593:8.0pt::8.0pt::108.93636pt.
[44


]
l2hSize :tex2html_wrap_inline21595:8.0pt::8.0pt::65.22731pt.
[45


]
l2hSize :tex2html_wrap_inline21597:7.24997pt::7.24997pt::13.0163pt.
[46


]
l2hSize :tex2html_wrap_inline21599:7.24997pt::7.24997pt::13.38538pt.
[47


]
l2hSize :tex2html_wrap_inline21601:8.0pt::8.0pt::46.09215pt.
[48


]
l2hSize :tex2html_wrap_inline21603:7.24997pt::7.24997pt::10.82816pt.
[49


]
l2hSize :tex2html_wrap_inline21605:7.44444pt::7.44444pt::30.11972pt.
[50


]
File: FieldParameterSetup.eps Graphic file (type eps)
<FieldParameterSetup.eps>
Overfull \hbox (111.72124pt too wide) detected at line 2315
 [] 
 []

l2hSize :tex2html_wrap21729:596.22748pt::0.0pt::349.0pt.
[51


]
l2hSize :tex2html_wrap_inline22889:8.0pt::8.0pt::164.64523pt.
[52


]
l2hSize :tex2html_wrap_inline22891:7.44444pt::7.44444pt::17.3328pt.
[53


]
l2hSize :tex2html_wrap_inline22893:7.33331pt::7.33331pt::19.61928pt.
[54


]
l2hSize :tex2html_wrap_inline22895:7.24997pt::7.24997pt::18.51802pt.
[55


]
l2hSize :tex2html_wrap_inline23040:8.64003pt::8.64003pt::49.29288pt.
[56


]
l2hSize :tex2html_wrap_inline23042:8.0pt::8.0pt::52.49536pt.
[57


]
l2hSize :tex2html_wrap_inline23044:8.0pt::8.0pt::104.72679pt.
[58


]
l2hSize :tex2html_wrap_inline23048:6.74997pt::0.0pt::29.6666pt.
[59


]
l2hSize :tex2html_wrap_inline23050:6.74997pt::0.0pt::6.2153pt.
[60


]
l2hSize :tex2html_wrap_inline38263:7.24997pt::7.24997pt::32.72223pt.
[61


]
l2hSize :tex2html_wrap_inline39246:7.44444pt::7.44444pt::80.91606pt.
[62


]
l2hSize :tex2html_wrap_inline39248:8.0pt::8.0pt::33.27786pt.
[63


]
l2hSize :tex2html_wrap_inline39250:7.24997pt::7.24997pt::63.2776pt.
[64


]
l2hSize :tex2html_wrap_inline40299:8.0pt::8.0pt::26.83012pt.
[65


]
l2hSize :displaymath40208:14.5pt::0.0pt::349.0pt.
[66


]
l2hSize :displaymath40210:14.5pt::0.0pt::349.0pt.
[67


]
l2hSize :displaymath40212:14.86108pt::0.0pt::349.0pt.
[68


]
l2hSize :tex2html_wrap_inline40301:7.33331pt::7.33331pt::35.19728pt.
[69


]
l2hSize :tex2html_wrap_inline40303:7.33331pt::7.33331pt::36.08156pt.
[70


]
l2hSize :tex2html_wrap_inline41100:7.24997pt::7.24997pt::41.05544pt.
[71


]
l2hSize :tex2html_wrap_inline41577:6.74997pt::0.0pt::5.50005pt.
[72


]
l2hSize :tex2html_wrap_inline41581:8.0pt::8.0pt::8.27783pt.
[73


]
l2hSize :tex2html_wrap_inline41583:8.0pt::8.0pt::6.0556pt.
[74


]
File: GridDecomps.eps Graphic file (type eps)
<GridDecomps.eps>
Overfull \hbox (109.91138pt too wide) detected at line 4944
 [] 
 []

l2hSize :tex2html_wrap51671:140.92552pt::0.0pt::349.0pt.
[75


]
File: LogRectGrids.eps Graphic file (type eps)
<LogRectGrids.eps>
Overfull \hbox (109.91138pt too wide) detected at line 4951
 [] 
 []

l2hSize :tex2html_wrap51687:140.92552pt::0.0pt::349.0pt.
[76


]
File: GridStaggerLoc2D.eps Graphic file (type eps)
<GridStaggerLoc2D.eps>
Overfull \hbox (3.31624pt too wide) detected at line 4967
 [] 
 []

l2hSize :tex2html_wrap51942:216.80998pt::0.0pt::349.0pt.
[77


]
File: GridStaggerLoc3D.eps Graphic file (type eps)
<GridStaggerLoc3D.eps>
Overfull \hbox (3.31624pt too wide) detected at line 4973
 [] 
 []

l2hSize :tex2html_wrap51954:261.97874pt::0.0pt::349.0pt.
[78


]
File: GridExclusiveReg.eps Graphic file (type eps)
<GridExclusiveReg.eps>
Overfull \hbox (71.06937pt too wide) detected at line 5028
 [] 
 []

l2hSize :tex2html_wrap53128:203.25937pt::0.0pt::349.0pt.
[79


]
l2hSize :tex2html_wrap_inline52506:8.0pt::8.0pt::38.27788pt.
[80


]
l2hSize :tex2html_wrap_inline52508:8.0pt::8.0pt::22.72227pt.
[81


]
l2hSize :tex2html_wrap_inline52510:7.24997pt::7.24997pt::13.27785pt.
[82


]
l2hSize :tex2html_wrap_inline52516:6.74997pt::0.0pt::5.50005pt.
[83


]
File: GridCustStaggerLoc.eps Graphic file (type eps)
<GridCustStaggerLoc.eps>
Overfull \hbox (47.73218pt too wide) detected at line 5064
 [] 
 []

l2hSize :tex2html_wrap53292:223.5853pt::0.0pt::349.0pt.
[84


]
l2hSize :tex2html_wrap_inline52518:8.0pt::8.0pt::22.72227pt.
[85


]
l2hSize :tex2html_wrap_inline52520:7.24997pt::7.24997pt::13.27785pt.
[86


]
l2hSize :tex2html_wrap_inline52528:8.0pt::8.0pt::32.1667pt.
[87


]
l2hSize :tex2html_wrap_inline52530:8.0pt::8.0pt::32.1667pt.
[88


]
File: GridCellsAndCorners.eps Graphic file (type eps)
<GridCellsAndCorners.eps>
l2hSize :tex2html_wrap53320:162.6075pt::0.0pt::349.0pt.
[89


]
l2hSize :tex2html_wrap_inline52552:8.0pt::8.0pt::32.7223pt.
[90


]
l2hSize :tex2html_wrap_inline57967:8.14003pt::0.0pt::14.98619pt.
[91


]
l2hSize :tex2html_wrap_inline60667:6.74997pt::0.0pt::5.1563pt.
[92


]
l2hSize :tex2html_wrap_inline60669:8.0pt::8.0pt::527.62456pt.

Overfull \hbox (181.62457pt too wide) in paragraph at lines 5509--5510
[]|[] 
 []

[93


]
l2hSize :tex2html_wrap_inline60671:6.74997pt::0.0pt::6.50238pt.
[94


]
l2hSize :tex2html_wrap_inline60673:8.0pt::8.0pt::109.4784pt.
[95


]
l2hSize :tex2html_wrap_inline60685:8.0pt::8.0pt::553.72885pt.

Overfull \hbox (207.72887pt too wide) in paragraph at lines 5536--5537
[]|[] 
 []

[96


]
l2hSize :tex2html_wrap_inline61514:7.44444pt::7.44444pt::9.88202pt.
[97


]
l2hSize :tex2html_wrap_inline61516:6.83331pt::0.0pt::8.00005pt.
[98


]
l2hSize :tex2html_wrap_inline61518:7.44444pt::7.44444pt::9.88202pt.
[99


]
l2hSize :tex2html_wrap_inline61530:6.83331pt::0.0pt::8.31949pt.
[100


]
l2hSize :tex2html_wrap_inline61532:10.38896pt::10.38896pt::164.95984pt.
[101


]
l2hSize :tex2html_wrap_inline61534:10.38896pt::10.38896pt::239.29778pt.
[102


]
l2hSize :tex2html_wrap_inline61536:7.24997pt::7.24997pt::16.09639pt.
[103


]
l2hSize :tex2html_wrap_inline61540:6.83331pt::0.0pt::8.68056pt.
[104


]
File: XGridEx1.eps Graphic file (type eps)
<XGridEx1.eps>
Overfull \hbox (80.4086pt too wide) detected at line 5695
 [] 
 []

l2hSize :tex2html_wrap62112:288.48068pt::0.0pt::349.0pt.
[105


]
l2hSize :tex2html_wrap_inline63738:6.74997pt::0.0pt::8.27783pt.
[106


]
l2hSize :tex2html_wrap_inline63740:6.83331pt::0.0pt::9.625pt.
[107


]
l2hSize :tex2html_wrap_inline63742:8.0pt::8.0pt::90.48274pt.
[108


]
l2hSize :tex2html_wrap_inline63744:6.83331pt::0.0pt::27.70514pt.
[109


]
l2hSize :tex2html_wrap_inline63746:7.33331pt::7.33331pt::26.84715pt.
[110


]
l2hSize :tex2html_wrap_inline63750:7.24997pt::7.24997pt::22.7222pt.
[111


]
l2hSize :tex2html_wrap_inline63752:7.24997pt::7.24997pt::41.05544pt.
[112


]
File: dgconnect_2tiles_not_connected.eps Graphic file (type eps)
<dgconnect_2tiles_not_connected.eps>
Overfull \hbox (121.75876pt too wide) detected at line 5951
 [] 
 []

l2hSize :tex2html_wrap121747:242.9075pt::0.0pt::349.0pt.
[113


]
! Missing $ inserted.
<inserted text> 
                $
l.5956 
       
I've inserted a begin-math/end-math symbol since I think
you left one out. Proceed, with fingers crossed.

! Display math should end with $$.
<to be read again> 
                   \par 
l.5956 
       
The `$' that I just saw supposedly matches a previous `$$'.
So I shall assume that you typed `$$' both times.

! Missing $ inserted.
<inserted text> 
                $
l.5957    \vec
               a \rightarrow \vec b = \hat R \vec a + \vec P.
I've inserted a begin-math/end-math symbol since I think
you left one out. Proceed, with fingers crossed.

! Missing $ inserted.
<inserted text> 
                $
l.5958    \end{displaymath}
                           %
I've inserted something that you may have forgotten.
(See the <inserted text> above.)
With luck, this will get me unwedged. But if you
really didn't forget anything, try typing `2' now; then
my insertion and my current dilemma will both disappear.

l2hSize :displaymath63361:30.74997pt::0.83333pt::349.0pt.
[114


]
l2hSize :tex2html_wrap_inline63756:7.14444pt::0.0pt::5.78592pt.
[115


]
l2hSize :tex2html_wrap_inline63758:9.78334pt::0.0pt::4.79169pt.
[116


]
l2hSize :tex2html_wrap_inline63760:9.47221pt::0.0pt::8.17018pt.
[117


]
l2hSize :tex2html_wrap_inline63762:9.67221pt::0.0pt::8.30907pt.
[118


]
l2hSize :tex2html_wrap_inline63768:9.47221pt::0.0pt::28.17018pt.
[119


]
l2hSize :tex2html_wrap_inline63770:10.17221pt::10.17221pt::43.86453pt.
[120


]
l2hSize :tex2html_wrap_inline63772:10.28334pt::10.28334pt::166.77512pt.
[121


]
File: dgconnect_2tiles_connected.eps Graphic file (type eps)
<dgconnect_2tiles_connected.eps>
Overfull \hbox (121.75876pt too wide) detected at line 6008
 [] 
 []

l2hSize :tex2html_wrap121761:242.9075pt::0.0pt::349.0pt.
[122


]
l2hSize :displaymath63389:12.83333pt::0.0pt::349.0pt.
[123


]
l2hSize :tex2html_wrap_inline63778:9.78334pt::0.0pt::25.63301pt.
[124


]
l2hSize :tex2html_wrap_inline63782:7.64444pt::7.64444pt::5.53128pt.
[125


]
l2hSize :tex2html_wrap_indisplay121769:10.28334pt::10.28334pt::25.63301pt.
[126


]
l2hSize :tex2html_wrap_indisplay121770:7.24997pt::7.24997pt::8.27783pt.
[127


]
l2hSize :tex2html_wrap_indisplay121771:9.97221pt::9.97221pt::55.74065pt.
[128


]
l2hSize :tex2html_wrap_indisplay121773:9.97221pt::9.97221pt::65.04633pt.
[129


]
l2hSize :displaymath63400:14.5pt::0.0pt::349.0pt.
[130


]
l2hSize :tex2html_wrap_inline63784:8.98969pt::0.0pt::4.11115pt.
[131


]
! Missing $ inserted.
<inserted text> 
                $
l.6071 
       
I've inserted a begin-math/end-math symbol since I think
you left one out. Proceed, with fingers crossed.

! Display math should end with $$.
<to be read again> 
                   \par 
l.6071 
       
The `$' that I just saw supposedly matches a previous `$$'.
So I shall assume that you typed `$$' both times.

! Missing $ inserted.
<inserted text> 
                $
l.6072    \vec
               a \rightarrow \vec b =
I've inserted a begin-math/end-math symbol since I think
you left one out. Proceed, with fingers crossed.

! Missing $ inserted.
<inserted text> 
                $
l.6074    \end{displaymath}
                           %
I've inserted something that you may have forgotten.
(See the <inserted text> above.)
With luck, this will get me unwedged. But if you
really didn't forget anything, try typing `2' now; then
my insertion and my current dilemma will both disappear.

l2hSize :displaymath63405:30.74997pt::2.5pt::349.0pt.
[132


]
! Missing $ inserted.
<inserted text> 
                $
l.6081 
       
I've inserted a begin-math/end-math symbol since I think
you left one out. Proceed, with fingers crossed.

! Display math should end with $$.
<to be read again> 
                   \par 
l.6081 
       
The `$' that I just saw supposedly matches a previous `$$'.
So I shall assume that you typed `$$' both times.

! Missing $ inserted.
<inserted text> 
                $
l.6082    \vec
               P = ({1\!\!1} - \hat R) \vec p + \vec t.
I've inserted a begin-math/end-math symbol since I think
you left one out. Proceed, with fingers crossed.

! Missing $ inserted.
<inserted text> 
                $
l.6083    \end{displaymath}
                           %
I've inserted something that you may have forgotten.
(See the <inserted text> above.)
With luck, this will get me unwedged. But if you
really didn't forget anything, try typing `2' now; then
my insertion and my current dilemma will both disappear.

l2hSize :displaymath63410:30.74997pt::2.5pt::349.0pt.
[133


]
l2hSize :tex2html_wrap_inline63788:6.88586pt::0.0pt::15.09729pt.
[134


]
l2hSize :tex2html_wrap_inline63792:6.88586pt::0.0pt::10.09727pt.
[135


]
l2hSize :tex2html_wrap_inline63794:15.0001pt::15.0001pt::45.22235pt.
[136


]
l2hSize :tex2html_wrap_inline63796:15.0001pt::15.0001pt::30.22234pt.
[137


]
l2hSize :tex2html_wrap_inline63800:15.0001pt::15.0001pt::53.00015pt.
[138


]
l2hSize :tex2html_wrap_inline63802:15.0001pt::15.0001pt::38.00014pt.
[139


]
l2hSize :tex2html_wrap_inline63804:6.88586pt::0.0pt::20.0973pt.
[140


]
l2hSize :tex2html_wrap_inline63806:15.0001pt::15.0001pt::60.77795pt.
[141


]
l2hSize :tex2html_wrap_inline63808:15.0001pt::15.0001pt::38.00014pt.
[142


]
l2hSize :tex2html_wrap_inline63810:6.88586pt::0.0pt::20.0973pt.
[143


]
l2hSize :tex2html_wrap_inline63812:15.0001pt::15.0001pt::53.00015pt.
[144


]
l2hSize :tex2html_wrap_inline63814:15.0001pt::15.0001pt::38.00014pt.
[145


]
l2hSize :tex2html_wrap_inline63818:15.0001pt::15.0001pt::53.00015pt.
[146


]
l2hSize :tex2html_wrap_inline63820:15.0001pt::15.0001pt::38.00014pt.
[147


]
l2hSize :tex2html_wrap_inline63824:15.0001pt::15.0001pt::53.00015pt.
[148


]
l2hSize :tex2html_wrap_inline63826:15.0001pt::15.0001pt::38.00014pt.
[149


]
l2hSize :tex2html_wrap_inline63830:15.0001pt::15.0001pt::45.22235pt.
[150


]
l2hSize :tex2html_wrap_inline63832:15.0001pt::15.0001pt::30.22234pt.
[151


]
l2hSize :tex2html_wrap_inline63836:15.0001pt::15.0001pt::60.77795pt.
[152


]
l2hSize :tex2html_wrap_inline63838:15.0001pt::15.0001pt::38.00014pt.
[153


]
l2hSize :tex2html_wrap_inline63840:6.88586pt::0.0pt::35.25012pt.
[154


]
l2hSize :tex2html_wrap_inline63842:7.38586pt::7.38586pt::55.25006pt.
[155


]
File: dgconnect_1tile_not_connected.eps Graphic file (type eps)
<dgconnect_1tile_not_connected.eps>
l2hSize :tex2html_wrap121841:311.1625pt::0.0pt::349.0pt.
[156


]
l2hSize :tex2html_wrap_inline63844:10.28334pt::10.28334pt::166.15607pt.
[157


]
File: dgconnect_1tile_periodic1_connected.eps Graphic file (type eps)
<dgconnect_1tile_periodic1_connected.eps>
l2hSize :tex2html_wrap121847:311.1625pt::0.0pt::349.0pt.
[158


]
File: dgconnect_1tile_periodic2_connected.eps Graphic file (type eps)
<dgconnect_1tile_periodic2_connected.eps>
l2hSize :tex2html_wrap121851:311.1625pt::0.0pt::349.0pt.
[159


]
l2hSize :tex2html_wrap_inline63856:7.24997pt::7.24997pt::21.16731pt.
[160


]
l2hSize :tex2html_wrap_inline63868:7.24997pt::7.24997pt::39.11029pt.
[161


]
l2hSize :tex2html_wrap_inline63870:6.88586pt::0.0pt::20.0973pt.
[162


]
l2hSize :tex2html_wrap_inline63872:8.0pt::8.0pt::110.90118pt.
[163


]
l2hSize :tex2html_wrap_inline63874:7.24997pt::7.24997pt::100.45555pt.
[164


]
l2hSize :displaymath63544:25.00023pt::0.0pt::349.0pt.
[165


]
l2hSize :tex2html_wrap_indisplay121870:10.17221pt::10.17221pt::8.30907pt.
[166


]
l2hSize :tex2html_wrap_indisplay121872:10.28334pt::10.28334pt::29.96986pt.
[167


]
l2hSize :tex2html_wrap_indisplay121874:15.0001pt::15.0001pt::198.26003pt.
[168


]
l2hSize :tex2html_wrap_indisplay121876:15.0001pt::15.0001pt::72.47545pt.
[169


]
File: dgconnect_1tile_peripole_connected.eps Graphic file (type eps)
<dgconnect_1tile_peripole_connected.eps>
l2hSize :tex2html_wrap121887:318.18875pt::0.0pt::349.0pt.
[170


]
l2hSize :tex2html_wrap_inline63890:8.0pt::8.0pt::137.62262pt.
[171


]
l2hSize :tex2html_wrap_inline63892:8.0pt::8.0pt::172.06693pt.
[172


]
l2hSize :tex2html_wrap_inline63898:7.24997pt::7.24997pt::19.31389pt.
[173


]
l2hSize :tex2html_wrap_indisplay121900:15.0001pt::15.0001pt::182.50655pt.
[174


]
l2hSize :tex2html_wrap_indisplay121902:15.0001pt::15.0001pt::80.61635pt.
[175


]
File: dgconnect_1tile_peribipole_connected.eps Graphic file (type eps)
<dgconnect_1tile_peribipole_connected.eps>
l2hSize :tex2html_wrap121912:318.18875pt::0.0pt::349.0pt.
[176


]
File: dgconnect_cusph_not_connected.eps Graphic file (type eps)
<dgconnect_cusph_not_connected.eps>
Overfull \hbox (27.40625pt too wide) detected at line 6413
 [] 
 []

l2hSize :tex2html_wrap121917:290.08376pt::0.0pt::349.0pt.
[177


]
File: dgconnect_cusph_5connected.eps Graphic file (type eps)
<dgconnect_cusph_5connected.eps>
Overfull \hbox (27.40625pt too wide) detected at line 6419
 [] 
 []

l2hSize :tex2html_wrap121921:290.08376pt::0.0pt::349.0pt.
[178


]
l2hSize :tex2html_wrap_inline63914:6.74997pt::0.0pt::10.50005pt.
[179


]
File: dgconnect_cusph_6connected.eps Graphic file (type eps)
<dgconnect_cusph_6connected.eps>
Overfull \hbox (27.40625pt too wide) detected at line 6431
 [] 
 []

l2hSize :tex2html_wrap121929:290.08376pt::0.0pt::349.0pt.
[180


]
! Missing $ inserted.
<inserted text> 
                $
l.6436 
       
I've inserted a begin-math/end-math symbol since I think
you left one out. Proceed, with fingers crossed.

! Display math should end with $$.
<to be read again> 
                   \par 
l.6436 
       
The `$' that I just saw supposedly matches a previous `$$'.
So I shall assume that you typed `$$' both times.

! Missing $ inserted.
<inserted text> 
                $
l.6437    \vec
               P = \vec b - \hat R \vec a.
I've inserted a begin-math/end-math symbol since I think
you left one out. Proceed, with fingers crossed.

! Missing $ inserted.
<inserted text> 
                $
l.6438    \end{displaymath}
                           %
I've inserted something that you may have forgotten.
(See the <inserted text> above.)
With luck, this will get me unwedged. But if you
really didn't forget anything, try typing `2' now; then
my insertion and my current dilemma will both disappear.

l2hSize :displaymath63675:30.74997pt::0.83333pt::349.0pt.
[181


]
l2hSize :tex2html_wrap_inline63930:6.88586pt::0.0pt::15.09729pt.
[182


]
l2hSize :tex2html_wrap_inline63934:6.88586pt::0.0pt::20.0973pt.
[183


]
l2hSize :tex2html_wrap_inline63936:15.0001pt::15.0001pt::74.00352pt.
[184


]
l2hSize :tex2html_wrap_inline63944:15.0001pt::15.0001pt::74.00352pt.
[185


]
File: dgconnect_cusph_2rotconnected.eps Graphic file (type eps)
<dgconnect_cusph_2rotconnected.eps>
Overfull \hbox (27.40625pt too wide) detected at line 6474
 [] 
 []

l2hSize :tex2html_wrap121951:290.08376pt::0.0pt::349.0pt.
[186


]
File: dgconnect_cusph_12connected.eps Graphic file (type eps)
<dgconnect_cusph_12connected.eps>
Overfull \hbox (31.42125pt too wide) detected at line 6480
 [] 
 []

l2hSize :tex2html_wrap121955:321.2pt::0.0pt::349.0pt.
[187


]
l2hSize :tex2html_wrap_inline65295:8.64003pt::8.64003pt::118.41658pt.
[188


]
l2hSize :tex2html_wrap_inline65297:7.24997pt::7.24997pt::23.72453pt.
[189


]
l2hSize :tex2html_wrap_inline65299:6.74997pt::0.0pt::17.05789pt.
[190


]
File: CIMRepository.eps Graphic file (type eps)
<CIMRepository.eps>
Overfull \hbox (106.24408pt too wide) detected at line 6889
 [] 
 []

l2hSize :tex2html_wrap122204:218.51558pt::0.0pt::349.0pt.
[191


]
File: LongNameXSD.eps Graphic file (type eps)
<LongNameXSD.eps>
Overfull \hbox (106.24408pt too wide) detected at line 6895
 [] 
 []

l2hSize :tex2html_wrap122208:218.51558pt::0.0pt::349.0pt.
[192


]
File: AttributeClassUML.eps Graphic file (type eps)
<AttributeClassUML.eps>
l2hSize :tex2html_wrap123053:421.575pt::0.0pt::349.0pt.
[193


]
File: AttributePackageUML.eps Graphic file (type eps)
<AttributePackageUML.eps>
Overfull \hbox (48.49516pt too wide) detected at line 7403
 [] 
 []

l2hSize :tex2html_wrap123057:433.639pt::0.0pt::349.0pt.
[194


]
File: AttributeHierarchyUML.eps Graphic file (type eps)
<AttributeHierarchyUML.eps>
Overfull \hbox (48.48108pt too wide) detected at line 7409
 [] 
 []

l2hSize :tex2html_wrap123061:433.62056pt::0.0pt::349.0pt.
[195


]
File: TimeMgr_desc.eps Graphic file (type eps)
<TimeMgr_desc.eps>
Overfull \hbox (124.76999pt too wide) detected at line 7505
 [] 
 []

l2hSize :tex2html_wrap123155:137.51375pt::0.0pt::349.0pt.
[196


]
l2hSize :tex2html_wrap_inline75595:9.22066pt::9.22066pt::19.86676pt.
[197


]
File: TimeMgr_obj.eps Graphic file (type eps)
<TimeMgr_obj.eps>
Overfull \hbox (124.76999pt too wide) detected at line 7523
 [] 
 []

l2hSize :tex2html_wrap123194:219.82124pt::0.0pt::349.0pt.
[198


]
l2hSize :tex2html_wrap_inline75710:8.14003pt::0.0pt::8.97229pt.
[199


]
l2hSize :tex2html_wrap_inline77260:8.14003pt::0.0pt::13.9723pt.
[200


]
l2hSize :tex2html_wrap_inline77264:8.14003pt::0.0pt::13.9723pt.
[201


]
File: Log_obj.eps Graphic file (type eps)
<Log_obj.eps>
Overfull \hbox (124.76999pt too wide) detected at line 8330
 [] 
 []

l2hSize :tex2html_wrap124132:210.78749pt::0.0pt::349.0pt.
[202


]
l2hSize :tex2html_wrap_inline87492:8.0pt::8.0pt::98.69392pt.
[203


]
l2hSize :tex2html_wrap_inline87494:8.0pt::8.0pt::81.47177pt.
[204


]
File: VM_design.eps Graphic file (type eps)
<VM_design.eps>
Overfull \hbox (105.70335pt too wide) detected at line 8947
 [] 
 []

l2hSize :tex2html_wrap89693:331.84311pt::0.0pt::349.0pt.
[205


]
File: Appendix_uml.eps Graphic file (type eps)
<Appendix_uml.eps>
Overfull \hbox (8.33635pt too wide) detected at line 9396
 [] 
 []

l2hSize :tex2html_wrap95033:480.99883pt::0.0pt::349.0pt.
[206


] (./images.aux)

LaTeX Warning: There were multiply-defined labels.

 ) 
Here is how much of TeX's memory you used:
 3840 strings out of 94501
 54149 string characters out of 1176789
 126857 words of memory out of 1000000
 6965 multiletter control sequences out of 10000+50000
 6047 words of font info for 16 fonts, out of 500000 for 2000
 580 hyphenation exceptions out of 1000
 32i,8n,23p,822b,239s stack positions out of 1500i,500n,5000p,200000b,5000s

Output written on images.dvi (206 pages, 139772 bytes).
