This is pdfTeX, Version 3.14159265-2.6-1.40.18 (TeX Live 2017/Debian) (preloaded format=latex 2020.9.4)  24 AUG 2022 13:39
entering extended mode
 restricted \write18 enabled.
 %&-line parsing enabled.
**./images.tex
(./images.tex
LaTeX2e <2017-04-15>
Babel <3.18> and hyphenation patterns for 84 language(s) loaded.

(/usr/share/texlive/texmf-dist/tex/latex/base/article.cls
Document Class: article 2014/09/29 v1.4h Standard LaTeX document class
(/usr/share/texlive/texmf-dist/tex/latex/base/size10.clo
File: size10.clo 2014/09/29 v1.4h Standard LaTeX file (size option)
)
\c@part=\count79
\c@section=\count80
\c@subsection=\count81
\c@subsubsection=\count82
\c@paragraph=\count83
\c@subparagraph=\count84
\c@figure=\count85
\c@table=\count86
\abovecaptionskip=\skip41
\belowcaptionskip=\skip42
\bibindent=\dimen102
) (/usr/share/texlive/texmf-dist/tex/latex/base/ifthen.sty
Package: ifthen 2014/09/29 v1.1c Standard LaTeX ifthen package (DPC)
) (/usr/share/texlive/texmf-dist/tex/generic/babel/babel.sty
Package: babel 2018/02/14 3.18 The Babel package
(/usr/share/texlive/texmf-dist/tex/generic/babel/switch.def
File: switch.def 2018/02/14 3.18 Babel switching mechanism
) (/usr/share/texlive/texmf-dist/tex/generic/babel-english/english.ldf
Language: english 2017/06/06 v3.3r English support from the babel system
(/usr/share/texlive/texmf-dist/tex/generic/babel/babel.def
File: babel.def 2018/02/14 3.18 Babel common definitions
\babel@savecnt=\count87
\U@D=\dimen103
(/usr/share/texlive/texmf-dist/tex/generic/babel/txtbabel.def)
\bbl@dirlevel=\count88
)
\l@canadian = a dialect from \language\l@american 
\l@australian = a dialect from \language\l@british 
\l@newzealand = a dialect from \language\l@british 
)) (/usr/share/texlive/texmf-dist/tex/latex/tools/longtable.sty
Package: longtable 2014/10/28 v4.11 Multi-page Table package (DPC)
\LTleft=\skip43
\LTright=\skip44
\LTpre=\skip45
\LTpost=\skip46
\LTchunksize=\count89
\LTcapwidth=\dimen104
\LT@head=\box26
\LT@firsthead=\box27
\LT@foot=\box28
\LT@lastfoot=\box29
\LT@cols=\count90
\LT@rows=\count91
\c@LT@tables=\count92
\c@LT@chunks=\count93
\LT@p@ftn=\toks14
) (/usr/share/texmf/tex/latex/html/html.sty
Package: html 1999/07/19 v1.38 hypertext commands for latex2html (nd, hws, rrm)

\c@lpart=\count94
\c@lchapter=\count95
\c@chapter=\count96
\c@lsection=\count97
\c@lsubsection=\count98
\c@lsubsubsection=\count99
\c@lparagraph=\count100
\c@lsubparagraph=\count101
\c@lsubsubparagraph=\count102
\ptrfile=\write3
) (/usr/share/texlive/texmf-dist/tex/latex/psnfss/times.sty
Package: times 2005/04/12 PSNFSS-v9.2a (SPQR) 
) (/usr/share/texlive/texmf-dist/tex/latex/graphics/graphicx.sty
Package: graphicx 2017/06/01 v1.1a Enhanced LaTeX Graphics (DPC,SPQR)
(/usr/share/texlive/texmf-dist/tex/latex/graphics/keyval.sty
Package: keyval 2014/10/28 v1.15 key=value parser (DPC)
\KV@toks@=\toks15
) (/usr/share/texlive/texmf-dist/tex/latex/graphics/graphics.sty
Package: graphics 2017/06/25 v1.2c Standard LaTeX Graphics (DPC,SPQR)
(/usr/share/texlive/texmf-dist/tex/latex/graphics/trig.sty
Package: trig 2016/01/03 v1.10 sin cos tan (DPC)
) (/usr/share/texlive/texmf-dist/tex/latex/graphics-cfg/graphics.cfg
File: graphics.cfg 2016/06/04 v1.11 sample graphics configuration
)
Package graphics Info: Driver file: dvips.def on input line 99.
(/usr/share/texlive/texmf-dist/tex/latex/graphics-def/dvips.def
File: dvips.def 2017/06/20 v3.1d Graphics/color driver for dvips
))
\Gin@req@height=\dimen105
\Gin@req@width=\dimen106
) (/usr/share/texlive/texmf-dist/tex/latex/hyperref/hyperref.sty
Package: hyperref 2018/02/06 v6.86b Hypertext links for LaTeX
(/usr/share/texlive/texmf-dist/tex/generic/oberdiek/hobsub-hyperref.sty
Package: hobsub-hyperref 2016/05/16 v1.14 Bundle oberdiek, subset hyperref (HO)

(/usr/share/texlive/texmf-dist/tex/generic/oberdiek/hobsub-generic.sty
Package: hobsub-generic 2016/05/16 v1.14 Bundle oberdiek, subset generic (HO)
Package: hobsub 2016/05/16 v1.14 Construct package bundles (HO)
Package: infwarerr 2016/05/16 v1.4 Providing info/warning/error messages (HO)
Package: ltxcmds 2016/05/16 v1.23 LaTeX kernel commands for general use (HO)
Package: ifluatex 2016/05/16 v1.4 Provides the ifluatex switch (HO)
Package ifluatex Info: LuaTeX not detected.
Package: ifvtex 2016/05/16 v1.6 Detect VTeX and its facilities (HO)
Package ifvtex Info: VTeX not detected.
Package: intcalc 2016/05/16 v1.2 Expandable calculations with integers (HO)
Package: ifpdf 2017/03/15 v3.2 Provides the ifpdf switch
Package: etexcmds 2016/05/16 v1.6 Avoid name clashes with e-TeX commands (HO)
Package etexcmds Info: Could not find \expanded.
(etexcmds)             That can mean that you are not using pdfTeX 1.50 or
(etexcmds)             that some package has redefined \expanded.
(etexcmds)             In the latter case, load this package earlier.
Package: kvsetkeys 2016/05/16 v1.17 Key value parser (HO)
Package: kvdefinekeys 2016/05/16 v1.4 Define keys (HO)
Package: pdftexcmds 2018/01/21 v0.26 Utility functions of pdfTeX for LuaTeX (HO
)
Package pdftexcmds Info: LuaTeX not detected.
Package pdftexcmds Info: \pdf@primitive is available.
Package pdftexcmds Info: \pdf@ifprimitive is available.
Package pdftexcmds Info: \pdfdraftmode is ignored in DVI mode.
Package: pdfescape 2016/05/16 v1.14 Implements pdfTeX's escape features (HO)
Package: bigintcalc 2016/05/16 v1.4 Expandable calculations on big integers (HO
)
Package: bitset 2016/05/16 v1.2 Handle bit-vector datatype (HO)
Package: uniquecounter 2016/05/16 v1.3 Provide unlimited unique counter (HO)
)
Package hobsub Info: Skipping package `hobsub' (already loaded).
Package: letltxmacro 2016/05/16 v1.5 Let assignment for LaTeX macros (HO)
Package: hopatch 2016/05/16 v1.3 Wrapper for package hooks (HO)
Package: xcolor-patch 2016/05/16 xcolor patch
Package: atveryend 2016/05/16 v1.9 Hooks at the very end of document (HO)
Package atveryend Info: \enddocument detected (standard20110627).
Package: atbegshi 2016/06/09 v1.18 At begin shipout hook (HO)
Package: refcount 2016/05/16 v3.5 Data extraction from label references (HO)
Package: hycolor 2016/05/16 v1.8 Color options for hyperref/bookmark (HO)
) (/usr/share/texlive/texmf-dist/tex/generic/ifxetex/ifxetex.sty
Package: ifxetex 2010/09/12 v0.6 Provides ifxetex conditional
) (/usr/share/texlive/texmf-dist/tex/latex/oberdiek/auxhook.sty
Package: auxhook 2016/05/16 v1.4 Hooks for auxiliary files (HO)
) (/usr/share/texlive/texmf-dist/tex/latex/oberdiek/kvoptions.sty
Package: kvoptions 2016/05/16 v3.12 Key value format for package options (HO)
)
\@linkdim=\dimen107
\Hy@linkcounter=\count103
\Hy@pagecounter=\count104
(/usr/share/texlive/texmf-dist/tex/latex/hyperref/pd1enc.def
File: pd1enc.def 2018/02/06 v6.86b Hyperref: PDFDocEncoding definition (HO)
)
\Hy@SavedSpaceFactor=\count105
(/usr/share/texlive/texmf-dist/tex/latex/latexconfig/hyperref.cfg
File: hyperref.cfg 2002/06/06 v1.2 hyperref configuration of TeXLive
)
Package hyperref Info: Hyper figures OFF on input line 4509.
Package hyperref Info: Link nesting OFF on input line 4514.
Package hyperref Info: Hyper index ON on input line 4517.
Package hyperref Info: Plain pages OFF on input line 4524.
Package hyperref Info: Backreferencing OFF on input line 4529.
Package hyperref Info: Implicit mode ON; LaTeX internals redefined.
Package hyperref Info: Bookmarks ON on input line 4762.
\c@Hy@tempcnt=\count106
(/usr/share/texlive/texmf-dist/tex/latex/url/url.sty
\Urlmuskip=\muskip10
Package: url 2013/09/16  ver 3.4  Verb mode for urls, etc.
)
LaTeX Info: Redefining \url on input line 5115.
LaTeX Info: Redefining \hyperref on input line 5126.
\XeTeXLinkMargin=\dimen108
\Fld@menulength=\count107
\Field@Width=\dimen109
\Fld@charsize=\dimen110
Package hyperref Info: Hyper figures OFF on input line 6369.
Package hyperref Info: Link nesting OFF on input line 6374.
Package hyperref Info: Hyper index ON on input line 6377.
Package hyperref Info: backreferencing OFF on input line 6384.
Package hyperref Info: Link coloring OFF on input line 6389.
Package hyperref Info: Link coloring with OCG OFF on input line 6394.
Package hyperref Info: PDF/A mode OFF on input line 6399.
LaTeX Info: Redefining \ref on input line 6439.
LaTeX Info: Redefining \pageref on input line 6443.
\Hy@abspage=\count108
\c@Item=\count109
\c@Hfootnote=\count110
)
Package hyperref Info: Driver (default): hdvips.
(/usr/share/texlive/texmf-dist/tex/latex/hyperref/hdvips.def
File: hdvips.def 2018/02/06 v6.86b Hyperref driver for dvips
(/usr/share/texlive/texmf-dist/tex/latex/hyperref/pdfmark.def
File: pdfmark.def 2018/02/06 v6.86b Hyperref definitions for pdfmark specials
\pdf@docset=\toks16
\pdf@box=\box30
\pdf@toks=\toks17
\pdf@defaulttoks=\toks18
\HyField@AnnotCount=\count111
\Fld@listcount=\count112
\c@bookmark@seq@number=\count113
(/usr/share/texlive/texmf-dist/tex/latex/oberdiek/rerunfilecheck.sty
Package: rerunfilecheck 2016/05/16 v1.8 Rerun checks for auxiliary files (HO)
Package uniquecounter Info: New unique counter `rerunfilecheck' on input line 2
82.
)
\Hy@SectionHShift=\skip47
)) (/usr/share/texlive/texmf-dist/tex/latex/base/fontenc.sty
Package: fontenc 2017/04/05 v2.0i Standard LaTeX package
(/usr/share/texlive/texmf-dist/tex/latex/base/t1enc.def
File: t1enc.def 2017/04/05 v2.0i Standard LaTeX file
LaTeX Font Info:    Redeclaring font encoding T1 on input line 48.
))
\oldparskip=\skip48
\oldparindent=\skip49
\oldbaselineskip=\skip50
(/usr/share/texlive/texmf-dist/tex/latex/xcolor/xcolor.sty
Package: xcolor 2016/05/11 v2.12 LaTeX color extensions (UK)
(/usr/share/texlive/texmf-dist/tex/latex/graphics-cfg/color.cfg
File: color.cfg 2016/01/02 v1.6 sample color configuration
)
Package xcolor Info: Driver file: dvips.def on input line 225.
Package xcolor Info: Model `cmy' substituted by `cmy0' on input line 1348.
Package xcolor Info: Model `RGB' extended on input line 1364.
Package xcolor Info: Model `HTML' substituted by `rgb' on input line 1366.
Package xcolor Info: Model `Hsb' substituted by `hsb' on input line 1367.
Package xcolor Info: Model `tHsb' substituted by `hsb' on input line 1368.
Package xcolor Info: Model `HSB' substituted by `hsb' on input line 1369.
Package xcolor Info: Model `Gray' substituted by `gray' on input line 1370.
Package xcolor Info: Model `wave' substituted by `hsb' on input line 1371.
) (/usr/share/texlive/texmf-dist/tex/latex/base/inputenc.sty
Package: inputenc 2015/03/17 v1.2c Input encoding file
\inpenc@prehook=\toks19
\inpenc@posthook=\toks20
)
\sizebox=\box31
\lthtmlwrite=\write4
(./images.aux)
\openout1 = `images.aux'.

LaTeX Font Info:    Checking defaults for OML/cmm/m/it on input line 176.
LaTeX Font Info:    ... okay on input line 176.
LaTeX Font Info:    Checking defaults for T1/cmr/m/n on input line 176.
LaTeX Font Info:    ... okay on input line 176.
LaTeX Font Info:    Checking defaults for OT1/cmr/m/n on input line 176.
LaTeX Font Info:    ... okay on input line 176.
LaTeX Font Info:    Checking defaults for OMS/cmsy/m/n on input line 176.
LaTeX Font Info:    ... okay on input line 176.
LaTeX Font Info:    Checking defaults for OMX/cmex/m/n on input line 176.
LaTeX Font Info:    ... okay on input line 176.
LaTeX Font Info:    Checking defaults for U/cmr/m/n on input line 176.
LaTeX Font Info:    ... okay on input line 176.
LaTeX Font Info:    Checking defaults for PD1/pdf/m/n on input line 176.
LaTeX Font Info:    ... okay on input line 176.
LaTeX Font Info:    Try loading font information for T1+ptm on input line 176.
(/usr/share/texlive/texmf-dist/tex/latex/psnfss/t1ptm.fd
File: t1ptm.fd 2001/06/04 font definitions for T1/ptm.
)
\AtBeginShipoutBox=\box32
Package hyperref Info: Link coloring OFF on input line 176.
(/usr/share/texlive/texmf-dist/tex/latex/hyperref/nameref.sty
Package: nameref 2016/05/21 v2.44 Cross-referencing by name of section
(/usr/share/texlive/texmf-dist/tex/generic/oberdiek/gettitlestring.sty
Package: gettitlestring 2016/05/16 v1.5 Cleanup title references (HO)
)
\c@section@level=\count114
)
LaTeX Info: Redefining \ref on input line 176.
LaTeX Info: Redefining \pageref on input line 176.
LaTeX Info: Redefining \nameref on input line 176.
\@outlinefile=\write5
\openout5 = `images.out'.


latex2htmlLength hsize=349.0pt

latex2htmlLength vsize=697.295pt

latex2htmlLength hoffset=0.0pt

latex2htmlLength voffset=0.0pt

latex2htmlLength topmargin=0.0pt

latex2htmlLength topskip=0.00003pt

latex2htmlLength headheight=0.0pt

latex2htmlLength headsep=0.0pt

latex2htmlLength parskip=0.0pt

latex2htmlLength oddsidemargin=0.0pt

latex2htmlLength evensidemargin=0.0pt

LaTeX Font Info:    External font `cmex10' loaded for size
(Font)              <7> on input line 200.
LaTeX Font Info:    External font `cmex10' loaded for size
(Font)              <5> on input line 200.
l2hSize :tex2html_wrap_inline123547:6.74997pt::0.0pt::3.94516pt.
[1



]
l2hSize :tex2html_wrap_inline123549:7.24997pt::7.24997pt::21.08658pt.
[2


]
l2hSize :tex2html_wrap_inline123551:7.24997pt::7.24997pt::19.98682pt.
[3


]
File: ESMF_sandwich.eps Graphic file (type eps)
<ESMF_sandwich.eps>
Overfull \hbox (33.42874pt too wide) detected at line 230
 [] 
 []

l2hSize :tex2html_wrap312:210.78749pt::0.0pt::349.0pt.
[4


]
l2hSize :tex2html_wrap_inline1713:7.24997pt::7.24997pt::14.70204pt.
[5


]
l2hSize :tex2html_wrap_inline1717:7.24997pt::7.24997pt::5.19052pt.
[6


]
l2hSize :tex2html_wrap_inline1719:8.0pt::8.0pt::83.48174pt.
[7


]
l2hSize :tex2html_wrap_inline1721:7.44444pt::7.44444pt::12.43874pt.
[8


]
l2hSize :tex2html_wrap_inline1727:7.33331pt::7.33331pt::15.10365pt.
[9


]
l2hSize :tex2html_wrap_inline1729:7.33331pt::7.33331pt::15.51537pt.
[10


]
l2hSize :tex2html_wrap_inline1731:8.0pt::8.0pt::113.75217pt.
[11


]
l2hSize :tex2html_wrap_inline1733:7.33331pt::7.33331pt::12.99275pt.
[12


]
l2hSize :tex2html_wrap_inline1735:10.38896pt::10.38896pt::268.15746pt.
[13


]
File: ESMF_GEOS5.eps Graphic file (type eps)
<ESMF_GEOS5.eps>
Overfull \hbox (109.91138pt too wide) detected at line 405
 [] 
 []

l2hSize :tex2html_wrap3075:279.14096pt::0.0pt::349.0pt.
[14


]
File: ESMF_appunit.eps Graphic file (type eps)
<ESMF_appunit.eps>
Overfull \hbox (124.76999pt too wide) detected at line 412
 [] 
 []

l2hSize :tex2html_wrap3095:346.29375pt::0.0pt::349.0pt.
[15


]
File: ESMF_serial.eps Graphic file (type eps)
<ESMF_serial.eps>
Overfull \hbox (44.46999pt too wide) detected at line 419
 [] 
 []

l2hSize :tex2html_wrap3115:445.665pt::0.0pt::349.0pt.
[16


]
File: ESMF_concurrent.eps Graphic file (type eps)
<ESMF_concurrent.eps>
Overfull \hbox (44.46999pt too wide) detected at line 425
 [] 
 []

l2hSize :tex2html_wrap3121:382.42874pt::0.0pt::349.0pt.
[17


]
File: ESMF_reconcile.eps Graphic file (type eps)
<ESMF_reconcile.eps>
Overfull \hbox (51.49625pt too wide) detected at line 433
 [] 
 []

l2hSize :tex2html_wrap3141:418.56374pt::0.0pt::349.0pt.
[18


]
File: Comp_obj.eps Graphic file (type eps)
<Comp_obj.eps>
Overfull \hbox (88.635pt too wide) detected at line 441
 [] 
 []

l2hSize :tex2html_wrap123803:143.53624pt::0.0pt::349.0pt.
[19


]
File: Excl_src_grid.eps Graphic file (type eps)
<Excl_src_grid.eps>
l2hSize :tex2html_wrap13206:158.9929pt::0.0pt::349.0pt.
[20


]
File: Excl_dst_grid.eps Graphic file (type eps)
<Excl_dst_grid.eps>
l2hSize :tex2html_wrap13212:151.76596pt::0.0pt::349.0pt.
[21


]
File: Excl_src_grid_cpl.eps Graphic file (type eps)
<Excl_src_grid_cpl.eps>
Overfull \hbox (45.77219pt too wide) detected at line 1230
 [] 
 []

l2hSize :tex2html_wrap13220:183.38387pt::0.0pt::349.0pt.
[22


]
File: Excl_dst_grid_cpl.eps Graphic file (type eps)
<Excl_dst_grid_cpl.eps>
Overfull \hbox (86.42378pt too wide) detected at line 1236
 [] 
 []

l2hSize :tex2html_wrap13226:187.90071pt::0.0pt::349.0pt.
[23


]
File: State_obj.eps Graphic file (type eps)
<State_obj.eps>
Overfull \hbox (124.76999pt too wide) detected at line 1243
 [] 
 []

l2hSize :tex2html_wrap124498:138.51749pt::0.0pt::349.0pt.
[24


]
File: webservices.eps Graphic file (type eps)
<webservices.eps>
l2hSize :tex2html_wrap16781:279.54437pt::0.0pt::349.0pt.
[25


]
l2hSize :tex2html_wrap_inline17455:6.94444pt::0.0pt::5.7049pt.
[26


]
l2hSize :tex2html_wrap_inline17457:10.38896pt::10.38896pt::219.23499pt.
[27


]
l2hSize :tex2html_wrap_inline17459:7.24997pt::7.24997pt::8.51682pt.
[28


]
l2hSize :tex2html_wrap_inline17461:7.33331pt::7.33331pt::16.85017pt.
[29


]
l2hSize :tex2html_wrap_inline17463:7.24997pt::7.24997pt::11.9312pt.
[30


]
l2hSize :tex2html_wrap_inline17465:7.24997pt::7.24997pt::9.49046pt.
[31


]
l2hSize :tex2html_wrap_inline17467:10.38896pt::10.38896pt::268.15746pt.
[32


]
l2hSize :tex2html_wrap_inline19399:8.94843pt::8.94843pt::113.58128pt.
[33


]
l2hSize :tex2html_wrap_inline19401:8.94843pt::8.94843pt::110.72125pt.
[34


]
l2hSize :tex2html_wrap_inline19403:7.24997pt::7.24997pt::83.0809pt.
[35


]
l2hSize :tex2html_wrap_inline19405:8.0pt::8.0pt::112.99733pt.
[36


]
l2hSize :tex2html_wrap_inline19407:7.24997pt::7.24997pt::5.53128pt.
[37


]
l2hSize :tex2html_wrap_inline19409:7.24997pt::7.24997pt::5.67018pt.
[38


]
l2hSize :tex2html_wrap_inline19411:6.74997pt::0.0pt::6.22461pt.
[39


]
l2hSize :tex2html_wrap_inline19413:6.74997pt::0.0pt::5.70604pt.
[40


]
l2hSize :tex2html_wrap_inline21139:7.24997pt::7.24997pt::23.83336pt.
[41


]
l2hSize :tex2html_wrap_inline21141:7.24997pt::7.24997pt::16.05556pt.
[42


]
l2hSize :tex2html_wrap_inline24408:7.24997pt::7.24997pt::58.07022pt.
[43


]
l2hSize :tex2html_wrap_inline24410:8.0pt::8.0pt::108.93636pt.
[44


]
l2hSize :tex2html_wrap_inline24412:8.0pt::8.0pt::65.22731pt.
[45


]
l2hSize :tex2html_wrap_inline24414:7.24997pt::7.24997pt::13.0163pt.
[46


]
l2hSize :tex2html_wrap_inline24416:7.24997pt::7.24997pt::13.38538pt.
[47


]
l2hSize :tex2html_wrap_inline24418:8.0pt::8.0pt::46.09215pt.
[48


]
l2hSize :tex2html_wrap_inline24420:7.24997pt::7.24997pt::10.82816pt.
[49


]
l2hSize :tex2html_wrap_inline24422:7.44444pt::7.44444pt::30.11972pt.
[50


]
File: FieldParameterSetup.eps Graphic file (type eps)
<FieldParameterSetup.eps>
Overfull \hbox (111.72124pt too wide) detected at line 2418
 [] 
 []

l2hSize :tex2html_wrap24546:596.22748pt::0.0pt::349.0pt.
[51


]
l2hSize :tex2html_wrap_inline25734:8.0pt::8.0pt::164.64523pt.
[52


]
l2hSize :tex2html_wrap_inline25736:7.44444pt::7.44444pt::17.3328pt.
[53


]
l2hSize :tex2html_wrap_inline25738:7.33331pt::7.33331pt::19.61928pt.
[54


]
l2hSize :tex2html_wrap_inline25740:7.24997pt::7.24997pt::18.51802pt.
[55


]
l2hSize :tex2html_wrap_inline25893:8.64003pt::8.64003pt::49.29288pt.
[56


]
l2hSize :tex2html_wrap_inline25895:8.0pt::8.0pt::52.49536pt.
[57


]
l2hSize :tex2html_wrap_inline25897:8.0pt::8.0pt::104.72679pt.
[58


]
l2hSize :tex2html_wrap_inline25901:6.74997pt::0.0pt::29.6666pt.
[59


]
l2hSize :tex2html_wrap_inline25903:6.74997pt::0.0pt::6.2153pt.
[60


]
l2hSize :tex2html_wrap_inline41818:7.24997pt::7.24997pt::32.72223pt.
[61


]
l2hSize :tex2html_wrap_inline42911:7.44444pt::7.44444pt::80.91606pt.
[62


]
l2hSize :tex2html_wrap_inline42913:8.0pt::8.0pt::33.27786pt.
[63


]
l2hSize :tex2html_wrap_inline42915:7.24997pt::7.24997pt::63.2776pt.
[64


]
l2hSize :tex2html_wrap_inline44180:8.0pt::8.0pt::26.83012pt.
[65


]
l2hSize :displaymath44089:14.5pt::0.0pt::349.0pt.
[66


]
l2hSize :displaymath44091:14.5pt::0.0pt::349.0pt.
[67


]
l2hSize :displaymath44093:14.86108pt::0.0pt::349.0pt.
[68


]
l2hSize :tex2html_wrap_inline44182:7.33331pt::7.33331pt::35.19728pt.
[69


]
l2hSize :tex2html_wrap_inline44184:7.33331pt::7.33331pt::36.08156pt.
[70


]
l2hSize :tex2html_wrap_inline44988:7.24997pt::7.24997pt::41.05544pt.
[71


]
l2hSize :tex2html_wrap_inline45481:6.74997pt::0.0pt::5.50005pt.
[72


]
l2hSize :tex2html_wrap_inline45485:8.0pt::8.0pt::8.27783pt.
[73


]
l2hSize :tex2html_wrap_inline45487:8.0pt::8.0pt::6.0556pt.
[74


]
File: GridDecomps.eps Graphic file (type eps)
<GridDecomps.eps>
Overfull \hbox (109.91138pt too wide) detected at line 5095
 [] 
 []

l2hSize :tex2html_wrap55875:140.92552pt::0.0pt::349.0pt.
[75


]
File: LogRectGrids.eps Graphic file (type eps)
<LogRectGrids.eps>
Overfull \hbox (109.91138pt too wide) detected at line 5102
 [] 
 []

l2hSize :tex2html_wrap55891:140.92552pt::0.0pt::349.0pt.
[76


]
File: GridStaggerLoc2D.eps Graphic file (type eps)
<GridStaggerLoc2D.eps>
Overfull \hbox (3.31624pt too wide) detected at line 5118
 [] 
 []

l2hSize :tex2html_wrap56146:216.80998pt::0.0pt::349.0pt.
[77


]
File: GridStaggerLoc3D.eps Graphic file (type eps)
<GridStaggerLoc3D.eps>
Overfull \hbox (3.31624pt too wide) detected at line 5124
 [] 
 []

l2hSize :tex2html_wrap56158:261.97874pt::0.0pt::349.0pt.
[78


]
File: GridExclusiveReg.eps Graphic file (type eps)
<GridExclusiveReg.eps>
Overfull \hbox (71.06937pt too wide) detected at line 5180
 [] 
 []

l2hSize :tex2html_wrap57374:203.25937pt::0.0pt::349.0pt.
[79


]
l2hSize :tex2html_wrap_inline56726:8.0pt::8.0pt::38.27788pt.
[80


]
l2hSize :tex2html_wrap_inline56728:8.0pt::8.0pt::22.72227pt.
[81


]
l2hSize :tex2html_wrap_inline56730:7.24997pt::7.24997pt::13.27785pt.
[82


]
l2hSize :tex2html_wrap_inline56736:6.74997pt::0.0pt::5.50005pt.
[83


]
File: GridCustStaggerLoc.eps Graphic file (type eps)
<GridCustStaggerLoc.eps>
Overfull \hbox (47.73218pt too wide) detected at line 5216
 [] 
 []

l2hSize :tex2html_wrap57538:223.5853pt::0.0pt::349.0pt.
[84


]
l2hSize :tex2html_wrap_inline56738:8.0pt::8.0pt::22.72227pt.
[85


]
l2hSize :tex2html_wrap_inline56740:7.24997pt::7.24997pt::13.27785pt.
[86


]
l2hSize :tex2html_wrap_inline56748:8.0pt::8.0pt::32.1667pt.
[87


]
l2hSize :tex2html_wrap_inline56750:8.0pt::8.0pt::32.1667pt.
[88


]
File: GridCellsAndCorners.eps Graphic file (type eps)
<GridCellsAndCorners.eps>
l2hSize :tex2html_wrap57566:162.6075pt::0.0pt::349.0pt.
[89


]
l2hSize :tex2html_wrap_inline56772:8.0pt::8.0pt::32.7223pt.
[90


]
l2hSize :tex2html_wrap_inline62444:8.14003pt::0.0pt::14.98619pt.
[91


]
l2hSize :tex2html_wrap_inline65345:6.74997pt::0.0pt::5.1563pt.
[92


]
l2hSize :tex2html_wrap_inline65347:8.0pt::8.0pt::527.62456pt.

Overfull \hbox (181.62457pt too wide) in paragraph at lines 5665--5666
[]|[] 
 []

[93


]
l2hSize :tex2html_wrap_inline65349:6.74997pt::0.0pt::6.50238pt.
[94


]
l2hSize :tex2html_wrap_inline65351:8.0pt::8.0pt::109.4784pt.
[95


]
l2hSize :tex2html_wrap_inline65363:8.0pt::8.0pt::553.72885pt.

Overfull \hbox (207.72887pt too wide) in paragraph at lines 5693--5694
[]|[] 
 []

[96


]
l2hSize :tex2html_wrap_inline66300:7.44444pt::7.44444pt::9.88202pt.
[97


]
l2hSize :tex2html_wrap_inline66302:6.83331pt::0.0pt::8.00005pt.
[98


]
l2hSize :tex2html_wrap_inline66304:7.44444pt::7.44444pt::9.88202pt.
[99


]
l2hSize :tex2html_wrap_inline66316:6.83331pt::0.0pt::8.31949pt.
[100


]
l2hSize :tex2html_wrap_inline66318:10.38896pt::10.38896pt::164.95984pt.
[101


]
l2hSize :tex2html_wrap_inline66320:10.38896pt::10.38896pt::239.29778pt.
[102


]
l2hSize :tex2html_wrap_inline66322:7.24997pt::7.24997pt::16.09639pt.
[103


]
l2hSize :tex2html_wrap_inline66326:6.83331pt::0.0pt::8.68056pt.
[104


]
File: XGridEx1.eps Graphic file (type eps)
<XGridEx1.eps>
Overfull \hbox (80.4086pt too wide) detected at line 5855
 [] 
 []

l2hSize :tex2html_wrap66898:288.48068pt::0.0pt::349.0pt.
[105


]
l2hSize :tex2html_wrap_inline68490:6.74997pt::0.0pt::8.27783pt.
[106


]
l2hSize :tex2html_wrap_inline68492:6.83331pt::0.0pt::9.625pt.
[107


]
l2hSize :tex2html_wrap_inline68494:8.0pt::8.0pt::90.48274pt.
[108


]
l2hSize :tex2html_wrap_inline68496:6.83331pt::0.0pt::27.70514pt.
[109


]
l2hSize :tex2html_wrap_inline68498:7.33331pt::7.33331pt::26.84715pt.
[110


]
l2hSize :tex2html_wrap_inline68502:7.24997pt::7.24997pt::22.7222pt.
[111


]
l2hSize :tex2html_wrap_inline68504:7.24997pt::7.24997pt::41.05544pt.
[112


]
File: dgconnect_2tiles_not_connected.eps Graphic file (type eps)
<dgconnect_2tiles_not_connected.eps>
Overfull \hbox (121.75876pt too wide) detected at line 6109
 [] 
 []

l2hSize :tex2html_wrap127648:242.9075pt::0.0pt::349.0pt.
[113


]
! Missing $ inserted.
<inserted text> 
                $
l.6114 
       
I've inserted a begin-math/end-math symbol since I think
you left one out. Proceed, with fingers crossed.

! Display math should end with $$.
<to be read again> 
                   \par 
l.6114 
       
The `$' that I just saw supposedly matches a previous `$$'.
So I shall assume that you typed `$$' both times.

! Missing $ inserted.
<inserted text> 
                $
l.6115    \vec
               a \rightarrow \vec b = \hat R \vec a + \vec P.
I've inserted a begin-math/end-math symbol since I think
you left one out. Proceed, with fingers crossed.

! Missing $ inserted.
<inserted text> 
                $
l.6116    \end{displaymath}
                           %
I've inserted something that you may have forgotten.
(See the <inserted text> above.)
With luck, this will get me unwedged. But if you
really didn't forget anything, try typing `2' now; then
my insertion and my current dilemma will both disappear.

l2hSize :displaymath68113:30.74997pt::0.83333pt::349.0pt.
[114


]
l2hSize :tex2html_wrap_inline68508:7.14444pt::0.0pt::5.78592pt.
[115


]
l2hSize :tex2html_wrap_inline68510:9.78334pt::0.0pt::4.79169pt.
[116


]
l2hSize :tex2html_wrap_inline68512:9.47221pt::0.0pt::8.17018pt.
[117


]
l2hSize :tex2html_wrap_inline68514:9.67221pt::0.0pt::8.30907pt.
[118


]
l2hSize :tex2html_wrap_inline68520:9.47221pt::0.0pt::28.17018pt.
[119


]
l2hSize :tex2html_wrap_inline68522:10.17221pt::10.17221pt::43.86453pt.
[120


]
l2hSize :tex2html_wrap_inline68524:10.28334pt::10.28334pt::166.77512pt.
[121


]
File: dgconnect_2tiles_connected.eps Graphic file (type eps)
<dgconnect_2tiles_connected.eps>
Overfull \hbox (121.75876pt too wide) detected at line 6166
 [] 
 []

l2hSize :tex2html_wrap127662:242.9075pt::0.0pt::349.0pt.
[122


]
l2hSize :displaymath68141:12.83333pt::0.0pt::349.0pt.
[123


]
l2hSize :tex2html_wrap_inline68530:9.78334pt::0.0pt::25.63301pt.
[124


]
l2hSize :tex2html_wrap_inline68534:7.64444pt::7.64444pt::5.53128pt.
[125


]
l2hSize :tex2html_wrap_indisplay127670:10.28334pt::10.28334pt::25.63301pt.
[126


]
l2hSize :tex2html_wrap_indisplay127671:7.24997pt::7.24997pt::8.27783pt.
[127


]
l2hSize :tex2html_wrap_indisplay127672:9.97221pt::9.97221pt::55.74065pt.
[128


]
l2hSize :tex2html_wrap_indisplay127674:9.97221pt::9.97221pt::65.04633pt.
[129


]
l2hSize :displaymath68152:14.5pt::0.0pt::349.0pt.
[130


]
l2hSize :tex2html_wrap_inline68536:8.98969pt::0.0pt::4.11115pt.
[131


]
! Missing $ inserted.
<inserted text> 
                $
l.6229 
       
I've inserted a begin-math/end-math symbol since I think
you left one out. Proceed, with fingers crossed.

! Display math should end with $$.
<to be read again> 
                   \par 
l.6229 
       
The `$' that I just saw supposedly matches a previous `$$'.
So I shall assume that you typed `$$' both times.

! Missing $ inserted.
<inserted text> 
                $
l.6230    \vec
               a \rightarrow \vec b =
I've inserted a begin-math/end-math symbol since I think
you left one out. Proceed, with fingers crossed.

! Missing $ inserted.
<inserted text> 
                $
l.6232    \end{displaymath}
                           %
I've inserted something that you may have forgotten.
(See the <inserted text> above.)
With luck, this will get me unwedged. But if you
really didn't forget anything, try typing `2' now; then
my insertion and my current dilemma will both disappear.

l2hSize :displaymath68157:30.74997pt::2.5pt::349.0pt.
[132


]
! Missing $ inserted.
<inserted text> 
                $
l.6239 
       
I've inserted a begin-math/end-math symbol since I think
you left one out. Proceed, with fingers crossed.

! Display math should end with $$.
<to be read again> 
                   \par 
l.6239 
       
The `$' that I just saw supposedly matches a previous `$$'.
So I shall assume that you typed `$$' both times.

! Missing $ inserted.
<inserted text> 
                $
l.6240    \vec
               P = ({1\!\!1} - \hat R) \vec p + \vec t.
I've inserted a begin-math/end-math symbol since I think
you left one out. Proceed, with fingers crossed.

! Missing $ inserted.
<inserted text> 
                $
l.6241    \end{displaymath}
                           %
I've inserted something that you may have forgotten.
(See the <inserted text> above.)
With luck, this will get me unwedged. But if you
really didn't forget anything, try typing `2' now; then
my insertion and my current dilemma will both disappear.

l2hSize :displaymath68162:30.74997pt::2.5pt::349.0pt.
[133


]
l2hSize :tex2html_wrap_inline68540:6.88586pt::0.0pt::15.09729pt.
[134


]
l2hSize :tex2html_wrap_inline68544:6.88586pt::0.0pt::10.09727pt.
[135


]
l2hSize :tex2html_wrap_inline68546:15.0001pt::15.0001pt::45.22235pt.
[136


]
l2hSize :tex2html_wrap_inline68548:15.0001pt::15.0001pt::30.22234pt.
[137


]
l2hSize :tex2html_wrap_inline68552:15.0001pt::15.0001pt::53.00015pt.
[138


]
l2hSize :tex2html_wrap_inline68554:15.0001pt::15.0001pt::38.00014pt.
[139


]
l2hSize :tex2html_wrap_inline68556:6.88586pt::0.0pt::20.0973pt.
[140


]
l2hSize :tex2html_wrap_inline68558:15.0001pt::15.0001pt::60.77795pt.
[141


]
l2hSize :tex2html_wrap_inline68560:15.0001pt::15.0001pt::38.00014pt.
[142


]
l2hSize :tex2html_wrap_inline68562:6.88586pt::0.0pt::20.0973pt.
[143


]
l2hSize :tex2html_wrap_inline68564:15.0001pt::15.0001pt::53.00015pt.
[144


]
l2hSize :tex2html_wrap_inline68566:15.0001pt::15.0001pt::38.00014pt.
[145


]
l2hSize :tex2html_wrap_inline68570:15.0001pt::15.0001pt::53.00015pt.
[146


]
l2hSize :tex2html_wrap_inline68572:15.0001pt::15.0001pt::38.00014pt.
[147


]
l2hSize :tex2html_wrap_inline68576:15.0001pt::15.0001pt::53.00015pt.
[148


]
l2hSize :tex2html_wrap_inline68578:15.0001pt::15.0001pt::38.00014pt.
[149


]
l2hSize :tex2html_wrap_inline68582:15.0001pt::15.0001pt::45.22235pt.
[150


]
l2hSize :tex2html_wrap_inline68584:15.0001pt::15.0001pt::30.22234pt.
[151


]
l2hSize :tex2html_wrap_inline68588:15.0001pt::15.0001pt::60.77795pt.
[152


]
l2hSize :tex2html_wrap_inline68590:15.0001pt::15.0001pt::38.00014pt.
[153


]
l2hSize :tex2html_wrap_inline68592:6.88586pt::0.0pt::35.25012pt.
[154


]
l2hSize :tex2html_wrap_inline68594:7.38586pt::7.38586pt::55.25006pt.
[155


]
File: dgconnect_1tile_not_connected.eps Graphic file (type eps)
<dgconnect_1tile_not_connected.eps>
l2hSize :tex2html_wrap127742:311.1625pt::0.0pt::349.0pt.
[156


]
l2hSize :tex2html_wrap_inline68596:10.28334pt::10.28334pt::166.15607pt.
[157


]
File: dgconnect_1tile_periodic1_connected.eps Graphic file (type eps)
<dgconnect_1tile_periodic1_connected.eps>
l2hSize :tex2html_wrap127748:311.1625pt::0.0pt::349.0pt.
[158


]
File: dgconnect_1tile_periodic2_connected.eps Graphic file (type eps)
<dgconnect_1tile_periodic2_connected.eps>
l2hSize :tex2html_wrap127752:311.1625pt::0.0pt::349.0pt.
[159


]
l2hSize :tex2html_wrap_inline68608:7.24997pt::7.24997pt::21.16731pt.
[160


]
l2hSize :tex2html_wrap_inline68620:7.24997pt::7.24997pt::39.11029pt.
[161


]
l2hSize :tex2html_wrap_inline68622:6.88586pt::0.0pt::20.0973pt.
[162


]
l2hSize :tex2html_wrap_inline68624:8.0pt::8.0pt::110.90118pt.
[163


]
l2hSize :tex2html_wrap_inline68626:7.24997pt::7.24997pt::100.45555pt.
[164


]
l2hSize :displaymath68296:25.00023pt::0.0pt::349.0pt.
[165


]
l2hSize :tex2html_wrap_indisplay127771:10.17221pt::10.17221pt::8.30907pt.
[166


]
l2hSize :tex2html_wrap_indisplay127773:10.28334pt::10.28334pt::29.96986pt.
[167


]
l2hSize :tex2html_wrap_indisplay127775:15.0001pt::15.0001pt::198.26003pt.
[168


]
l2hSize :tex2html_wrap_indisplay127777:15.0001pt::15.0001pt::72.47545pt.
[169


]
File: dgconnect_1tile_peripole_connected.eps Graphic file (type eps)
<dgconnect_1tile_peripole_connected.eps>
l2hSize :tex2html_wrap127788:318.18875pt::0.0pt::349.0pt.
[170


]
l2hSize :tex2html_wrap_inline68642:8.0pt::8.0pt::137.62262pt.
[171


]
l2hSize :tex2html_wrap_inline68644:8.0pt::8.0pt::172.06693pt.
[172


]
l2hSize :tex2html_wrap_inline68650:7.24997pt::7.24997pt::19.31389pt.
[173


]
l2hSize :tex2html_wrap_indisplay127801:15.0001pt::15.0001pt::182.50655pt.
[174


]
l2hSize :tex2html_wrap_indisplay127803:15.0001pt::15.0001pt::80.61635pt.
[175


]
File: dgconnect_1tile_peribipole_connected.eps Graphic file (type eps)
<dgconnect_1tile_peribipole_connected.eps>
l2hSize :tex2html_wrap127813:318.18875pt::0.0pt::349.0pt.
[176


]
File: dgconnect_cusph_not_connected.eps Graphic file (type eps)
<dgconnect_cusph_not_connected.eps>
Overfull \hbox (27.40625pt too wide) detected at line 6571
 [] 
 []

l2hSize :tex2html_wrap127818:290.08376pt::0.0pt::349.0pt.
[177


]
File: dgconnect_cusph_5connected.eps Graphic file (type eps)
<dgconnect_cusph_5connected.eps>
Overfull \hbox (27.40625pt too wide) detected at line 6577
 [] 
 []

l2hSize :tex2html_wrap127822:290.08376pt::0.0pt::349.0pt.
[178


]
l2hSize :tex2html_wrap_inline68666:6.74997pt::0.0pt::10.50005pt.
[179


]
File: dgconnect_cusph_6connected.eps Graphic file (type eps)
<dgconnect_cusph_6connected.eps>
Overfull \hbox (27.40625pt too wide) detected at line 6589
 [] 
 []

l2hSize :tex2html_wrap127830:290.08376pt::0.0pt::349.0pt.
[180


]
! Missing $ inserted.
<inserted text> 
                $
l.6594 
       
I've inserted a begin-math/end-math symbol since I think
you left one out. Proceed, with fingers crossed.

! Display math should end with $$.
<to be read again> 
                   \par 
l.6594 
       
The `$' that I just saw supposedly matches a previous `$$'.
So I shall assume that you typed `$$' both times.

! Missing $ inserted.
<inserted text> 
                $
l.6595    \vec
               P = \vec b - \hat R \vec a.
I've inserted a begin-math/end-math symbol since I think
you left one out. Proceed, with fingers crossed.

! Missing $ inserted.
<inserted text> 
                $
l.6596    \end{displaymath}
                           %
I've inserted something that you may have forgotten.
(See the <inserted text> above.)
With luck, this will get me unwedged. But if you
really didn't forget anything, try typing `2' now; then
my insertion and my current dilemma will both disappear.

l2hSize :displaymath68427:30.74997pt::0.83333pt::349.0pt.
[181


]
l2hSize :tex2html_wrap_inline68682:6.88586pt::0.0pt::15.09729pt.
[182


]
l2hSize :tex2html_wrap_inline68686:6.88586pt::0.0pt::20.0973pt.
[183


]
l2hSize :tex2html_wrap_inline68688:15.0001pt::15.0001pt::74.00352pt.
[184


]
l2hSize :tex2html_wrap_inline68696:15.0001pt::15.0001pt::74.00352pt.
[185


]
File: dgconnect_cusph_2rotconnected.eps Graphic file (type eps)
<dgconnect_cusph_2rotconnected.eps>
Overfull \hbox (27.40625pt too wide) detected at line 6632
 [] 
 []

l2hSize :tex2html_wrap127852:290.08376pt::0.0pt::349.0pt.
[186


]
File: dgconnect_cusph_12connected.eps Graphic file (type eps)
<dgconnect_cusph_12connected.eps>
Overfull \hbox (31.42125pt too wide) detected at line 6638
 [] 
 []

l2hSize :tex2html_wrap127856:321.2pt::0.0pt::349.0pt.
[187


]
l2hSize :tex2html_wrap_inline70208:8.64003pt::8.64003pt::118.41658pt.
[188


]
l2hSize :tex2html_wrap_inline70216:7.24997pt::7.24997pt::23.72453pt.
[189


]
l2hSize :tex2html_wrap_inline70218:6.74997pt::0.0pt::17.05789pt.
[190


]
l2hSize :tex2html_wrap_inline72606:6.74997pt::0.0pt::10.50006pt.
[191


]
File: TimeMgr_desc.eps Graphic file (type eps)
<TimeMgr_desc.eps>
Overfull \hbox (124.76999pt too wide) detected at line 7367
 [] 
 []

l2hSize :tex2html_wrap128240:137.51375pt::0.0pt::349.0pt.
[192


]
l2hSize :tex2html_wrap_inline76749:9.22066pt::9.22066pt::19.86676pt.
[193


]
File: TimeMgr_obj.eps Graphic file (type eps)
<TimeMgr_obj.eps>
Overfull \hbox (124.76999pt too wide) detected at line 7385
 [] 
 []

l2hSize :tex2html_wrap128279:219.82124pt::0.0pt::349.0pt.
[194


]
l2hSize :tex2html_wrap_inline76864:8.14003pt::0.0pt::8.97229pt.
[195


]
l2hSize :tex2html_wrap_inline78414:8.14003pt::0.0pt::13.9723pt.
[196


]
l2hSize :tex2html_wrap_inline78418:8.14003pt::0.0pt::13.9723pt.
[197


]
File: Log_obj.eps Graphic file (type eps)
<Log_obj.eps>
Overfull \hbox (124.76999pt too wide) detected at line 8196
 [] 
 []

l2hSize :tex2html_wrap129233:210.78749pt::0.0pt::349.0pt.
[198


]
l2hSize :tex2html_wrap_inline88882:8.0pt::8.0pt::98.69392pt.
[199


]
l2hSize :tex2html_wrap_inline88884:8.0pt::8.0pt::81.47177pt.
[200


]
File: VM_design.eps Graphic file (type eps)
<VM_design.eps>
Overfull \hbox (105.70335pt too wide) detected at line 8907
 [] 
 []

l2hSize :tex2html_wrap91710:331.84311pt::0.0pt::349.0pt.
[201


]
l2hSize :tex2html_wrap_inline92936:7.24997pt::7.24997pt::8.27783pt.
[202


]
l2hSize :tex2html_wrap_inline92938:7.24997pt::7.24997pt::8.27783pt.
[203


]
l2hSize :tex2html_wrap_inline92956:8.0pt::8.0pt::75.17973pt.
[204


]
File: Appendix_uml.eps Graphic file (type eps)
<Appendix_uml.eps>
Overfull \hbox (8.33635pt too wide) detected at line 9391
 [] 
 []

l2hSize :tex2html_wrap98097:480.99883pt::0.0pt::349.0pt.
[205


]
Package atveryend Info: Empty hook `BeforeClearDocument' on input line 9511.
Package atveryend Info: Empty hook `AfterLastShipout' on input line 9511.
(./images.aux)
Package atveryend Info: Empty hook `AtVeryEndDocument' on input line 9511.
Package atveryend Info: Executing hook `AtEndAfterFileList' on input line 9511.


Package rerunfilecheck Warning: File `images.out' has changed.
(rerunfilecheck)                Rerun to get outlines right
(rerunfilecheck)                or use package `bookmark'.

Package rerunfilecheck Info: Checksums for `images.out':
(rerunfilecheck)             Before: <no file>
(rerunfilecheck)             After:  D41D8CD98F00B204E9800998ECF8427E;0.
Package atveryend Info: Empty hook `AtVeryVeryEnd' on input line 9511.
 ) 
Here is how much of TeX's memory you used:
 6745 strings out of 492983
 100424 string characters out of 6134923
 220754 words of memory out of 5000000
 10244 multiletter control sequences out of 15000+600000
 6047 words of font info for 16 fonts, out of 8000000 for 9000
 1141 hyphenation exceptions out of 8191
 29i,8n,35p,822b,367s stack positions out of 5000i,500n,10000p,200000b,80000s

Output written on images.dvi (205 pages, 134076 bytes).
