This is pdfTeX, Version 3.14159265-2.6-1.40.18 (TeX Live 2017/Debian) (preloaded format=latex 2022.7.28)  7 OCT 2025 14:59
entering extended mode
 restricted \write18 enabled.
 %&-line parsing enabled.
**./images.tex
(./images.tex
LaTeX2e <2017-04-15>
Babel <3.18> and hyphenation patterns for 84 language(s) loaded.

(/usr/share/texlive/texmf-dist/tex/latex/base/article.cls
Document Class: article 2014/09/29 v1.4h Standard LaTeX document class
(/usr/share/texlive/texmf-dist/tex/latex/base/size10.clo
File: size10.clo 2014/09/29 v1.4h Standard LaTeX file (size option)
)
\c@part=\count79
\c@section=\count80
\c@subsection=\count81
\c@subsubsection=\count82
\c@paragraph=\count83
\c@subparagraph=\count84
\c@figure=\count85
\c@table=\count86
\abovecaptionskip=\skip41
\belowcaptionskip=\skip42
\bibindent=\dimen102
) (/usr/share/texlive/texmf-dist/tex/latex/base/ifthen.sty
Package: ifthen 2014/09/29 v1.1c Standard LaTeX ifthen package (DPC)
) (/usr/share/texlive/texmf-dist/tex/generic/babel/babel.sty
Package: babel 2018/02/14 3.18 The Babel package
(/usr/share/texlive/texmf-dist/tex/generic/babel/switch.def
File: switch.def 2018/02/14 3.18 Babel switching mechanism
) (/usr/share/texlive/texmf-dist/tex/generic/babel-english/english.ldf
Language: english 2017/06/06 v3.3r English support from the babel system
(/usr/share/texlive/texmf-dist/tex/generic/babel/babel.def
File: babel.def 2018/02/14 3.18 Babel common definitions
\babel@savecnt=\count87
\U@D=\dimen103
(/usr/share/texlive/texmf-dist/tex/generic/babel/txtbabel.def)
\bbl@dirlevel=\count88
)
\l@canadian = a dialect from \language\l@american 
\l@australian = a dialect from \language\l@british 
\l@newzealand = a dialect from \language\l@british 
)) (/usr/share/texlive/texmf-dist/tex/latex/tools/longtable.sty
Package: longtable 2014/10/28 v4.11 Multi-page Table package (DPC)
\LTleft=\skip43
\LTright=\skip44
\LTpre=\skip45
\LTpost=\skip46
\LTchunksize=\count89
\LTcapwidth=\dimen104
\LT@head=\box26
\LT@firsthead=\box27
\LT@foot=\box28
\LT@lastfoot=\box29
\LT@cols=\count90
\LT@rows=\count91
\c@LT@tables=\count92
\c@LT@chunks=\count93
\LT@p@ftn=\toks14
) (/usr/share/texmf/tex/latex/html/html.sty
Package: html 1999/07/19 v1.38 hypertext commands for latex2html (nd, hws, rrm)

\c@lpart=\count94
\c@lchapter=\count95
\c@chapter=\count96
\c@lsection=\count97
\c@lsubsection=\count98
\c@lsubsubsection=\count99
\c@lparagraph=\count100
\c@lsubparagraph=\count101
\c@lsubsubparagraph=\count102
\ptrfile=\write3
) (/usr/share/texlive/texmf-dist/tex/latex/psnfss/times.sty
Package: times 2005/04/12 PSNFSS-v9.2a (SPQR) 
) (/usr/share/texlive/texmf-dist/tex/latex/graphics/graphicx.sty
Package: graphicx 2017/06/01 v1.1a Enhanced LaTeX Graphics (DPC,SPQR)
(/usr/share/texlive/texmf-dist/tex/latex/graphics/keyval.sty
Package: keyval 2014/10/28 v1.15 key=value parser (DPC)
\KV@toks@=\toks15
) (/usr/share/texlive/texmf-dist/tex/latex/graphics/graphics.sty
Package: graphics 2017/06/25 v1.2c Standard LaTeX Graphics (DPC,SPQR)
(/usr/share/texlive/texmf-dist/tex/latex/graphics/trig.sty
Package: trig 2016/01/03 v1.10 sin cos tan (DPC)
) (/usr/share/texlive/texmf-dist/tex/latex/graphics-cfg/graphics.cfg
File: graphics.cfg 2016/06/04 v1.11 sample graphics configuration
)
Package graphics Info: Driver file: dvips.def on input line 99.
(/usr/share/texlive/texmf-dist/tex/latex/graphics-def/dvips.def
File: dvips.def 2017/06/20 v3.1d Graphics/color driver for dvips
))
\Gin@req@height=\dimen105
\Gin@req@width=\dimen106
) (/usr/share/texlive/texmf-dist/tex/latex/hyperref/hyperref.sty
Package: hyperref 2018/02/06 v6.86b Hypertext links for LaTeX
(/usr/share/texlive/texmf-dist/tex/generic/oberdiek/hobsub-hyperref.sty
Package: hobsub-hyperref 2016/05/16 v1.14 Bundle oberdiek, subset hyperref (HO)

(/usr/share/texlive/texmf-dist/tex/generic/oberdiek/hobsub-generic.sty
Package: hobsub-generic 2016/05/16 v1.14 Bundle oberdiek, subset generic (HO)
Package: hobsub 2016/05/16 v1.14 Construct package bundles (HO)
Package: infwarerr 2016/05/16 v1.4 Providing info/warning/error messages (HO)
Package: ltxcmds 2016/05/16 v1.23 LaTeX kernel commands for general use (HO)
Package: ifluatex 2016/05/16 v1.4 Provides the ifluatex switch (HO)
Package ifluatex Info: LuaTeX not detected.
Package: ifvtex 2016/05/16 v1.6 Detect VTeX and its facilities (HO)
Package ifvtex Info: VTeX not detected.
Package: intcalc 2016/05/16 v1.2 Expandable calculations with integers (HO)
Package: ifpdf 2017/03/15 v3.2 Provides the ifpdf switch
Package: etexcmds 2016/05/16 v1.6 Avoid name clashes with e-TeX commands (HO)
Package etexcmds Info: Could not find \expanded.
(etexcmds)             That can mean that you are not using pdfTeX 1.50 or
(etexcmds)             that some package has redefined \expanded.
(etexcmds)             In the latter case, load this package earlier.
Package: kvsetkeys 2016/05/16 v1.17 Key value parser (HO)
Package: kvdefinekeys 2016/05/16 v1.4 Define keys (HO)
Package: pdftexcmds 2018/01/21 v0.26 Utility functions of pdfTeX for LuaTeX (HO
)
Package pdftexcmds Info: LuaTeX not detected.
Package pdftexcmds Info: \pdf@primitive is available.
Package pdftexcmds Info: \pdf@ifprimitive is available.
Package pdftexcmds Info: \pdfdraftmode is ignored in DVI mode.
Package: pdfescape 2016/05/16 v1.14 Implements pdfTeX's escape features (HO)
Package: bigintcalc 2016/05/16 v1.4 Expandable calculations on big integers (HO
)
Package: bitset 2016/05/16 v1.2 Handle bit-vector datatype (HO)
Package: uniquecounter 2016/05/16 v1.3 Provide unlimited unique counter (HO)
)
Package hobsub Info: Skipping package `hobsub' (already loaded).
Package: letltxmacro 2016/05/16 v1.5 Let assignment for LaTeX macros (HO)
Package: hopatch 2016/05/16 v1.3 Wrapper for package hooks (HO)
Package: xcolor-patch 2016/05/16 xcolor patch
Package: atveryend 2016/05/16 v1.9 Hooks at the very end of document (HO)
Package atveryend Info: \enddocument detected (standard20110627).
Package: atbegshi 2016/06/09 v1.18 At begin shipout hook (HO)
Package: refcount 2016/05/16 v3.5 Data extraction from label references (HO)
Package: hycolor 2016/05/16 v1.8 Color options for hyperref/bookmark (HO)
) (/usr/share/texlive/texmf-dist/tex/generic/ifxetex/ifxetex.sty
Package: ifxetex 2010/09/12 v0.6 Provides ifxetex conditional
) (/usr/share/texlive/texmf-dist/tex/latex/oberdiek/auxhook.sty
Package: auxhook 2016/05/16 v1.4 Hooks for auxiliary files (HO)
) (/usr/share/texlive/texmf-dist/tex/latex/oberdiek/kvoptions.sty
Package: kvoptions 2016/05/16 v3.12 Key value format for package options (HO)
)
\@linkdim=\dimen107
\Hy@linkcounter=\count103
\Hy@pagecounter=\count104
(/usr/share/texlive/texmf-dist/tex/latex/hyperref/pd1enc.def
File: pd1enc.def 2018/02/06 v6.86b Hyperref: PDFDocEncoding definition (HO)
)
\Hy@SavedSpaceFactor=\count105
(/usr/share/texlive/texmf-dist/tex/latex/latexconfig/hyperref.cfg
File: hyperref.cfg 2002/06/06 v1.2 hyperref configuration of TeXLive
)
Package hyperref Info: Hyper figures OFF on input line 4509.
Package hyperref Info: Link nesting OFF on input line 4514.
Package hyperref Info: Hyper index ON on input line 4517.
Package hyperref Info: Plain pages OFF on input line 4524.
Package hyperref Info: Backreferencing OFF on input line 4529.
Package hyperref Info: Implicit mode ON; LaTeX internals redefined.
Package hyperref Info: Bookmarks ON on input line 4762.
\c@Hy@tempcnt=\count106
(/usr/share/texlive/texmf-dist/tex/latex/url/url.sty
\Urlmuskip=\muskip10
Package: url 2013/09/16  ver 3.4  Verb mode for urls, etc.
)
LaTeX Info: Redefining \url on input line 5115.
LaTeX Info: Redefining \hyperref on input line 5126.
\XeTeXLinkMargin=\dimen108
\Fld@menulength=\count107
\Field@Width=\dimen109
\Fld@charsize=\dimen110
Package hyperref Info: Hyper figures OFF on input line 6369.
Package hyperref Info: Link nesting OFF on input line 6374.
Package hyperref Info: Hyper index ON on input line 6377.
Package hyperref Info: backreferencing OFF on input line 6384.
Package hyperref Info: Link coloring OFF on input line 6389.
Package hyperref Info: Link coloring with OCG OFF on input line 6394.
Package hyperref Info: PDF/A mode OFF on input line 6399.
LaTeX Info: Redefining \ref on input line 6439.
LaTeX Info: Redefining \pageref on input line 6443.
\Hy@abspage=\count108
\c@Item=\count109
\c@Hfootnote=\count110
)
Package hyperref Info: Driver (default): hdvips.
(/usr/share/texlive/texmf-dist/tex/latex/hyperref/hdvips.def
File: hdvips.def 2018/02/06 v6.86b Hyperref driver for dvips
(/usr/share/texlive/texmf-dist/tex/latex/hyperref/pdfmark.def
File: pdfmark.def 2018/02/06 v6.86b Hyperref definitions for pdfmark specials
\pdf@docset=\toks16
\pdf@box=\box30
\pdf@toks=\toks17
\pdf@defaulttoks=\toks18
\HyField@AnnotCount=\count111
\Fld@listcount=\count112
\c@bookmark@seq@number=\count113
(/usr/share/texlive/texmf-dist/tex/latex/oberdiek/rerunfilecheck.sty
Package: rerunfilecheck 2016/05/16 v1.8 Rerun checks for auxiliary files (HO)
Package uniquecounter Info: New unique counter `rerunfilecheck' on input line 2
82.
)
\Hy@SectionHShift=\skip47
)) (/usr/share/texlive/texmf-dist/tex/latex/base/fontenc.sty
Package: fontenc 2017/04/05 v2.0i Standard LaTeX package
(/usr/share/texlive/texmf-dist/tex/latex/base/t1enc.def
File: t1enc.def 2017/04/05 v2.0i Standard LaTeX file
LaTeX Font Info:    Redeclaring font encoding T1 on input line 48.
))
\oldparskip=\skip48
\oldparindent=\skip49
\oldbaselineskip=\skip50
(/usr/share/texlive/texmf-dist/tex/latex/xcolor/xcolor.sty
Package: xcolor 2016/05/11 v2.12 LaTeX color extensions (UK)
(/usr/share/texlive/texmf-dist/tex/latex/graphics-cfg/color.cfg
File: color.cfg 2016/01/02 v1.6 sample color configuration
)
Package xcolor Info: Driver file: dvips.def on input line 225.
Package xcolor Info: Model `cmy' substituted by `cmy0' on input line 1348.
Package xcolor Info: Model `RGB' extended on input line 1364.
Package xcolor Info: Model `HTML' substituted by `rgb' on input line 1366.
Package xcolor Info: Model `Hsb' substituted by `hsb' on input line 1367.
Package xcolor Info: Model `tHsb' substituted by `hsb' on input line 1368.
Package xcolor Info: Model `HSB' substituted by `hsb' on input line 1369.
Package xcolor Info: Model `Gray' substituted by `gray' on input line 1370.
Package xcolor Info: Model `wave' substituted by `hsb' on input line 1371.
) (/usr/share/texlive/texmf-dist/tex/latex/base/inputenc.sty
Package: inputenc 2015/03/17 v1.2c Input encoding file
\inpenc@prehook=\toks19
\inpenc@posthook=\toks20
)
\sizebox=\box31
\lthtmlwrite=\write4
(./images.aux)
\openout1 = `images.aux'.

LaTeX Font Info:    Checking defaults for OML/cmm/m/it on input line 176.
LaTeX Font Info:    ... okay on input line 176.
LaTeX Font Info:    Checking defaults for T1/cmr/m/n on input line 176.
LaTeX Font Info:    ... okay on input line 176.
LaTeX Font Info:    Checking defaults for OT1/cmr/m/n on input line 176.
LaTeX Font Info:    ... okay on input line 176.
LaTeX Font Info:    Checking defaults for OMS/cmsy/m/n on input line 176.
LaTeX Font Info:    ... okay on input line 176.
LaTeX Font Info:    Checking defaults for OMX/cmex/m/n on input line 176.
LaTeX Font Info:    ... okay on input line 176.
LaTeX Font Info:    Checking defaults for U/cmr/m/n on input line 176.
LaTeX Font Info:    ... okay on input line 176.
LaTeX Font Info:    Checking defaults for PD1/pdf/m/n on input line 176.
LaTeX Font Info:    ... okay on input line 176.
LaTeX Font Info:    Try loading font information for T1+ptm on input line 176.
(/usr/share/texlive/texmf-dist/tex/latex/psnfss/t1ptm.fd
File: t1ptm.fd 2001/06/04 font definitions for T1/ptm.
)
\AtBeginShipoutBox=\box32
Package hyperref Info: Link coloring OFF on input line 176.
(/usr/share/texlive/texmf-dist/tex/latex/hyperref/nameref.sty
Package: nameref 2016/05/21 v2.44 Cross-referencing by name of section
(/usr/share/texlive/texmf-dist/tex/generic/oberdiek/gettitlestring.sty
Package: gettitlestring 2016/05/16 v1.5 Cleanup title references (HO)
)
\c@section@level=\count114
)
LaTeX Info: Redefining \ref on input line 176.
LaTeX Info: Redefining \pageref on input line 176.
LaTeX Info: Redefining \nameref on input line 176.
\@outlinefile=\write5
\openout5 = `images.out'.


latex2htmlLength hsize=349.0pt

latex2htmlLength vsize=697.295pt

latex2htmlLength hoffset=0.0pt

latex2htmlLength voffset=0.0pt

latex2htmlLength topmargin=0.0pt

latex2htmlLength topskip=0.00003pt

latex2htmlLength headheight=0.0pt

latex2htmlLength headsep=0.0pt

latex2htmlLength parskip=0.0pt

latex2htmlLength oddsidemargin=0.0pt

latex2htmlLength evensidemargin=0.0pt

LaTeX Font Info:    External font `cmex10' loaded for size
(Font)              <7> on input line 200.
LaTeX Font Info:    External font `cmex10' loaded for size
(Font)              <5> on input line 200.
l2hSize :tex2html_wrap_inline135439:6.74997pt::0.0pt::3.94516pt.
[1



]
l2hSize :tex2html_wrap_inline135441:7.24997pt::7.24997pt::21.08658pt.
[2


]
l2hSize :tex2html_wrap_inline135443:7.24997pt::7.24997pt::19.98682pt.
[3


]
File: ESMF_sandwich.eps Graphic file (type eps)
<ESMF_sandwich.eps>
Overfull \hbox (33.42874pt too wide) detected at line 230
 [] 
 []

l2hSize :tex2html_wrap312:210.78749pt::0.0pt::349.0pt.
[4


]
l2hSize :tex2html_wrap_inline1832:7.24997pt::7.24997pt::14.70204pt.
[5


]
l2hSize :tex2html_wrap_inline1836:7.24997pt::7.24997pt::5.19052pt.
[6


]
l2hSize :tex2html_wrap_inline1838:8.0pt::8.0pt::83.48174pt.
[7


]
l2hSize :tex2html_wrap_inline1840:7.44444pt::7.44444pt::12.43874pt.
[8


]
l2hSize :tex2html_wrap_inline1846:7.33331pt::7.33331pt::15.10365pt.
[9


]
l2hSize :tex2html_wrap_inline1848:7.33331pt::7.33331pt::15.51537pt.
[10


]
l2hSize :tex2html_wrap_inline1850:8.0pt::8.0pt::113.75217pt.
[11


]
l2hSize :tex2html_wrap_inline1852:7.33331pt::7.33331pt::12.99275pt.
[12


]
l2hSize :tex2html_wrap_inline1854:10.38896pt::10.38896pt::268.15746pt.
[13


]
File: ESMF_GEOS5.eps Graphic file (type eps)
<ESMF_GEOS5.eps>
Overfull \hbox (109.91138pt too wide) detected at line 406
 [] 
 []

l2hSize :tex2html_wrap3190:279.14096pt::0.0pt::349.0pt.
[14


]
File: ESMF_appunit.eps Graphic file (type eps)
<ESMF_appunit.eps>
Overfull \hbox (124.76999pt too wide) detected at line 413
 [] 
 []

l2hSize :tex2html_wrap3210:346.29375pt::0.0pt::349.0pt.
[15


]
File: ESMF_serial.eps Graphic file (type eps)
<ESMF_serial.eps>
Overfull \hbox (44.46999pt too wide) detected at line 420
 [] 
 []

l2hSize :tex2html_wrap3230:445.665pt::0.0pt::349.0pt.
[16


]
File: ESMF_concurrent.eps Graphic file (type eps)
<ESMF_concurrent.eps>
Overfull \hbox (44.46999pt too wide) detected at line 426
 [] 
 []

l2hSize :tex2html_wrap3236:382.42874pt::0.0pt::349.0pt.
[17


]
File: ESMF_reconcile.eps Graphic file (type eps)
<ESMF_reconcile.eps>
Overfull \hbox (51.49625pt too wide) detected at line 434
 [] 
 []

l2hSize :tex2html_wrap3256:418.56374pt::0.0pt::349.0pt.
[18


]
File: Comp_obj.eps Graphic file (type eps)
<Comp_obj.eps>
Overfull \hbox (88.635pt too wide) detected at line 442
 [] 
 []

l2hSize :tex2html_wrap135698:143.53624pt::0.0pt::349.0pt.
[19


]
File: Excl_src_grid.eps Graphic file (type eps)
<Excl_src_grid.eps>
l2hSize :tex2html_wrap13498:158.9929pt::0.0pt::349.0pt.
[20


]
File: Excl_dst_grid.eps Graphic file (type eps)
<Excl_dst_grid.eps>
l2hSize :tex2html_wrap13504:151.76596pt::0.0pt::349.0pt.
[21


]
File: Excl_src_grid_cpl.eps Graphic file (type eps)
<Excl_src_grid_cpl.eps>
Overfull \hbox (45.77219pt too wide) detected at line 1093
 [] 
 []

l2hSize :tex2html_wrap13512:183.38387pt::0.0pt::349.0pt.
[22


]
File: Excl_dst_grid_cpl.eps Graphic file (type eps)
<Excl_dst_grid_cpl.eps>
Overfull \hbox (86.42378pt too wide) detected at line 1099
 [] 
 []

l2hSize :tex2html_wrap13518:187.90071pt::0.0pt::349.0pt.
[23


]
File: State_obj.eps Graphic file (type eps)
<State_obj.eps>
Overfull \hbox (124.76999pt too wide) detected at line 1106
 [] 
 []

l2hSize :tex2html_wrap136433:138.51749pt::0.0pt::349.0pt.
[24


]
File: webservices.eps Graphic file (type eps)
<webservices.eps>
l2hSize :tex2html_wrap17583:279.54437pt::0.0pt::349.0pt.
[25


]
l2hSize :tex2html_wrap_inline18264:6.94444pt::0.0pt::5.7049pt.
[26


]
l2hSize :tex2html_wrap_inline18266:10.38896pt::10.38896pt::219.23499pt.
[27


]
l2hSize :tex2html_wrap_inline18268:7.24997pt::7.24997pt::8.51682pt.
[28


]
l2hSize :tex2html_wrap_inline18270:7.33331pt::7.33331pt::16.85017pt.
[29


]
l2hSize :tex2html_wrap_inline18272:7.24997pt::7.24997pt::11.9312pt.
[30


]
l2hSize :tex2html_wrap_inline18274:7.24997pt::7.24997pt::9.49046pt.
[31


]
l2hSize :tex2html_wrap_inline18276:10.38896pt::10.38896pt::268.15746pt.
[32


]
l2hSize :tex2html_wrap_inline20220:8.94843pt::8.94843pt::113.58128pt.
[33


]
l2hSize :tex2html_wrap_inline20222:8.94843pt::8.94843pt::110.72125pt.
[34


]
l2hSize :tex2html_wrap_inline20224:7.24997pt::7.24997pt::83.0809pt.
[35


]
l2hSize :tex2html_wrap_inline20226:8.0pt::8.0pt::112.99733pt.
[36


]
l2hSize :tex2html_wrap_inline20228:7.24997pt::7.24997pt::5.53128pt.
[37


]
l2hSize :tex2html_wrap_inline20230:7.24997pt::7.24997pt::5.67018pt.
[38


]
l2hSize :tex2html_wrap_inline20232:6.74997pt::0.0pt::6.22461pt.
[39


]
l2hSize :tex2html_wrap_inline20234:6.74997pt::0.0pt::5.70604pt.
[40


]
l2hSize :tex2html_wrap_inline21962:7.24997pt::7.24997pt::23.83336pt.
[41


]
l2hSize :tex2html_wrap_inline21964:7.24997pt::7.24997pt::16.05556pt.
[42


]
l2hSize :tex2html_wrap_inline25231:7.24997pt::7.24997pt::58.07022pt.
[43


]
l2hSize :tex2html_wrap_inline25233:8.0pt::8.0pt::108.93636pt.
[44


]
l2hSize :tex2html_wrap_inline25235:8.0pt::8.0pt::65.22731pt.
[45


]
l2hSize :tex2html_wrap_inline25237:7.24997pt::7.24997pt::13.0163pt.
[46


]
l2hSize :tex2html_wrap_inline25239:7.24997pt::7.24997pt::13.38538pt.
[47


]
l2hSize :tex2html_wrap_inline25241:8.0pt::8.0pt::46.09215pt.
[48


]
l2hSize :tex2html_wrap_inline25243:7.24997pt::7.24997pt::10.82816pt.
[49


]
l2hSize :tex2html_wrap_inline25245:7.44444pt::7.44444pt::30.11972pt.
[50


]
File: FieldParameterSetup.eps Graphic file (type eps)
<FieldParameterSetup.eps>
Overfull \hbox (111.72124pt too wide) detected at line 2384
 [] 
 []

l2hSize :tex2html_wrap25369:596.22748pt::0.0pt::349.0pt.
[51


]
l2hSize :tex2html_wrap_inline26555:8.0pt::8.0pt::164.64523pt.
[52


]
l2hSize :tex2html_wrap_inline26557:7.44444pt::7.44444pt::17.3328pt.
[53


]
l2hSize :tex2html_wrap_inline26559:7.33331pt::7.33331pt::19.61928pt.
[54


]
l2hSize :tex2html_wrap_inline26561:7.24997pt::7.24997pt::18.51802pt.
[55


]
l2hSize :tex2html_wrap_inline26712:8.64003pt::8.64003pt::49.29288pt.
[56


]
l2hSize :tex2html_wrap_inline26714:8.0pt::8.0pt::52.49536pt.
[57


]
l2hSize :tex2html_wrap_inline26716:8.0pt::8.0pt::104.72679pt.
[58


]
l2hSize :tex2html_wrap_inline26720:6.74997pt::0.0pt::29.6666pt.
[59


]
l2hSize :tex2html_wrap_inline26722:6.74997pt::0.0pt::6.2153pt.
[60


]
l2hSize :tex2html_wrap_inline28594:6.74997pt::0.0pt::6.50238pt.
[61


]
l2hSize :tex2html_wrap_inline36128:7.44444pt::7.44444pt::77.26146pt.
[62


]
l2hSize :tex2html_wrap_inline44373:7.24997pt::7.24997pt::32.72223pt.
[63


]
l2hSize :tex2html_wrap_inline45468:7.44444pt::7.44444pt::80.91606pt.
[64


]
l2hSize :tex2html_wrap_inline45470:8.0pt::8.0pt::33.27786pt.
[65


]
l2hSize :tex2html_wrap_inline45472:7.24997pt::7.24997pt::63.2776pt.
[66


]
l2hSize :tex2html_wrap_inline46721:8.0pt::8.0pt::26.83012pt.
[67


]
l2hSize :displaymath46630:14.5pt::0.0pt::349.0pt.
[68


]
l2hSize :displaymath46632:14.5pt::0.0pt::349.0pt.
[69


]
l2hSize :displaymath46634:14.86108pt::0.0pt::349.0pt.
[70


]
l2hSize :tex2html_wrap_inline46723:7.33331pt::7.33331pt::35.19728pt.
[71


]
l2hSize :tex2html_wrap_inline46725:7.33331pt::7.33331pt::36.08156pt.
[72


]
l2hSize :tex2html_wrap_inline47513:6.74997pt::0.0pt::5.50005pt.
[73


]
l2hSize :tex2html_wrap_inline47515:6.74997pt::0.0pt::5.50005pt.
[74


]
l2hSize :tex2html_wrap_inline47517:7.24997pt::7.24997pt::46.05545pt.
[75


]
l2hSize :tex2html_wrap_inline47519:6.74997pt::0.0pt::10.50006pt.
[76


]
l2hSize :tex2html_wrap_inline47992:6.74997pt::0.0pt::5.50005pt.
[77


]
l2hSize :tex2html_wrap_inline47996:8.0pt::8.0pt::8.27783pt.
[78


]
l2hSize :tex2html_wrap_inline47998:8.0pt::8.0pt::6.0556pt.
[79


]
File: GridDecomps.eps Graphic file (type eps)
<GridDecomps.eps>
Overfull \hbox (109.91138pt too wide) detected at line 5106
 [] 
 []

l2hSize :tex2html_wrap58553:140.92552pt::0.0pt::349.0pt.
[80


]
File: LogRectGrids.eps Graphic file (type eps)
<LogRectGrids.eps>
Overfull \hbox (109.91138pt too wide) detected at line 5113
 [] 
 []

l2hSize :tex2html_wrap58569:140.92552pt::0.0pt::349.0pt.
[81


]
File: GridStaggerLoc2D.eps Graphic file (type eps)
<GridStaggerLoc2D.eps>
Overfull \hbox (3.31624pt too wide) detected at line 5129
 [] 
 []

l2hSize :tex2html_wrap58824:216.80998pt::0.0pt::349.0pt.
[82


]
File: GridStaggerLoc3D.eps Graphic file (type eps)
<GridStaggerLoc3D.eps>
Overfull \hbox (3.31624pt too wide) detected at line 5135
 [] 
 []

l2hSize :tex2html_wrap58836:261.97874pt::0.0pt::349.0pt.
[83


]
File: GridExclusiveReg.eps Graphic file (type eps)
<GridExclusiveReg.eps>
Overfull \hbox (71.06937pt too wide) detected at line 5191
 [] 
 []

l2hSize :tex2html_wrap60052:203.25937pt::0.0pt::349.0pt.
[84


]
l2hSize :tex2html_wrap_inline59404:8.0pt::8.0pt::38.27788pt.
[85


]
l2hSize :tex2html_wrap_inline59406:8.0pt::8.0pt::22.72227pt.
[86


]
l2hSize :tex2html_wrap_inline59408:7.24997pt::7.24997pt::13.27785pt.
[87


]
l2hSize :tex2html_wrap_inline59414:6.74997pt::0.0pt::5.50005pt.
[88


]
File: GridCustStaggerLoc.eps Graphic file (type eps)
<GridCustStaggerLoc.eps>
Overfull \hbox (46.97935pt too wide) detected at line 5227
 [] 
 []

l2hSize :tex2html_wrap60216:223.5853pt::0.0pt::349.0pt.
[89


]
l2hSize :tex2html_wrap_inline59416:8.0pt::8.0pt::22.72227pt.
[90


]
l2hSize :tex2html_wrap_inline59418:7.24997pt::7.24997pt::13.27785pt.
[91


]
l2hSize :tex2html_wrap_inline59426:8.0pt::8.0pt::32.1667pt.
[92


]
l2hSize :tex2html_wrap_inline59428:8.0pt::8.0pt::32.1667pt.
[93


]
File: GridCellsAndCorners.eps Graphic file (type eps)
<GridCellsAndCorners.eps>
l2hSize :tex2html_wrap60244:162.6075pt::0.0pt::349.0pt.
[94


]
l2hSize :tex2html_wrap_inline59450:8.0pt::8.0pt::32.7223pt.
[95


]
l2hSize :tex2html_wrap_inline65132:8.14003pt::0.0pt::14.98619pt.
[96


]
l2hSize :tex2html_wrap_inline68033:6.74997pt::0.0pt::5.1563pt.
[97


]
l2hSize :tex2html_wrap_inline68035:8.0pt::8.0pt::527.62456pt.

Overfull \hbox (181.62457pt too wide) in paragraph at lines 5676--5677
[]|[] 
 []

[98


]
l2hSize :tex2html_wrap_inline68039:8.0pt::8.0pt::109.4784pt.
[99


]
l2hSize :tex2html_wrap_inline68051:8.0pt::8.0pt::553.72885pt.

Overfull \hbox (207.72887pt too wide) in paragraph at lines 5698--5699
[]|[] 
 []

[100


]
l2hSize :tex2html_wrap_inline68988:7.44444pt::7.44444pt::9.88202pt.
[101


]
l2hSize :tex2html_wrap_inline68990:6.83331pt::0.0pt::8.00005pt.
[102


]
l2hSize :tex2html_wrap_inline68992:7.44444pt::7.44444pt::9.88202pt.
[103


]
l2hSize :tex2html_wrap_inline69004:6.83331pt::0.0pt::8.31949pt.
[104


]
l2hSize :tex2html_wrap_inline69006:10.38896pt::10.38896pt::164.95984pt.
[105


]
l2hSize :tex2html_wrap_inline69008:10.38896pt::10.38896pt::239.29778pt.
[106


]
l2hSize :tex2html_wrap_inline69010:7.24997pt::7.24997pt::16.09639pt.
[107


]
l2hSize :tex2html_wrap_inline69014:6.83331pt::0.0pt::8.68056pt.
[108


]
File: XGridEx1.eps Graphic file (type eps)
<XGridEx1.eps>
Overfull \hbox (80.4086pt too wide) detected at line 5860
 [] 
 []

l2hSize :tex2html_wrap69586:288.48068pt::0.0pt::349.0pt.
[109


]
l2hSize :tex2html_wrap_inline71724:6.74997pt::0.0pt::8.27783pt.
[110


]
l2hSize :tex2html_wrap_inline71726:6.83331pt::0.0pt::9.625pt.
[111


]
l2hSize :tex2html_wrap_inline71728:8.0pt::8.0pt::90.48274pt.
[112


]
l2hSize :tex2html_wrap_inline71730:6.83331pt::0.0pt::27.70514pt.
[113


]
l2hSize :tex2html_wrap_inline71732:7.33331pt::7.33331pt::26.84715pt.
[114


]
l2hSize :tex2html_wrap_inline71736:7.24997pt::7.24997pt::22.7222pt.
[115


]
l2hSize :tex2html_wrap_inline71738:7.24997pt::7.24997pt::41.05544pt.
[116


]
File: dgconnect_2tiles_not_connected.eps Graphic file (type eps)
<dgconnect_2tiles_not_connected.eps>
Overfull \hbox (121.75876pt too wide) detected at line 6172
 [] 
 []

l2hSize :tex2html_wrap139788:242.9075pt::0.0pt::349.0pt.
[117


]
! Missing $ inserted.
<inserted text> 
                $
l.6177 
       
I've inserted a begin-math/end-math symbol since I think
you left one out. Proceed, with fingers crossed.

! Display math should end with $$.
<to be read again> 
                   \par 
l.6177 
       
The `$' that I just saw supposedly matches a previous `$$'.
So I shall assume that you typed `$$' both times.

! Missing $ inserted.
<inserted text> 
                $
l.6178    \vec
               a \rightarrow \vec b = \hat R \vec a + \vec P.
I've inserted a begin-math/end-math symbol since I think
you left one out. Proceed, with fingers crossed.

! Missing $ inserted.
<inserted text> 
                $
l.6179    \end{displaymath}
                           %
I've inserted something that you may have forgotten.
(See the <inserted text> above.)
With luck, this will get me unwedged. But if you
really didn't forget anything, try typing `2' now; then
my insertion and my current dilemma will both disappear.

l2hSize :displaymath71347:30.74997pt::0.83333pt::349.0pt.
[118


]
l2hSize :tex2html_wrap_inline71742:7.14444pt::0.0pt::5.78592pt.
[119


]
l2hSize :tex2html_wrap_inline71744:9.78334pt::0.0pt::4.79169pt.
[120


]
l2hSize :tex2html_wrap_inline71746:9.47221pt::0.0pt::8.17018pt.
[121


]
l2hSize :tex2html_wrap_inline71748:9.67221pt::0.0pt::8.30907pt.
[122


]
l2hSize :tex2html_wrap_inline71754:9.47221pt::0.0pt::28.17018pt.
[123


]
l2hSize :tex2html_wrap_inline71756:10.17221pt::10.17221pt::43.86453pt.
[124


]
l2hSize :tex2html_wrap_inline71758:10.28334pt::10.28334pt::166.77512pt.
[125


]
File: dgconnect_2tiles_connected.eps Graphic file (type eps)
<dgconnect_2tiles_connected.eps>
Overfull \hbox (121.75876pt too wide) detected at line 6229
 [] 
 []

l2hSize :tex2html_wrap139802:242.9075pt::0.0pt::349.0pt.
[126


]
l2hSize :displaymath71375:12.83333pt::0.0pt::349.0pt.
[127


]
l2hSize :tex2html_wrap_inline71764:9.78334pt::0.0pt::25.63301pt.
[128


]
l2hSize :tex2html_wrap_inline71768:7.64444pt::7.64444pt::5.53128pt.
[129


]
l2hSize :tex2html_wrap_indisplay139810:10.28334pt::10.28334pt::25.63301pt.
[130


]
l2hSize :tex2html_wrap_indisplay139811:7.24997pt::7.24997pt::8.27783pt.
[131


]
l2hSize :tex2html_wrap_indisplay139812:9.97221pt::9.97221pt::55.74065pt.
[132


]
l2hSize :tex2html_wrap_indisplay139814:9.97221pt::9.97221pt::65.04633pt.
[133


]
l2hSize :displaymath71386:14.5pt::0.0pt::349.0pt.
[134


]
l2hSize :tex2html_wrap_inline71770:8.98969pt::0.0pt::4.11115pt.
[135


]
! Missing $ inserted.
<inserted text> 
                $
l.6292 
       
I've inserted a begin-math/end-math symbol since I think
you left one out. Proceed, with fingers crossed.

! Display math should end with $$.
<to be read again> 
                   \par 
l.6292 
       
The `$' that I just saw supposedly matches a previous `$$'.
So I shall assume that you typed `$$' both times.

! Missing $ inserted.
<inserted text> 
                $
l.6293    \vec
               a \rightarrow \vec b =
I've inserted a begin-math/end-math symbol since I think
you left one out. Proceed, with fingers crossed.

! Missing $ inserted.
<inserted text> 
                $
l.6295    \end{displaymath}
                           %
I've inserted something that you may have forgotten.
(See the <inserted text> above.)
With luck, this will get me unwedged. But if you
really didn't forget anything, try typing `2' now; then
my insertion and my current dilemma will both disappear.

l2hSize :displaymath71391:30.74997pt::2.5pt::349.0pt.
[136


]
! Missing $ inserted.
<inserted text> 
                $
l.6302 
       
I've inserted a begin-math/end-math symbol since I think
you left one out. Proceed, with fingers crossed.

! Display math should end with $$.
<to be read again> 
                   \par 
l.6302 
       
The `$' that I just saw supposedly matches a previous `$$'.
So I shall assume that you typed `$$' both times.

! Missing $ inserted.
<inserted text> 
                $
l.6303    \vec
               P = ({1\!\!1} - \hat R) \vec p + \vec t.
I've inserted a begin-math/end-math symbol since I think
you left one out. Proceed, with fingers crossed.

! Missing $ inserted.
<inserted text> 
                $
l.6304    \end{displaymath}
                           %
I've inserted something that you may have forgotten.
(See the <inserted text> above.)
With luck, this will get me unwedged. But if you
really didn't forget anything, try typing `2' now; then
my insertion and my current dilemma will both disappear.

l2hSize :displaymath71396:30.74997pt::2.5pt::349.0pt.
[137


]
l2hSize :tex2html_wrap_inline71774:6.88586pt::0.0pt::15.09729pt.
[138


]
l2hSize :tex2html_wrap_inline71778:6.88586pt::0.0pt::10.09727pt.
[139


]
l2hSize :tex2html_wrap_inline71780:15.0001pt::15.0001pt::45.22235pt.
[140


]
l2hSize :tex2html_wrap_inline71782:15.0001pt::15.0001pt::30.22234pt.
[141


]
l2hSize :tex2html_wrap_inline71786:15.0001pt::15.0001pt::53.00015pt.
[142


]
l2hSize :tex2html_wrap_inline71788:15.0001pt::15.0001pt::38.00014pt.
[143


]
l2hSize :tex2html_wrap_inline71790:6.88586pt::0.0pt::20.0973pt.
[144


]
l2hSize :tex2html_wrap_inline71792:15.0001pt::15.0001pt::60.77795pt.
[145


]
l2hSize :tex2html_wrap_inline71794:15.0001pt::15.0001pt::38.00014pt.
[146


]
l2hSize :tex2html_wrap_inline71796:6.88586pt::0.0pt::20.0973pt.
[147


]
l2hSize :tex2html_wrap_inline71798:15.0001pt::15.0001pt::53.00015pt.
[148


]
l2hSize :tex2html_wrap_inline71800:15.0001pt::15.0001pt::38.00014pt.
[149


]
l2hSize :tex2html_wrap_inline71804:15.0001pt::15.0001pt::53.00015pt.
[150


]
l2hSize :tex2html_wrap_inline71806:15.0001pt::15.0001pt::38.00014pt.
[151


]
l2hSize :tex2html_wrap_inline71810:15.0001pt::15.0001pt::53.00015pt.
[152


]
l2hSize :tex2html_wrap_inline71812:15.0001pt::15.0001pt::38.00014pt.
[153


]
l2hSize :tex2html_wrap_inline71816:15.0001pt::15.0001pt::45.22235pt.
[154


]
l2hSize :tex2html_wrap_inline71818:15.0001pt::15.0001pt::30.22234pt.
[155


]
l2hSize :tex2html_wrap_inline71822:15.0001pt::15.0001pt::60.77795pt.
[156


]
l2hSize :tex2html_wrap_inline71824:15.0001pt::15.0001pt::38.00014pt.
[157


]
l2hSize :tex2html_wrap_inline71826:6.88586pt::0.0pt::35.25012pt.
[158


]
l2hSize :tex2html_wrap_inline71828:7.38586pt::7.38586pt::55.25006pt.
[159


]
File: dgconnect_1tile_not_connected.eps Graphic file (type eps)
<dgconnect_1tile_not_connected.eps>
l2hSize :tex2html_wrap139882:311.1625pt::0.0pt::349.0pt.
[160


]
l2hSize :tex2html_wrap_inline71830:10.28334pt::10.28334pt::166.15607pt.
[161


]
File: dgconnect_1tile_periodic1_connected.eps Graphic file (type eps)
<dgconnect_1tile_periodic1_connected.eps>
l2hSize :tex2html_wrap139888:311.1625pt::0.0pt::349.0pt.
[162


]
File: dgconnect_1tile_periodic2_connected.eps Graphic file (type eps)
<dgconnect_1tile_periodic2_connected.eps>
l2hSize :tex2html_wrap139892:311.1625pt::0.0pt::349.0pt.
[163


]
l2hSize :tex2html_wrap_inline71842:7.24997pt::7.24997pt::21.16731pt.
[164


]
l2hSize :tex2html_wrap_inline71854:7.24997pt::7.24997pt::39.11029pt.
[165


]
l2hSize :tex2html_wrap_inline71856:6.88586pt::0.0pt::20.0973pt.
[166


]
l2hSize :tex2html_wrap_inline71858:8.0pt::8.0pt::110.90118pt.
[167


]
l2hSize :tex2html_wrap_inline71860:7.24997pt::7.24997pt::100.45555pt.
[168


]
l2hSize :displaymath71530:25.00023pt::0.0pt::349.0pt.
[169


]
l2hSize :tex2html_wrap_indisplay139911:10.17221pt::10.17221pt::8.30907pt.
[170


]
l2hSize :tex2html_wrap_indisplay139913:10.28334pt::10.28334pt::29.96986pt.
[171


]
l2hSize :tex2html_wrap_indisplay139915:15.0001pt::15.0001pt::198.26003pt.
[172


]
l2hSize :tex2html_wrap_indisplay139917:15.0001pt::15.0001pt::72.47545pt.
[173


]
File: dgconnect_1tile_peripole_connected.eps Graphic file (type eps)
<dgconnect_1tile_peripole_connected.eps>
l2hSize :tex2html_wrap139928:318.18875pt::0.0pt::349.0pt.
[174


]
l2hSize :tex2html_wrap_inline71876:8.0pt::8.0pt::137.62262pt.
[175


]
l2hSize :tex2html_wrap_inline71878:8.0pt::8.0pt::172.06693pt.
[176


]
l2hSize :tex2html_wrap_inline71884:7.24997pt::7.24997pt::19.31389pt.
[177


]
l2hSize :tex2html_wrap_indisplay139941:15.0001pt::15.0001pt::182.50655pt.
[178


]
l2hSize :tex2html_wrap_indisplay139943:15.0001pt::15.0001pt::80.61635pt.
[179


]
File: dgconnect_1tile_peribipole_connected.eps Graphic file (type eps)
<dgconnect_1tile_peribipole_connected.eps>
l2hSize :tex2html_wrap139953:318.18875pt::0.0pt::349.0pt.
[180


]
File: dgconnect_cusph_not_connected.eps Graphic file (type eps)
<dgconnect_cusph_not_connected.eps>
Overfull \hbox (27.40625pt too wide) detected at line 6634
 [] 
 []

l2hSize :tex2html_wrap139958:290.08376pt::0.0pt::349.0pt.
[181


]
File: dgconnect_cusph_5connected.eps Graphic file (type eps)
<dgconnect_cusph_5connected.eps>
Overfull \hbox (27.40625pt too wide) detected at line 6640
 [] 
 []

l2hSize :tex2html_wrap139962:290.08376pt::0.0pt::349.0pt.
[182


]
l2hSize :tex2html_wrap_inline71900:6.74997pt::0.0pt::10.50005pt.
[183


]
File: dgconnect_cusph_6connected.eps Graphic file (type eps)
<dgconnect_cusph_6connected.eps>
Overfull \hbox (27.40625pt too wide) detected at line 6652
 [] 
 []

l2hSize :tex2html_wrap139970:290.08376pt::0.0pt::349.0pt.
[184


]
! Missing $ inserted.
<inserted text> 
                $
l.6657 
       
I've inserted a begin-math/end-math symbol since I think
you left one out. Proceed, with fingers crossed.

! Display math should end with $$.
<to be read again> 
                   \par 
l.6657 
       
The `$' that I just saw supposedly matches a previous `$$'.
So I shall assume that you typed `$$' both times.

! Missing $ inserted.
<inserted text> 
                $
l.6658    \vec
               P = \vec b - \hat R \vec a.
I've inserted a begin-math/end-math symbol since I think
you left one out. Proceed, with fingers crossed.

! Missing $ inserted.
<inserted text> 
                $
l.6659    \end{displaymath}
                           %
I've inserted something that you may have forgotten.
(See the <inserted text> above.)
With luck, this will get me unwedged. But if you
really didn't forget anything, try typing `2' now; then
my insertion and my current dilemma will both disappear.

l2hSize :displaymath71661:30.74997pt::0.83333pt::349.0pt.
[185


]
l2hSize :tex2html_wrap_inline71916:6.88586pt::0.0pt::15.09729pt.
[186


]
l2hSize :tex2html_wrap_inline71920:6.88586pt::0.0pt::20.0973pt.
[187


]
l2hSize :tex2html_wrap_inline71922:15.0001pt::15.0001pt::74.00352pt.
[188


]
l2hSize :tex2html_wrap_inline71930:15.0001pt::15.0001pt::74.00352pt.
[189


]
File: dgconnect_cusph_2rotconnected.eps Graphic file (type eps)
<dgconnect_cusph_2rotconnected.eps>
Overfull \hbox (27.40625pt too wide) detected at line 6695
 [] 
 []

l2hSize :tex2html_wrap139992:290.08376pt::0.0pt::349.0pt.
[190


]
File: dgconnect_cusph_12connected.eps Graphic file (type eps)
<dgconnect_cusph_12connected.eps>
Overfull \hbox (31.42125pt too wide) detected at line 6701
 [] 
 []

l2hSize :tex2html_wrap139996:321.2pt::0.0pt::349.0pt.
[191


]
l2hSize :tex2html_wrap_inline73458:8.64003pt::8.64003pt::118.41658pt.
[192


]
l2hSize :tex2html_wrap_inline73466:7.24997pt::7.24997pt::23.72453pt.
[193


]
l2hSize :tex2html_wrap_inline73468:6.74997pt::0.0pt::17.05789pt.
[194


]
File: TimeMgr_desc.eps Graphic file (type eps)
<TimeMgr_desc.eps>
Overfull \hbox (124.76999pt too wide) detected at line 7426
 [] 
 []

l2hSize :tex2html_wrap140386:137.51375pt::0.0pt::349.0pt.
[195


]
l2hSize :tex2html_wrap_inline80152:9.22066pt::9.22066pt::19.86676pt.
[196


]
File: TimeMgr_obj.eps Graphic file (type eps)
<TimeMgr_obj.eps>
Overfull \hbox (124.76999pt too wide) detected at line 7444
 [] 
 []

l2hSize :tex2html_wrap140425:219.82124pt::0.0pt::349.0pt.
[197


]
l2hSize :tex2html_wrap_inline80268:8.14003pt::0.0pt::8.97229pt.
[198


]
l2hSize :tex2html_wrap_inline81820:8.14003pt::0.0pt::13.9723pt.
[199


]
l2hSize :tex2html_wrap_inline81824:8.14003pt::0.0pt::13.9723pt.
[200


]
File: Log_obj.eps Graphic file (type eps)
<Log_obj.eps>
Overfull \hbox (124.76999pt too wide) detected at line 8436
 [] 
 []

l2hSize :tex2html_wrap141764:210.78749pt::0.0pt::349.0pt.
[201


]
l2hSize :tex2html_wrap_inline98578:8.0pt::8.0pt::98.69392pt.
[202


]
l2hSize :tex2html_wrap_inline98580:8.0pt::8.0pt::81.47177pt.
[203


]
File: VM_design.eps Graphic file (type eps)
<VM_design.eps>
Overfull \hbox (105.70335pt too wide) detected at line 9239
 [] 
 []

l2hSize :tex2html_wrap101767:331.84311pt::0.0pt::349.0pt.
[204


]
l2hSize :tex2html_wrap_inline103013:7.24997pt::7.24997pt::8.27783pt.
[205


]
l2hSize :tex2html_wrap_inline103015:7.24997pt::7.24997pt::8.27783pt.
[206


]
l2hSize :tex2html_wrap_inline103033:8.0pt::8.0pt::75.17973pt.
[207


]
File: Appendix_uml.eps Graphic file (type eps)
<Appendix_uml.eps>
Overfull \hbox (8.33635pt too wide) detected at line 9725
 [] 
 []

l2hSize :tex2html_wrap108260:480.99883pt::0.0pt::349.0pt.
[208


]
Package atveryend Info: Empty hook `BeforeClearDocument' on input line 9845.
Package atveryend Info: Empty hook `AfterLastShipout' on input line 9845.
(./images.aux)
Package atveryend Info: Empty hook `AtVeryEndDocument' on input line 9845.
Package atveryend Info: Executing hook `AtEndAfterFileList' on input line 9845.


Package rerunfilecheck Warning: File `images.out' has changed.
(rerunfilecheck)                Rerun to get outlines right
(rerunfilecheck)                or use package `bookmark'.

Package rerunfilecheck Info: Checksums for `images.out':
(rerunfilecheck)             Before: <no file>
(rerunfilecheck)             After:  D41D8CD98F00B204E9800998ECF8427E;0.
Package atveryend Info: Empty hook `AtVeryVeryEnd' on input line 9845.
 ) 
Here is how much of TeX's memory you used:
 6756 strings out of 492983
 100745 string characters out of 6134922
 221508 words of memory out of 5000000
 10255 multiletter control sequences out of 15000+600000
 6047 words of font info for 16 fonts, out of 8000000 for 9000
 1141 hyphenation exceptions out of 8191
 29i,8n,35p,834b,367s stack positions out of 5000i,500n,10000p,200000b,80000s

Output written on images.dvi (208 pages, 135856 bytes).
