This is pdfTeXk, Version 3.1415926-1.40.9 (Web2C 7.5.7) (format=latex 2008.12.28)  28 MAY 2010 10:06
entering extended mode
 %&-line parsing enabled.
**./images.tex
(./images.tex
LaTeX2e <2005/12/01>
Babel <v3.8l> and hyphenation patterns for english, usenglishmax, dumylang, noh
yphenation, german-x-2008-06-18, ngerman-x-2008-06-18, ancientgreek, ibycus, ar
abic, basque, bulgarian, catalan, pinyin, coptic, croatian, czech, danish, dutc
h, esperanto, estonian, farsi, finnish, french, galician, german, ngerman, mono
greek, greek, hungarian, icelandic, indonesian, interlingua, irish, italian, la
tin, lithuanian, mongolian, mongolian2a, bokmal, nynorsk, polish, portuguese, r
omanian, russian, sanskrit, serbian, slovak, slovenian, spanish, swedish, turki
sh, ukenglish, ukrainian, uppersorbian, welsh, loaded.

(/usr/local/texlive/2008/texmf-dist/tex/latex/base/article.cls
Document Class: article 2005/09/16 v1.4f Standard LaTeX document class
(/usr/local/texlive/2008/texmf-dist/tex/latex/base/size10.clo
File: size10.clo 2005/09/16 v1.4f Standard LaTeX file (size option)
)
\c@part=\count79
\c@section=\count80
\c@subsection=\count81
\c@subsubsection=\count82
\c@paragraph=\count83
\c@subparagraph=\count84
\c@figure=\count85
\c@table=\count86
\abovecaptionskip=\skip41
\belowcaptionskip=\skip42
\bibindent=\dimen102
) (/usr/local/texlive/2008/texmf-dist/tex/latex/base/ifthen.sty
Package: ifthen 2001/05/26 v1.1c Standard LaTeX ifthen package (DPC)
) (/usr/local/texlive/2008/texmf-dist/tex/generic/babel/babel.sty
Package: babel 2008/07/06 v3.8l The Babel package
(/usr/local/texlive/2008/texmf-dist/tex/generic/babel/english.ldf
Language: english 2005/03/30 v3.3o English support from the babel system
(/usr/local/texlive/2008/texmf-dist/tex/generic/babel/babel.def
File: babel.def 2008/07/06 v3.8l Babel common definitions
\babel@savecnt=\count87
\U@D=\dimen103
)
\l@canadian = a dialect from \language\l@american 
\l@australian = a dialect from \language\l@british 
\l@newzealand = a dialect from \language\l@british 
)) (/usr/local/texlive/2008/texmf-dist/tex/latex/supertabular/supertabular.sty
Package: supertabular 2004/02/20 v4.1e the supertabular environment
\c@tracingst=\count88
\ST@wd=\dimen104
\ST@rightskip=\skip43
\ST@leftskip=\skip44
\ST@parfillskip=\skip45
\ST@pageleft=\dimen105
\ST@headht=\dimen106
\ST@tailht=\dimen107
\ST@pagesofar=\dimen108
\ST@pboxht=\dimen109
\ST@lineht=\dimen110
\ST@stretchht=\dimen111
\ST@prevht=\dimen112
\ST@toadd=\dimen113
\ST@dimen=\dimen114
\ST@pbox=\box26
) (/usr/local/texlive/2008/texmf/tex/latex/html/html.sty (/usr/local/texlive/20
08/texmf-dist/tex/latex/hyperref/hyperref.sty
Package: hyperref 2009/02/22 v6.78p Hypertext links for LaTeX
(/usr/local/texlive/2008/texmf-dist/tex/latex/graphics/keyval.sty
Package: keyval 1999/03/16 v1.13 key=value parser (DPC)
\KV@toks@=\toks14
) (/usr/local/texlive/2008/texmf-dist/tex/generic/oberdiek/ifpdf.sty
Package: ifpdf 2007/12/12 v1.6 Provides the ifpdf switch (HO)
Package ifpdf Info: pdfTeX in pdf mode not detected.
) (/usr/local/texlive/2008/texmf-dist/tex/generic/oberdiek/ifvtex.sty
Package: ifvtex 2008/11/04 v1.4 Switches for detecting VTeX and its modes (HO)
Package ifvtex Info: VTeX not detected.
) (/usr/local/texlive/2008/texmf-dist/tex/generic/ifxetex/ifxetex.sty
Package: ifxetex 2009/01/23 v0.5 Provides ifxetex conditional
) (/usr/local/texlive/2008/texmf-dist/tex/latex/oberdiek/hycolor.sty
Package: hycolor 2008/09/08 v1.4 Code for color options of hyperref/bookmark (H
O)
(/usr/local/texlive/2008/texmf-dist/tex/latex/oberdiek/xcolor-patch.sty
Package: xcolor-patch 2008/09/08 xcolor patch
))
\@linkdim=\dimen115
\Hy@linkcounter=\count89
\Hy@pagecounter=\count90
(/usr/local/texlive/2008/texmf-dist/tex/latex/hyperref/pd1enc.def
File: pd1enc.def 2009/02/22 v6.78p Hyperref: PDFDocEncoding definition (HO)
) (/usr/local/texlive/2008/texmf-dist/tex/generic/oberdiek/etexcmds.sty
Package: etexcmds 2007/12/12 v1.2 Prefix for e-TeX command names (HO)
(/usr/local/texlive/2008/texmf-dist/tex/generic/oberdiek/infwarerr.sty
Package: infwarerr 2007/09/09 v1.2 Providing info/warning/message (HO)
)
Package etexcmds Info: Could not find \expanded.
(etexcmds)             That can mean that you are not using pdfTeX 1.50 or
(etexcmds)             that some package has redefined \expanded.
(etexcmds)             In the latter case, load this package earlier.
) (/usr/local/texlive/2008/texmf/tex/latex/config/hyperref.cfg
File: hyperref.cfg 2002/06/06 v1.2 hyperref configuration of TeXLive
) (/usr/local/texlive/2008/texmf-dist/tex/latex/oberdiek/kvoptions.sty
Package: kvoptions 2007/10/18 v3.0 Keyval support for LaTeX options (HO)
)
Package hyperref Info: Hyper figures OFF on input line 2935.
Package hyperref Info: Link nesting OFF on input line 2940.
Package hyperref Info: Hyper index ON on input line 2943.
Package hyperref Info: Plain pages OFF on input line 2950.
Package hyperref Info: Backreferencing OFF on input line 2955.
Implicit mode ON; LaTeX internals redefined
Package hyperref Info: Bookmarks ON on input line 3145.
(/usr/local/texlive/2008/texmf/tex/latex/html/url.sty
Package: url 1999/03/02  ver 1.4  Verb mode for urls, email addresses, and file
 names
)
LaTeX Info: Redefining \url on input line 3382.
(/usr/local/texlive/2008/texmf-dist/tex/generic/oberdiek/bitset.sty
Package: bitset 2007/09/28 v1.0 Data type bit set (HO)
(/usr/local/texlive/2008/texmf-dist/tex/generic/oberdiek/intcalc.sty
Package: intcalc 2007/09/27 v1.1 Expandable integer calculations (HO)
) (/usr/local/texlive/2008/texmf-dist/tex/generic/oberdiek/bigintcalc.sty
Package: bigintcalc 2007/11/11 v1.1 Expandable big integer calculations (HO)
(/usr/local/texlive/2008/texmf-dist/tex/generic/oberdiek/pdftexcmds.sty
Package: pdftexcmds 2007/12/12 v0.3 LuaTeX support for pdfTeX utility functions
 (HO)
Package pdftexcmds Info: LuaTeX not detected on input line 139.
))) (/usr/local/texlive/2008/texmf-dist/tex/generic/oberdiek/kvsetkeys.sty
Package: kvsetkeys 2007/09/29 v1.3 Key value parser with default handler suppor
t (HO)
)
\Fld@menulength=\count91
\Field@Width=\dimen116
\Fld@charsize=\dimen117
\Field@toks=\toks15
Package hyperref Info: Hyper figures OFF on input line 4299.
Package hyperref Info: Link nesting OFF on input line 4304.
Package hyperref Info: Hyper index ON on input line 4307.
Package hyperref Info: backreferencing OFF on input line 4314.
Package hyperref Info: Link coloring OFF on input line 4319.
Package hyperref Info: Link coloring with OCG OFF on input line 4324.
Package hyperref Info: PDF/A mode OFF on input line 4329.
(/usr/local/texlive/2008/texmf-dist/tex/generic/oberdiek/atbegshi.sty
Package: atbegshi 2008/07/31 v1.9 At begin shipout hook (HO)
)
\Hy@abspage=\count92
\c@Item=\count93
\c@Hfootnote=\count94
)
*hyperref using default driver hdvips*
(/usr/local/texlive/2008/texmf-dist/tex/latex/hyperref/hdvips.def
File: hdvips.def 2009/02/22 v6.78p Hyperref driver for dvips
(/usr/local/texlive/2008/texmf-dist/tex/latex/hyperref/pdfmark.def
File: pdfmark.def 2009/02/22 v6.78p Hyperref definitions for pdfmark specials
\pdf@docset=\toks16
\pdf@box=\box27
\pdf@toks=\toks17
\pdf@defaulttoks=\toks18
\Fld@listcount=\count95
))
Package: html 1999/07/19 v1.38 hypertext commands for latex2html (nd, hws, rrm)

\c@lpart=\count96
\c@lchapter=\count97
\c@chapter=\count98
\c@lsection=\count99
\c@lsubsection=\count100
\c@lsubsubsection=\count101
\c@lparagraph=\count102
\c@lsubparagraph=\count103
\c@lsubsubparagraph=\count104
\ptrfile=\write3
) (/usr/local/texlive/2008/texmf-dist/tex/latex/psnfss/times.sty
Package: times 2005/04/12 PSNFSS-v9.2a (SPQR) 
) (/usr/local/texlive/2008/texmf-dist/tex/latex/graphics/graphicx.sty
Package: graphicx 1999/02/16 v1.0f Enhanced LaTeX Graphics (DPC,SPQR)
(/usr/local/texlive/2008/texmf-dist/tex/latex/graphics/graphics.sty
Package: graphics 2006/02/20 v1.0o Standard LaTeX Graphics (DPC,SPQR)
(/usr/local/texlive/2008/texmf-dist/tex/latex/graphics/trig.sty
Package: trig 1999/03/16 v1.09 sin cos tan (DPC)
) (/usr/local/texlive/2008/texmf/tex/latex/config/graphics.cfg
File: graphics.cfg 2007/01/18 v1.5 graphics configuration of teTeX/TeXLive
)
Package graphics Info: Driver file: dvips.def on input line 90.
(/usr/local/texlive/2008/texmf-dist/tex/latex/graphics/dvips.def
File: dvips.def 1999/02/16 v3.0i Driver-dependant file (DPC,SPQR)
))
\Gin@req@height=\dimen118
\Gin@req@width=\dimen119
) (/usr/local/texlive/2008/texmf-dist/tex/latex/base/fontenc.sty
Package: fontenc 2005/09/27 v1.99g Standard LaTeX package
(/usr/local/texlive/2008/texmf-dist/tex/latex/base/t1enc.def
File: t1enc.def 2005/09/27 v1.99g Standard LaTeX file
LaTeX Font Info:    Redeclaring font encoding T1 on input line 43.
)) (/usr/local/texlive/2008/texmf-dist/tex/latex/graphics/color.sty
Package: color 2005/11/14 v1.0j Standard LaTeX Color (DPC)
(/usr/local/texlive/2008/texmf/tex/latex/config/color.cfg
File: color.cfg 2007/01/18 v1.5 color configuration of teTeX/TeXLive
)
Package color Info: Driver file: dvips.def on input line 130.
(/usr/local/texlive/2008/texmf-dist/tex/latex/graphics/dvipsnam.def
File: dvipsnam.def 1999/02/16 v3.0i Driver-dependant file (DPC,SPQR)
)) (/usr/local/texlive/2008/texmf-dist/tex/latex/base/inputenc.sty
Package: inputenc 2006/05/05 v1.1b Input encoding file
\inpenc@prehook=\toks19
\inpenc@posthook=\toks20
)
\sizebox=\box28
\lthtmlwrite=\write4
(./images.aux)
\openout1 = `images.aux'.

LaTeX Font Info:    Checking defaults for OML/cmm/m/it on input line 137.
LaTeX Font Info:    ... okay on input line 137.
LaTeX Font Info:    Checking defaults for T1/cmr/m/n on input line 137.
LaTeX Font Info:    ... okay on input line 137.
LaTeX Font Info:    Checking defaults for OT1/cmr/m/n on input line 137.
LaTeX Font Info:    ... okay on input line 137.
LaTeX Font Info:    Checking defaults for OMS/cmsy/m/n on input line 137.
LaTeX Font Info:    ... okay on input line 137.
LaTeX Font Info:    Checking defaults for OMX/cmex/m/n on input line 137.
LaTeX Font Info:    ... okay on input line 137.
LaTeX Font Info:    Checking defaults for U/cmr/m/n on input line 137.
LaTeX Font Info:    ... okay on input line 137.
LaTeX Font Info:    Checking defaults for PD1/pdf/m/n on input line 137.
LaTeX Font Info:    ... okay on input line 137.
LaTeX Font Info:    Try loading font information for T1+ptm on input line 137.
(/usr/local/texlive/2008/texmf-dist/tex/latex/psnfss/t1ptm.fd
File: t1ptm.fd 2001/06/04 font definitions for T1/ptm.
)
Package hyperref Info: Link coloring OFF on input line 137.
(/usr/local/texlive/2008/texmf-dist/tex/latex/hyperref/nameref.sty
Package: nameref 2007/05/29 v2.31 Cross-referencing by name of section
(/usr/local/texlive/2008/texmf-dist/tex/latex/oberdiek/refcount.sty
Package: refcount 2008/08/11 v3.1 Data extraction from references (HO)
)
\c@section@level=\count105
)
LaTeX Info: Redefining \ref on input line 137.
LaTeX Info: Redefining \pageref on input line 137.
\@outlinefile=\write5
\openout5 = `images.out'.

\AtBeginShipoutBox=\box29

latex2htmlLength hsize=349.0pt

latex2htmlLength vsize=697.295pt

latex2htmlLength hoffset=0.0pt

latex2htmlLength voffset=0.0pt

latex2htmlLength topmargin=0.0pt

latex2htmlLength topskip=0.00003pt

latex2htmlLength headheight=0.0pt

latex2htmlLength headsep=0.0pt

latex2htmlLength parskip=0.0pt plus 1.0pt

latex2htmlLength oddsidemargin=0.0pt

latex2htmlLength evensidemargin=0.0pt

File: ESMF_sandwich.eps Graphic file (type eps)
<ESMF_sandwich.eps>
Overfull \hbox (33.42874pt too wide) detected at line 168
 [] 
 []

l2hSize :tex2html_wrap256:210.78749pt::0.0pt::349.0pt.
[1



]
File: ESMF_GEOS5.eps Graphic file (type eps)
<ESMF_GEOS5.eps>
Overfull \hbox (160.905pt too wide) detected at line 224
 [] 
 []

l2hSize :tex2html_wrap1432:310.15874pt::0.0pt::349.0pt.
[2


]
File: ESMF_appunit.eps Graphic file (type eps)
<ESMF_appunit.eps>
Overfull \hbox (124.76999pt too wide) detected at line 231
 [] 
 []

l2hSize :tex2html_wrap1452:346.29375pt::0.0pt::349.0pt.
[3


]
File: ESMF_serial.eps Graphic file (type eps)
<ESMF_serial.eps>
Overfull \hbox (44.46999pt too wide) detected at line 238
 [] 
 []

l2hSize :tex2html_wrap1472:445.665pt::0.0pt::349.0pt.
[4


]
File: ESMF_concurrent.eps Graphic file (type eps)
<ESMF_concurrent.eps>
Overfull \hbox (44.46999pt too wide) detected at line 244
 [] 
 []

l2hSize :tex2html_wrap1478:382.42874pt::0.0pt::349.0pt.
[5


]
File: ESMF_reconcile.eps Graphic file (type eps)
<ESMF_reconcile.eps>
Overfull \hbox (51.49625pt too wide) detected at line 252
 [] 
 []

l2hSize :tex2html_wrap1498:418.56374pt::0.0pt::349.0pt.
[6


]
File: Comp_obj.eps Graphic file (type eps)
<Comp_obj.eps>
Overfull \hbox (88.635pt too wide) detected at line 260
 [] 
 []

l2hSize :tex2html_wrap73103:143.53624pt::0.0pt::349.0pt.
[7


]
File: Excl_src_grid.eps Graphic file (type eps)
<Excl_src_grid.eps>
l2hSize :tex2html_wrap6675:158.9929pt::0.0pt::349.0pt.
[8


]
File: Excl_dst_grid.eps Graphic file (type eps)
<Excl_dst_grid.eps>
l2hSize :tex2html_wrap6681:151.76596pt::0.0pt::349.0pt.
[9


]
File: Excl_src_grid_cpl.eps Graphic file (type eps)
<Excl_src_grid_cpl.eps>
Overfull \hbox (45.77219pt too wide) detected at line 513
 [] 
 []

l2hSize :tex2html_wrap6689:183.38387pt::0.0pt::349.0pt.
[10


]
File: Excl_dst_grid_cpl.eps Graphic file (type eps)
<Excl_dst_grid_cpl.eps>
Overfull \hbox (86.42378pt too wide) detected at line 519
 [] 
 []

l2hSize :tex2html_wrap6695:187.90071pt::0.0pt::349.0pt.
[11


]
File: State_obj.eps Graphic file (type eps)
<State_obj.eps>
Overfull \hbox (124.76999pt too wide) detected at line 526
 [] 
 []

l2hSize :tex2html_wrap73532:138.51749pt::0.0pt::349.0pt.
[12


]
LaTeX Font Info:    External font `cmex10' loaded for size
(Font)              <7> on input line 657.
LaTeX Font Info:    External font `cmex10' loaded for size
(Font)              <5> on input line 657.
l2hSize :tex2html_wrap_inline8382:8.94843pt::8.94843pt::113.58128pt.
[13


]
l2hSize :tex2html_wrap_inline8384:8.94843pt::8.94843pt::110.72125pt.
[14


]
l2hSize :tex2html_wrap_inline8386:7.24997pt::7.24997pt::83.0809pt.
[15


]
l2hSize :tex2html_wrap_inline8388:8.0pt::8.0pt::112.99733pt.
[16


]
l2hSize :tex2html_wrap_inline8390:7.24997pt::7.24997pt::5.53128pt.
[17


]
l2hSize :tex2html_wrap_inline8392:7.24997pt::7.24997pt::5.67018pt.
[18


]
l2hSize :tex2html_wrap_inline8394:6.74997pt::0.0pt::6.22461pt.
[19


]
l2hSize :tex2html_wrap_inline8396:6.74997pt::0.0pt::5.70604pt.
[20


]
l2hSize :tex2html_wrap_inline11569:7.24997pt::7.24997pt::58.07022pt.
[21


]
l2hSize :tex2html_wrap_inline11571:8.0pt::8.0pt::108.93636pt.
[22


]
l2hSize :tex2html_wrap_inline11573:8.0pt::8.0pt::65.22731pt.
[23


]
l2hSize :tex2html_wrap_inline11575:7.24997pt::7.24997pt::13.0163pt.
[24


]
l2hSize :tex2html_wrap_inline11577:7.24997pt::7.24997pt::13.38538pt.
[25


]
l2hSize :tex2html_wrap_inline11579:8.0pt::8.0pt::46.09215pt.
[26


]
l2hSize :tex2html_wrap_inline11581:7.24997pt::7.24997pt::10.82816pt.
[27


]
l2hSize :tex2html_wrap_inline11583:7.44444pt::7.44444pt::30.11972pt.
[28


]
File: FieldParameterSetup.eps Graphic file (type eps)
<FieldParameterSetup.eps>
Overfull \hbox (111.72124pt too wide) detected at line 889
 [] 
 []

l2hSize :tex2html_wrap11701:596.22748pt::0.0pt::349.0pt.
[29


]
l2hSize :tex2html_wrap_inline12092:7.99998pt::7.99998pt::8.83339pt.
[30


]
l2hSize :tex2html_wrap_inline12789:8.0pt::8.0pt::164.64523pt.
[31


]
l2hSize :tex2html_wrap_inline12890:8.64003pt::8.64003pt::49.29288pt.
[32


]
l2hSize :tex2html_wrap_inline12892:8.0pt::8.0pt::52.49536pt.
[33


]
l2hSize :tex2html_wrap_inline12894:8.0pt::8.0pt::104.72679pt.
[34


]
l2hSize :tex2html_wrap_inline12898:6.74997pt::0.0pt::29.6666pt.
[35


]
l2hSize :tex2html_wrap_inline12900:6.74997pt::0.0pt::6.2153pt.
[36


]
l2hSize :tex2html_wrap_inline20822:7.24997pt::7.24997pt::32.72223pt.
[37


]
l2hSize :tex2html_wrap_inline21038:6.74997pt::0.0pt::3.94516pt.
[38


]
l2hSize :tex2html_wrap_inline21040:7.24997pt::7.24997pt::5.19052pt.
[39


]
l2hSize :tex2html_wrap_inline21697:8.0pt::8.0pt::33.27786pt.
[40


]
l2hSize :tex2html_wrap_inline21699:7.24997pt::7.24997pt::63.2776pt.
[41


]
l2hSize :tex2html_wrap_inline22676:8.0pt::8.0pt::26.83012pt.
[42


]
l2hSize :displaymath22591:14.5pt::0.0pt::349.0pt.
[43


]
l2hSize :displaymath22593:14.5pt::0.0pt::349.0pt.
[44


]
l2hSize :displaymath22595:14.86108pt::0.0pt::349.0pt.
[45


]
l2hSize :tex2html_wrap_inline22678:7.33331pt::7.33331pt::35.19728pt.
[46


]
l2hSize :tex2html_wrap_inline22680:7.33331pt::7.33331pt::36.08156pt.
[47


]
l2hSize :tex2html_wrap_inline23033:7.24997pt::7.24997pt::41.05544pt.
[48


]
l2hSize :tex2html_wrap_inline23462:6.74997pt::0.0pt::5.50005pt.
[49


]
l2hSize :tex2html_wrap_inline23466:8.0pt::8.0pt::8.27783pt.
[50


]
l2hSize :tex2html_wrap_inline23468:8.0pt::8.0pt::6.0556pt.
[51


]
File: GridDecomps.eps Graphic file (type eps)
<GridDecomps.eps>
Overfull \hbox (109.91138pt too wide) detected at line 1745
 [] 
 []

l2hSize :tex2html_wrap28372:140.92552pt::0.0pt::349.0pt.
[52


]
File: LogRectGrids.eps Graphic file (type eps)
<LogRectGrids.eps>
Overfull \hbox (109.91138pt too wide) detected at line 1752
 [] 
 []

l2hSize :tex2html_wrap28390:140.92552pt::0.0pt::349.0pt.
[53


]
File: GridExclusiveReg.eps Graphic file (type eps)
<GridExclusiveReg.eps>
Overfull \hbox (71.06937pt too wide) detected at line 1788
 [] 
 []

l2hSize :tex2html_wrap29335:203.25937pt::0.0pt::349.0pt.
[54


]
l2hSize :tex2html_wrap_inline28907:8.0pt::8.0pt::38.27788pt.
[55


]
l2hSize :tex2html_wrap_inline28909:8.0pt::8.0pt::22.72227pt.
[56


]
l2hSize :tex2html_wrap_inline28911:7.24997pt::7.24997pt::13.27785pt.
[57


]
l2hSize :tex2html_wrap_inline28917:6.74997pt::0.0pt::5.50005pt.
[58


]
File: GridCustStaggerLoc.eps Graphic file (type eps)
<GridCustStaggerLoc.eps>
Overfull \hbox (47.73218pt too wide) detected at line 1824
 [] 
 []

l2hSize :tex2html_wrap29493:223.5853pt::0.0pt::349.0pt.
[59


]
l2hSize :tex2html_wrap_inline28919:8.0pt::8.0pt::22.72227pt.
[60


]
l2hSize :tex2html_wrap_inline28921:7.24997pt::7.24997pt::13.27785pt.
[61


]
l2hSize :tex2html_wrap_inline28929:8.0pt::8.0pt::32.1667pt.
[62


]
l2hSize :tex2html_wrap_inline28931:8.0pt::8.0pt::32.1667pt.
[63


]
l2hSize :tex2html_wrap_inline28935:6.94444pt::0.0pt::5.7049pt.
[64


]
File: GridCellsAndCorners.eps Graphic file (type eps)
<GridCellsAndCorners.eps>
l2hSize :tex2html_wrap29515:162.6075pt::0.0pt::349.0pt.
[65


]
l2hSize :tex2html_wrap_inline28953:8.0pt::8.0pt::32.7223pt.
[66


]
l2hSize :tex2html_wrap_inline28959:6.74997pt::0.0pt::8.27783pt.
[67


]
File: GridStaggerLoc2D.eps Graphic file (type eps)
<GridStaggerLoc2D.eps>
Overfull \hbox (3.31624pt too wide) detected at line 1888
 [] 
 []

l2hSize :tex2html_wrap29818:216.80998pt::0.0pt::349.0pt.
[68


]
File: GridStaggerLoc3D.eps Graphic file (type eps)
<GridStaggerLoc3D.eps>
Overfull \hbox (3.31624pt too wide) detected at line 1894
 [] 
 []

l2hSize :tex2html_wrap29830:261.97874pt::0.0pt::349.0pt.
[69


]
l2hSize :tex2html_wrap_inline32195:8.14003pt::0.0pt::14.98619pt.
[70


]
l2hSize :tex2html_wrap_inline34046:6.74997pt::0.0pt::5.1563pt.
[71


]
l2hSize :tex2html_wrap_inline34048:8.0pt::8.0pt::527.62456pt.

Overfull \hbox (181.62457pt too wide) in paragraph at lines 2064--2065
[]|[] 
 []

[72


]
l2hSize :tex2html_wrap_inline34050:6.74997pt::0.0pt::6.50238pt.
[73


]
l2hSize :tex2html_wrap_inline34052:8.0pt::8.0pt::109.4784pt.
[74


]
l2hSize :tex2html_wrap_inline34605:6.83331pt::0.0pt::9.625pt.
[75


]
l2hSize :tex2html_wrap_inline34607:8.0pt::8.0pt::90.48274pt.
[76


]
l2hSize :tex2html_wrap_inline34609:6.83331pt::0.0pt::27.70514pt.
[77


]
l2hSize :tex2html_wrap_inline34611:7.33331pt::7.33331pt::26.84715pt.
[78


]
l2hSize :tex2html_wrap_inline34615:7.24997pt::7.24997pt::22.7222pt.
[79


]
l2hSize :tex2html_wrap_inline34617:7.24997pt::7.24997pt::41.05544pt.
[80


]
l2hSize :tex2html_wrap_inline35352:7.24997pt::7.24997pt::51.0555pt.
[81


]
l2hSize :tex2html_wrap_inline35356:7.24997pt::7.24997pt::23.72453pt.
[82


]
l2hSize :tex2html_wrap_inline35358:6.74997pt::0.0pt::17.05789pt.
[83


]
File: Basic_xpacket.eps Graphic file (type eps)
<Basic_xpacket.eps>
Overfull \hbox (173.1472pt too wide) detected at line 2229
 [] 
 []

l2hSize :tex2html_wrap36574:327.92288pt::0.0pt::349.0pt.
[84


]
File: Basic_xpacket_pack.eps Graphic file (type eps)
<Basic_xpacket_pack.eps>
Overfull \hbox (119.84843pt too wide) detected at line 2235
 [] 
 []

l2hSize :tex2html_wrap36620:368.5745pt::0.0pt::349.0pt.
[85


]
File: Basic_xpacket_2up.eps Graphic file (type eps)
<Basic_xpacket_2up.eps>
Overfull \hbox (174.95393pt too wide) detected at line 2241
 [] 
 []

l2hSize :tex2html_wrap36626:327.92288pt::0.0pt::349.0pt.
[86


]
File: Basic_xpacket_contig.eps Graphic file (type eps)
<Basic_xpacket_contig.eps>
Overfull \hbox (174.95393pt too wide) detected at line 2247
 [] 
 []

l2hSize :tex2html_wrap36634:327.92288pt::0.0pt::349.0pt.
[87


]
File: Basic_pack_route.eps Graphic file (type eps)
<Basic_pack_route.eps>
Overfull \hbox (174.05057pt too wide) detected at line 2253
 [] 
 []

l2hSize :tex2html_wrap36638:392.96544pt::0.0pt::349.0pt.
[88


]
File: Basic_2up_route.eps Graphic file (type eps)
<Basic_2up_route.eps>
Overfull \hbox (174.05057pt too wide) detected at line 2259
 [] 
 []

l2hSize :tex2html_wrap36644:339.66667pt::0.0pt::349.0pt.
[89


]
File: RouteHandle_obj.eps Graphic file (type eps)
<RouteHandle_obj.eps>
Overfull \hbox (138.8225pt too wide) detected at line 2266
 [] 
 []

l2hSize :tex2html_wrap75406:201.75374pt::0.0pt::349.0pt.
[90


]
File: AttributeClassUML.eps Graphic file (type eps)
<AttributeClassUML.eps>
l2hSize :tex2html_wrap75604:469.75824pt::0.0pt::349.0pt.
[91


]
File: AttributePackageUML.eps Graphic file (type eps)
<AttributePackageUML.eps>
Overfull \hbox (48.49516pt too wide) detected at line 2289
 [] 
 []

l2hSize :tex2html_wrap75608:433.639pt::0.0pt::349.0pt.
[92


]
File: AttributeHierarchyUML.eps Graphic file (type eps)
<AttributeHierarchyUML.eps>
Overfull \hbox (48.48108pt too wide) detected at line 2295
 [] 
 []

l2hSize :tex2html_wrap75612:433.62056pt::0.0pt::349.0pt.
[93


]
File: TimeMgr_desc.eps Graphic file (type eps)
<TimeMgr_desc.eps>
Overfull \hbox (124.76999pt too wide) detected at line 2492
 [] 
 []

l2hSize :tex2html_wrap75722:137.51375pt::0.0pt::349.0pt.
[94


]
l2hSize :tex2html_wrap_inline40293:9.22066pt::9.22066pt::19.86676pt.
[95


]
File: TimeMgr_obj.eps Graphic file (type eps)
<TimeMgr_obj.eps>
Overfull \hbox (124.76999pt too wide) detected at line 2510
 [] 
 []

l2hSize :tex2html_wrap75761:219.82124pt::0.0pt::349.0pt.
[96


]
l2hSize :tex2html_wrap_inline40417:8.14003pt::0.0pt::8.97229pt.
[97


]
l2hSize :tex2html_wrap_inline41840:8.14003pt::0.0pt::13.9723pt.
[98


]
l2hSize :tex2html_wrap_inline41844:8.14003pt::0.0pt::13.9723pt.
[99


]
l2hSize :tex2html_wrap_inline47691:7.24997pt::7.24997pt::73.74944pt.
[100


]
File: Log_obj.eps Graphic file (type eps)
<Log_obj.eps>
Overfull \hbox (124.76999pt too wide) detected at line 2889
 [] 
 []

l2hSize :tex2html_wrap76681:210.78749pt::0.0pt::349.0pt.
[101


]
File: VM_design.eps Graphic file (type eps)
<VM_design.eps>
Overfull \hbox (105.70335pt too wide) detected at line 3078
 [] 
 []

l2hSize :tex2html_wrap51553:331.84311pt::0.0pt::349.0pt.
[102


]
File: Appendix_uml.eps Graphic file (type eps)
<Appendix_uml.eps>
Overfull \hbox (8.33635pt too wide) detected at line 3149
 [] 
 []

l2hSize :tex2html_wrap53874:480.99883pt::0.0pt::349.0pt.
[103


] (./images.aux) ) 
Here is how much of TeX's memory you used:
 5159 strings out of 493877
 75198 string characters out of 1150590
 151917 words of memory out of 3000000
 8349 multiletter control sequences out of 10000+50000
 6551 words of font info for 19 fonts, out of 3000000 for 5000
 714 hyphenation exceptions out of 8191
 43i,5n,23p,821b,325s stack positions out of 5000i,500n,10000p,200000b,50000s

Output written on images.dvi (103 pages, 72564 bytes).
