This is pdfTeX, Version 3.141592653-2.6-1.40.26 (TeX Live 2025/dev/Debian) (preloaded format=pdflatex 2025.1.17)  29 JAN 2025 21:28
entering extended mode
 restricted \write18 enabled.
 %&-line parsing enabled.
**./images.tex
(./images.tex
LaTeX2e <2024-11-01>
L3 programming layer <2024-11-02>

(/usr/share/texlive/texmf-dist/tex/latex/base/article.cls
Document Class: article 2024/06/29 v1.4n Standard LaTeX document class
(/usr/share/texlive/texmf-dist/tex/latex/base/size10.clo
File: size10.clo 2024/06/29 v1.4n Standard LaTeX file (size option)
)
\c@part=\count196
\c@section=\count197
\c@subsection=\count198
\c@subsubsection=\count199
\c@paragraph=\count266
\c@subparagraph=\count267
\c@figure=\count268
\c@table=\count269
\abovecaptionskip=\skip49
\belowcaptionskip=\skip50
\bibindent=\dimen141
) (/usr/share/texlive/texmf-dist/tex/latex/base/ifthen.sty
Package: ifthen 2024/03/16 v1.1e Standard LaTeX ifthen package (DPC)
) (/usr/share/texlive/texmf-dist/tex/generic/babel/babel.sty
Package: babel 2024/11/08 v24.13 The multilingual framework for pdfLaTeX, LuaLa
TeX and XeLaTeX
\babel@savecnt=\count270
\U@D=\dimen142
\l@unhyphenated=\language90
(/usr/share/texlive/texmf-dist/tex/generic/babel/txtbabel.def)
\bbl@readstream=\read2
\bbl@dirlevel=\count271
(/usr/share/texlive/texmf-dist/tex/generic/babel-english/english.ldf
Language: english 2017/06/06 v3.3r English support from the babel system
Package babel Info: Hyphen rules for 'canadian' set to \l@english
(babel)             (\language0). Reported on input line 102.
Package babel Info: Hyphen rules for 'australian' set to \l@ukenglish
(babel)             (\language29). Reported on input line 105.
Package babel Info: Hyphen rules for 'newzealand' set to \l@ukenglish
(babel)             (\language29). Reported on input line 108.
)) (/usr/share/texlive/texmf-dist/tex/generic/babel/locale/en/babel-english.tex
Package babel Info: Importing font and identification data for english
(babel)             from babel-en.ini. Reported on input line 11.
) (/usr/share/texmf/tex/latex/html/html.sty (/usr/share/texlive/texmf-dist/tex/
latex/hyperref/hyperref.sty
Package: hyperref 2024-11-05 v7.01l Hypertext links for LaTeX
(/usr/share/texlive/texmf-dist/tex/generic/iftex/iftex.sty
Package: iftex 2022/02/03 v1.0f TeX engine tests
) (/usr/share/texlive/texmf-dist/tex/latex/graphics/keyval.sty
Package: keyval 2022/05/29 v1.15 key=value parser (DPC)
\KV@toks@=\toks17
) (/usr/share/texlive/texmf-dist/tex/latex/kvsetkeys/kvsetkeys.sty
Package: kvsetkeys 2022-10-05 v1.19 Key value parser (HO)
) (/usr/share/texlive/texmf-dist/tex/generic/kvdefinekeys/kvdefinekeys.sty
Package: kvdefinekeys 2019-12-19 v1.6 Define keys (HO)
) (/usr/share/texlive/texmf-dist/tex/generic/pdfescape/pdfescape.sty
Package: pdfescape 2019/12/09 v1.15 Implements pdfTeX's escape features (HO)
(/usr/share/texlive/texmf-dist/tex/generic/ltxcmds/ltxcmds.sty
Package: ltxcmds 2023-12-04 v1.26 LaTeX kernel commands for general use (HO)
) (/usr/share/texlive/texmf-dist/tex/generic/pdftexcmds/pdftexcmds.sty
Package: pdftexcmds 2020-06-27 v0.33 Utility functions of pdfTeX for LuaTeX (HO
)
(/usr/share/texlive/texmf-dist/tex/generic/infwarerr/infwarerr.sty
Package: infwarerr 2019/12/03 v1.5 Providing info/warning/error messages (HO)
)
Package pdftexcmds Info: \pdf@primitive is available.
Package pdftexcmds Info: \pdf@ifprimitive is available.
Package pdftexcmds Info: \pdfdraftmode found.
)) (/usr/share/texlive/texmf-dist/tex/latex/hycolor/hycolor.sty
Package: hycolor 2020-01-27 v1.10 Color options for hyperref/bookmark (HO)
) (/usr/share/texlive/texmf-dist/tex/latex/hyperref/nameref.sty
Package: nameref 2023-11-26 v2.56 Cross-referencing by name of section
(/usr/share/texlive/texmf-dist/tex/latex/refcount/refcount.sty
Package: refcount 2019/12/15 v3.6 Data extraction from label references (HO)
) (/usr/share/texlive/texmf-dist/tex/generic/gettitlestring/gettitlestring.sty
Package: gettitlestring 2019/12/15 v1.6 Cleanup title references (HO)
(/usr/share/texlive/texmf-dist/tex/latex/kvoptions/kvoptions.sty
Package: kvoptions 2022-06-15 v3.15 Key value format for package options (HO)
))
\c@section@level=\count272
) (/usr/share/texlive/texmf-dist/tex/latex/etoolbox/etoolbox.sty
Package: etoolbox 2020/10/05 v2.5k e-TeX tools for LaTeX (JAW)
\etb@tempcnta=\count273
) (/usr/share/texlive/texmf-dist/tex/generic/stringenc/stringenc.sty
Package: stringenc 2019/11/29 v1.12 Convert strings between diff. encodings (HO
)
)
\@linkdim=\dimen143
\Hy@linkcounter=\count274
\Hy@pagecounter=\count275
(/usr/share/texlive/texmf-dist/tex/latex/hyperref/pd1enc.def
File: pd1enc.def 2024-11-05 v7.01l Hyperref: PDFDocEncoding definition (HO)
Now handling font encoding PD1 ...
... no UTF-8 mapping file for font encoding PD1
) (/usr/share/texlive/texmf-dist/tex/generic/intcalc/intcalc.sty
Package: intcalc 2019/12/15 v1.3 Expandable calculations with integers (HO)
)
\Hy@SavedSpaceFactor=\count276
(/usr/share/texlive/texmf-dist/tex/latex/hyperref/puenc.def
File: puenc.def 2024-11-05 v7.01l Hyperref: PDF Unicode definition (HO)
Now handling font encoding PU ...
... no UTF-8 mapping file for font encoding PU
)
Package hyperref Info: Hyper figures OFF on input line 4157.
Package hyperref Info: Link nesting OFF on input line 4162.
Package hyperref Info: Hyper index ON on input line 4165.
Package hyperref Info: Plain pages OFF on input line 4172.
Package hyperref Info: Backreferencing OFF on input line 4177.
Package hyperref Info: Implicit mode ON; LaTeX internals redefined.
Package hyperref Info: Bookmarks ON on input line 4424.
\c@Hy@tempcnt=\count277
(/usr/share/texlive/texmf-dist/tex/latex/url/url.sty
\Urlmuskip=\muskip17
Package: url 2013/09/16  ver 3.4  Verb mode for urls, etc.
)
LaTeX Info: Redefining \url on input line 4763.
\XeTeXLinkMargin=\dimen144
(/usr/share/texlive/texmf-dist/tex/generic/bitset/bitset.sty
Package: bitset 2019/12/09 v1.3 Handle bit-vector datatype (HO)
(/usr/share/texlive/texmf-dist/tex/generic/bigintcalc/bigintcalc.sty
Package: bigintcalc 2019/12/15 v1.5 Expandable calculations on big integers (HO
)
))
\Fld@menulength=\count278
\Field@Width=\dimen145
\Fld@charsize=\dimen146
Package hyperref Info: Hyper figures OFF on input line 6042.
Package hyperref Info: Link nesting OFF on input line 6047.
Package hyperref Info: Hyper index ON on input line 6050.
Package hyperref Info: backreferencing OFF on input line 6057.
Package hyperref Info: Link coloring OFF on input line 6062.
Package hyperref Info: Link coloring with OCG OFF on input line 6067.
Package hyperref Info: PDF/A mode OFF on input line 6072.
(/usr/share/texlive/texmf-dist/tex/latex/base/atbegshi-ltx.sty
Package: atbegshi-ltx 2021/01/10 v1.0c Emulation of the original atbegshi
package with kernel methods
)
\Hy@abspage=\count279
\c@Item=\count280
\c@Hfootnote=\count281
)
Package hyperref Info: Driver: hpdftex.
(/usr/share/texlive/texmf-dist/tex/latex/hyperref/hpdftex.def
File: hpdftex.def 2024-11-05 v7.01l Hyperref driver for pdfTeX
(/usr/share/texlive/texmf-dist/tex/latex/base/atveryend-ltx.sty
Package: atveryend-ltx 2020/08/19 v1.0a Emulation of the original atveryend pac
kage
with kernel methods
)
\Fld@listcount=\count282
\c@bookmark@seq@number=\count283
(/usr/share/texlive/texmf-dist/tex/latex/rerunfilecheck/rerunfilecheck.sty
Package: rerunfilecheck 2022-07-10 v1.10 Rerun checks for auxiliary files (HO)
(/usr/share/texlive/texmf-dist/tex/generic/uniquecounter/uniquecounter.sty
Package: uniquecounter 2019/12/15 v1.4 Provide unlimited unique counter (HO)
)
Package uniquecounter Info: New unique counter `rerunfilecheck' on input line 2
85.
)
\Hy@SectionHShift=\skip51
)
Package: html 1999/07/19 v1.38 hypertext commands for latex2html (nd, hws, rrm)

\c@lpart=\count284
\c@lchapter=\count285
\c@chapter=\count286
\c@lsection=\count287
\c@lsubsection=\count288
\c@lsubsubsection=\count289
\c@lparagraph=\count290
\c@lsubparagraph=\count291
\c@lsubsubparagraph=\count292
\ptrfile=\write3
) (/usr/share/texlive/texmf-dist/tex/latex/psnfss/times.sty
Package: times 2020/03/25 PSNFSS-v9.3 (SPQR) 
) (/usr/share/texlive/texmf-dist/tex/latex/graphics/graphicx.sty
Package: graphicx 2021/09/16 v1.2d Enhanced LaTeX Graphics (DPC,SPQR)
(/usr/share/texlive/texmf-dist/tex/latex/graphics/graphics.sty
Package: graphics 2024/08/06 v1.4g Standard LaTeX Graphics (DPC,SPQR)
(/usr/share/texlive/texmf-dist/tex/latex/graphics/trig.sty
Package: trig 2023/12/02 v1.11 sin cos tan (DPC)
) (/usr/share/texlive/texmf-dist/tex/latex/graphics-cfg/graphics.cfg
File: graphics.cfg 2016/06/04 v1.11 sample graphics configuration
)
Package graphics Info: Driver file: pdftex.def on input line 106.
(/usr/share/texlive/texmf-dist/tex/latex/graphics-def/pdftex.def
File: pdftex.def 2024/04/13 v1.2c Graphics/color driver for pdftex
))
\Gin@req@height=\dimen147
\Gin@req@width=\dimen148
) (/usr/share/texlive/texmf-dist/tex/latex/base/fontenc.sty
Package: fontenc 2021/04/29 v2.0v Standard LaTeX package
LaTeX Font Info:    Trying to load font information for T1+ptm on input line 11
6.
(/usr/share/texlive/texmf-dist/tex/latex/psnfss/t1ptm.fd
File: t1ptm.fd 2001/06/04 font definitions for T1/ptm.
))
\oldparskip=\skip52
\oldparindent=\skip53
\oldbaselineskip=\skip54
(/usr/share/texlive/texmf-dist/tex/latex/xcolor/xcolor.sty
Package: xcolor 2024/09/29 v3.02 LaTeX color extensions (UK)
(/usr/share/texlive/texmf-dist/tex/latex/graphics-cfg/color.cfg
File: color.cfg 2016/01/02 v1.6 sample color configuration
)
Package xcolor Info: Driver file: pdftex.def on input line 274.
(/usr/share/texlive/texmf-dist/tex/latex/graphics/mathcolor.ltx)
Package xcolor Info: Model `cmy' substituted by `cmy0' on input line 1349.
Package xcolor Info: Model `hsb' substituted by `rgb' on input line 1353.
Package xcolor Info: Model `RGB' extended on input line 1365.
Package xcolor Info: Model `HTML' substituted by `rgb' on input line 1367.
Package xcolor Info: Model `Hsb' substituted by `hsb' on input line 1368.
Package xcolor Info: Model `tHsb' substituted by `hsb' on input line 1369.
Package xcolor Info: Model `HSB' substituted by `hsb' on input line 1370.
Package xcolor Info: Model `Gray' substituted by `gray' on input line 1371.
Package xcolor Info: Model `wave' substituted by `hsb' on input line 1372.
)
\sizebox=\box52
\lthtmlwrite=\write4
(/usr/share/texmf/tex/latex/preview/preview.sty
Package: preview 2023/01/17 13.2 (AUCTeX/preview-latex)
(/usr/share/texlive/texmf-dist/tex/generic/luatex85/luatex85.sty
Package: luatex85 2016/06/15 v1.4 pdftex aliases for luatex
) (/usr/share/texmf/tex/latex/preview/prtightpage.def
\PreviewBorder=\dimen149
)
\pr@snippet=\count293
\pr@box=\box53
\pr@output=\toks18
)
\lthtmlPageBox=\box54
\lthtmlCropMarkHeight=\dimen150
\lthtmlCropMarkDepth=\dimen151
(/usr/share/texlive/texmf-dist/tex/latex/l3backend/l3backend-pdftex.def
File: l3backend-pdftex.def 2024-05-08 L3 backend support: PDF output (pdfTeX)
\l__color_backend_stack_int=\count294
\l__pdf_internal_box=\box55
) (./images.aux)
\openout1 = `images.aux'.

LaTeX Font Info:    Checking defaults for OML/cmm/m/it on input line 139.
LaTeX Font Info:    ... okay on input line 139.
LaTeX Font Info:    Checking defaults for OMS/cmsy/m/n on input line 139.
LaTeX Font Info:    ... okay on input line 139.
LaTeX Font Info:    Checking defaults for OT1/cmr/m/n on input line 139.
LaTeX Font Info:    ... okay on input line 139.
LaTeX Font Info:    Checking defaults for T1/cmr/m/n on input line 139.
LaTeX Font Info:    ... okay on input line 139.
LaTeX Font Info:    Checking defaults for TS1/cmr/m/n on input line 139.
LaTeX Font Info:    ... okay on input line 139.
LaTeX Font Info:    Checking defaults for OMX/cmex/m/n on input line 139.
LaTeX Font Info:    ... okay on input line 139.
LaTeX Font Info:    Checking defaults for U/cmr/m/n on input line 139.
LaTeX Font Info:    ... okay on input line 139.
LaTeX Font Info:    Checking defaults for PD1/pdf/m/n on input line 139.
LaTeX Font Info:    ... okay on input line 139.
LaTeX Font Info:    Checking defaults for PU/pdf/m/n on input line 139.
LaTeX Font Info:    ... okay on input line 139.
Package hyperref Info: Link coloring OFF on input line 139.
\@outlinefile=\write5
\openout5 = `images.out'.

(/usr/share/texlive/texmf-dist/tex/context/base/mkii/supp-pdf.mkii
[Loading MPS to PDF converter (version 2006.09.02).]
\scratchcounter=\count295
\scratchdimen=\dimen152
\scratchbox=\box56
\nofMPsegments=\count296
\nofMParguments=\count297
\everyMPshowfont=\toks19
\MPscratchCnt=\count298
\MPscratchDim=\dimen153
\MPnumerator=\count299
\makeMPintoPDFobject=\count300
\everyMPtoPDFconversion=\toks20
) (/usr/share/texlive/texmf-dist/tex/latex/epstopdf-pkg/epstopdf-base.sty
Package: epstopdf-base 2020-01-24 v2.11 Base part for package epstopdf
(/usr/share/texlive/texmf-dist/tex/latex/grfext/grfext.sty
Package: grfext 2019/12/03 v1.3 Manage graphics extensions (HO)
)
Package epstopdf-base Info: Redefining graphics rule for `.eps' on input line 4
85.
Package grfext Info: Graphics extension search list:
(grfext)             [.pdf,.png,.jpg,.mps,.jpeg,.jbig2,.jb2,.PDF,.PNG,.JPG,.JPE
G,.JBIG2,.JB2,.eps]
(grfext)             \AppendGraphicsExtensions on input line 504.
(/usr/share/texlive/texmf-dist/tex/latex/latexconfig/epstopdf-sys.cfg
File: epstopdf-sys.cfg 2010/07/13 v1.3 Configuration of (r)epstopdf for TeX Liv
e
))
Preview: Fontsize 10pt
Preview: PDFoutput 1

latex2htmlLength hsize=469.75499pt

latex2htmlLength vsize=697.295pt

latex2htmlLength hoffset=0.0pt

latex2htmlLength voffset=0.0pt

latex2htmlLength topmargin=0.0pt

latex2htmlLength topskip=0.00003pt

latex2htmlLength headheight=0.0pt

latex2htmlLength headsep=0.0pt

latex2htmlLength parskip=0.0pt

latex2htmlLength oddsidemargin=0.0pt

latex2htmlLength evensidemargin=0.0pt

Package epstopdf Info: Source file: <ESMF_sandwich.eps>
(epstopdf)                    date: 2025-01-29 21:27:09
(epstopdf)                    size: 271685 bytes
(epstopdf)             Output file: <ESMF_sandwich-eps-converted-to.pdf>
(epstopdf)             Command: <repstopdf --outfile=ESMF_sandwich-eps-converte
d-to.pdf ESMF_sandwich.eps>
(epstopdf)             \includegraphics on input line 173.
runsystem(repstopdf --outfile=ESMF_sandwich-eps-converted-to.pdf ESMF_sandwich.
eps)...executed safely (allowed).

Package epstopdf Info: Result file: <ESMF_sandwich-eps-converted-to.pdf>.

! Package pdftex.def Error: File `ESMF_sandwich-eps-converted-to.pdf' not found
: using draft setting.

See the pdftex.def package documentation for explanation.
Type  H <return>  for immediate help.
 ...                                              
                                                  
l.173 ...box{1.0}{\includegraphics{ESMF_sandwich}}
                                                  %
Try typing  <return>  to proceed.
If that doesn't work, type  X <return>  to quit.

LaTeX Font Info:    Trying to load font information for T1+pcr on input line 17
3.
(/usr/share/texlive/texmf-dist/tex/latex/psnfss/t1pcr.fd
File: t1pcr.fd 2001/06/04 font definitions for T1/pcr.
)

:tex2html_wrap1241:lthtmlCropMarkHeight:=78.26999pt

:tex2html_wrap1241:lthtmlCropMarkDepth:=0.0pt:1ex:=4.49998pt
Preview: Tightpage -32890 -32890 32890 32890
[1{/var/lib/texmf/fonts/map/pdftex/updmap/pdftex.map}{/usr/share/texlive/texmf-
dist/fonts/enc/dvips/base/8r.enc}]

Package epstopdf Info: Source file: <ESMF_GEOS5.eps>
(epstopdf)                    date: 2025-01-29 21:27:09
(epstopdf)                    size: 1269371 bytes
(epstopdf)             Output file: <ESMF_GEOS5-eps-converted-to.pdf>
(epstopdf)             Command: <repstopdf --outfile=ESMF_GEOS5-eps-converted-t
o.pdf ESMF_GEOS5.eps>
(epstopdf)             \includegraphics on input line 203.
runsystem(repstopdf --outfile=ESMF_GEOS5-eps-converted-to.pdf ESMF_GEOS5.eps)..
.executed safely (allowed).

Package epstopdf Info: Result file: <ESMF_GEOS5-eps-converted-to.pdf>.

! Package pdftex.def Error: File `ESMF_GEOS5-eps-converted-to.pdf' not found: u
sing draft setting.

See the pdftex.def package documentation for explanation.
Type  H <return>  for immediate help.
 ...                                              
                                                  
l.203 \scalebox{0.9}{\includegraphics{ESMF_GEOS5}}
                                                  %
Try typing  <return>  to proceed.
If that doesn't work, type  X <return>  to quit.


:tex2html_wrap1673:lthtmlCropMarkHeight:=71.04254pt

:tex2html_wrap1673:lthtmlCropMarkDepth:=0.0pt:1ex:=4.49998pt
[2]

Package epstopdf Info: Source file: <ESMF_appunit.eps>
(epstopdf)                    date: 2025-01-29 21:27:09
(epstopdf)                    size: 2977461 bytes
(epstopdf)             Output file: <ESMF_appunit-eps-converted-to.pdf>
(epstopdf)             Command: <repstopdf --outfile=ESMF_appunit-eps-converted
-to.pdf ESMF_appunit.eps>
(epstopdf)             \includegraphics on input line 210.
runsystem(repstopdf --outfile=ESMF_appunit-eps-converted-to.pdf ESMF_appunit.ep
s)...executed safely (allowed).

Package epstopdf Info: Result file: <ESMF_appunit-eps-converted-to.pdf>.

! Package pdftex.def Error: File `ESMF_appunit-eps-converted-to.pdf' not found:
 using draft setting.

See the pdftex.def package documentation for explanation.
Type  H <return>  for immediate help.
 ...                                              
                                                  
l.210 ...ebox{1.0}{\includegraphics{ESMF_appunit}}
                                                  %
Try typing  <return>  to proceed.
If that doesn't work, type  X <return>  to quit.


:tex2html_wrap1693:lthtmlCropMarkHeight:=78.26999pt

:tex2html_wrap1693:lthtmlCropMarkDepth:=0.0pt:1ex:=4.49998pt
[3]

Package epstopdf Info: Source file: <ESMF_serial.eps>
(epstopdf)                    date: 2025-01-29 21:27:09
(epstopdf)                    size: 456487 bytes
(epstopdf)             Output file: <ESMF_serial-eps-converted-to.pdf>
(epstopdf)             Command: <repstopdf --outfile=ESMF_serial-eps-converted-
to.pdf ESMF_serial.eps>
(epstopdf)             \includegraphics on input line 217.
runsystem(repstopdf --outfile=ESMF_serial-eps-converted-to.pdf ESMF_serial.eps)
...executed safely (allowed).

Package epstopdf Info: Result file: <ESMF_serial-eps-converted-to.pdf>.

! Package pdftex.def Error: File `ESMF_serial-eps-converted-to.pdf' not found: 
using draft setting.

See the pdftex.def package documentation for explanation.
Type  H <return>  for immediate help.
 ...                                              
                                                  
l.217 ...lebox{1.0}{\includegraphics{ESMF_serial}}
                                                  %
Try typing  <return>  to proceed.
If that doesn't work, type  X <return>  to quit.


:tex2html_wrap1713:lthtmlCropMarkHeight:=78.26999pt

:tex2html_wrap1713:lthtmlCropMarkDepth:=0.0pt:1ex:=4.49998pt
[4]

Package epstopdf Info: Source file: <ESMF_concurrent.eps>
(epstopdf)                    date: 2025-01-29 21:27:09
(epstopdf)                    size: 412654 bytes
(epstopdf)             Output file: <ESMF_concurrent-eps-converted-to.pdf>
(epstopdf)             Command: <repstopdf --outfile=ESMF_concurrent-eps-conver
ted-to.pdf ESMF_concurrent.eps>
(epstopdf)             \includegraphics on input line 223.
runsystem(repstopdf --outfile=ESMF_concurrent-eps-converted-to.pdf ESMF_concurr
ent.eps)...executed safely (allowed).

Package epstopdf Info: Result file: <ESMF_concurrent-eps-converted-to.pdf>.

! Package pdftex.def Error: File `ESMF_concurrent-eps-converted-to.pdf' not fou
nd: using draft setting.

See the pdftex.def package documentation for explanation.
Type  H <return>  for immediate help.
 ...                                              
                                                  
l.223 ...x{1.0}{\includegraphics{ESMF_concurrent}}
                                                  %
Try typing  <return>  to proceed.
If that doesn't work, type  X <return>  to quit.


:tex2html_wrap1719:lthtmlCropMarkHeight:=78.26999pt

:tex2html_wrap1719:lthtmlCropMarkDepth:=0.0pt:1ex:=4.49998pt
[5]

Package epstopdf Info: Source file: <ESMF_reconcile.eps>
(epstopdf)                    date: 2025-01-29 21:27:09
(epstopdf)                    size: 435344 bytes
(epstopdf)             Output file: <ESMF_reconcile-eps-converted-to.pdf>
(epstopdf)             Command: <repstopdf --outfile=ESMF_reconcile-eps-convert
ed-to.pdf ESMF_reconcile.eps>
(epstopdf)             \includegraphics on input line 231.
runsystem(repstopdf --outfile=ESMF_reconcile-eps-converted-to.pdf ESMF_reconcil
e.eps)...executed safely (allowed).

Package epstopdf Info: Result file: <ESMF_reconcile-eps-converted-to.pdf>.

! Package pdftex.def Error: File `ESMF_reconcile-eps-converted-to.pdf' not foun
d: using draft setting.

See the pdftex.def package documentation for explanation.
Type  H <return>  for immediate help.
 ...                                              
                                                  
l.231 ...ox{1.0}{\includegraphics{ESMF_reconcile}}
                                                  %
Try typing  <return>  to proceed.
If that doesn't work, type  X <return>  to quit.


:tex2html_wrap1739:lthtmlCropMarkHeight:=78.26999pt

:tex2html_wrap1739:lthtmlCropMarkDepth:=0.0pt:1ex:=4.49998pt
[6]

Package epstopdf Info: Source file: <Comp_obj.eps>
(epstopdf)                    date: 2025-01-29 21:27:09
(epstopdf)                    size: 1207668 bytes
(epstopdf)             Output file: <Comp_obj-eps-converted-to.pdf>
(epstopdf)             Command: <repstopdf --outfile=Comp_obj-eps-converted-to.
pdf Comp_obj.eps>
(epstopdf)             \includegraphics on input line 239.
runsystem(repstopdf --outfile=Comp_obj-eps-converted-to.pdf Comp_obj.eps)...exe
cuted safely (allowed).

Package epstopdf Info: Result file: <Comp_obj-eps-converted-to.pdf>.

! Package pdftex.def Error: File `Comp_obj-eps-converted-to.pdf' not found: usi
ng draft setting.

See the pdftex.def package documentation for explanation.
Type  H <return>  for immediate help.
 ...                                              
                                                  
l.239 \includegraphics{Comp_obj}
                                %
Try typing  <return>  to proceed.
If that doesn't work, type  X <return>  to quit.


:tex2html_wrap5019:lthtmlCropMarkHeight:=78.26999pt

:tex2html_wrap5019:lthtmlCropMarkDepth:=0.0pt:1ex:=4.49998pt
[7]

Package epstopdf Info: Source file: <GridDecomps.eps>
(epstopdf)                    date: 2025-01-29 21:27:09
(epstopdf)                    size: 296959 bytes
(epstopdf)             Output file: <GridDecomps-eps-converted-to.pdf>
(epstopdf)             Command: <repstopdf --outfile=GridDecomps-eps-converted-
to.pdf GridDecomps.eps>
(epstopdf)             \includegraphics on input line 284.
runsystem(repstopdf --outfile=GridDecomps-eps-converted-to.pdf GridDecomps.eps)
...executed safely (allowed).

Package epstopdf Info: Result file: <GridDecomps-eps-converted-to.pdf>.

! Package pdftex.def Error: File `GridDecomps-eps-converted-to.pdf' not found: 
using draft setting.

See the pdftex.def package documentation for explanation.
Type  H <return>  for immediate help.
 ...                                              
                                                  
l.284 ...lebox{0.9}{\includegraphics{GridDecomps}}
                                                  %
Try typing  <return>  to proceed.
If that doesn't work, type  X <return>  to quit.


:tex2html_wrap2165:lthtmlCropMarkHeight:=71.04254pt

:tex2html_wrap2165:lthtmlCropMarkDepth:=0.0pt:1ex:=4.49998pt
[8]

Package epstopdf Info: Source file: <LogRectGrids.eps>
(epstopdf)                    date: 2025-01-29 21:27:10
(epstopdf)                    size: 293006 bytes
(epstopdf)             Output file: <LogRectGrids-eps-converted-to.pdf>
(epstopdf)             Command: <repstopdf --outfile=LogRectGrids-eps-converted
-to.pdf LogRectGrids.eps>
(epstopdf)             \includegraphics on input line 291.
runsystem(repstopdf --outfile=LogRectGrids-eps-converted-to.pdf LogRectGrids.ep
s)...executed safely (allowed).

Package epstopdf Info: Result file: <LogRectGrids-eps-converted-to.pdf>.

! Package pdftex.def Error: File `LogRectGrids-eps-converted-to.pdf' not found:
 using draft setting.

See the pdftex.def package documentation for explanation.
Type  H <return>  for immediate help.
 ...                                              
                                                  
l.291 ...ebox{0.9}{\includegraphics{LogRectGrids}}
                                                  %
Try typing  <return>  to proceed.
If that doesn't work, type  X <return>  to quit.


:tex2html_wrap2181:lthtmlCropMarkHeight:=71.04254pt

:tex2html_wrap2181:lthtmlCropMarkDepth:=0.0pt:1ex:=4.49998pt
[9]

Package epstopdf Info: Source file: <GridStaggerLoc2D.eps>
(epstopdf)                    date: 2025-01-29 21:27:09
(epstopdf)                    size: 231171 bytes
(epstopdf)             Output file: <GridStaggerLoc2D-eps-converted-to.pdf>
(epstopdf)             Command: <repstopdf --outfile=GridStaggerLoc2D-eps-conve
rted-to.pdf GridStaggerLoc2D.eps>
(epstopdf)             \includegraphics on input line 306.
runsystem(repstopdf --outfile=GridStaggerLoc2D-eps-converted-to.pdf GridStagger
Loc2D.eps)...executed safely (allowed).

Package epstopdf Info: Result file: <GridStaggerLoc2D-eps-converted-to.pdf>.

! Package pdftex.def Error: File `GridStaggerLoc2D-eps-converted-to.pdf' not fo
und: using draft setting.

See the pdftex.def package documentation for explanation.
Type  H <return>  for immediate help.
 ...                                              
                                                  
l.306 ...0.75}{\includegraphics{GridStaggerLoc2D}}
                                                  %
Try typing  <return>  to proceed.
If that doesn't work, type  X <return>  to quit.


:tex2html_wrap2351:lthtmlCropMarkHeight:=60.20248pt

:tex2html_wrap2351:lthtmlCropMarkDepth:=0.0pt:1ex:=4.49998pt
[10]

Package epstopdf Info: Source file: <GridStaggerLoc3D.eps>
(epstopdf)                    date: 2025-01-29 21:27:10
(epstopdf)                    size: 335394 bytes
(epstopdf)             Output file: <GridStaggerLoc3D-eps-converted-to.pdf>
(epstopdf)             Command: <repstopdf --outfile=GridStaggerLoc3D-eps-conve
rted-to.pdf GridStaggerLoc3D.eps>
(epstopdf)             \includegraphics on input line 312.
runsystem(repstopdf --outfile=GridStaggerLoc3D-eps-converted-to.pdf GridStagger
Loc3D.eps)...executed safely (allowed).

Package epstopdf Info: Result file: <GridStaggerLoc3D-eps-converted-to.pdf>.

! Package pdftex.def Error: File `GridStaggerLoc3D-eps-converted-to.pdf' not fo
und: using draft setting.

See the pdftex.def package documentation for explanation.
Type  H <return>  for immediate help.
 ...                                              
                                                  
l.312 ...{1.0}{\includegraphics{GridStaggerLoc3D}}
                                                  %
Try typing  <return>  to proceed.
If that doesn't work, type  X <return>  to quit.


:tex2html_wrap2363:lthtmlCropMarkHeight:=78.26999pt

:tex2html_wrap2363:lthtmlCropMarkDepth:=0.0pt:1ex:=4.49998pt
[11]

LaTeX Font Info:    External font `cmex10' loaded for size
(Font)              <7> on input line 358.
LaTeX Font Info:    External font `cmex10' loaded for size
(Font)              <5> on input line 358.

:tex2html_wrap_inline1099:lthtmlCropMarkHeight:=14.14003pt

:tex2html_wrap_inline1099:lthtmlCropMarkDepth:=0.0pt:1ex:=4.49998pt
[12]

Package epstopdf Info: Source file: <Appendix_uml.eps>
(epstopdf)                    date: 2025-01-29 21:27:09
(epstopdf)                    size: 4754792 bytes
(epstopdf)             Output file: <Appendix_uml-eps-converted-to.pdf>
(epstopdf)             Command: <repstopdf --outfile=Appendix_uml-eps-converted
-to.pdf Appendix_uml.eps>
(epstopdf)             \includegraphics on input line 415.
runsystem(repstopdf --outfile=Appendix_uml-eps-converted-to.pdf Appendix_uml.ep
s)...executed safely (allowed).

Package epstopdf Info: Result file: <Appendix_uml-eps-converted-to.pdf>.

! Package pdftex.def Error: File `Appendix_uml-eps-converted-to.pdf' not found:
 using draft setting.

See the pdftex.def package documentation for explanation.
Type  H <return>  for immediate help.
 ...                                              
                                                  
l.415 ...ebox{0.8}{\includegraphics{Appendix_uml}}
                                                  %
Try typing  <return>  to proceed.
If that doesn't work, type  X <return>  to quit.


:tex2html_wrap3109:lthtmlCropMarkHeight:=63.81621pt

:tex2html_wrap3109:lthtmlCropMarkDepth:=0.0pt:1ex:=4.49998pt
[13]

(./images.aux)
 ***********
LaTeX2e <2024-11-01>
L3 programming layer <2024-11-02>
 ***********

Package rerunfilecheck Warning: File `images.out' has changed.
(rerunfilecheck)                Rerun to get outlines right
(rerunfilecheck)                or use package `bookmark'.

Package rerunfilecheck Info: Checksums for `images.out':
(rerunfilecheck)             Before: <no file>
(rerunfilecheck)             After:  D41D8CD98F00B204E9800998ECF8427E;0.
 ) 
Here is how much of TeX's memory you used:
 11235 strings out of 473351
 177923 string characters out of 5722903
 576793 words of memory out of 5000000
 34217 multiletter control sequences out of 15000+600000
 560334 words of font info for 39 fonts, out of 8000000 for 9000
 1141 hyphenation exceptions out of 8191
 90i,5n,93p,834b,457s stack positions out of 10000i,1000n,20000p,200000b,200000s
</usr/share/texlive/texmf-dist/fonts/type1/public/amsfonts/cm/cmr7.pfb></usr/
share/texlive/texmf-dist/fonts/type1/urw/courier/ucrr8a.pfb>
Output written on images.pdf (13 pages, 26836 bytes).
PDF statistics:
 77 PDF objects out of 1000 (max. 8388607)
 57 compressed objects within 1 object stream
 13 named destinations out of 1000 (max. 500000)
 1 words of extra memory for PDF output out of 10000 (max. 10000000)

