This is pdfTeXk, Version 3.1415926-1.40.9 (Web2C 7.5.7) (format=latex 2008.12.28)  15 JUL 2011 10:57
entering extended mode
 %&-line parsing enabled.
**./images.tex
(./images.tex
LaTeX2e <2005/12/01>
Babel <v3.8l> and hyphenation patterns for english, usenglishmax, dumylang, noh
yphenation, german-x-2008-06-18, ngerman-x-2008-06-18, ancientgreek, ibycus, ar
abic, basque, bulgarian, catalan, pinyin, coptic, croatian, czech, danish, dutc
h, esperanto, estonian, farsi, finnish, french, galician, german, ngerman, mono
greek, greek, hungarian, icelandic, indonesian, interlingua, irish, italian, la
tin, lithuanian, mongolian, mongolian2a, bokmal, nynorsk, polish, portuguese, r
omanian, russian, sanskrit, serbian, slovak, slovenian, spanish, swedish, turki
sh, ukenglish, ukrainian, uppersorbian, welsh, loaded.

(/usr/local/texlive/2008/texmf-dist/tex/latex/base/article.cls
Document Class: article 2005/09/16 v1.4f Standard LaTeX document class
(/usr/local/texlive/2008/texmf-dist/tex/latex/base/size10.clo
File: size10.clo 2005/09/16 v1.4f Standard LaTeX file (size option)
)
\c@part=\count79
\c@section=\count80
\c@subsection=\count81
\c@subsubsection=\count82
\c@paragraph=\count83
\c@subparagraph=\count84
\c@figure=\count85
\c@table=\count86
\abovecaptionskip=\skip41
\belowcaptionskip=\skip42
\bibindent=\dimen102
) (/usr/local/texlive/2008/texmf-dist/tex/latex/base/ifthen.sty
Package: ifthen 2001/05/26 v1.1c Standard LaTeX ifthen package (DPC)
) (/usr/local/texlive/2008/texmf-dist/tex/generic/babel/babel.sty
Package: babel 2008/07/06 v3.8l The Babel package
(/usr/local/texlive/2008/texmf-dist/tex/generic/babel/english.ldf
Language: english 2005/03/30 v3.3o English support from the babel system
(/usr/local/texlive/2008/texmf-dist/tex/generic/babel/babel.def
File: babel.def 2008/07/06 v3.8l Babel common definitions
\babel@savecnt=\count87
\U@D=\dimen103
)
\l@canadian = a dialect from \language\l@american 
\l@australian = a dialect from \language\l@british 
\l@newzealand = a dialect from \language\l@british 
)) (/usr/local/texlive/2008/texmf-dist/tex/latex/supertabular/supertabular.sty
Package: supertabular 2004/02/20 v4.1e the supertabular environment
\c@tracingst=\count88
\ST@wd=\dimen104
\ST@rightskip=\skip43
\ST@leftskip=\skip44
\ST@parfillskip=\skip45
\ST@pageleft=\dimen105
\ST@headht=\dimen106
\ST@tailht=\dimen107
\ST@pagesofar=\dimen108
\ST@pboxht=\dimen109
\ST@lineht=\dimen110
\ST@stretchht=\dimen111
\ST@prevht=\dimen112
\ST@toadd=\dimen113
\ST@dimen=\dimen114
\ST@pbox=\box26
) (/usr/local/texlive/2008/texmf-dist/tex/latex/tools/longtable.sty
Package: longtable 2004/02/01 v4.11 Multi-page Table package (DPC)
\LTleft=\skip46
\LTright=\skip47
\LTpre=\skip48
\LTpost=\skip49
\LTchunksize=\count89
\LTcapwidth=\dimen115
\LT@head=\box27
\LT@firsthead=\box28
\LT@foot=\box29
\LT@lastfoot=\box30
\LT@cols=\count90
\LT@rows=\count91
\c@LT@tables=\count92
\c@LT@chunks=\count93
\LT@p@ftn=\toks14
) (/usr/local/texlive/2008/texmf/tex/latex/html/html.sty (/usr/local/texlive/20
08/texmf-dist/tex/latex/hyperref/hyperref.sty
Package: hyperref 2009/02/22 v6.78p Hypertext links for LaTeX
(/usr/local/texlive/2008/texmf-dist/tex/latex/graphics/keyval.sty
Package: keyval 1999/03/16 v1.13 key=value parser (DPC)
\KV@toks@=\toks15
) (/usr/local/texlive/2008/texmf-dist/tex/generic/oberdiek/ifpdf.sty
Package: ifpdf 2007/12/12 v1.6 Provides the ifpdf switch (HO)
Package ifpdf Info: pdfTeX in pdf mode not detected.
) (/usr/local/texlive/2008/texmf-dist/tex/generic/oberdiek/ifvtex.sty
Package: ifvtex 2008/11/04 v1.4 Switches for detecting VTeX and its modes (HO)
Package ifvtex Info: VTeX not detected.
) (/usr/local/texlive/2008/texmf-dist/tex/generic/ifxetex/ifxetex.sty
Package: ifxetex 2009/01/23 v0.5 Provides ifxetex conditional
) (/usr/local/texlive/2008/texmf-dist/tex/latex/oberdiek/hycolor.sty
Package: hycolor 2008/09/08 v1.4 Code for color options of hyperref/bookmark (H
O)
(/usr/local/texlive/2008/texmf-dist/tex/latex/oberdiek/xcolor-patch.sty
Package: xcolor-patch 2008/09/08 xcolor patch
))
\@linkdim=\dimen116
\Hy@linkcounter=\count94
\Hy@pagecounter=\count95
(/usr/local/texlive/2008/texmf-dist/tex/latex/hyperref/pd1enc.def
File: pd1enc.def 2009/02/22 v6.78p Hyperref: PDFDocEncoding definition (HO)
) (/usr/local/texlive/2008/texmf-dist/tex/generic/oberdiek/etexcmds.sty
Package: etexcmds 2007/12/12 v1.2 Prefix for e-TeX command names (HO)
(/usr/local/texlive/2008/texmf-dist/tex/generic/oberdiek/infwarerr.sty
Package: infwarerr 2007/09/09 v1.2 Providing info/warning/message (HO)
)
Package etexcmds Info: Could not find \expanded.
(etexcmds)             That can mean that you are not using pdfTeX 1.50 or
(etexcmds)             that some package has redefined \expanded.
(etexcmds)             In the latter case, load this package earlier.
) (/usr/local/texlive/2008/texmf/tex/latex/config/hyperref.cfg
File: hyperref.cfg 2002/06/06 v1.2 hyperref configuration of TeXLive
) (/usr/local/texlive/2008/texmf-dist/tex/latex/oberdiek/kvoptions.sty
Package: kvoptions 2007/10/18 v3.0 Keyval support for LaTeX options (HO)
)
Package hyperref Info: Hyper figures OFF on input line 2935.
Package hyperref Info: Link nesting OFF on input line 2940.
Package hyperref Info: Hyper index ON on input line 2943.
Package hyperref Info: Plain pages OFF on input line 2950.
Package hyperref Info: Backreferencing OFF on input line 2955.
Implicit mode ON; LaTeX internals redefined
Package hyperref Info: Bookmarks ON on input line 3145.
(/usr/local/texlive/2008/texmf/tex/latex/html/url.sty
Package: url 1999/03/02  ver 1.4  Verb mode for urls, email addresses, and file
 names
)
LaTeX Info: Redefining \url on input line 3382.
(/usr/local/texlive/2008/texmf-dist/tex/generic/oberdiek/bitset.sty
Package: bitset 2007/09/28 v1.0 Data type bit set (HO)
(/usr/local/texlive/2008/texmf-dist/tex/generic/oberdiek/intcalc.sty
Package: intcalc 2007/09/27 v1.1 Expandable integer calculations (HO)
) (/usr/local/texlive/2008/texmf-dist/tex/generic/oberdiek/bigintcalc.sty
Package: bigintcalc 2007/11/11 v1.1 Expandable big integer calculations (HO)
(/usr/local/texlive/2008/texmf-dist/tex/generic/oberdiek/pdftexcmds.sty
Package: pdftexcmds 2007/12/12 v0.3 LuaTeX support for pdfTeX utility functions
 (HO)
Package pdftexcmds Info: LuaTeX not detected on input line 139.
))) (/usr/local/texlive/2008/texmf-dist/tex/generic/oberdiek/kvsetkeys.sty
Package: kvsetkeys 2007/09/29 v1.3 Key value parser with default handler suppor
t (HO)
)
\Fld@menulength=\count96
\Field@Width=\dimen117
\Fld@charsize=\dimen118
\Field@toks=\toks16
Package hyperref Info: Hyper figures OFF on input line 4299.
Package hyperref Info: Link nesting OFF on input line 4304.
Package hyperref Info: Hyper index ON on input line 4307.
Package hyperref Info: backreferencing OFF on input line 4314.
Package hyperref Info: Link coloring OFF on input line 4319.
Package hyperref Info: Link coloring with OCG OFF on input line 4324.
Package hyperref Info: PDF/A mode OFF on input line 4329.
(/usr/local/texlive/2008/texmf-dist/tex/generic/oberdiek/atbegshi.sty
Package: atbegshi 2008/07/31 v1.9 At begin shipout hook (HO)
)
\Hy@abspage=\count97
\c@Item=\count98
\c@Hfootnote=\count99
)
*hyperref using default driver hdvips*
(/usr/local/texlive/2008/texmf-dist/tex/latex/hyperref/hdvips.def
File: hdvips.def 2009/02/22 v6.78p Hyperref driver for dvips
(/usr/local/texlive/2008/texmf-dist/tex/latex/hyperref/pdfmark.def
File: pdfmark.def 2009/02/22 v6.78p Hyperref definitions for pdfmark specials
\pdf@docset=\toks17
\pdf@box=\box31
\pdf@toks=\toks18
\pdf@defaulttoks=\toks19
\Fld@listcount=\count100
))
Package: html 1999/07/19 v1.38 hypertext commands for latex2html (nd, hws, rrm)

\c@lpart=\count101
\c@lchapter=\count102
\c@chapter=\count103
\c@lsection=\count104
\c@lsubsection=\count105
\c@lsubsubsection=\count106
\c@lparagraph=\count107
\c@lsubparagraph=\count108
\c@lsubsubparagraph=\count109
\ptrfile=\write3
) (/usr/local/texlive/2008/texmf-dist/tex/latex/psnfss/times.sty
Package: times 2005/04/12 PSNFSS-v9.2a (SPQR) 
) (/usr/local/texlive/2008/texmf-dist/tex/latex/graphics/graphicx.sty
Package: graphicx 1999/02/16 v1.0f Enhanced LaTeX Graphics (DPC,SPQR)
(/usr/local/texlive/2008/texmf-dist/tex/latex/graphics/graphics.sty
Package: graphics 2006/02/20 v1.0o Standard LaTeX Graphics (DPC,SPQR)
(/usr/local/texlive/2008/texmf-dist/tex/latex/graphics/trig.sty
Package: trig 1999/03/16 v1.09 sin cos tan (DPC)
) (/usr/local/texlive/2008/texmf/tex/latex/config/graphics.cfg
File: graphics.cfg 2007/01/18 v1.5 graphics configuration of teTeX/TeXLive
)
Package graphics Info: Driver file: dvips.def on input line 90.
(/usr/local/texlive/2008/texmf-dist/tex/latex/graphics/dvips.def
File: dvips.def 1999/02/16 v3.0i Driver-dependant file (DPC,SPQR)
))
\Gin@req@height=\dimen119
\Gin@req@width=\dimen120
) (/usr/local/texlive/2008/texmf-dist/tex/latex/base/fontenc.sty
Package: fontenc 2005/09/27 v1.99g Standard LaTeX package
(/usr/local/texlive/2008/texmf-dist/tex/latex/base/t1enc.def
File: t1enc.def 2005/09/27 v1.99g Standard LaTeX file
LaTeX Font Info:    Redeclaring font encoding T1 on input line 43.
)) (/usr/local/texlive/2008/texmf-dist/tex/latex/graphics/color.sty
Package: color 2005/11/14 v1.0j Standard LaTeX Color (DPC)
(/usr/local/texlive/2008/texmf/tex/latex/config/color.cfg
File: color.cfg 2007/01/18 v1.5 color configuration of teTeX/TeXLive
)
Package color Info: Driver file: dvips.def on input line 130.
(/usr/local/texlive/2008/texmf-dist/tex/latex/graphics/dvipsnam.def
File: dvipsnam.def 1999/02/16 v3.0i Driver-dependant file (DPC,SPQR)
)) (/usr/local/texlive/2008/texmf-dist/tex/latex/base/inputenc.sty
Package: inputenc 2006/05/05 v1.1b Input encoding file
\inpenc@prehook=\toks20
\inpenc@posthook=\toks21
)
\sizebox=\box32
\lthtmlwrite=\write4
(./images.aux)
\openout1 = `images.aux'.

LaTeX Font Info:    Checking defaults for OML/cmm/m/it on input line 144.
LaTeX Font Info:    ... okay on input line 144.
LaTeX Font Info:    Checking defaults for T1/cmr/m/n on input line 144.
LaTeX Font Info:    ... okay on input line 144.
LaTeX Font Info:    Checking defaults for OT1/cmr/m/n on input line 144.
LaTeX Font Info:    ... okay on input line 144.
LaTeX Font Info:    Checking defaults for OMS/cmsy/m/n on input line 144.
LaTeX Font Info:    ... okay on input line 144.
LaTeX Font Info:    Checking defaults for OMX/cmex/m/n on input line 144.
LaTeX Font Info:    ... okay on input line 144.
LaTeX Font Info:    Checking defaults for U/cmr/m/n on input line 144.
LaTeX Font Info:    ... okay on input line 144.
LaTeX Font Info:    Checking defaults for PD1/pdf/m/n on input line 144.
LaTeX Font Info:    ... okay on input line 144.
LaTeX Font Info:    Try loading font information for T1+ptm on input line 144.
(/usr/local/texlive/2008/texmf-dist/tex/latex/psnfss/t1ptm.fd
File: t1ptm.fd 2001/06/04 font definitions for T1/ptm.
)
Package hyperref Info: Link coloring OFF on input line 144.
(/usr/local/texlive/2008/texmf-dist/tex/latex/hyperref/nameref.sty
Package: nameref 2007/05/29 v2.31 Cross-referencing by name of section
(/usr/local/texlive/2008/texmf-dist/tex/latex/oberdiek/refcount.sty
Package: refcount 2008/08/11 v3.1 Data extraction from references (HO)
)
\c@section@level=\count110
)
LaTeX Info: Redefining \ref on input line 144.
LaTeX Info: Redefining \pageref on input line 144.
\@outlinefile=\write5
\openout5 = `images.out'.

\AtBeginShipoutBox=\box33

latex2htmlLength hsize=349.0pt

latex2htmlLength vsize=697.295pt

latex2htmlLength hoffset=0.0pt

latex2htmlLength voffset=0.0pt

latex2htmlLength topmargin=0.0pt

latex2htmlLength topskip=0.00003pt

latex2htmlLength headheight=0.0pt

latex2htmlLength headsep=0.0pt

latex2htmlLength parskip=0.0pt plus 1.0pt

latex2htmlLength oddsidemargin=0.0pt

latex2htmlLength evensidemargin=0.0pt

File: ESMF_sandwich.eps Graphic file (type eps)
<ESMF_sandwich.eps>
Overfull \hbox (33.42874pt too wide) detected at line 175
 [] 
 []

l2hSize :tex2html_wrap278:210.78749pt::0.0pt::349.0pt.
[1



]
File: ESMF_GEOS5.eps Graphic file (type eps)
<ESMF_GEOS5.eps>
Overfull \hbox (109.91138pt too wide) detected at line 261
 [] 
 []

l2hSize :tex2html_wrap1862:279.14096pt::0.0pt::349.0pt.
[2


]
File: ESMF_appunit.eps Graphic file (type eps)
<ESMF_appunit.eps>
Overfull \hbox (124.76999pt too wide) detected at line 268
 [] 
 []

l2hSize :tex2html_wrap1882:346.29375pt::0.0pt::349.0pt.
[3


]
File: ESMF_serial.eps Graphic file (type eps)
<ESMF_serial.eps>
Overfull \hbox (44.46999pt too wide) detected at line 275
 [] 
 []

l2hSize :tex2html_wrap1902:445.665pt::0.0pt::349.0pt.
[4


]
File: ESMF_concurrent.eps Graphic file (type eps)
<ESMF_concurrent.eps>
Overfull \hbox (44.46999pt too wide) detected at line 281
 [] 
 []

l2hSize :tex2html_wrap1908:382.42874pt::0.0pt::349.0pt.
[5


]
File: ESMF_reconcile.eps Graphic file (type eps)
<ESMF_reconcile.eps>
Overfull \hbox (51.49625pt too wide) detected at line 289
 [] 
 []

l2hSize :tex2html_wrap1928:418.56374pt::0.0pt::349.0pt.
[6


]
File: Comp_obj.eps Graphic file (type eps)
<Comp_obj.eps>
Overfull \hbox (88.635pt too wide) detected at line 297
 [] 
 []

l2hSize :tex2html_wrap89860:143.53624pt::0.0pt::349.0pt.
[7


]
File: Excl_src_grid.eps Graphic file (type eps)
<Excl_src_grid.eps>
l2hSize :tex2html_wrap7734:158.9929pt::0.0pt::349.0pt.
[8


]
File: Excl_dst_grid.eps Graphic file (type eps)
<Excl_dst_grid.eps>
l2hSize :tex2html_wrap7740:151.76596pt::0.0pt::349.0pt.
[9


]
File: Excl_src_grid_cpl.eps Graphic file (type eps)
<Excl_src_grid_cpl.eps>
Overfull \hbox (45.77219pt too wide) detected at line 548
 [] 
 []

l2hSize :tex2html_wrap7748:183.38387pt::0.0pt::349.0pt.
[10


]
File: Excl_dst_grid_cpl.eps Graphic file (type eps)
<Excl_dst_grid_cpl.eps>
Overfull \hbox (86.42378pt too wide) detected at line 554
 [] 
 []

l2hSize :tex2html_wrap7754:187.90071pt::0.0pt::349.0pt.
[11


]
File: State_obj.eps Graphic file (type eps)
<State_obj.eps>
Overfull \hbox (124.76999pt too wide) detected at line 561
 [] 
 []

l2hSize :tex2html_wrap90316:138.51749pt::0.0pt::349.0pt.
[12


]
File: webservices.eps Graphic file (type eps)
<webservices.eps>
l2hSize :tex2html_wrap9874:279.54437pt::0.0pt::349.0pt.
[13


]
LaTeX Font Info:    External font `cmex10' loaded for size
(Font)              <7> on input line 791.
LaTeX Font Info:    External font `cmex10' loaded for size
(Font)              <5> on input line 791.
l2hSize :tex2html_wrap_inline10639:8.94843pt::8.94843pt::113.58128pt.
[14


]
l2hSize :tex2html_wrap_inline10641:8.94843pt::8.94843pt::110.72125pt.
[15


]
l2hSize :tex2html_wrap_inline10643:7.24997pt::7.24997pt::83.0809pt.
[16


]
l2hSize :tex2html_wrap_inline10645:8.0pt::8.0pt::112.99733pt.
[17


]
l2hSize :tex2html_wrap_inline10647:7.24997pt::7.24997pt::5.53128pt.
[18


]
l2hSize :tex2html_wrap_inline10649:7.24997pt::7.24997pt::5.67018pt.
[19


]
l2hSize :tex2html_wrap_inline10651:6.74997pt::0.0pt::6.22461pt.
[20


]
l2hSize :tex2html_wrap_inline10653:6.74997pt::0.0pt::5.70604pt.
[21


]
l2hSize :tex2html_wrap_inline13857:7.24997pt::7.24997pt::58.07022pt.
[22


]
l2hSize :tex2html_wrap_inline13859:8.0pt::8.0pt::108.93636pt.
[23


]
l2hSize :tex2html_wrap_inline13861:8.0pt::8.0pt::65.22731pt.
[24


]
l2hSize :tex2html_wrap_inline13863:7.24997pt::7.24997pt::13.0163pt.
[25


]
l2hSize :tex2html_wrap_inline13865:7.24997pt::7.24997pt::13.38538pt.
[26


]
l2hSize :tex2html_wrap_inline13867:8.0pt::8.0pt::46.09215pt.
[27


]
l2hSize :tex2html_wrap_inline13869:7.24997pt::7.24997pt::10.82816pt.
[28


]
l2hSize :tex2html_wrap_inline13871:7.44444pt::7.44444pt::30.11972pt.
[29


]
File: FieldParameterSetup.eps Graphic file (type eps)
<FieldParameterSetup.eps>
Overfull \hbox (111.72124pt too wide) detected at line 979
 [] 
 []

l2hSize :tex2html_wrap13989:596.22748pt::0.0pt::349.0pt.
[30


]
l2hSize :tex2html_wrap_inline14403:7.99998pt::7.99998pt::8.83339pt.
[31


]
l2hSize :tex2html_wrap_inline15159:8.0pt::8.0pt::164.64523pt.
[32


]
l2hSize :tex2html_wrap_inline15161:7.44444pt::7.44444pt::17.3328pt.
[33


]
l2hSize :tex2html_wrap_inline15163:7.33331pt::7.33331pt::19.61928pt.
[34


]
l2hSize :tex2html_wrap_inline15165:7.24997pt::7.24997pt::18.51802pt.
[35


]
l2hSize :tex2html_wrap_inline15286:8.64003pt::8.64003pt::49.29288pt.
[36


]
l2hSize :tex2html_wrap_inline15288:8.0pt::8.0pt::52.49536pt.
[37


]
l2hSize :tex2html_wrap_inline15290:8.0pt::8.0pt::104.72679pt.
[38


]
l2hSize :tex2html_wrap_inline15294:6.74997pt::0.0pt::29.6666pt.
[39


]
l2hSize :tex2html_wrap_inline15296:6.74997pt::0.0pt::6.2153pt.
[40


]
l2hSize :tex2html_wrap_inline27402:7.24997pt::7.24997pt::32.72223pt.
[41


]
l2hSize :tex2html_wrap_inline27626:6.74997pt::0.0pt::3.94516pt.
[42


]
l2hSize :tex2html_wrap_inline27628:7.24997pt::7.24997pt::5.19052pt.
[43


]
l2hSize :tex2html_wrap_inline28293:8.0pt::8.0pt::33.27786pt.
[44


]
l2hSize :tex2html_wrap_inline28295:7.24997pt::7.24997pt::63.2776pt.
[45


]
l2hSize :tex2html_wrap_inline29280:8.0pt::8.0pt::26.83012pt.
[46


]
l2hSize :displaymath29195:14.5pt::0.0pt::349.0pt.
[47


]
l2hSize :displaymath29197:14.5pt::0.0pt::349.0pt.
[48


]
l2hSize :displaymath29199:14.86108pt::0.0pt::349.0pt.
[49


]
l2hSize :tex2html_wrap_inline29282:7.33331pt::7.33331pt::35.19728pt.
[50


]
l2hSize :tex2html_wrap_inline29284:7.33331pt::7.33331pt::36.08156pt.
[51


]
l2hSize :tex2html_wrap_inline29968:7.24997pt::7.24997pt::41.05544pt.
[52


]
l2hSize :tex2html_wrap_inline30399:6.74997pt::0.0pt::5.50005pt.
[53


]
l2hSize :tex2html_wrap_inline30403:8.0pt::8.0pt::8.27783pt.
[54


]
l2hSize :tex2html_wrap_inline30405:8.0pt::8.0pt::6.0556pt.
[55


]
File: GridDecomps.eps Graphic file (type eps)
<GridDecomps.eps>
Overfull \hbox (109.91138pt too wide) detected at line 1935
 [] 
 []

l2hSize :tex2html_wrap36730:140.92552pt::0.0pt::349.0pt.
[56


]
File: LogRectGrids.eps Graphic file (type eps)
<LogRectGrids.eps>
Overfull \hbox (109.91138pt too wide) detected at line 1942
 [] 
 []

l2hSize :tex2html_wrap36746:140.92552pt::0.0pt::349.0pt.
[57


]
File: GridStaggerLoc2D.eps Graphic file (type eps)
<GridStaggerLoc2D.eps>
Overfull \hbox (3.31624pt too wide) detected at line 1958
 [] 
 []

l2hSize :tex2html_wrap37016:216.80998pt::0.0pt::349.0pt.
[58


]
File: GridStaggerLoc3D.eps Graphic file (type eps)
<GridStaggerLoc3D.eps>
Overfull \hbox (3.31624pt too wide) detected at line 1964
 [] 
 []

l2hSize :tex2html_wrap37028:261.97874pt::0.0pt::349.0pt.
[59


]
File: GridExclusiveReg.eps Graphic file (type eps)
<GridExclusiveReg.eps>
Overfull \hbox (71.06937pt too wide) detected at line 1999
 [] 
 []

l2hSize :tex2html_wrap37929:203.25937pt::0.0pt::349.0pt.
[60


]
l2hSize :tex2html_wrap_inline37459:8.0pt::8.0pt::38.27788pt.
[61


]
l2hSize :tex2html_wrap_inline37461:8.0pt::8.0pt::22.72227pt.
[62


]
l2hSize :tex2html_wrap_inline37463:7.24997pt::7.24997pt::13.27785pt.
[63


]
l2hSize :tex2html_wrap_inline37469:6.74997pt::0.0pt::5.50005pt.
[64


]
File: GridCustStaggerLoc.eps Graphic file (type eps)
<GridCustStaggerLoc.eps>
Overfull \hbox (47.73218pt too wide) detected at line 2035
 [] 
 []

l2hSize :tex2html_wrap38079:223.5853pt::0.0pt::349.0pt.
[65


]
l2hSize :tex2html_wrap_inline37471:8.0pt::8.0pt::22.72227pt.
[66


]
l2hSize :tex2html_wrap_inline37473:7.24997pt::7.24997pt::13.27785pt.
[67


]
l2hSize :tex2html_wrap_inline37481:8.0pt::8.0pt::32.1667pt.
[68


]
l2hSize :tex2html_wrap_inline37483:8.0pt::8.0pt::32.1667pt.
[69


]
l2hSize :tex2html_wrap_inline37487:6.94444pt::0.0pt::5.7049pt.
[70


]
File: GridCellsAndCorners.eps Graphic file (type eps)
<GridCellsAndCorners.eps>
l2hSize :tex2html_wrap38101:162.6075pt::0.0pt::349.0pt.
[71


]
l2hSize :tex2html_wrap_inline37505:8.0pt::8.0pt::32.7223pt.
[72


]
l2hSize :tex2html_wrap_inline37511:6.74997pt::0.0pt::8.27783pt.
[73


]
l2hSize :tex2html_wrap_inline41809:8.14003pt::0.0pt::14.98619pt.
[74


]
l2hSize :tex2html_wrap_inline43744:6.74997pt::0.0pt::5.1563pt.
[75


]
l2hSize :tex2html_wrap_inline43746:8.0pt::8.0pt::527.62456pt.

Overfull \hbox (181.62457pt too wide) in paragraph at lines 2277--2278
[]|[] 
 []

[76


]
l2hSize :tex2html_wrap_inline43748:6.74997pt::0.0pt::6.50238pt.
[77


]
l2hSize :tex2html_wrap_inline43750:8.0pt::8.0pt::109.4784pt.
[78


]
File: XGridEx1.eps Graphic file (type eps)
<XGridEx1.eps>
Overfull \hbox (80.4086pt too wide) detected at line 2321
 [] 
 []

l2hSize :tex2html_wrap44355:288.48068pt::0.0pt::349.0pt.
[79


]
l2hSize :tex2html_wrap_inline45252:6.83331pt::0.0pt::9.625pt.
[80


]
l2hSize :tex2html_wrap_inline45254:8.0pt::8.0pt::90.48274pt.
[81


]
l2hSize :tex2html_wrap_inline45256:6.83331pt::0.0pt::27.70514pt.
[82


]
l2hSize :tex2html_wrap_inline45258:7.33331pt::7.33331pt::26.84715pt.
[83


]
l2hSize :tex2html_wrap_inline45262:7.24997pt::7.24997pt::22.7222pt.
[84


]
l2hSize :tex2html_wrap_inline45264:7.24997pt::7.24997pt::41.05544pt.
[85


]
l2hSize :tex2html_wrap_inline46078:7.24997pt::7.24997pt::51.0555pt.
[86


]
l2hSize :tex2html_wrap_inline46082:7.24997pt::7.24997pt::23.72453pt.
[87


]
l2hSize :tex2html_wrap_inline46084:6.74997pt::0.0pt::17.05789pt.
[88


]
File: Basic_xpacket.eps Graphic file (type eps)
<Basic_xpacket.eps>
Overfull \hbox (115.13576pt too wide) detected at line 2513
 [] 
 []

l2hSize :tex2html_wrap47236:291.4901pt::0.0pt::349.0pt.
[89


]
File: Basic_xpacket_pack.eps Graphic file (type eps)
<Basic_xpacket_pack.eps>
Overfull \hbox (119.84843pt too wide) detected at line 2519
 [] 
 []

l2hSize :tex2html_wrap47282:368.5745pt::0.0pt::349.0pt.
[90


]
File: Basic_xpacket_2up.eps Graphic file (type eps)
<Basic_xpacket_2up.eps>
Overfull \hbox (116.74176pt too wide) detected at line 2525
 [] 
 []

l2hSize :tex2html_wrap47288:291.4901pt::0.0pt::349.0pt.
[91


]
File: Basic_xpacket_contig.eps Graphic file (type eps)
<Basic_xpacket_contig.eps>
Overfull \hbox (116.74176pt too wide) detected at line 2531
 [] 
 []

l2hSize :tex2html_wrap47296:291.4901pt::0.0pt::349.0pt.
[92


]
File: Basic_pack_route.eps Graphic file (type eps)
<Basic_pack_route.eps>
Overfull \hbox (174.05057pt too wide) detected at line 2537
 [] 
 []

l2hSize :tex2html_wrap47300:392.96544pt::0.0pt::349.0pt.
[93


]
File: Basic_2up_route.eps Graphic file (type eps)
<Basic_2up_route.eps>
Overfull \hbox (115.93877pt too wide) detected at line 2543
 [] 
 []

l2hSize :tex2html_wrap47306:301.92914pt::0.0pt::349.0pt.
[94


]
File: RouteHandle_obj.eps Graphic file (type eps)
<RouteHandle_obj.eps>
Overfull \hbox (138.8225pt too wide) detected at line 2550
 [] 
 []

l2hSize :tex2html_wrap92740:201.75374pt::0.0pt::349.0pt.
[95


]
File: AttributeClassUML.eps Graphic file (type eps)
<AttributeClassUML.eps>
l2hSize :tex2html_wrap93309:421.575pt::0.0pt::349.0pt.
[96


]
File: AttributePackageUML.eps Graphic file (type eps)
<AttributePackageUML.eps>
Overfull \hbox (48.49516pt too wide) detected at line 2729
 [] 
 []

l2hSize :tex2html_wrap93313:433.639pt::0.0pt::349.0pt.
[97


]
File: AttributeHierarchyUML.eps Graphic file (type eps)
<AttributeHierarchyUML.eps>
Overfull \hbox (48.48108pt too wide) detected at line 2735
 [] 
 []

l2hSize :tex2html_wrap93317:433.62056pt::0.0pt::349.0pt.
[98


]
File: TimeMgr_desc.eps Graphic file (type eps)
<TimeMgr_desc.eps>
Overfull \hbox (124.76999pt too wide) detected at line 2784
 [] 
 []

l2hSize :tex2html_wrap93383:137.51375pt::0.0pt::349.0pt.
[99


]
l2hSize :tex2html_wrap_inline51742:9.22066pt::9.22066pt::19.86676pt.
[100


]
File: TimeMgr_obj.eps Graphic file (type eps)
<TimeMgr_obj.eps>
Overfull \hbox (124.76999pt too wide) detected at line 2802
 [] 
 []

l2hSize :tex2html_wrap93422:219.82124pt::0.0pt::349.0pt.
[101


]
l2hSize :tex2html_wrap_inline51867:8.14003pt::0.0pt::8.97229pt.
[102


]
l2hSize :tex2html_wrap_inline53187:8.14003pt::0.0pt::13.9723pt.
[103


]
l2hSize :tex2html_wrap_inline53191:8.14003pt::0.0pt::13.9723pt.
[104


]
File: Log_obj.eps Graphic file (type eps)
<Log_obj.eps>
Overfull \hbox (124.76999pt too wide) detected at line 3173
 [] 
 []

l2hSize :tex2html_wrap94329:210.78749pt::0.0pt::349.0pt.
[105


]
File: VM_design.eps Graphic file (type eps)
<VM_design.eps>
Overfull \hbox (105.70335pt too wide) detected at line 3363
 [] 
 []

l2hSize :tex2html_wrap63844:331.84311pt::0.0pt::349.0pt.
[106


]
File: Appendix_uml.eps Graphic file (type eps)
<Appendix_uml.eps>
Overfull \hbox (8.33635pt too wide) detected at line 3452
 [] 
 []

l2hSize :tex2html_wrap66557:480.99883pt::0.0pt::349.0pt.
[107


] (./images.aux) ) 
Here is how much of TeX's memory you used:
 5296 strings out of 493877
 77358 string characters out of 1150590
 158068 words of memory out of 3000000
 8482 multiletter control sequences out of 10000+50000
 6047 words of font info for 16 fonts, out of 3000000 for 5000
 714 hyphenation exceptions out of 8191
 43i,5n,23p,832b,325s stack positions out of 5000i,500n,10000p,200000b,50000s

Output written on images.dvi (107 pages, 75380 bytes).
