This is pdfTeXk, Version 3.1415926-1.40.9 (Web2C 7.5.7) (format=latex 2008.12.28)  24 JAN 2012 20:57
entering extended mode
 %&-line parsing enabled.
**./images.tex
(./images.tex
LaTeX2e <2005/12/01>
Babel <v3.8l> and hyphenation patterns for english, usenglishmax, dumylang, noh
yphenation, german-x-2008-06-18, ngerman-x-2008-06-18, ancientgreek, ibycus, ar
abic, basque, bulgarian, catalan, pinyin, coptic, croatian, czech, danish, dutc
h, esperanto, estonian, farsi, finnish, french, galician, german, ngerman, mono
greek, greek, hungarian, icelandic, indonesian, interlingua, irish, italian, la
tin, lithuanian, mongolian, mongolian2a, bokmal, nynorsk, polish, portuguese, r
omanian, russian, sanskrit, serbian, slovak, slovenian, spanish, swedish, turki
sh, ukenglish, ukrainian, uppersorbian, welsh, loaded.

(/usr/local/texlive/2008/texmf-dist/tex/latex/base/article.cls
Document Class: article 2005/09/16 v1.4f Standard LaTeX document class
(/usr/local/texlive/2008/texmf-dist/tex/latex/base/size10.clo
File: size10.clo 2005/09/16 v1.4f Standard LaTeX file (size option)
)
\c@part=\count79
\c@section=\count80
\c@subsection=\count81
\c@subsubsection=\count82
\c@paragraph=\count83
\c@subparagraph=\count84
\c@figure=\count85
\c@table=\count86
\abovecaptionskip=\skip41
\belowcaptionskip=\skip42
\bibindent=\dimen102
) (/usr/local/texlive/2008/texmf-dist/tex/latex/base/ifthen.sty
Package: ifthen 2001/05/26 v1.1c Standard LaTeX ifthen package (DPC)
) (/usr/local/texlive/2008/texmf-dist/tex/generic/babel/babel.sty
Package: babel 2008/07/06 v3.8l The Babel package
(/usr/local/texlive/2008/texmf-dist/tex/generic/babel/english.ldf
Language: english 2005/03/30 v3.3o English support from the babel system
(/usr/local/texlive/2008/texmf-dist/tex/generic/babel/babel.def
File: babel.def 2008/07/06 v3.8l Babel common definitions
\babel@savecnt=\count87
\U@D=\dimen103
)
\l@canadian = a dialect from \language\l@american 
\l@australian = a dialect from \language\l@british 
\l@newzealand = a dialect from \language\l@british 
)) (/usr/local/texlive/2008/texmf-dist/tex/latex/supertabular/supertabular.sty
Package: supertabular 2004/02/20 v4.1e the supertabular environment
\c@tracingst=\count88
\ST@wd=\dimen104
\ST@rightskip=\skip43
\ST@leftskip=\skip44
\ST@parfillskip=\skip45
\ST@pageleft=\dimen105
\ST@headht=\dimen106
\ST@tailht=\dimen107
\ST@pagesofar=\dimen108
\ST@pboxht=\dimen109
\ST@lineht=\dimen110
\ST@stretchht=\dimen111
\ST@prevht=\dimen112
\ST@toadd=\dimen113
\ST@dimen=\dimen114
\ST@pbox=\box26
) (/usr/local/texlive/2008/texmf-dist/tex/latex/tools/longtable.sty
Package: longtable 2004/02/01 v4.11 Multi-page Table package (DPC)
\LTleft=\skip46
\LTright=\skip47
\LTpre=\skip48
\LTpost=\skip49
\LTchunksize=\count89
\LTcapwidth=\dimen115
\LT@head=\box27
\LT@firsthead=\box28
\LT@foot=\box29
\LT@lastfoot=\box30
\LT@cols=\count90
\LT@rows=\count91
\c@LT@tables=\count92
\c@LT@chunks=\count93
\LT@p@ftn=\toks14
) (/usr/local/texlive/2008/texmf/tex/latex/html/html.sty (/usr/local/texlive/20
08/texmf-dist/tex/latex/hyperref/hyperref.sty
Package: hyperref 2009/02/22 v6.78p Hypertext links for LaTeX
(/usr/local/texlive/2008/texmf-dist/tex/latex/graphics/keyval.sty
Package: keyval 1999/03/16 v1.13 key=value parser (DPC)
\KV@toks@=\toks15
) (/usr/local/texlive/2008/texmf-dist/tex/generic/oberdiek/ifpdf.sty
Package: ifpdf 2007/12/12 v1.6 Provides the ifpdf switch (HO)
Package ifpdf Info: pdfTeX in pdf mode not detected.
) (/usr/local/texlive/2008/texmf-dist/tex/generic/oberdiek/ifvtex.sty
Package: ifvtex 2008/11/04 v1.4 Switches for detecting VTeX and its modes (HO)
Package ifvtex Info: VTeX not detected.
) (/usr/local/texlive/2008/texmf-dist/tex/generic/ifxetex/ifxetex.sty
Package: ifxetex 2009/01/23 v0.5 Provides ifxetex conditional
) (/usr/local/texlive/2008/texmf-dist/tex/latex/oberdiek/hycolor.sty
Package: hycolor 2008/09/08 v1.4 Code for color options of hyperref/bookmark (H
O)
(/usr/local/texlive/2008/texmf-dist/tex/latex/oberdiek/xcolor-patch.sty
Package: xcolor-patch 2008/09/08 xcolor patch
))
\@linkdim=\dimen116
\Hy@linkcounter=\count94
\Hy@pagecounter=\count95
(/usr/local/texlive/2008/texmf-dist/tex/latex/hyperref/pd1enc.def
File: pd1enc.def 2009/02/22 v6.78p Hyperref: PDFDocEncoding definition (HO)
) (/usr/local/texlive/2008/texmf-dist/tex/generic/oberdiek/etexcmds.sty
Package: etexcmds 2007/12/12 v1.2 Prefix for e-TeX command names (HO)
(/usr/local/texlive/2008/texmf-dist/tex/generic/oberdiek/infwarerr.sty
Package: infwarerr 2007/09/09 v1.2 Providing info/warning/message (HO)
)
Package etexcmds Info: Could not find \expanded.
(etexcmds)             That can mean that you are not using pdfTeX 1.50 or
(etexcmds)             that some package has redefined \expanded.
(etexcmds)             In the latter case, load this package earlier.
) (/usr/local/texlive/2008/texmf/tex/latex/config/hyperref.cfg
File: hyperref.cfg 2002/06/06 v1.2 hyperref configuration of TeXLive
) (/usr/local/texlive/2008/texmf-dist/tex/latex/oberdiek/kvoptions.sty
Package: kvoptions 2007/10/18 v3.0 Keyval support for LaTeX options (HO)
)
Package hyperref Info: Hyper figures OFF on input line 2935.
Package hyperref Info: Link nesting OFF on input line 2940.
Package hyperref Info: Hyper index ON on input line 2943.
Package hyperref Info: Plain pages OFF on input line 2950.
Package hyperref Info: Backreferencing OFF on input line 2955.
Implicit mode ON; LaTeX internals redefined
Package hyperref Info: Bookmarks ON on input line 3145.
(/usr/local/texlive/2008/texmf/tex/latex/html/url.sty
Package: url 1999/03/02  ver 1.4  Verb mode for urls, email addresses, and file
 names
)
LaTeX Info: Redefining \url on input line 3382.
(/usr/local/texlive/2008/texmf-dist/tex/generic/oberdiek/bitset.sty
Package: bitset 2007/09/28 v1.0 Data type bit set (HO)
(/usr/local/texlive/2008/texmf-dist/tex/generic/oberdiek/intcalc.sty
Package: intcalc 2007/09/27 v1.1 Expandable integer calculations (HO)
) (/usr/local/texlive/2008/texmf-dist/tex/generic/oberdiek/bigintcalc.sty
Package: bigintcalc 2007/11/11 v1.1 Expandable big integer calculations (HO)
(/usr/local/texlive/2008/texmf-dist/tex/generic/oberdiek/pdftexcmds.sty
Package: pdftexcmds 2007/12/12 v0.3 LuaTeX support for pdfTeX utility functions
 (HO)
Package pdftexcmds Info: LuaTeX not detected on input line 139.
))) (/usr/local/texlive/2008/texmf-dist/tex/generic/oberdiek/kvsetkeys.sty
Package: kvsetkeys 2007/09/29 v1.3 Key value parser with default handler suppor
t (HO)
)
\Fld@menulength=\count96
\Field@Width=\dimen117
\Fld@charsize=\dimen118
\Field@toks=\toks16
Package hyperref Info: Hyper figures OFF on input line 4299.
Package hyperref Info: Link nesting OFF on input line 4304.
Package hyperref Info: Hyper index ON on input line 4307.
Package hyperref Info: backreferencing OFF on input line 4314.
Package hyperref Info: Link coloring OFF on input line 4319.
Package hyperref Info: Link coloring with OCG OFF on input line 4324.
Package hyperref Info: PDF/A mode OFF on input line 4329.
(/usr/local/texlive/2008/texmf-dist/tex/generic/oberdiek/atbegshi.sty
Package: atbegshi 2008/07/31 v1.9 At begin shipout hook (HO)
)
\Hy@abspage=\count97
\c@Item=\count98
\c@Hfootnote=\count99
)
*hyperref using default driver hdvips*
(/usr/local/texlive/2008/texmf-dist/tex/latex/hyperref/hdvips.def
File: hdvips.def 2009/02/22 v6.78p Hyperref driver for dvips
(/usr/local/texlive/2008/texmf-dist/tex/latex/hyperref/pdfmark.def
File: pdfmark.def 2009/02/22 v6.78p Hyperref definitions for pdfmark specials
\pdf@docset=\toks17
\pdf@box=\box31
\pdf@toks=\toks18
\pdf@defaulttoks=\toks19
\Fld@listcount=\count100
))
Package: html 1999/07/19 v1.38 hypertext commands for latex2html (nd, hws, rrm)

\c@lpart=\count101
\c@lchapter=\count102
\c@chapter=\count103
\c@lsection=\count104
\c@lsubsection=\count105
\c@lsubsubsection=\count106
\c@lparagraph=\count107
\c@lsubparagraph=\count108
\c@lsubsubparagraph=\count109
\ptrfile=\write3
) (/usr/local/texlive/2008/texmf-dist/tex/latex/psnfss/times.sty
Package: times 2005/04/12 PSNFSS-v9.2a (SPQR) 
) (/usr/local/texlive/2008/texmf-dist/tex/latex/graphics/graphicx.sty
Package: graphicx 1999/02/16 v1.0f Enhanced LaTeX Graphics (DPC,SPQR)
(/usr/local/texlive/2008/texmf-dist/tex/latex/graphics/graphics.sty
Package: graphics 2006/02/20 v1.0o Standard LaTeX Graphics (DPC,SPQR)
(/usr/local/texlive/2008/texmf-dist/tex/latex/graphics/trig.sty
Package: trig 1999/03/16 v1.09 sin cos tan (DPC)
) (/usr/local/texlive/2008/texmf/tex/latex/config/graphics.cfg
File: graphics.cfg 2007/01/18 v1.5 graphics configuration of teTeX/TeXLive
)
Package graphics Info: Driver file: dvips.def on input line 90.
(/usr/local/texlive/2008/texmf-dist/tex/latex/graphics/dvips.def
File: dvips.def 1999/02/16 v3.0i Driver-dependant file (DPC,SPQR)
))
\Gin@req@height=\dimen119
\Gin@req@width=\dimen120
) (/usr/local/texlive/2008/texmf-dist/tex/latex/base/fontenc.sty
Package: fontenc 2005/09/27 v1.99g Standard LaTeX package
(/usr/local/texlive/2008/texmf-dist/tex/latex/base/t1enc.def
File: t1enc.def 2005/09/27 v1.99g Standard LaTeX file
LaTeX Font Info:    Redeclaring font encoding T1 on input line 43.
)) (/usr/local/texlive/2008/texmf-dist/tex/latex/graphics/color.sty
Package: color 2005/11/14 v1.0j Standard LaTeX Color (DPC)
(/usr/local/texlive/2008/texmf/tex/latex/config/color.cfg
File: color.cfg 2007/01/18 v1.5 color configuration of teTeX/TeXLive
)
Package color Info: Driver file: dvips.def on input line 130.
(/usr/local/texlive/2008/texmf-dist/tex/latex/graphics/dvipsnam.def
File: dvipsnam.def 1999/02/16 v3.0i Driver-dependant file (DPC,SPQR)
)) (/usr/local/texlive/2008/texmf-dist/tex/latex/base/inputenc.sty
Package: inputenc 2006/05/05 v1.1b Input encoding file
\inpenc@prehook=\toks20
\inpenc@posthook=\toks21
)
\sizebox=\box32
\lthtmlwrite=\write4
(./images.aux)
\openout1 = `images.aux'.

LaTeX Font Info:    Checking defaults for OML/cmm/m/it on input line 150.
LaTeX Font Info:    ... okay on input line 150.
LaTeX Font Info:    Checking defaults for T1/cmr/m/n on input line 150.
LaTeX Font Info:    ... okay on input line 150.
LaTeX Font Info:    Checking defaults for OT1/cmr/m/n on input line 150.
LaTeX Font Info:    ... okay on input line 150.
LaTeX Font Info:    Checking defaults for OMS/cmsy/m/n on input line 150.
LaTeX Font Info:    ... okay on input line 150.
LaTeX Font Info:    Checking defaults for OMX/cmex/m/n on input line 150.
LaTeX Font Info:    ... okay on input line 150.
LaTeX Font Info:    Checking defaults for U/cmr/m/n on input line 150.
LaTeX Font Info:    ... okay on input line 150.
LaTeX Font Info:    Checking defaults for PD1/pdf/m/n on input line 150.
LaTeX Font Info:    ... okay on input line 150.
LaTeX Font Info:    Try loading font information for T1+ptm on input line 150.
(/usr/local/texlive/2008/texmf-dist/tex/latex/psnfss/t1ptm.fd
File: t1ptm.fd 2001/06/04 font definitions for T1/ptm.
)
Package hyperref Info: Link coloring OFF on input line 150.
(/usr/local/texlive/2008/texmf-dist/tex/latex/hyperref/nameref.sty
Package: nameref 2007/05/29 v2.31 Cross-referencing by name of section
(/usr/local/texlive/2008/texmf-dist/tex/latex/oberdiek/refcount.sty
Package: refcount 2008/08/11 v3.1 Data extraction from references (HO)
)
\c@section@level=\count110
)
LaTeX Info: Redefining \ref on input line 150.
LaTeX Info: Redefining \pageref on input line 150.
\@outlinefile=\write5
\openout5 = `images.out'.

\AtBeginShipoutBox=\box33

latex2htmlLength hsize=349.0pt

latex2htmlLength vsize=697.295pt

latex2htmlLength hoffset=0.0pt

latex2htmlLength voffset=0.0pt

latex2htmlLength topmargin=0.0pt

latex2htmlLength topskip=0.00003pt

latex2htmlLength headheight=0.0pt

latex2htmlLength headsep=0.0pt

latex2htmlLength parskip=0.0pt plus 1.0pt

latex2htmlLength oddsidemargin=0.0pt

latex2htmlLength evensidemargin=0.0pt

File: ESMF_sandwich.eps Graphic file (type eps)
<ESMF_sandwich.eps>
Overfull \hbox (33.42874pt too wide) detected at line 181
 [] 
 []

l2hSize :tex2html_wrap295:210.78749pt::0.0pt::349.0pt.
[1



]
File: ESMF_GEOS5.eps Graphic file (type eps)
<ESMF_GEOS5.eps>
Overfull \hbox (109.91138pt too wide) detected at line 270
 [] 
 []

l2hSize :tex2html_wrap2022:279.14096pt::0.0pt::349.0pt.
[2


]
File: ESMF_appunit.eps Graphic file (type eps)
<ESMF_appunit.eps>
Overfull \hbox (124.76999pt too wide) detected at line 277
 [] 
 []

l2hSize :tex2html_wrap2042:346.29375pt::0.0pt::349.0pt.
[3


]
File: ESMF_serial.eps Graphic file (type eps)
<ESMF_serial.eps>
Overfull \hbox (44.46999pt too wide) detected at line 284
 [] 
 []

l2hSize :tex2html_wrap2062:445.665pt::0.0pt::349.0pt.
[4


]
File: ESMF_concurrent.eps Graphic file (type eps)
<ESMF_concurrent.eps>
Overfull \hbox (44.46999pt too wide) detected at line 290
 [] 
 []

l2hSize :tex2html_wrap2068:382.42874pt::0.0pt::349.0pt.
[5


]
File: ESMF_reconcile.eps Graphic file (type eps)
<ESMF_reconcile.eps>
Overfull \hbox (51.49625pt too wide) detected at line 298
 [] 
 []

l2hSize :tex2html_wrap2088:418.56374pt::0.0pt::349.0pt.
[6


]
File: Comp_obj.eps Graphic file (type eps)
<Comp_obj.eps>
Overfull \hbox (88.635pt too wide) detected at line 306
 [] 
 []

l2hSize :tex2html_wrap92004:143.53624pt::0.0pt::349.0pt.
[7


]
File: Excl_src_grid.eps Graphic file (type eps)
<Excl_src_grid.eps>
l2hSize :tex2html_wrap8015:158.9929pt::0.0pt::349.0pt.
[8


]
File: Excl_dst_grid.eps Graphic file (type eps)
<Excl_dst_grid.eps>
l2hSize :tex2html_wrap8021:151.76596pt::0.0pt::349.0pt.
[9


]
File: Excl_src_grid_cpl.eps Graphic file (type eps)
<Excl_src_grid_cpl.eps>
Overfull \hbox (45.77219pt too wide) detected at line 557
 [] 
 []

l2hSize :tex2html_wrap8029:183.38387pt::0.0pt::349.0pt.
[10


]
File: Excl_dst_grid_cpl.eps Graphic file (type eps)
<Excl_dst_grid_cpl.eps>
Overfull \hbox (86.42378pt too wide) detected at line 563
 [] 
 []

l2hSize :tex2html_wrap8035:187.90071pt::0.0pt::349.0pt.
[11


]
File: State_obj.eps Graphic file (type eps)
<State_obj.eps>
Overfull \hbox (124.76999pt too wide) detected at line 570
 [] 
 []

l2hSize :tex2html_wrap92460:138.51749pt::0.0pt::349.0pt.
[12


]
File: webservices.eps Graphic file (type eps)
<webservices.eps>
l2hSize :tex2html_wrap10251:279.54437pt::0.0pt::349.0pt.
[13


]
LaTeX Font Info:    External font `cmex10' loaded for size
(Font)              <7> on input line 800.
LaTeX Font Info:    External font `cmex10' loaded for size
(Font)              <5> on input line 800.
l2hSize :tex2html_wrap_inline11017:8.94843pt::8.94843pt::113.58128pt.
[14


]
l2hSize :tex2html_wrap_inline11019:8.94843pt::8.94843pt::110.72125pt.
[15


]
l2hSize :tex2html_wrap_inline11021:7.24997pt::7.24997pt::83.0809pt.
[16


]
l2hSize :tex2html_wrap_inline11023:8.0pt::8.0pt::112.99733pt.
[17


]
l2hSize :tex2html_wrap_inline11025:7.24997pt::7.24997pt::5.53128pt.
[18


]
l2hSize :tex2html_wrap_inline11027:7.24997pt::7.24997pt::5.67018pt.
[19


]
l2hSize :tex2html_wrap_inline11029:6.74997pt::0.0pt::6.22461pt.
[20


]
l2hSize :tex2html_wrap_inline11031:6.74997pt::0.0pt::5.70604pt.
[21


]
l2hSize :tex2html_wrap_inline14376:7.24997pt::7.24997pt::58.07022pt.
[22


]
l2hSize :tex2html_wrap_inline14378:8.0pt::8.0pt::108.93636pt.
[23


]
l2hSize :tex2html_wrap_inline14380:8.0pt::8.0pt::65.22731pt.
[24


]
l2hSize :tex2html_wrap_inline14382:7.24997pt::7.24997pt::13.0163pt.
[25


]
l2hSize :tex2html_wrap_inline14384:7.24997pt::7.24997pt::13.38538pt.
[26


]
l2hSize :tex2html_wrap_inline14386:8.0pt::8.0pt::46.09215pt.
[27


]
l2hSize :tex2html_wrap_inline14388:7.24997pt::7.24997pt::10.82816pt.
[28


]
l2hSize :tex2html_wrap_inline14390:7.44444pt::7.44444pt::30.11972pt.
[29


]
File: FieldParameterSetup.eps Graphic file (type eps)
<FieldParameterSetup.eps>
Overfull \hbox (111.72124pt too wide) detected at line 988
 [] 
 []

l2hSize :tex2html_wrap14508:596.22748pt::0.0pt::349.0pt.
[30


]
l2hSize :tex2html_wrap_inline14930:7.99998pt::7.99998pt::8.83339pt.
[31


]
l2hSize :tex2html_wrap_inline15708:8.0pt::8.0pt::164.64523pt.
[32


]
l2hSize :tex2html_wrap_inline15710:7.44444pt::7.44444pt::17.3328pt.
[33


]
l2hSize :tex2html_wrap_inline15712:7.33331pt::7.33331pt::19.61928pt.
[34


]
l2hSize :tex2html_wrap_inline15714:7.24997pt::7.24997pt::18.51802pt.
[35


]
l2hSize :tex2html_wrap_inline15835:8.64003pt::8.64003pt::49.29288pt.
[36


]
l2hSize :tex2html_wrap_inline15837:8.0pt::8.0pt::52.49536pt.
[37


]
l2hSize :tex2html_wrap_inline15839:8.0pt::8.0pt::104.72679pt.
[38


]
l2hSize :tex2html_wrap_inline15843:6.74997pt::0.0pt::29.6666pt.
[39


]
l2hSize :tex2html_wrap_inline15845:6.74997pt::0.0pt::6.2153pt.
[40


]
l2hSize :tex2html_wrap_inline28321:7.24997pt::7.24997pt::32.72223pt.
[41


]
l2hSize :tex2html_wrap_inline28545:6.74997pt::0.0pt::3.94516pt.
[42


]
l2hSize :tex2html_wrap_inline28547:7.24997pt::7.24997pt::5.19052pt.
[43


]
l2hSize :tex2html_wrap_inline29220:7.44444pt::7.44444pt::80.91606pt.
[44


]
l2hSize :tex2html_wrap_inline29222:8.0pt::8.0pt::33.27786pt.
[45


]
l2hSize :tex2html_wrap_inline29224:7.24997pt::7.24997pt::63.2776pt.
[46


]
l2hSize :tex2html_wrap_inline30225:8.0pt::8.0pt::26.83012pt.
[47


]
l2hSize :displaymath30140:14.5pt::0.0pt::349.0pt.
[48


]
l2hSize :displaymath30142:14.5pt::0.0pt::349.0pt.
[49


]
l2hSize :displaymath30144:14.86108pt::0.0pt::349.0pt.
[50


]
l2hSize :tex2html_wrap_inline30227:7.33331pt::7.33331pt::35.19728pt.
[51


]
l2hSize :tex2html_wrap_inline30229:7.33331pt::7.33331pt::36.08156pt.
[52


]
l2hSize :tex2html_wrap_inline30913:7.24997pt::7.24997pt::41.05544pt.
[53


]
l2hSize :tex2html_wrap_inline31344:6.74997pt::0.0pt::5.50005pt.
[54


]
l2hSize :tex2html_wrap_inline31348:8.0pt::8.0pt::8.27783pt.
[55


]
l2hSize :tex2html_wrap_inline31350:8.0pt::8.0pt::6.0556pt.
[56


]
File: GridDecomps.eps Graphic file (type eps)
<GridDecomps.eps>
Overfull \hbox (109.91138pt too wide) detected at line 1949
 [] 
 []

l2hSize :tex2html_wrap37890:140.92552pt::0.0pt::349.0pt.
[57


]
File: LogRectGrids.eps Graphic file (type eps)
<LogRectGrids.eps>
Overfull \hbox (109.91138pt too wide) detected at line 1956
 [] 
 []

l2hSize :tex2html_wrap37906:140.92552pt::0.0pt::349.0pt.
[58


]
File: GridStaggerLoc2D.eps Graphic file (type eps)
<GridStaggerLoc2D.eps>
Overfull \hbox (3.31624pt too wide) detected at line 1972
 [] 
 []

l2hSize :tex2html_wrap38187:216.80998pt::0.0pt::349.0pt.
[59


]
File: GridStaggerLoc3D.eps Graphic file (type eps)
<GridStaggerLoc3D.eps>
Overfull \hbox (3.31624pt too wide) detected at line 1978
 [] 
 []

l2hSize :tex2html_wrap38199:261.97874pt::0.0pt::349.0pt.
[60


]
File: GridExclusiveReg.eps Graphic file (type eps)
<GridExclusiveReg.eps>
Overfull \hbox (71.06937pt too wide) detected at line 2013
 [] 
 []

l2hSize :tex2html_wrap39098:203.25937pt::0.0pt::349.0pt.
[61


]
l2hSize :tex2html_wrap_inline38630:8.0pt::8.0pt::38.27788pt.
[62


]
l2hSize :tex2html_wrap_inline38632:8.0pt::8.0pt::22.72227pt.
[63


]
l2hSize :tex2html_wrap_inline38634:7.24997pt::7.24997pt::13.27785pt.
[64


]
l2hSize :tex2html_wrap_inline38640:6.74997pt::0.0pt::5.50005pt.
[65


]
File: GridCustStaggerLoc.eps Graphic file (type eps)
<GridCustStaggerLoc.eps>
Overfull \hbox (47.73218pt too wide) detected at line 2049
 [] 
 []

l2hSize :tex2html_wrap39248:223.5853pt::0.0pt::349.0pt.
[66


]
l2hSize :tex2html_wrap_inline38642:8.0pt::8.0pt::22.72227pt.
[67


]
l2hSize :tex2html_wrap_inline38644:7.24997pt::7.24997pt::13.27785pt.
[68


]
l2hSize :tex2html_wrap_inline38652:8.0pt::8.0pt::32.1667pt.
[69


]
l2hSize :tex2html_wrap_inline38654:8.0pt::8.0pt::32.1667pt.
[70


]
l2hSize :tex2html_wrap_inline38658:6.94444pt::0.0pt::5.7049pt.
[71


]
File: GridCellsAndCorners.eps Graphic file (type eps)
<GridCellsAndCorners.eps>
l2hSize :tex2html_wrap39270:162.6075pt::0.0pt::349.0pt.
[72


]
l2hSize :tex2html_wrap_inline38676:8.0pt::8.0pt::32.7223pt.
[73


]
l2hSize :tex2html_wrap_inline38682:6.74997pt::0.0pt::8.27783pt.
[74


]
l2hSize :tex2html_wrap_inline43052:8.14003pt::0.0pt::14.98619pt.
[75


]
l2hSize :tex2html_wrap_inline45034:6.74997pt::0.0pt::5.1563pt.
[76


]
l2hSize :tex2html_wrap_inline45036:8.0pt::8.0pt::527.62456pt.

Overfull \hbox (181.62457pt too wide) in paragraph at lines 2291--2292
[]|[] 
 []

[77


]
l2hSize :tex2html_wrap_inline45038:6.74997pt::0.0pt::6.50238pt.
[78


]
l2hSize :tex2html_wrap_inline45040:8.0pt::8.0pt::109.4784pt.
[79


]
File: XGridEx1.eps Graphic file (type eps)
<XGridEx1.eps>
Overfull \hbox (80.4086pt too wide) detected at line 2335
 [] 
 []

l2hSize :tex2html_wrap45645:288.48068pt::0.0pt::349.0pt.
[80


]
l2hSize :tex2html_wrap_inline46545:6.83331pt::0.0pt::9.625pt.
[81


]
l2hSize :tex2html_wrap_inline46547:8.0pt::8.0pt::90.48274pt.
[82


]
l2hSize :tex2html_wrap_inline46549:6.83331pt::0.0pt::27.70514pt.
[83


]
l2hSize :tex2html_wrap_inline46551:7.33331pt::7.33331pt::26.84715pt.
[84


]
l2hSize :tex2html_wrap_inline46555:7.24997pt::7.24997pt::22.7222pt.
[85


]
l2hSize :tex2html_wrap_inline46557:7.24997pt::7.24997pt::41.05544pt.
[86


]
l2hSize :tex2html_wrap_inline47419:7.24997pt::7.24997pt::51.0555pt.
[87


]
l2hSize :tex2html_wrap_inline47423:7.24997pt::7.24997pt::23.72453pt.
[88


]
l2hSize :tex2html_wrap_inline47425:6.74997pt::0.0pt::17.05789pt.
[89


]
File: Basic_xpacket.eps Graphic file (type eps)
<Basic_xpacket.eps>
Overfull \hbox (115.13576pt too wide) detected at line 2527
 [] 
 []

l2hSize :tex2html_wrap48576:291.4901pt::0.0pt::349.0pt.
[90


]
File: Basic_xpacket_pack.eps Graphic file (type eps)
<Basic_xpacket_pack.eps>
Overfull \hbox (119.84843pt too wide) detected at line 2533
 [] 
 []

l2hSize :tex2html_wrap48622:368.5745pt::0.0pt::349.0pt.
[91


]
File: Basic_xpacket_2up.eps Graphic file (type eps)
<Basic_xpacket_2up.eps>
Overfull \hbox (116.74176pt too wide) detected at line 2539
 [] 
 []

l2hSize :tex2html_wrap48628:291.4901pt::0.0pt::349.0pt.
[92


]
File: Basic_xpacket_contig.eps Graphic file (type eps)
<Basic_xpacket_contig.eps>
Overfull \hbox (116.74176pt too wide) detected at line 2545
 [] 
 []

l2hSize :tex2html_wrap48636:291.4901pt::0.0pt::349.0pt.
[93


]
File: Basic_pack_route.eps Graphic file (type eps)
<Basic_pack_route.eps>
Overfull \hbox (174.05057pt too wide) detected at line 2551
 [] 
 []

l2hSize :tex2html_wrap48640:392.96544pt::0.0pt::349.0pt.
[94


]
File: Basic_2up_route.eps Graphic file (type eps)
<Basic_2up_route.eps>
Overfull \hbox (115.93877pt too wide) detected at line 2557
 [] 
 []

l2hSize :tex2html_wrap48646:301.92914pt::0.0pt::349.0pt.
[95


]
File: RouteHandle_obj.eps Graphic file (type eps)
<RouteHandle_obj.eps>
Overfull \hbox (138.8225pt too wide) detected at line 2564
 [] 
 []

l2hSize :tex2html_wrap94892:201.75374pt::0.0pt::349.0pt.
[96


]
File: AttributeClassUML.eps Graphic file (type eps)
<AttributeClassUML.eps>
l2hSize :tex2html_wrap95470:421.575pt::0.0pt::349.0pt.
[97


]
File: AttributePackageUML.eps Graphic file (type eps)
<AttributePackageUML.eps>
Overfull \hbox (48.49516pt too wide) detected at line 2743
 [] 
 []

l2hSize :tex2html_wrap95474:433.639pt::0.0pt::349.0pt.
[98


]
File: AttributeHierarchyUML.eps Graphic file (type eps)
<AttributeHierarchyUML.eps>
Overfull \hbox (48.48108pt too wide) detected at line 2749
 [] 
 []

l2hSize :tex2html_wrap95478:433.62056pt::0.0pt::349.0pt.
[99


]
File: TimeMgr_desc.eps Graphic file (type eps)
<TimeMgr_desc.eps>
Overfull \hbox (124.76999pt too wide) detected at line 2798
 [] 
 []

l2hSize :tex2html_wrap95544:137.51375pt::0.0pt::349.0pt.
[100


]
l2hSize :tex2html_wrap_inline53112:9.22066pt::9.22066pt::19.86676pt.
[101


]
File: TimeMgr_obj.eps Graphic file (type eps)
<TimeMgr_obj.eps>
Overfull \hbox (124.76999pt too wide) detected at line 2816
 [] 
 []

l2hSize :tex2html_wrap95583:219.82124pt::0.0pt::349.0pt.
[102


]
l2hSize :tex2html_wrap_inline53238:8.14003pt::0.0pt::8.97229pt.
[103


]
l2hSize :tex2html_wrap_inline54617:8.14003pt::0.0pt::13.9723pt.
[104


]
l2hSize :tex2html_wrap_inline54621:8.14003pt::0.0pt::13.9723pt.
[105


]
File: Log_obj.eps Graphic file (type eps)
<Log_obj.eps>
Overfull \hbox (124.76999pt too wide) detected at line 3187
 [] 
 []

l2hSize :tex2html_wrap96490:210.78749pt::0.0pt::349.0pt.
[106


]
l2hSize :tex2html_wrap_inline63968:8.0pt::8.0pt::98.69392pt.
[107


]
l2hSize :tex2html_wrap_inline63970:8.0pt::8.0pt::81.47177pt.
[108


]
File: VM_design.eps Graphic file (type eps)
<VM_design.eps>
Overfull \hbox (105.70335pt too wide) detected at line 3389
 [] 
 []

l2hSize :tex2html_wrap65734:331.84311pt::0.0pt::349.0pt.
[109


]
File: Appendix_uml.eps Graphic file (type eps)
<Appendix_uml.eps>
Overfull \hbox (8.33635pt too wide) detected at line 3478
 [] 
 []

l2hSize :tex2html_wrap68549:480.99883pt::0.0pt::349.0pt.
[110


] (./images.aux) ) 
Here is how much of TeX's memory you used:
 5306 strings out of 493877
 77609 string characters out of 1150590
 159269 words of memory out of 3000000
 8492 multiletter control sequences out of 10000+50000
 6047 words of font info for 16 fonts, out of 3000000 for 5000
 714 hyphenation exceptions out of 8191
 43i,5n,23p,832b,325s stack positions out of 5000i,500n,10000p,200000b,50000s

Output written on images.dvi (110 pages, 77316 bytes).
