This is pdfTeX, Version 3.141592653-2.6-1.40.26 (TeX Live 2025/dev/Debian) (preloaded format=pdflatex 2025.1.17)  29 JAN 2025 21:38
entering extended mode
 restricted \write18 enabled.
 %&-line parsing enabled.
**./images.tex
(./images.tex
LaTeX2e <2024-11-01>
L3 programming layer <2024-11-02>

(/usr/share/texlive/texmf-dist/tex/latex/base/article.cls
Document Class: article 2024/06/29 v1.4n Standard LaTeX document class
(/usr/share/texlive/texmf-dist/tex/latex/base/size10.clo
File: size10.clo 2024/06/29 v1.4n Standard LaTeX file (size option)
)
\c@part=\count196
\c@section=\count197
\c@subsection=\count198
\c@subsubsection=\count199
\c@paragraph=\count266
\c@subparagraph=\count267
\c@figure=\count268
\c@table=\count269
\abovecaptionskip=\skip49
\belowcaptionskip=\skip50
\bibindent=\dimen141
) (/usr/share/texlive/texmf-dist/tex/latex/base/ifthen.sty
Package: ifthen 2024/03/16 v1.1e Standard LaTeX ifthen package (DPC)
) (/usr/share/texlive/texmf-dist/tex/generic/babel/babel.sty
Package: babel 2024/11/08 v24.13 The multilingual framework for pdfLaTeX, LuaLa
TeX and XeLaTeX
\babel@savecnt=\count270
\U@D=\dimen142
\l@unhyphenated=\language90
(/usr/share/texlive/texmf-dist/tex/generic/babel/txtbabel.def)
\bbl@readstream=\read2
\bbl@dirlevel=\count271
(/usr/share/texlive/texmf-dist/tex/generic/babel-english/english.ldf
Language: english 2017/06/06 v3.3r English support from the babel system
Package babel Info: Hyphen rules for 'canadian' set to \l@english
(babel)             (\language0). Reported on input line 102.
Package babel Info: Hyphen rules for 'australian' set to \l@ukenglish
(babel)             (\language29). Reported on input line 105.
Package babel Info: Hyphen rules for 'newzealand' set to \l@ukenglish
(babel)             (\language29). Reported on input line 108.
)) (/usr/share/texlive/texmf-dist/tex/generic/babel/locale/en/babel-english.tex
Package babel Info: Importing font and identification data for english
(babel)             from babel-en.ini. Reported on input line 11.
) (/usr/share/texlive/texmf-dist/tex/latex/tools/longtable.sty
Package: longtable 2024-10-27 v4.22 Multi-page Table package (DPC)
\LTleft=\skip51
\LTright=\skip52
\LTpre=\skip53
\LTpost=\skip54
\LTchunksize=\count272
\LTcapwidth=\dimen143
\LT@head=\box52
\LT@firsthead=\box53
\LT@foot=\box54
\LT@lastfoot=\box55
\LT@gbox=\box56
\LT@cols=\count273
\LT@rows=\count274
\c@LT@tables=\count275
\c@LT@chunks=\count276
\LT@p@ftn=\toks17
) (/usr/share/texmf/tex/latex/html/html.sty (/usr/share/texlive/texmf-dist/tex/
latex/hyperref/hyperref.sty
Package: hyperref 2024-11-05 v7.01l Hypertext links for LaTeX
(/usr/share/texlive/texmf-dist/tex/generic/iftex/iftex.sty
Package: iftex 2022/02/03 v1.0f TeX engine tests
) (/usr/share/texlive/texmf-dist/tex/latex/graphics/keyval.sty
Package: keyval 2022/05/29 v1.15 key=value parser (DPC)
\KV@toks@=\toks18
) (/usr/share/texlive/texmf-dist/tex/latex/kvsetkeys/kvsetkeys.sty
Package: kvsetkeys 2022-10-05 v1.19 Key value parser (HO)
) (/usr/share/texlive/texmf-dist/tex/generic/kvdefinekeys/kvdefinekeys.sty
Package: kvdefinekeys 2019-12-19 v1.6 Define keys (HO)
) (/usr/share/texlive/texmf-dist/tex/generic/pdfescape/pdfescape.sty
Package: pdfescape 2019/12/09 v1.15 Implements pdfTeX's escape features (HO)
(/usr/share/texlive/texmf-dist/tex/generic/ltxcmds/ltxcmds.sty
Package: ltxcmds 2023-12-04 v1.26 LaTeX kernel commands for general use (HO)
) (/usr/share/texlive/texmf-dist/tex/generic/pdftexcmds/pdftexcmds.sty
Package: pdftexcmds 2020-06-27 v0.33 Utility functions of pdfTeX for LuaTeX (HO
)
(/usr/share/texlive/texmf-dist/tex/generic/infwarerr/infwarerr.sty
Package: infwarerr 2019/12/03 v1.5 Providing info/warning/error messages (HO)
)
Package pdftexcmds Info: \pdf@primitive is available.
Package pdftexcmds Info: \pdf@ifprimitive is available.
Package pdftexcmds Info: \pdfdraftmode found.
)) (/usr/share/texlive/texmf-dist/tex/latex/hycolor/hycolor.sty
Package: hycolor 2020-01-27 v1.10 Color options for hyperref/bookmark (HO)
) (/usr/share/texlive/texmf-dist/tex/latex/hyperref/nameref.sty
Package: nameref 2023-11-26 v2.56 Cross-referencing by name of section
(/usr/share/texlive/texmf-dist/tex/latex/refcount/refcount.sty
Package: refcount 2019/12/15 v3.6 Data extraction from label references (HO)
) (/usr/share/texlive/texmf-dist/tex/generic/gettitlestring/gettitlestring.sty
Package: gettitlestring 2019/12/15 v1.6 Cleanup title references (HO)
(/usr/share/texlive/texmf-dist/tex/latex/kvoptions/kvoptions.sty
Package: kvoptions 2022-06-15 v3.15 Key value format for package options (HO)
))
\c@section@level=\count277
) (/usr/share/texlive/texmf-dist/tex/latex/etoolbox/etoolbox.sty
Package: etoolbox 2020/10/05 v2.5k e-TeX tools for LaTeX (JAW)
\etb@tempcnta=\count278
) (/usr/share/texlive/texmf-dist/tex/generic/stringenc/stringenc.sty
Package: stringenc 2019/11/29 v1.12 Convert strings between diff. encodings (HO
)
)
\@linkdim=\dimen144
\Hy@linkcounter=\count279
\Hy@pagecounter=\count280
(/usr/share/texlive/texmf-dist/tex/latex/hyperref/pd1enc.def
File: pd1enc.def 2024-11-05 v7.01l Hyperref: PDFDocEncoding definition (HO)
Now handling font encoding PD1 ...
... no UTF-8 mapping file for font encoding PD1
) (/usr/share/texlive/texmf-dist/tex/generic/intcalc/intcalc.sty
Package: intcalc 2019/12/15 v1.3 Expandable calculations with integers (HO)
)
\Hy@SavedSpaceFactor=\count281
(/usr/share/texlive/texmf-dist/tex/latex/hyperref/puenc.def
File: puenc.def 2024-11-05 v7.01l Hyperref: PDF Unicode definition (HO)
Now handling font encoding PU ...
... no UTF-8 mapping file for font encoding PU
)
Package hyperref Info: Hyper figures OFF on input line 4157.
Package hyperref Info: Link nesting OFF on input line 4162.
Package hyperref Info: Hyper index ON on input line 4165.
Package hyperref Info: Plain pages OFF on input line 4172.
Package hyperref Info: Backreferencing OFF on input line 4177.
Package hyperref Info: Implicit mode ON; LaTeX internals redefined.
Package hyperref Info: Bookmarks ON on input line 4424.
\c@Hy@tempcnt=\count282
(/usr/share/texlive/texmf-dist/tex/latex/url/url.sty
\Urlmuskip=\muskip17
Package: url 2013/09/16  ver 3.4  Verb mode for urls, etc.
)
LaTeX Info: Redefining \url on input line 4763.
\XeTeXLinkMargin=\dimen145
(/usr/share/texlive/texmf-dist/tex/generic/bitset/bitset.sty
Package: bitset 2019/12/09 v1.3 Handle bit-vector datatype (HO)
(/usr/share/texlive/texmf-dist/tex/generic/bigintcalc/bigintcalc.sty
Package: bigintcalc 2019/12/15 v1.5 Expandable calculations on big integers (HO
)
))
\Fld@menulength=\count283
\Field@Width=\dimen146
\Fld@charsize=\dimen147
Package hyperref Info: Hyper figures OFF on input line 6042.
Package hyperref Info: Link nesting OFF on input line 6047.
Package hyperref Info: Hyper index ON on input line 6050.
Package hyperref Info: backreferencing OFF on input line 6057.
Package hyperref Info: Link coloring OFF on input line 6062.
Package hyperref Info: Link coloring with OCG OFF on input line 6067.
Package hyperref Info: PDF/A mode OFF on input line 6072.
(/usr/share/texlive/texmf-dist/tex/latex/base/atbegshi-ltx.sty
Package: atbegshi-ltx 2021/01/10 v1.0c Emulation of the original atbegshi
package with kernel methods
)
\Hy@abspage=\count284
\c@Item=\count285
\c@Hfootnote=\count286
)
Package hyperref Info: Driver: hpdftex.
(/usr/share/texlive/texmf-dist/tex/latex/hyperref/hpdftex.def
File: hpdftex.def 2024-11-05 v7.01l Hyperref driver for pdfTeX
(/usr/share/texlive/texmf-dist/tex/latex/base/atveryend-ltx.sty
Package: atveryend-ltx 2020/08/19 v1.0a Emulation of the original atveryend pac
kage
with kernel methods
)
\Fld@listcount=\count287
\c@bookmark@seq@number=\count288
(/usr/share/texlive/texmf-dist/tex/latex/rerunfilecheck/rerunfilecheck.sty
Package: rerunfilecheck 2022-07-10 v1.10 Rerun checks for auxiliary files (HO)
(/usr/share/texlive/texmf-dist/tex/generic/uniquecounter/uniquecounter.sty
Package: uniquecounter 2019/12/15 v1.4 Provide unlimited unique counter (HO)
)
Package uniquecounter Info: New unique counter `rerunfilecheck' on input line 2
85.
)
\Hy@SectionHShift=\skip55
)
Package: html 1999/07/19 v1.38 hypertext commands for latex2html (nd, hws, rrm)

\c@lpart=\count289
\c@lchapter=\count290
\c@chapter=\count291
\c@lsection=\count292
\c@lsubsection=\count293
\c@lsubsubsection=\count294
\c@lparagraph=\count295
\c@lsubparagraph=\count296
\c@lsubsubparagraph=\count297
\ptrfile=\write3
) (/usr/share/texlive/texmf-dist/tex/latex/psnfss/times.sty
Package: times 2020/03/25 PSNFSS-v9.3 (SPQR) 
) (/usr/share/texlive/texmf-dist/tex/latex/graphics/graphicx.sty
Package: graphicx 2021/09/16 v1.2d Enhanced LaTeX Graphics (DPC,SPQR)
(/usr/share/texlive/texmf-dist/tex/latex/graphics/graphics.sty
Package: graphics 2024/08/06 v1.4g Standard LaTeX Graphics (DPC,SPQR)
(/usr/share/texlive/texmf-dist/tex/latex/graphics/trig.sty
Package: trig 2023/12/02 v1.11 sin cos tan (DPC)
) (/usr/share/texlive/texmf-dist/tex/latex/graphics-cfg/graphics.cfg
File: graphics.cfg 2016/06/04 v1.11 sample graphics configuration
)
Package graphics Info: Driver file: pdftex.def on input line 106.
(/usr/share/texlive/texmf-dist/tex/latex/graphics-def/pdftex.def
File: pdftex.def 2024/04/13 v1.2c Graphics/color driver for pdftex
))
\Gin@req@height=\dimen148
\Gin@req@width=\dimen149
) (/usr/share/texlive/texmf-dist/tex/latex/base/fontenc.sty
Package: fontenc 2021/04/29 v2.0v Standard LaTeX package
LaTeX Font Info:    Trying to load font information for T1+ptm on input line 11
6.
(/usr/share/texlive/texmf-dist/tex/latex/psnfss/t1ptm.fd
File: t1ptm.fd 2001/06/04 font definitions for T1/ptm.
))
\oldparskip=\skip56
\oldparindent=\skip57
\oldbaselineskip=\skip58
(/usr/share/texlive/texmf-dist/tex/latex/xcolor/xcolor.sty
Package: xcolor 2024/09/29 v3.02 LaTeX color extensions (UK)
(/usr/share/texlive/texmf-dist/tex/latex/graphics-cfg/color.cfg
File: color.cfg 2016/01/02 v1.6 sample color configuration
)
Package xcolor Info: Driver file: pdftex.def on input line 274.
(/usr/share/texlive/texmf-dist/tex/latex/graphics/mathcolor.ltx)
Package xcolor Info: Model `cmy' substituted by `cmy0' on input line 1349.
Package xcolor Info: Model `hsb' substituted by `rgb' on input line 1353.
Package xcolor Info: Model `RGB' extended on input line 1365.
Package xcolor Info: Model `HTML' substituted by `rgb' on input line 1367.
Package xcolor Info: Model `Hsb' substituted by `hsb' on input line 1368.
Package xcolor Info: Model `tHsb' substituted by `hsb' on input line 1369.
Package xcolor Info: Model `HSB' substituted by `hsb' on input line 1370.
Package xcolor Info: Model `Gray' substituted by `gray' on input line 1371.
Package xcolor Info: Model `wave' substituted by `hsb' on input line 1372.
)
\sizebox=\box57
\lthtmlwrite=\write4
(/usr/share/texmf/tex/latex/preview/preview.sty
Package: preview 2023/01/17 13.2 (AUCTeX/preview-latex)
(/usr/share/texlive/texmf-dist/tex/generic/luatex85/luatex85.sty
Package: luatex85 2016/06/15 v1.4 pdftex aliases for luatex
) (/usr/share/texmf/tex/latex/preview/prtightpage.def
\PreviewBorder=\dimen150
)
\pr@snippet=\count298
\pr@box=\box58
\pr@output=\toks19
)
\lthtmlPageBox=\box59
\lthtmlCropMarkHeight=\dimen151
\lthtmlCropMarkDepth=\dimen152
(/usr/share/texlive/texmf-dist/tex/latex/l3backend/l3backend-pdftex.def
File: l3backend-pdftex.def 2024-05-08 L3 backend support: PDF output (pdfTeX)
\l__color_backend_stack_int=\count299
\l__pdf_internal_box=\box60
) (./images.aux)
\openout1 = `images.aux'.

LaTeX Font Info:    Checking defaults for OML/cmm/m/it on input line 160.
LaTeX Font Info:    ... okay on input line 160.
LaTeX Font Info:    Checking defaults for OMS/cmsy/m/n on input line 160.
LaTeX Font Info:    ... okay on input line 160.
LaTeX Font Info:    Checking defaults for OT1/cmr/m/n on input line 160.
LaTeX Font Info:    ... okay on input line 160.
LaTeX Font Info:    Checking defaults for T1/cmr/m/n on input line 160.
LaTeX Font Info:    ... okay on input line 160.
LaTeX Font Info:    Checking defaults for TS1/cmr/m/n on input line 160.
LaTeX Font Info:    ... okay on input line 160.
LaTeX Font Info:    Checking defaults for OMX/cmex/m/n on input line 160.
LaTeX Font Info:    ... okay on input line 160.
LaTeX Font Info:    Checking defaults for U/cmr/m/n on input line 160.
LaTeX Font Info:    ... okay on input line 160.
LaTeX Font Info:    Checking defaults for PD1/pdf/m/n on input line 160.
LaTeX Font Info:    ... okay on input line 160.
LaTeX Font Info:    Checking defaults for PU/pdf/m/n on input line 160.
LaTeX Font Info:    ... okay on input line 160.
Package hyperref Info: Link coloring OFF on input line 160.
\@outlinefile=\write5
\openout5 = `images.out'.

(/usr/share/texlive/texmf-dist/tex/context/base/mkii/supp-pdf.mkii
[Loading MPS to PDF converter (version 2006.09.02).]
\scratchcounter=\count300
\scratchdimen=\dimen153
\scratchbox=\box61
\nofMPsegments=\count301
\nofMParguments=\count302
\everyMPshowfont=\toks20
\MPscratchCnt=\count303
\MPscratchDim=\dimen154
\MPnumerator=\count304
\makeMPintoPDFobject=\count305
\everyMPtoPDFconversion=\toks21
) (/usr/share/texlive/texmf-dist/tex/latex/epstopdf-pkg/epstopdf-base.sty
Package: epstopdf-base 2020-01-24 v2.11 Base part for package epstopdf
(/usr/share/texlive/texmf-dist/tex/latex/grfext/grfext.sty
Package: grfext 2019/12/03 v1.3 Manage graphics extensions (HO)
)
Package epstopdf-base Info: Redefining graphics rule for `.eps' on input line 4
85.
Package grfext Info: Graphics extension search list:
(grfext)             [.pdf,.png,.jpg,.mps,.jpeg,.jbig2,.jb2,.PDF,.PNG,.JPG,.JPE
G,.JBIG2,.JB2,.eps]
(grfext)             \AppendGraphicsExtensions on input line 504.
(/usr/share/texlive/texmf-dist/tex/latex/latexconfig/epstopdf-sys.cfg
File: epstopdf-sys.cfg 2010/07/13 v1.3 Configuration of (r)epstopdf for TeX Liv
e
))
Preview: Fontsize 10pt
Preview: PDFoutput 1

latex2htmlLength hsize=469.75499pt

latex2htmlLength vsize=697.295pt

latex2htmlLength hoffset=0.0pt

latex2htmlLength voffset=0.0pt

latex2htmlLength topmargin=0.0pt

latex2htmlLength topskip=0.00003pt

latex2htmlLength headheight=0.0pt

latex2htmlLength headsep=0.0pt

latex2htmlLength parskip=0.0pt

latex2htmlLength oddsidemargin=0.0pt

latex2htmlLength evensidemargin=0.0pt

LaTeX Font Info:    External font `cmex10' loaded for size
(Font)              <7> on input line 185.
LaTeX Font Info:    External font `cmex10' loaded for size
(Font)              <5> on input line 185.

:tex2html_wrap_inline123838:lthtmlCropMarkHeight:=12.59525pt

:tex2html_wrap_inline123838:lthtmlCropMarkDepth:=0.0pt:1ex:=4.49998pt
Preview: Tightpage -32890 -32890 32890 32890
[1{/var/lib/texmf/fonts/map/pdftex/updmap/pdftex.map}]


:tex2html_wrap_inline123840:lthtmlCropMarkHeight:=12.59525pt

:tex2html_wrap_inline123840:lthtmlCropMarkDepth:=1.94444pt:1ex:=4.49998pt
[2]


:tex2html_wrap_inline123842:lthtmlCropMarkHeight:=12.59525pt

:tex2html_wrap_inline123842:lthtmlCropMarkDepth:=1.94444pt:1ex:=4.49998pt
[3]

Package epstopdf Info: Source file: <ESMF_sandwich.eps>
(epstopdf)                    date: 2025-01-29 21:36:07
(epstopdf)                    size: 271685 bytes
(epstopdf)             Output file: <ESMF_sandwich-eps-converted-to.pdf>
(epstopdf)             Command: <repstopdf --outfile=ESMF_sandwich-eps-converte
d-to.pdf ESMF_sandwich.eps>
(epstopdf)             \includegraphics on input line 212.
runsystem(repstopdf --outfile=ESMF_sandwich-eps-converted-to.pdf ESMF_sandwich.
eps)...executed safely (allowed).

Package epstopdf Info: Result file: <ESMF_sandwich-eps-converted-to.pdf>.

! Package pdftex.def Error: File `ESMF_sandwich-eps-converted-to.pdf' not found
: using draft setting.

See the pdftex.def package documentation for explanation.
Type  H <return>  for immediate help.
 ...                                              
                                                  
l.212 ...box{1.0}{\includegraphics{ESMF_sandwich}}
                                                  %
Try typing  <return>  to proceed.
If that doesn't work, type  X <return>  to quit.

LaTeX Font Info:    Trying to load font information for T1+pcr on input line 21
2.
(/usr/share/texlive/texmf-dist/tex/latex/psnfss/t1pcr.fd
File: t1pcr.fd 2001/06/04 font definitions for T1/pcr.
)

:tex2html_wrap47760:lthtmlCropMarkHeight:=78.26999pt

:tex2html_wrap47760:lthtmlCropMarkDepth:=0.0pt:1ex:=4.49998pt
[4{/usr/share/texlive/texmf-dist/fonts/enc/dvips/base/8r.enc}]


:tex2html_wrap_inline46898:lthtmlCropMarkHeight:=10.30554pt

:tex2html_wrap_inline46898:lthtmlCropMarkDepth:=2.86108pt:1ex:=4.49998pt
[5]


:tex2html_wrap_inline46902:lthtmlCropMarkHeight:=12.59525pt

:tex2html_wrap_inline46902:lthtmlCropMarkDepth:=1.94444pt:1ex:=4.49998pt
[6]


:tex2html_wrap_inline46904:lthtmlCropMarkHeight:=13.5pt

:tex2html_wrap_inline46904:lthtmlCropMarkDepth:=2.86108pt:1ex:=4.49998pt
[7]


:tex2html_wrap_inline46906:lthtmlCropMarkHeight:=12.94444pt

:tex2html_wrap_inline46906:lthtmlCropMarkDepth:=2.86108pt:1ex:=4.49998pt
[8]


:tex2html_wrap_inline46912:lthtmlCropMarkHeight:=12.83331pt

:tex2html_wrap_inline46912:lthtmlCropMarkDepth:=1.49998pt:1ex:=4.49998pt
[9]


:tex2html_wrap_inline46914:lthtmlCropMarkHeight:=12.83331pt

:tex2html_wrap_inline46914:lthtmlCropMarkDepth:=2.86108pt:1ex:=4.49998pt
[10]


:tex2html_wrap_inline46916:lthtmlCropMarkHeight:=13.5pt

:tex2html_wrap_inline46916:lthtmlCropMarkDepth:=2.86108pt:1ex:=4.49998pt
[11]


:tex2html_wrap_inline46918:lthtmlCropMarkHeight:=12.83331pt

:tex2html_wrap_inline46918:lthtmlCropMarkDepth:=2.86108pt:1ex:=4.49998pt
[12]


:tex2html_wrap_inline46920:lthtmlCropMarkHeight:=15.88896pt

:tex2html_wrap_inline46920:lthtmlCropMarkDepth:=4.19319pt:1ex:=4.49998pt
[13]

Package epstopdf Info: Source file: <ESMF_GEOS5.eps>
(epstopdf)                    date: 2025-01-29 21:36:07
(epstopdf)                    size: 1269371 bytes
(epstopdf)             Output file: <ESMF_GEOS5-eps-converted-to.pdf>
(epstopdf)             Command: <repstopdf --outfile=ESMF_GEOS5-eps-converted-t
o.pdf ESMF_GEOS5.eps>
(epstopdf)             \includegraphics on input line 387.
runsystem(repstopdf --outfile=ESMF_GEOS5-eps-converted-to.pdf ESMF_GEOS5.eps)..
.executed safely (allowed).

Package epstopdf Info: Result file: <ESMF_GEOS5-eps-converted-to.pdf>.

! Package pdftex.def Error: File `ESMF_GEOS5-eps-converted-to.pdf' not found: u
sing draft setting.

See the pdftex.def package documentation for explanation.
Type  H <return>  for immediate help.
 ...                                              
                                                  
l.387 \scalebox{0.9}{\includegraphics{ESMF_GEOS5}}
                                                  %
Try typing  <return>  to proceed.
If that doesn't work, type  X <return>  to quit.


:tex2html_wrap49470:lthtmlCropMarkHeight:=71.04254pt

:tex2html_wrap49470:lthtmlCropMarkDepth:=0.0pt:1ex:=4.49998pt
[14]

Package epstopdf Info: Source file: <ESMF_appunit.eps>
(epstopdf)                    date: 2025-01-29 21:36:07
(epstopdf)                    size: 2977461 bytes
(epstopdf)             Output file: <ESMF_appunit-eps-converted-to.pdf>
(epstopdf)             Command: <repstopdf --outfile=ESMF_appunit-eps-converted
-to.pdf ESMF_appunit.eps>
(epstopdf)             \includegraphics on input line 394.
runsystem(repstopdf --outfile=ESMF_appunit-eps-converted-to.pdf ESMF_appunit.ep
s)...executed safely (allowed).

Package epstopdf Info: Result file: <ESMF_appunit-eps-converted-to.pdf>.

! Package pdftex.def Error: File `ESMF_appunit-eps-converted-to.pdf' not found:
 using draft setting.

See the pdftex.def package documentation for explanation.
Type  H <return>  for immediate help.
 ...                                              
                                                  
l.394 ...ebox{1.0}{\includegraphics{ESMF_appunit}}
                                                  %
Try typing  <return>  to proceed.
If that doesn't work, type  X <return>  to quit.


:tex2html_wrap49490:lthtmlCropMarkHeight:=78.26999pt

:tex2html_wrap49490:lthtmlCropMarkDepth:=0.0pt:1ex:=4.49998pt
[15]

Package epstopdf Info: Source file: <ESMF_serial.eps>
(epstopdf)                    date: 2025-01-29 21:36:07
(epstopdf)                    size: 456487 bytes
(epstopdf)             Output file: <ESMF_serial-eps-converted-to.pdf>
(epstopdf)             Command: <repstopdf --outfile=ESMF_serial-eps-converted-
to.pdf ESMF_serial.eps>
(epstopdf)             \includegraphics on input line 401.
runsystem(repstopdf --outfile=ESMF_serial-eps-converted-to.pdf ESMF_serial.eps)
...executed safely (allowed).

Package epstopdf Info: Result file: <ESMF_serial-eps-converted-to.pdf>.

! Package pdftex.def Error: File `ESMF_serial-eps-converted-to.pdf' not found: 
using draft setting.

See the pdftex.def package documentation for explanation.
Type  H <return>  for immediate help.
 ...                                              
                                                  
l.401 ...lebox{1.0}{\includegraphics{ESMF_serial}}
                                                  %
Try typing  <return>  to proceed.
If that doesn't work, type  X <return>  to quit.


:tex2html_wrap49510:lthtmlCropMarkHeight:=78.26999pt

:tex2html_wrap49510:lthtmlCropMarkDepth:=0.0pt:1ex:=4.49998pt
[16]

Package epstopdf Info: Source file: <ESMF_concurrent.eps>
(epstopdf)                    date: 2025-01-29 21:36:07
(epstopdf)                    size: 412654 bytes
(epstopdf)             Output file: <ESMF_concurrent-eps-converted-to.pdf>
(epstopdf)             Command: <repstopdf --outfile=ESMF_concurrent-eps-conver
ted-to.pdf ESMF_concurrent.eps>
(epstopdf)             \includegraphics on input line 407.
runsystem(repstopdf --outfile=ESMF_concurrent-eps-converted-to.pdf ESMF_concurr
ent.eps)...executed safely (allowed).

Package epstopdf Info: Result file: <ESMF_concurrent-eps-converted-to.pdf>.

! Package pdftex.def Error: File `ESMF_concurrent-eps-converted-to.pdf' not fou
nd: using draft setting.

See the pdftex.def package documentation for explanation.
Type  H <return>  for immediate help.
 ...                                              
                                                  
l.407 ...x{1.0}{\includegraphics{ESMF_concurrent}}
                                                  %
Try typing  <return>  to proceed.
If that doesn't work, type  X <return>  to quit.


:tex2html_wrap49516:lthtmlCropMarkHeight:=78.26999pt

:tex2html_wrap49516:lthtmlCropMarkDepth:=0.0pt:1ex:=4.49998pt
[17]

Package epstopdf Info: Source file: <ESMF_reconcile.eps>
(epstopdf)                    date: 2025-01-29 21:36:07
(epstopdf)                    size: 435344 bytes
(epstopdf)             Output file: <ESMF_reconcile-eps-converted-to.pdf>
(epstopdf)             Command: <repstopdf --outfile=ESMF_reconcile-eps-convert
ed-to.pdf ESMF_reconcile.eps>
(epstopdf)             \includegraphics on input line 415.
runsystem(repstopdf --outfile=ESMF_reconcile-eps-converted-to.pdf ESMF_reconcil
e.eps)...executed safely (allowed).

Package epstopdf Info: Result file: <ESMF_reconcile-eps-converted-to.pdf>.

! Package pdftex.def Error: File `ESMF_reconcile-eps-converted-to.pdf' not foun
d: using draft setting.

See the pdftex.def package documentation for explanation.
Type  H <return>  for immediate help.
 ...                                              
                                                  
l.415 ...ox{1.0}{\includegraphics{ESMF_reconcile}}
                                                  %
Try typing  <return>  to proceed.
If that doesn't work, type  X <return>  to quit.


:tex2html_wrap49536:lthtmlCropMarkHeight:=78.26999pt

:tex2html_wrap49536:lthtmlCropMarkDepth:=0.0pt:1ex:=4.49998pt
[18]

Package epstopdf Info: Source file: <Comp_obj.eps>
(epstopdf)                    date: 2025-01-29 21:36:07
(epstopdf)                    size: 1207668 bytes
(epstopdf)             Output file: <Comp_obj-eps-converted-to.pdf>
(epstopdf)             Command: <repstopdf --outfile=Comp_obj-eps-converted-to.
pdf Comp_obj.eps>
(epstopdf)             \includegraphics on input line 423.
runsystem(repstopdf --outfile=Comp_obj-eps-converted-to.pdf Comp_obj.eps)...exe
cuted safely (allowed).

Package epstopdf Info: Result file: <Comp_obj-eps-converted-to.pdf>.

! Package pdftex.def Error: File `Comp_obj-eps-converted-to.pdf' not found: usi
ng draft setting.

See the pdftex.def package documentation for explanation.
Type  H <return>  for immediate help.
 ...                                              
                                                  
l.423 \includegraphics{Comp_obj}
                                %
Try typing  <return>  to proceed.
If that doesn't work, type  X <return>  to quit.


:tex2html_wrap124094:lthtmlCropMarkHeight:=78.26999pt

:tex2html_wrap124094:lthtmlCropMarkDepth:=0.0pt:1ex:=4.49998pt
[19]

Package epstopdf Info: Source file: <Excl_src_grid.eps>
(epstopdf)                    date: 2025-01-29 21:36:07
(epstopdf)                    size: 5461727 bytes
(epstopdf)             Output file: <Excl_src_grid-eps-converted-to.pdf>
(epstopdf)             Command: <repstopdf --outfile=Excl_src_grid-eps-converte
d-to.pdf Excl_src_grid.eps>
(epstopdf)             \includegraphics on input line 1151.
runsystem(repstopdf --outfile=Excl_src_grid-eps-converted-to.pdf Excl_src_grid.
eps)...executed safely (allowed).

Package epstopdf Info: Result file: <Excl_src_grid-eps-converted-to.pdf>.

! Package pdftex.def Error: File `Excl_src_grid-eps-converted-to.pdf' not found
: using draft setting.

See the pdftex.def package documentation for explanation.
Type  H <return>  for immediate help.
 ...                                              
                                                  
l.1151 ...ox{0.9}{\includegraphics{Excl_src_grid}}
                                                  %
Try typing  <return>  to proceed.
If that doesn't work, type  X <return>  to quit.


:tex2html_wrap55522:lthtmlCropMarkHeight:=71.04254pt

:tex2html_wrap55522:lthtmlCropMarkDepth:=0.0pt:1ex:=4.49998pt
[20]

Package epstopdf Info: Source file: <Excl_dst_grid.eps>
(epstopdf)                    date: 2025-01-29 21:36:07
(epstopdf)                    size: 5455371 bytes
(epstopdf)             Output file: <Excl_dst_grid-eps-converted-to.pdf>
(epstopdf)             Command: <repstopdf --outfile=Excl_dst_grid-eps-converte
d-to.pdf Excl_dst_grid.eps>
(epstopdf)             \includegraphics on input line 1157.
runsystem(repstopdf --outfile=Excl_dst_grid-eps-converted-to.pdf Excl_dst_grid.
eps)...executed safely (allowed).

Package epstopdf Info: Result file: <Excl_dst_grid-eps-converted-to.pdf>.

! Package pdftex.def Error: File `Excl_dst_grid-eps-converted-to.pdf' not found
: using draft setting.

See the pdftex.def package documentation for explanation.
Type  H <return>  for immediate help.
 ...                                              
                                                  
l.1157 ...ox{0.9}{\includegraphics{Excl_dst_grid}}
                                                  %
Try typing  <return>  to proceed.
If that doesn't work, type  X <return>  to quit.


:tex2html_wrap55528:lthtmlCropMarkHeight:=71.04254pt

:tex2html_wrap55528:lthtmlCropMarkDepth:=0.0pt:1ex:=4.49998pt
[21]

Package epstopdf Info: Source file: <Excl_src_grid_cpl.eps>
(epstopdf)                    date: 2025-01-29 21:36:07
(epstopdf)                    size: 5529032 bytes
(epstopdf)             Output file: <Excl_src_grid_cpl-eps-converted-to.pdf>
(epstopdf)             Command: <repstopdf --outfile=Excl_src_grid_cpl-eps-conv
erted-to.pdf Excl_src_grid_cpl.eps>
(epstopdf)             \includegraphics on input line 1163.
runsystem(repstopdf --outfile=Excl_src_grid_cpl-eps-converted-to.pdf Excl_src_g
rid_cpl.eps)...executed safely (allowed).

Package epstopdf Info: Result file: <Excl_src_grid_cpl-eps-converted-to.pdf>.

! Package pdftex.def Error: File `Excl_src_grid_cpl-eps-converted-to.pdf' not f
ound: using draft setting.

See the pdftex.def package documentation for explanation.
Type  H <return>  for immediate help.
 ...                                              
                                                  
l.1163 ....9}{\includegraphics{Excl_src_grid_cpl}}
                                                  %
Try typing  <return>  to proceed.
If that doesn't work, type  X <return>  to quit.


:tex2html_wrap55536:lthtmlCropMarkHeight:=71.04254pt

:tex2html_wrap55536:lthtmlCropMarkDepth:=0.0pt:1ex:=4.49998pt
[22]

Package epstopdf Info: Source file: <Excl_dst_grid_cpl.eps>
(epstopdf)                    date: 2025-01-29 21:36:07
(epstopdf)                    size: 5549511 bytes
(epstopdf)             Output file: <Excl_dst_grid_cpl-eps-converted-to.pdf>
(epstopdf)             Command: <repstopdf --outfile=Excl_dst_grid_cpl-eps-conv
erted-to.pdf Excl_dst_grid_cpl.eps>
(epstopdf)             \includegraphics on input line 1169.
runsystem(repstopdf --outfile=Excl_dst_grid_cpl-eps-converted-to.pdf Excl_dst_g
rid_cpl.eps)...executed safely (allowed).

Package epstopdf Info: Result file: <Excl_dst_grid_cpl-eps-converted-to.pdf>.

! Package pdftex.def Error: File `Excl_dst_grid_cpl-eps-converted-to.pdf' not f
ound: using draft setting.

See the pdftex.def package documentation for explanation.
Type  H <return>  for immediate help.
 ...                                              
                                                  
l.1169 ....9}{\includegraphics{Excl_dst_grid_cpl}}
                                                  %
Try typing  <return>  to proceed.
If that doesn't work, type  X <return>  to quit.


:tex2html_wrap55542:lthtmlCropMarkHeight:=71.04254pt

:tex2html_wrap55542:lthtmlCropMarkDepth:=0.0pt:1ex:=4.49998pt
[23]

Package epstopdf Info: Source file: <State_obj.eps>
(epstopdf)                    date: 2025-01-29 21:36:07
(epstopdf)                    size: 246191 bytes
(epstopdf)             Output file: <State_obj-eps-converted-to.pdf>
(epstopdf)             Command: <repstopdf --outfile=State_obj-eps-converted-to
.pdf State_obj.eps>
(epstopdf)             \includegraphics on input line 1176.
runsystem(repstopdf --outfile=State_obj-eps-converted-to.pdf State_obj.eps)...e
xecuted safely (allowed).

Package epstopdf Info: Result file: <State_obj-eps-converted-to.pdf>.

! Package pdftex.def Error: File `State_obj-eps-converted-to.pdf' not found: us
ing draft setting.

See the pdftex.def package documentation for explanation.
Type  H <return>  for immediate help.
 ...                                              
                                                  
l.1176 \includegraphics{State_obj}
                                  %
Try typing  <return>  to proceed.
If that doesn't work, type  X <return>  to quit.


:tex2html_wrap124818:lthtmlCropMarkHeight:=78.26999pt

:tex2html_wrap124818:lthtmlCropMarkDepth:=0.0pt:1ex:=4.49998pt
[24]

Package epstopdf Info: Source file: <webservices.eps>
(epstopdf)                    date: 2025-01-29 21:36:07
(epstopdf)                    size: 694712 bytes
(epstopdf)             Output file: <webservices-eps-converted-to.pdf>
(epstopdf)             Command: <repstopdf --outfile=webservices-eps-converted-
to.pdf webservices.eps>
(epstopdf)             \includegraphics on input line 1596.
runsystem(repstopdf --outfile=webservices-eps-converted-to.pdf webservices.eps)
...executed safely (allowed).

Package epstopdf Info: Result file: <webservices-eps-converted-to.pdf>.

! Package pdftex.def Error: File `webservices-eps-converted-to.pdf' not found: 
using draft setting.

See the pdftex.def package documentation for explanation.
Type  H <return>  for immediate help.
 ...                                              
                                                  
l.1596 ...ebox{0.5}{\includegraphics{webservices}}
                                                  %
Try typing  <return>  to proceed.
If that doesn't work, type  X <return>  to quit.


:tex2html_wrap57502:lthtmlCropMarkHeight:=42.135pt

:tex2html_wrap57502:lthtmlCropMarkDepth:=0.0pt:1ex:=4.49998pt
[25]


:tex2html_wrap_inline46922:lthtmlCropMarkHeight:=12.94444pt

:tex2html_wrap_inline46922:lthtmlCropMarkDepth:=0.0pt:1ex:=4.49998pt
[26]


:tex2html_wrap_inline46924:lthtmlCropMarkHeight:=15.88896pt

:tex2html_wrap_inline46924:lthtmlCropMarkDepth:=3.00005pt:1ex:=4.49998pt
[27]


:tex2html_wrap_inline46926:lthtmlCropMarkHeight:=10.30554pt

:tex2html_wrap_inline46926:lthtmlCropMarkDepth:=1.49998pt:1ex:=4.49998pt
[28]


:tex2html_wrap_inline46928:lthtmlCropMarkHeight:=12.83331pt

:tex2html_wrap_inline46928:lthtmlCropMarkDepth:=1.49998pt:1ex:=4.49998pt
[29]


:tex2html_wrap_inline46930:lthtmlCropMarkHeight:=10.30554pt

:tex2html_wrap_inline46930:lthtmlCropMarkDepth:=1.49998pt:1ex:=4.49998pt
[30]


:tex2html_wrap_inline46932:lthtmlCropMarkHeight:=10.30554pt

:tex2html_wrap_inline46932:lthtmlCropMarkDepth:=1.49998pt:1ex:=4.49998pt
[31]


:tex2html_wrap_inline46934:lthtmlCropMarkHeight:=15.88896pt

:tex2html_wrap_inline46934:lthtmlCropMarkDepth:=2.86108pt:1ex:=4.49998pt
[32]


:tex2html_wrap_inline46936:lthtmlCropMarkHeight:=14.44843pt

:tex2html_wrap_inline46936:lthtmlCropMarkDepth:=4.80951pt:1ex:=4.49998pt
[33]


:tex2html_wrap_inline46938:lthtmlCropMarkHeight:=14.44843pt

:tex2html_wrap_inline46938:lthtmlCropMarkDepth:=4.80951pt:1ex:=4.49998pt
[34]


:tex2html_wrap_inline46940:lthtmlCropMarkHeight:=12.44444pt

:tex2html_wrap_inline46940:lthtmlCropMarkDepth:=3.80553pt:1ex:=4.49998pt
[35]


:tex2html_wrap_inline46942:lthtmlCropMarkHeight:=13.5pt

:tex2html_wrap_inline46942:lthtmlCropMarkDepth:=6.6706pt:1ex:=4.49998pt
[36]


:tex2html_wrap_inline46944:lthtmlCropMarkHeight:=10.30554pt

:tex2html_wrap_inline46944:lthtmlCropMarkDepth:=1.94444pt:1ex:=4.49998pt
[37]


:tex2html_wrap_inline46946:lthtmlCropMarkHeight:=10.30554pt

:tex2html_wrap_inline46946:lthtmlCropMarkDepth:=1.94444pt:1ex:=4.49998pt
[38]


:tex2html_wrap_inline46948:lthtmlCropMarkHeight:=10.30554pt

:tex2html_wrap_inline46948:lthtmlCropMarkDepth:=0.0pt:1ex:=4.49998pt
[39]


:tex2html_wrap_inline46950:lthtmlCropMarkHeight:=10.30554pt

:tex2html_wrap_inline46950:lthtmlCropMarkDepth:=0.0pt:1ex:=4.49998pt
[40]


:tex2html_wrap_inline46968:lthtmlCropMarkHeight:=12.44444pt

:tex2html_wrap_inline46968:lthtmlCropMarkDepth:=0.39098pt:1ex:=4.49998pt
[41]


:tex2html_wrap_inline46970:lthtmlCropMarkHeight:=12.44444pt

:tex2html_wrap_inline46970:lthtmlCropMarkDepth:=0.39098pt:1ex:=4.49998pt
[42]


:tex2html_wrap_inline46976:lthtmlCropMarkHeight:=10.30554pt

:tex2html_wrap_inline46976:lthtmlCropMarkDepth:=1.49998pt:1ex:=4.49998pt
[43]


:tex2html_wrap_inline46978:lthtmlCropMarkHeight:=13.5pt

:tex2html_wrap_inline46978:lthtmlCropMarkDepth:=2.86108pt:1ex:=4.49998pt
[44]


:tex2html_wrap_inline46980:lthtmlCropMarkHeight:=13.5pt

:tex2html_wrap_inline46980:lthtmlCropMarkDepth:=2.5pt:1ex:=4.49998pt
[45]


:tex2html_wrap_inline46982:lthtmlCropMarkHeight:=10.30554pt

:tex2html_wrap_inline46982:lthtmlCropMarkDepth:=1.49998pt:1ex:=4.49998pt
[46]


:tex2html_wrap_inline46984:lthtmlCropMarkHeight:=10.30554pt

:tex2html_wrap_inline46984:lthtmlCropMarkDepth:=1.49998pt:1ex:=4.49998pt
[47]


:tex2html_wrap_inline46986:lthtmlCropMarkHeight:=13.5pt

:tex2html_wrap_inline46986:lthtmlCropMarkDepth:=2.86108pt:1ex:=4.49998pt
[48]


:tex2html_wrap_inline46988:lthtmlCropMarkHeight:=12.59525pt

:tex2html_wrap_inline46988:lthtmlCropMarkDepth:=1.49998pt:1ex:=4.49998pt
[49]


:tex2html_wrap_inline46990:lthtmlCropMarkHeight:=12.94444pt

:tex2html_wrap_inline46990:lthtmlCropMarkDepth:=1.94444pt:1ex:=4.49998pt
[50]

Package epstopdf Info: Source file: <FieldParameterSetup.eps>
(epstopdf)                    date: 2025-01-29 21:36:07
(epstopdf)                    size: 167707 bytes
(epstopdf)             Output file: <FieldParameterSetup-eps-converted-to.pdf>
(epstopdf)             Command: <repstopdf --outfile=FieldParameterSetup-eps-co
nverted-to.pdf FieldParameterSetup.eps>
(epstopdf)             \includegraphics on input line 2351.
runsystem(repstopdf --outfile=FieldParameterSetup-eps-converted-to.pdf FieldPar
ameterSetup.eps)...executed safely (allowed).

Package epstopdf Info: Result file: <FieldParameterSetup-eps-converted-to.pdf>.


! Package pdftex.def Error: File `FieldParameterSetup-eps-converted-to.pdf' not
 found: using draft setting.

See the pdftex.def package documentation for explanation.
Type  H <return>  for immediate help.
 ...                                              
                                                  
l.2351 ...}{\includegraphics{FieldParameterSetup}}
                                                  %
Try typing  <return>  to proceed.
If that doesn't work, type  X <return>  to quit.


:tex2html_wrap61944:lthtmlCropMarkHeight:=60.20248pt

:tex2html_wrap61944:lthtmlCropMarkDepth:=0.0pt:1ex:=4.49998pt
[51]


:tex2html_wrap_inline46996:lthtmlCropMarkHeight:=13.5pt

:tex2html_wrap_inline46996:lthtmlCropMarkDepth:=2.5pt:1ex:=4.49998pt
[52]


:tex2html_wrap_inline46998:lthtmlCropMarkHeight:=12.94444pt

:tex2html_wrap_inline46998:lthtmlCropMarkDepth:=1.49998pt:1ex:=4.49998pt
[53]


:tex2html_wrap_inline47000:lthtmlCropMarkHeight:=12.83331pt

:tex2html_wrap_inline47000:lthtmlCropMarkDepth:=2.86108pt:1ex:=4.49998pt
[54]


:tex2html_wrap_inline47002:lthtmlCropMarkHeight:=10.30554pt

:tex2html_wrap_inline47002:lthtmlCropMarkDepth:=2.86108pt:1ex:=4.49998pt
[55]


:tex2html_wrap_inline47004:lthtmlCropMarkHeight:=14.14003pt

:tex2html_wrap_inline47004:lthtmlCropMarkDepth:=1.49998pt:1ex:=4.49998pt
[56]


:tex2html_wrap_inline47006:lthtmlCropMarkHeight:=13.5pt

:tex2html_wrap_inline47006:lthtmlCropMarkDepth:=2.5pt:1ex:=4.49998pt
[57]


:tex2html_wrap_inline47008:lthtmlCropMarkHeight:=13.5pt

:tex2html_wrap_inline47008:lthtmlCropMarkDepth:=2.5pt:1ex:=4.49998pt
[58]


:tex2html_wrap_inline47012:lthtmlCropMarkHeight:=12.15079pt

:tex2html_wrap_inline47012:lthtmlCropMarkDepth:=0.0pt:1ex:=4.49998pt
[59]


:tex2html_wrap_inline47014:lthtmlCropMarkHeight:=10.30554pt

:tex2html_wrap_inline47014:lthtmlCropMarkDepth:=0.0pt:1ex:=4.49998pt
[60]


:tex2html_wrap_inline47016:lthtmlCropMarkHeight:=10.30554pt

:tex2html_wrap_inline47016:lthtmlCropMarkDepth:=0.0pt:1ex:=4.49998pt
[61]


:tex2html_wrap_inline47020:lthtmlCropMarkHeight:=12.94444pt

:tex2html_wrap_inline47020:lthtmlCropMarkDepth:=0.83333pt:1ex:=4.49998pt
[62]


:tex2html_wrap_inline47088:lthtmlCropMarkHeight:=12.44444pt

:tex2html_wrap_inline47088:lthtmlCropMarkDepth:=0.83333pt:1ex:=4.49998pt
[63]


:tex2html_wrap_inline47094:lthtmlCropMarkHeight:=12.94444pt

:tex2html_wrap_inline47094:lthtmlCropMarkDepth:=0.39098pt:1ex:=4.49998pt
[64]


:tex2html_wrap_inline47096:lthtmlCropMarkHeight:=13.5pt

:tex2html_wrap_inline47096:lthtmlCropMarkDepth:=2.5pt:1ex:=4.49998pt
[65]


:tex2html_wrap_inline47098:lthtmlCropMarkHeight:=12.44444pt

:tex2html_wrap_inline47098:lthtmlCropMarkDepth:=0.83333pt:1ex:=4.49998pt
[66]


:tex2html_wrap_inline47100:lthtmlCropMarkHeight:=13.5pt

:tex2html_wrap_inline47100:lthtmlCropMarkDepth:=2.5pt:1ex:=4.49998pt
[67]


:tex2html_wrap_indisplay126260:lthtmlCropMarkHeight:=13.5pt

:tex2html_wrap_indisplay126260:lthtmlCropMarkDepth:=2.5pt:1ex:=4.49998pt
[68]


:tex2html_wrap_indisplay126262:lthtmlCropMarkHeight:=13.5pt

:tex2html_wrap_indisplay126262:lthtmlCropMarkDepth:=2.5pt:1ex:=4.49998pt
[69]


:tex2html_wrap_indisplay126264:lthtmlCropMarkHeight:=13.5pt

:tex2html_wrap_indisplay126264:lthtmlCropMarkDepth:=2.86108pt:1ex:=4.49998pt
[70]


:tex2html_wrap_inline47102:lthtmlCropMarkHeight:=12.83331pt

:tex2html_wrap_inline47102:lthtmlCropMarkDepth:=1.49998pt:1ex:=4.49998pt
[71]


:tex2html_wrap_inline47104:lthtmlCropMarkHeight:=12.83331pt

:tex2html_wrap_inline47104:lthtmlCropMarkDepth:=2.86108pt:1ex:=4.49998pt
[72]


:tex2html_wrap_inline47106:lthtmlCropMarkHeight:=12.44444pt

:tex2html_wrap_inline47106:lthtmlCropMarkDepth:=0.0pt:1ex:=4.49998pt
[73]


:tex2html_wrap_inline47108:lthtmlCropMarkHeight:=12.44444pt

:tex2html_wrap_inline47108:lthtmlCropMarkDepth:=0.0pt:1ex:=4.49998pt
[74]


:tex2html_wrap_inline47110:lthtmlCropMarkHeight:=12.44444pt

:tex2html_wrap_inline47110:lthtmlCropMarkDepth:=0.83333pt:1ex:=4.49998pt
[75]


:tex2html_wrap_inline47112:lthtmlCropMarkHeight:=12.44444pt

:tex2html_wrap_inline47112:lthtmlCropMarkDepth:=0.0pt:1ex:=4.49998pt
[76]


:tex2html_wrap_inline47116:lthtmlCropMarkHeight:=12.44444pt

:tex2html_wrap_inline47116:lthtmlCropMarkDepth:=0.0pt:1ex:=4.49998pt
[77]


:tex2html_wrap_inline47120:lthtmlCropMarkHeight:=13.5pt

:tex2html_wrap_inline47120:lthtmlCropMarkDepth:=2.5pt:1ex:=4.49998pt
[78]


:tex2html_wrap_inline47122:lthtmlCropMarkHeight:=13.5pt

:tex2html_wrap_inline47122:lthtmlCropMarkDepth:=2.5pt:1ex:=4.49998pt
[79]

Package epstopdf Info: Source file: <GridDecomps.eps>
(epstopdf)                    date: 2025-01-29 21:36:07
(epstopdf)                    size: 296959 bytes
(epstopdf)             Output file: <GridDecomps-eps-converted-to.pdf>
(epstopdf)             Command: <repstopdf --outfile=GridDecomps-eps-converted-
to.pdf GridDecomps.eps>
(epstopdf)             \includegraphics on input line 5070.
runsystem(repstopdf --outfile=GridDecomps-eps-converted-to.pdf GridDecomps.eps)
...executed safely (allowed).

Package epstopdf Info: Result file: <GridDecomps-eps-converted-to.pdf>.

! Package pdftex.def Error: File `GridDecomps-eps-converted-to.pdf' not found: 
using draft setting.

See the pdftex.def package documentation for explanation.
Type  H <return>  for immediate help.
 ...                                              
                                                  
l.5070 ...ebox{0.9}{\includegraphics{GridDecomps}}
                                                  %
Try typing  <return>  to proceed.
If that doesn't work, type  X <return>  to quit.


:tex2html_wrap81082:lthtmlCropMarkHeight:=71.04254pt

:tex2html_wrap81082:lthtmlCropMarkDepth:=0.0pt:1ex:=4.49998pt
[80]

Package epstopdf Info: Source file: <LogRectGrids.eps>
(epstopdf)                    date: 2025-01-29 21:36:07
(epstopdf)                    size: 293006 bytes
(epstopdf)             Output file: <LogRectGrids-eps-converted-to.pdf>
(epstopdf)             Command: <repstopdf --outfile=LogRectGrids-eps-converted
-to.pdf LogRectGrids.eps>
(epstopdf)             \includegraphics on input line 5077.
runsystem(repstopdf --outfile=LogRectGrids-eps-converted-to.pdf LogRectGrids.ep
s)...executed safely (allowed).

Package epstopdf Info: Result file: <LogRectGrids-eps-converted-to.pdf>.

! Package pdftex.def Error: File `LogRectGrids-eps-converted-to.pdf' not found:
 using draft setting.

See the pdftex.def package documentation for explanation.
Type  H <return>  for immediate help.
 ...                                              
                                                  
l.5077 ...box{0.9}{\includegraphics{LogRectGrids}}
                                                  %
Try typing  <return>  to proceed.
If that doesn't work, type  X <return>  to quit.


:tex2html_wrap81098:lthtmlCropMarkHeight:=71.04254pt

:tex2html_wrap81098:lthtmlCropMarkDepth:=0.0pt:1ex:=4.49998pt
[81]

Package epstopdf Info: Source file: <GridStaggerLoc2D.eps>
(epstopdf)                    date: 2025-01-29 21:36:07
(epstopdf)                    size: 231171 bytes
(epstopdf)             Output file: <GridStaggerLoc2D-eps-converted-to.pdf>
(epstopdf)             Command: <repstopdf --outfile=GridStaggerLoc2D-eps-conve
rted-to.pdf GridStaggerLoc2D.eps>
(epstopdf)             \includegraphics on input line 5093.
runsystem(repstopdf --outfile=GridStaggerLoc2D-eps-converted-to.pdf GridStagger
Loc2D.eps)...executed safely (allowed).

Package epstopdf Info: Result file: <GridStaggerLoc2D-eps-converted-to.pdf>.

! Package pdftex.def Error: File `GridStaggerLoc2D-eps-converted-to.pdf' not fo
und: using draft setting.

See the pdftex.def package documentation for explanation.
Type  H <return>  for immediate help.
 ...                                              
                                                  
l.5093 ....75}{\includegraphics{GridStaggerLoc2D}}
                                                  %
Try typing  <return>  to proceed.
If that doesn't work, type  X <return>  to quit.


:tex2html_wrap81276:lthtmlCropMarkHeight:=60.20248pt

:tex2html_wrap81276:lthtmlCropMarkDepth:=0.0pt:1ex:=4.49998pt
[82]

Package epstopdf Info: Source file: <GridStaggerLoc3D.eps>
(epstopdf)                    date: 2025-01-29 21:36:07
(epstopdf)                    size: 335394 bytes
(epstopdf)             Output file: <GridStaggerLoc3D-eps-converted-to.pdf>
(epstopdf)             Command: <repstopdf --outfile=GridStaggerLoc3D-eps-conve
rted-to.pdf GridStaggerLoc3D.eps>
(epstopdf)             \includegraphics on input line 5099.
runsystem(repstopdf --outfile=GridStaggerLoc3D-eps-converted-to.pdf GridStagger
Loc3D.eps)...executed safely (allowed).

Package epstopdf Info: Result file: <GridStaggerLoc3D-eps-converted-to.pdf>.

! Package pdftex.def Error: File `GridStaggerLoc3D-eps-converted-to.pdf' not fo
und: using draft setting.

See the pdftex.def package documentation for explanation.
Type  H <return>  for immediate help.
 ...                                              
                                                  
l.5099 ...1.0}{\includegraphics{GridStaggerLoc3D}}
                                                  %
Try typing  <return>  to proceed.
If that doesn't work, type  X <return>  to quit.


:tex2html_wrap81288:lthtmlCropMarkHeight:=78.26999pt

:tex2html_wrap81288:lthtmlCropMarkDepth:=0.0pt:1ex:=4.49998pt
[83]

Package epstopdf Info: Source file: <GridExclusiveReg.eps>
(epstopdf)                    date: 2025-01-29 21:36:07
(epstopdf)                    size: 230677 bytes
(epstopdf)             Output file: <GridExclusiveReg-eps-converted-to.pdf>
(epstopdf)             Command: <repstopdf --outfile=GridExclusiveReg-eps-conve
rted-to.pdf GridExclusiveReg.eps>
(epstopdf)             \includegraphics on input line 5155.
runsystem(repstopdf --outfile=GridExclusiveReg-eps-converted-to.pdf GridExclusi
veReg.eps)...executed safely (allowed).

Package epstopdf Info: Result file: <GridExclusiveReg-eps-converted-to.pdf>.

! Package pdftex.def Error: File `GridExclusiveReg-eps-converted-to.pdf' not fo
und: using draft setting.

See the pdftex.def package documentation for explanation.
Type  H <return>  for immediate help.
 ...                                              
                                                  
l.5155 ....75}{\includegraphics{GridExclusiveReg}}
                                                  %
Try typing  <return>  to proceed.
If that doesn't work, type  X <return>  to quit.


:tex2html_wrap81894:lthtmlCropMarkHeight:=60.20248pt

:tex2html_wrap81894:lthtmlCropMarkDepth:=0.0pt:1ex:=4.49998pt
[84]


:tex2html_wrap_inline47204:lthtmlCropMarkHeight:=13.5pt

:tex2html_wrap_inline47204:lthtmlCropMarkDepth:=2.5pt:1ex:=4.49998pt
[85]


:tex2html_wrap_inline47206:lthtmlCropMarkHeight:=13.5pt

:tex2html_wrap_inline47206:lthtmlCropMarkDepth:=2.5pt:1ex:=4.49998pt
[86]


:tex2html_wrap_inline47208:lthtmlCropMarkHeight:=12.44444pt

:tex2html_wrap_inline47208:lthtmlCropMarkDepth:=0.83333pt:1ex:=4.49998pt
[87]


:tex2html_wrap_inline47214:lthtmlCropMarkHeight:=12.44444pt

:tex2html_wrap_inline47214:lthtmlCropMarkDepth:=0.0pt:1ex:=4.49998pt
[88]

Package epstopdf Info: Source file: <GridCustStaggerLoc.eps>
(epstopdf)                    date: 2025-01-29 21:36:07
(epstopdf)                    size: 61187 bytes
(epstopdf)             Output file: <GridCustStaggerLoc-eps-converted-to.pdf>
(epstopdf)             Command: <repstopdf --outfile=GridCustStaggerLoc-eps-con
verted-to.pdf GridCustStaggerLoc.eps>
(epstopdf)             \includegraphics on input line 5191.
runsystem(repstopdf --outfile=GridCustStaggerLoc-eps-converted-to.pdf GridCustS
taggerLoc.eps)...executed safely (allowed).

Package epstopdf Info: Result file: <GridCustStaggerLoc-eps-converted-to.pdf>.

! Package pdftex.def Error: File `GridCustStaggerLoc-eps-converted-to.pdf' not 
found: using draft setting.

See the pdftex.def package documentation for explanation.
Type  H <return>  for immediate help.
 ...                                              
                                                  
l.5191 ...5}{\includegraphics{GridCustStaggerLoc}}
                                                  %
Try typing  <return>  to proceed.
If that doesn't work, type  X <return>  to quit.


:tex2html_wrap82058:lthtmlCropMarkHeight:=60.20248pt

:tex2html_wrap82058:lthtmlCropMarkDepth:=0.0pt:1ex:=4.49998pt
[89]


:tex2html_wrap_inline47216:lthtmlCropMarkHeight:=13.5pt

:tex2html_wrap_inline47216:lthtmlCropMarkDepth:=2.5pt:1ex:=4.49998pt
[90]


:tex2html_wrap_inline47218:lthtmlCropMarkHeight:=12.44444pt

:tex2html_wrap_inline47218:lthtmlCropMarkDepth:=0.83333pt:1ex:=4.49998pt
[91]


:tex2html_wrap_inline47226:lthtmlCropMarkHeight:=13.5pt

:tex2html_wrap_inline47226:lthtmlCropMarkDepth:=2.5pt:1ex:=4.49998pt
[92]


:tex2html_wrap_inline47228:lthtmlCropMarkHeight:=13.5pt

:tex2html_wrap_inline47228:lthtmlCropMarkDepth:=2.5pt:1ex:=4.49998pt
[93]

Package epstopdf Info: Source file: <GridCellsAndCorners.eps>
(epstopdf)                    date: 2025-01-29 21:36:07
(epstopdf)                    size: 210968 bytes
(epstopdf)             Output file: <GridCellsAndCorners-eps-converted-to.pdf>
(epstopdf)             Command: <repstopdf --outfile=GridCellsAndCorners-eps-co
nverted-to.pdf GridCellsAndCorners.eps>
(epstopdf)             \includegraphics on input line 5222.
runsystem(repstopdf --outfile=GridCellsAndCorners-eps-converted-to.pdf GridCell
sAndCorners.eps)...executed safely (allowed).

Package epstopdf Info: Result file: <GridCellsAndCorners-eps-converted-to.pdf>.


! Package pdftex.def Error: File `GridCellsAndCorners-eps-converted-to.pdf' not
 found: using draft setting.

See the pdftex.def package documentation for explanation.
Type  H <return>  for immediate help.
 ...                                              
                                                  
l.5222 ...}{\includegraphics{GridCellsAndCorners}}
                                                  %
Try typing  <return>  to proceed.
If that doesn't work, type  X <return>  to quit.


:tex2html_wrap82086:lthtmlCropMarkHeight:=60.20248pt

:tex2html_wrap82086:lthtmlCropMarkDepth:=0.0pt:1ex:=4.49998pt
[94]


:tex2html_wrap_inline47250:lthtmlCropMarkHeight:=13.5pt

:tex2html_wrap_inline47250:lthtmlCropMarkDepth:=2.5pt:1ex:=4.49998pt
[95]


:tex2html_wrap_inline47256:lthtmlCropMarkHeight:=14.14003pt

:tex2html_wrap_inline47256:lthtmlCropMarkDepth:=0.0pt:1ex:=4.49998pt
[96]


:tex2html_wrap_inline47258:lthtmlCropMarkHeight:=10.30554pt

:tex2html_wrap_inline47258:lthtmlCropMarkDepth:=0.0pt:1ex:=4.49998pt
[97]


:tex2html_wrap_inline47260:lthtmlCropMarkHeight:=13.5pt

:tex2html_wrap_inline47260:lthtmlCropMarkDepth:=2.5pt:1ex:=4.49998pt
[98]


:tex2html_wrap_inline47264:lthtmlCropMarkHeight:=13.5pt

:tex2html_wrap_inline47264:lthtmlCropMarkDepth:=2.5pt:1ex:=4.49998pt
[99]


:tex2html_wrap_inline47276:lthtmlCropMarkHeight:=13.5pt

:tex2html_wrap_inline47276:lthtmlCropMarkDepth:=2.5pt:1ex:=4.49998pt
[100]


:tex2html_wrap_inline47278:lthtmlCropMarkHeight:=12.94444pt

:tex2html_wrap_inline47278:lthtmlCropMarkDepth:=1.94444pt:1ex:=4.49998pt
[101]


:tex2html_wrap_inline47280:lthtmlCropMarkHeight:=12.83331pt

:tex2html_wrap_inline47280:lthtmlCropMarkDepth:=0.0pt:1ex:=4.49998pt
[102]


:tex2html_wrap_inline47282:lthtmlCropMarkHeight:=12.94444pt

:tex2html_wrap_inline47282:lthtmlCropMarkDepth:=1.94444pt:1ex:=4.49998pt
[103]


:tex2html_wrap_inline47294:lthtmlCropMarkHeight:=12.83331pt

:tex2html_wrap_inline47294:lthtmlCropMarkDepth:=0.0pt:1ex:=4.49998pt
[104]


:tex2html_wrap_inline47296:lthtmlCropMarkHeight:=15.88896pt

:tex2html_wrap_inline47296:lthtmlCropMarkDepth:=4.36115pt:1ex:=4.49998pt
[105]


:tex2html_wrap_inline47298:lthtmlCropMarkHeight:=15.88896pt

:tex2html_wrap_inline47298:lthtmlCropMarkDepth:=4.36115pt:1ex:=4.49998pt
[106]


:tex2html_wrap_inline47300:lthtmlCropMarkHeight:=10.30554pt

:tex2html_wrap_inline47300:lthtmlCropMarkDepth:=1.49998pt:1ex:=4.49998pt
[107]


:tex2html_wrap_inline47304:lthtmlCropMarkHeight:=12.83331pt

:tex2html_wrap_inline47304:lthtmlCropMarkDepth:=0.0pt:1ex:=4.49998pt
[108]

Package epstopdf Info: Source file: <XGridEx1.eps>
(epstopdf)                    date: 2025-01-29 21:36:07
(epstopdf)                    size: 265962 bytes
(epstopdf)             Output file: <XGridEx1-eps-converted-to.pdf>
(epstopdf)             Command: <repstopdf --outfile=XGridEx1-eps-converted-to.
pdf XGridEx1.eps>
(epstopdf)             \includegraphics on input line 5824.
runsystem(repstopdf --outfile=XGridEx1-eps-converted-to.pdf XGridEx1.eps)...exe
cuted safely (allowed).

Package epstopdf Info: Result file: <XGridEx1-eps-converted-to.pdf>.

! Package pdftex.def Error: File `XGridEx1-eps-converted-to.pdf' not found: usi
ng draft setting.

See the pdftex.def package documentation for explanation.
Type  H <return>  for immediate help.
 ...                                              
                                                  
l.5824 \scalebox{0.6}{\includegraphics{XGridEx1}}
                                                 %
Try typing  <return>  to proceed.
If that doesn't work, type  X <return>  to quit.


:tex2html_wrap87044:lthtmlCropMarkHeight:=49.36243pt

:tex2html_wrap87044:lthtmlCropMarkDepth:=0.0pt:1ex:=4.49998pt
[109]


:tex2html_wrap_inline47306:lthtmlCropMarkHeight:=9.66875pt

:tex2html_wrap_inline47306:lthtmlCropMarkDepth:=0.0pt:1ex:=4.49998pt
[110]


:tex2html_wrap_inline47308:lthtmlCropMarkHeight:=12.83331pt

:tex2html_wrap_inline47308:lthtmlCropMarkDepth:=0.0pt:1ex:=4.49998pt
[111]


:tex2html_wrap_inline47310:lthtmlCropMarkHeight:=13.5pt

:tex2html_wrap_inline47310:lthtmlCropMarkDepth:=2.5pt:1ex:=4.49998pt
[112]


:tex2html_wrap_inline47312:lthtmlCropMarkHeight:=12.83331pt

:tex2html_wrap_inline47312:lthtmlCropMarkDepth:=0.0pt:1ex:=4.49998pt
[113]


:tex2html_wrap_inline47314:lthtmlCropMarkHeight:=12.83331pt

:tex2html_wrap_inline47314:lthtmlCropMarkDepth:=0.83333pt:1ex:=4.49998pt
[114]


:tex2html_wrap_inline47318:lthtmlCropMarkHeight:=12.44444pt

:tex2html_wrap_inline47318:lthtmlCropMarkDepth:=0.83333pt:1ex:=4.49998pt
[115]


:tex2html_wrap_inline47320:lthtmlCropMarkHeight:=12.44444pt

:tex2html_wrap_inline47320:lthtmlCropMarkDepth:=0.83333pt:1ex:=4.49998pt
[116]

Package epstopdf Info: Source file: <dgconnect_2tiles_not_connected.eps>
(epstopdf)                    date: 2025-01-29 21:36:07
(epstopdf)                    size: 111019 bytes
(epstopdf)             Output file: <dgconnect_2tiles_not_connected-eps-convert
ed-to.pdf>
(epstopdf)             Command: <repstopdf --outfile=dgconnect_2tiles_not_conne
cted-eps-converted-to.pdf dgconnect_2tiles_not_connected.eps>
(epstopdf)             \includegraphics on input line 6136.
runsystem(repstopdf --outfile=dgconnect_2tiles_not_connected-eps-converted-to.p
df dgconnect_2tiles_not_connected.eps)...executed safely (allowed).

Package epstopdf Info: Result file: <dgconnect_2tiles_not_connected-eps-convert
ed-to.pdf>.

! Package pdftex.def Error: File `dgconnect_2tiles_not_connected-eps-converted-
to.pdf' not found: using draft setting.

See the pdftex.def package documentation for explanation.
Type  H <return>  for immediate help.
 ...                                              
                                                  
l.6136 ...hics{dgconnect_2tiles_not_connected.eps}
                                                  %
Try typing  <return>  to proceed.
If that doesn't work, type  X <return>  to quit.


:tex2html_wrap128250:lthtmlCropMarkHeight:=78.26999pt

:tex2html_wrap128250:lthtmlCropMarkDepth:=0.0pt:1ex:=4.49998pt
[117]


:tex2html_wrap_indisplay128252:lthtmlCropMarkHeight:=15.78334pt

:tex2html_wrap_indisplay128252:lthtmlCropMarkDepth:=0.83333pt:1ex:=4.49998pt
[118]


:tex2html_wrap_inline47324:lthtmlCropMarkHeight:=13.14444pt

:tex2html_wrap_inline47324:lthtmlCropMarkDepth:=0.0pt:1ex:=4.49998pt
[119]


:tex2html_wrap_inline47326:lthtmlCropMarkHeight:=15.78334pt

:tex2html_wrap_inline47326:lthtmlCropMarkDepth:=0.0pt:1ex:=4.49998pt
[120]


:tex2html_wrap_inline47328:lthtmlCropMarkHeight:=15.47221pt

:tex2html_wrap_inline47328:lthtmlCropMarkDepth:=0.0pt:1ex:=4.49998pt
[121]


:tex2html_wrap_inline47330:lthtmlCropMarkHeight:=15.67221pt

:tex2html_wrap_inline47330:lthtmlCropMarkDepth:=0.0pt:1ex:=4.49998pt
[122]


:tex2html_wrap_inline47336:lthtmlCropMarkHeight:=15.47221pt

:tex2html_wrap_inline47336:lthtmlCropMarkDepth:=0.0pt:1ex:=4.49998pt
[123]


:tex2html_wrap_inline47338:lthtmlCropMarkHeight:=15.67221pt

:tex2html_wrap_inline47338:lthtmlCropMarkDepth:=2.5pt:1ex:=4.49998pt
[124]


:tex2html_wrap_inline47340:lthtmlCropMarkHeight:=15.78334pt

:tex2html_wrap_inline47340:lthtmlCropMarkDepth:=2.5pt:1ex:=4.49998pt
[125]

Package epstopdf Info: Source file: <dgconnect_2tiles_connected.eps>
(epstopdf)                    date: 2025-01-29 21:36:07
(epstopdf)                    size: 111078 bytes
(epstopdf)             Output file: <dgconnect_2tiles_connected-eps-converted-t
o.pdf>
(epstopdf)             Command: <repstopdf --outfile=dgconnect_2tiles_connected
-eps-converted-to.pdf dgconnect_2tiles_connected.eps>
(epstopdf)             \includegraphics on input line 6192.
runsystem(repstopdf --outfile=dgconnect_2tiles_connected-eps-converted-to.pdf d
gconnect_2tiles_connected.eps)...executed safely (allowed).

Package epstopdf Info: Result file: <dgconnect_2tiles_connected-eps-converted-t
o.pdf>.

! Package pdftex.def Error: File `dgconnect_2tiles_connected-eps-converted-to.p
df' not found: using draft setting.

See the pdftex.def package documentation for explanation.
Type  H <return>  for immediate help.
 ...                                              
                                                  
l.6192 ...graphics{dgconnect_2tiles_connected.eps}
                                                  %
Try typing  <return>  to proceed.
If that doesn't work, type  X <return>  to quit.


:tex2html_wrap128265:lthtmlCropMarkHeight:=78.26999pt

:tex2html_wrap128265:lthtmlCropMarkDepth:=0.0pt:1ex:=4.49998pt
[126]


:tex2html_wrap_indisplay128267:lthtmlCropMarkHeight:=15.78334pt

:tex2html_wrap_indisplay128267:lthtmlCropMarkDepth:=0.83333pt:1ex:=4.49998pt
[127]


:tex2html_wrap_inline47346:lthtmlCropMarkHeight:=15.78334pt

:tex2html_wrap_inline47346:lthtmlCropMarkDepth:=0.0pt:1ex:=4.49998pt
[128]


:tex2html_wrap_inline47350:lthtmlCropMarkHeight:=13.14444pt

:tex2html_wrap_inline47350:lthtmlCropMarkDepth:=1.94444pt:1ex:=4.49998pt
[129]


:tex2html_wrap_indisplay128274:lthtmlCropMarkHeight:=15.78334pt

:tex2html_wrap_indisplay128274:lthtmlCropMarkDepth:=0.0pt:1ex:=4.49998pt
[130]


:tex2html_wrap_indisplay128275:lthtmlCropMarkHeight:=9.66875pt

:tex2html_wrap_indisplay128275:lthtmlCropMarkDepth:=0.0pt:1ex:=4.49998pt
[131]


:tex2html_wrap_indisplay128276:lthtmlCropMarkHeight:=15.47221pt

:tex2html_wrap_indisplay128276:lthtmlCropMarkDepth:=2.5pt:1ex:=4.49998pt
[132]


:tex2html_wrap_indisplay128278:lthtmlCropMarkHeight:=15.47221pt

:tex2html_wrap_indisplay128278:lthtmlCropMarkDepth:=2.5pt:1ex:=4.49998pt
[133]


:tex2html_wrap_indisplay128280:lthtmlCropMarkHeight:=15.67221pt

:tex2html_wrap_indisplay128280:lthtmlCropMarkDepth:=2.5pt:1ex:=4.49998pt
[134]


:tex2html_wrap_inline47352:lthtmlCropMarkHeight:=14.98969pt

:tex2html_wrap_inline47352:lthtmlCropMarkDepth:=0.0pt:1ex:=4.49998pt
[135]


:tex2html_wrap_indisplay128283:lthtmlCropMarkHeight:=15.78334pt

:tex2html_wrap_indisplay128283:lthtmlCropMarkDepth:=2.5pt:1ex:=4.49998pt
[136]


:tex2html_wrap_indisplay128285:lthtmlCropMarkHeight:=15.67221pt

:tex2html_wrap_indisplay128285:lthtmlCropMarkDepth:=2.5pt:1ex:=4.49998pt
[137]


:tex2html_wrap_inline47356:lthtmlCropMarkHeight:=12.88586pt

:tex2html_wrap_inline47356:lthtmlCropMarkDepth:=0.0pt:1ex:=4.49998pt
[138]


:tex2html_wrap_inline47360:lthtmlCropMarkHeight:=12.88586pt

:tex2html_wrap_inline47360:lthtmlCropMarkDepth:=0.0pt:1ex:=4.49998pt
[139]


:tex2html_wrap_inline47362:lthtmlCropMarkHeight:=20.5001pt

:tex2html_wrap_inline47362:lthtmlCropMarkDepth:=9.50012pt:1ex:=4.49998pt
[140]


:tex2html_wrap_inline47364:lthtmlCropMarkHeight:=20.5001pt

:tex2html_wrap_inline47364:lthtmlCropMarkDepth:=9.50012pt:1ex:=4.49998pt
[141]


:tex2html_wrap_inline47368:lthtmlCropMarkHeight:=20.5001pt

:tex2html_wrap_inline47368:lthtmlCropMarkDepth:=9.50012pt:1ex:=4.49998pt
[142]


:tex2html_wrap_inline47370:lthtmlCropMarkHeight:=20.5001pt

:tex2html_wrap_inline47370:lthtmlCropMarkDepth:=9.50012pt:1ex:=4.49998pt
[143]


:tex2html_wrap_inline47372:lthtmlCropMarkHeight:=12.88586pt

:tex2html_wrap_inline47372:lthtmlCropMarkDepth:=0.0pt:1ex:=4.49998pt
[144]


:tex2html_wrap_inline47374:lthtmlCropMarkHeight:=20.5001pt

:tex2html_wrap_inline47374:lthtmlCropMarkDepth:=9.50012pt:1ex:=4.49998pt
[145]


:tex2html_wrap_inline47376:lthtmlCropMarkHeight:=20.5001pt

:tex2html_wrap_inline47376:lthtmlCropMarkDepth:=9.50012pt:1ex:=4.49998pt
[146]


:tex2html_wrap_inline47378:lthtmlCropMarkHeight:=12.88586pt

:tex2html_wrap_inline47378:lthtmlCropMarkDepth:=0.0pt:1ex:=4.49998pt
[147]


:tex2html_wrap_inline47380:lthtmlCropMarkHeight:=20.5001pt

:tex2html_wrap_inline47380:lthtmlCropMarkDepth:=9.50012pt:1ex:=4.49998pt
[148]


:tex2html_wrap_inline47382:lthtmlCropMarkHeight:=20.5001pt

:tex2html_wrap_inline47382:lthtmlCropMarkDepth:=9.50012pt:1ex:=4.49998pt
[149]


:tex2html_wrap_inline47386:lthtmlCropMarkHeight:=20.5001pt

:tex2html_wrap_inline47386:lthtmlCropMarkDepth:=9.50012pt:1ex:=4.49998pt
[150]


:tex2html_wrap_inline47388:lthtmlCropMarkHeight:=20.5001pt

:tex2html_wrap_inline47388:lthtmlCropMarkDepth:=9.50012pt:1ex:=4.49998pt
[151]


:tex2html_wrap_inline47392:lthtmlCropMarkHeight:=20.5001pt

:tex2html_wrap_inline47392:lthtmlCropMarkDepth:=9.50012pt:1ex:=4.49998pt
[152]


:tex2html_wrap_inline47394:lthtmlCropMarkHeight:=20.5001pt

:tex2html_wrap_inline47394:lthtmlCropMarkDepth:=9.50012pt:1ex:=4.49998pt
[153]


:tex2html_wrap_inline47398:lthtmlCropMarkHeight:=20.5001pt

:tex2html_wrap_inline47398:lthtmlCropMarkDepth:=9.50012pt:1ex:=4.49998pt
[154]


:tex2html_wrap_inline47400:lthtmlCropMarkHeight:=20.5001pt

:tex2html_wrap_inline47400:lthtmlCropMarkDepth:=9.50012pt:1ex:=4.49998pt
[155]


:tex2html_wrap_inline47404:lthtmlCropMarkHeight:=20.5001pt

:tex2html_wrap_inline47404:lthtmlCropMarkDepth:=9.50012pt:1ex:=4.49998pt
[156]


:tex2html_wrap_inline47406:lthtmlCropMarkHeight:=20.5001pt

:tex2html_wrap_inline47406:lthtmlCropMarkDepth:=9.50012pt:1ex:=4.49998pt
[157]


:tex2html_wrap_inline47408:lthtmlCropMarkHeight:=12.88586pt

:tex2html_wrap_inline47408:lthtmlCropMarkDepth:=0.0pt:1ex:=4.49998pt
[158]


:tex2html_wrap_inline47410:lthtmlCropMarkHeight:=12.88586pt

:tex2html_wrap_inline47410:lthtmlCropMarkDepth:=0.83333pt:1ex:=4.49998pt
[159]

Package epstopdf Info: Source file: <dgconnect_1tile_not_connected.eps>
(epstopdf)                    date: 2025-01-29 21:36:07
(epstopdf)                    size: 130686 bytes
(epstopdf)             Output file: <dgconnect_1tile_not_connected-eps-converte
d-to.pdf>
(epstopdf)             Command: <repstopdf --outfile=dgconnect_1tile_not_connec
ted-eps-converted-to.pdf dgconnect_1tile_not_connected.eps>
(epstopdf)             \includegraphics on input line 6436.
runsystem(repstopdf --outfile=dgconnect_1tile_not_connected-eps-converted-to.pd
f dgconnect_1tile_not_connected.eps)...executed safely (allowed).

Package epstopdf Info: Result file: <dgconnect_1tile_not_connected-eps-converte
d-to.pdf>.

! Package pdftex.def Error: File `dgconnect_1tile_not_connected-eps-converted-t
o.pdf' not found: using draft setting.

See the pdftex.def package documentation for explanation.
Type  H <return>  for immediate help.
 ...                                              
                                                  
l.6436 ...phics{dgconnect_1tile_not_connected.eps}
                                                  %
Try typing  <return>  to proceed.
If that doesn't work, type  X <return>  to quit.


:tex2html_wrap128349:lthtmlCropMarkHeight:=78.26999pt

:tex2html_wrap128349:lthtmlCropMarkDepth:=0.0pt:1ex:=4.49998pt
[160]


:tex2html_wrap_inline47412:lthtmlCropMarkHeight:=15.78334pt

:tex2html_wrap_inline47412:lthtmlCropMarkDepth:=2.5pt:1ex:=4.49998pt
[161]

Package epstopdf Info: Source file: <dgconnect_1tile_periodic1_connected.eps>
(epstopdf)                    date: 2025-01-29 21:36:07
(epstopdf)                    size: 127059 bytes
(epstopdf)             Output file: <dgconnect_1tile_periodic1_connected-eps-co
nverted-to.pdf>
(epstopdf)             Command: <repstopdf --outfile=dgconnect_1tile_periodic1_
connected-eps-converted-to.pdf dgconnect_1tile_periodic1_connected.eps>
(epstopdf)             \includegraphics on input line 6449.
runsystem(repstopdf --outfile=dgconnect_1tile_periodic1_connected-eps-converted
-to.pdf dgconnect_1tile_periodic1_connected.eps)...executed safely (allowed).

Package epstopdf Info: Result file: <dgconnect_1tile_periodic1_connected-eps-co
nverted-to.pdf>.

! Package pdftex.def Error: File `dgconnect_1tile_periodic1_connected-eps-conve
rted-to.pdf' not found: using draft setting.

See the pdftex.def package documentation for explanation.
Type  H <return>  for immediate help.
 ...                                              
                                                  
l.6449 ...dgconnect_1tile_periodic1_connected.eps}
                                                  %
Try typing  <return>  to proceed.
If that doesn't work, type  X <return>  to quit.


:tex2html_wrap128355:lthtmlCropMarkHeight:=78.26999pt

:tex2html_wrap128355:lthtmlCropMarkDepth:=0.0pt:1ex:=4.49998pt
[162]

Package epstopdf Info: Source file: <dgconnect_1tile_periodic2_connected.eps>
(epstopdf)                    date: 2025-01-29 21:36:07
(epstopdf)                    size: 139311 bytes
(epstopdf)             Output file: <dgconnect_1tile_periodic2_connected-eps-co
nverted-to.pdf>
(epstopdf)             Command: <repstopdf --outfile=dgconnect_1tile_periodic2_
connected-eps-converted-to.pdf dgconnect_1tile_periodic2_connected.eps>
(epstopdf)             \includegraphics on input line 6455.
runsystem(repstopdf --outfile=dgconnect_1tile_periodic2_connected-eps-converted
-to.pdf dgconnect_1tile_periodic2_connected.eps)...executed safely (allowed).

Package epstopdf Info: Result file: <dgconnect_1tile_periodic2_connected-eps-co
nverted-to.pdf>.

! Package pdftex.def Error: File `dgconnect_1tile_periodic2_connected-eps-conve
rted-to.pdf' not found: using draft setting.

See the pdftex.def package documentation for explanation.
Type  H <return>  for immediate help.
 ...                                              
                                                  
l.6455 ...dgconnect_1tile_periodic2_connected.eps}
                                                  %
Try typing  <return>  to proceed.
If that doesn't work, type  X <return>  to quit.


:tex2html_wrap128359:lthtmlCropMarkHeight:=78.26999pt

:tex2html_wrap128359:lthtmlCropMarkDepth:=0.0pt:1ex:=4.49998pt
[163]


:tex2html_wrap_inline47424:lthtmlCropMarkHeight:=12.59525pt

:tex2html_wrap_inline47424:lthtmlCropMarkDepth:=0.83333pt:1ex:=4.49998pt
[164]


:tex2html_wrap_inline47436:lthtmlCropMarkHeight:=12.59525pt

:tex2html_wrap_inline47436:lthtmlCropMarkDepth:=1.94444pt:1ex:=4.49998pt
[165]


:tex2html_wrap_inline47438:lthtmlCropMarkHeight:=12.88586pt

:tex2html_wrap_inline47438:lthtmlCropMarkDepth:=0.0pt:1ex:=4.49998pt
[166]


:tex2html_wrap_inline47440:lthtmlCropMarkHeight:=13.5pt

:tex2html_wrap_inline47440:lthtmlCropMarkDepth:=2.5pt:1ex:=4.49998pt
[167]


:tex2html_wrap_inline47442:lthtmlCropMarkHeight:=12.59525pt

:tex2html_wrap_inline47442:lthtmlCropMarkDepth:=1.49998pt:1ex:=4.49998pt
[168]


:tex2html_wrap_indisplay128376:lthtmlCropMarkHeight:=20.5001pt

:tex2html_wrap_indisplay128376:lthtmlCropMarkDepth:=9.50012pt:1ex:=4.49998pt
[169]


:tex2html_wrap_indisplay128379:lthtmlCropMarkHeight:=15.67221pt

:tex2html_wrap_indisplay128379:lthtmlCropMarkDepth:=0.0pt:1ex:=4.49998pt
[170]


:tex2html_wrap_indisplay128381:lthtmlCropMarkHeight:=15.78334pt

:tex2html_wrap_indisplay128381:lthtmlCropMarkDepth:=0.83333pt:1ex:=4.49998pt
[171]


:tex2html_wrap_indisplay128383:lthtmlCropMarkHeight:=20.5001pt

:tex2html_wrap_indisplay128383:lthtmlCropMarkDepth:=9.50012pt:1ex:=4.49998pt
[172]


:tex2html_wrap_indisplay128385:lthtmlCropMarkHeight:=20.5001pt

:tex2html_wrap_indisplay128385:lthtmlCropMarkDepth:=9.50012pt:1ex:=4.49998pt
[173]

Package epstopdf Info: Source file: <dgconnect_1tile_peripole_connected.eps>
(epstopdf)                    date: 2025-01-29 21:36:07
(epstopdf)                    size: 136718 bytes
(epstopdf)             Output file: <dgconnect_1tile_peripole_connected-eps-con
verted-to.pdf>
(epstopdf)             Command: <repstopdf --outfile=dgconnect_1tile_peripole_c
onnected-eps-converted-to.pdf dgconnect_1tile_peripole_connected.eps>
(epstopdf)             \includegraphics on input line 6539.
runsystem(repstopdf --outfile=dgconnect_1tile_peripole_connected-eps-converted-
to.pdf dgconnect_1tile_peripole_connected.eps)...executed safely (allowed).

Package epstopdf Info: Result file: <dgconnect_1tile_peripole_connected-eps-con
verted-to.pdf>.

! Package pdftex.def Error: File `dgconnect_1tile_peripole_connected-eps-conver
ted-to.pdf' not found: using draft setting.

See the pdftex.def package documentation for explanation.
Type  H <return>  for immediate help.
 ...                                              
                                                  
l.6539 ...{dgconnect_1tile_peripole_connected.eps}
                                                  %
Try typing  <return>  to proceed.
If that doesn't work, type  X <return>  to quit.


:tex2html_wrap128396:lthtmlCropMarkHeight:=78.26999pt

:tex2html_wrap128396:lthtmlCropMarkDepth:=0.0pt:1ex:=4.49998pt
[174]


:tex2html_wrap_inline47458:lthtmlCropMarkHeight:=13.5pt

:tex2html_wrap_inline47458:lthtmlCropMarkDepth:=2.5pt:1ex:=4.49998pt
[175]


:tex2html_wrap_inline47460:lthtmlCropMarkHeight:=13.5pt

:tex2html_wrap_inline47460:lthtmlCropMarkDepth:=2.5pt:1ex:=4.49998pt
[176]


:tex2html_wrap_inline47466:lthtmlCropMarkHeight:=12.59525pt

:tex2html_wrap_inline47466:lthtmlCropMarkDepth:=1.49998pt:1ex:=4.49998pt
[177]


:tex2html_wrap_indisplay128409:lthtmlCropMarkHeight:=20.5001pt

:tex2html_wrap_indisplay128409:lthtmlCropMarkDepth:=9.50012pt:1ex:=4.49998pt
[178]


:tex2html_wrap_indisplay128411:lthtmlCropMarkHeight:=20.5001pt

:tex2html_wrap_indisplay128411:lthtmlCropMarkDepth:=9.50012pt:1ex:=4.49998pt
[179]

Package epstopdf Info: Source file: <dgconnect_1tile_peribipole_connected.eps>
(epstopdf)                    date: 2025-01-29 21:36:07
(epstopdf)                    size: 128548 bytes
(epstopdf)             Output file: <dgconnect_1tile_peribipole_connected-eps-c
onverted-to.pdf>
(epstopdf)             Command: <repstopdf --outfile=dgconnect_1tile_peribipole
_connected-eps-converted-to.pdf dgconnect_1tile_peribipole_connected.eps>
(epstopdf)             \includegraphics on input line 6585.
runsystem(repstopdf --outfile=dgconnect_1tile_peribipole_connected-eps-converte
d-to.pdf dgconnect_1tile_peribipole_connected.eps)...executed safely (allowed).

Package epstopdf Info: Result file: <dgconnect_1tile_peribipole_connected-eps-c
onverted-to.pdf>.

! Package pdftex.def Error: File `dgconnect_1tile_peribipole_connected-eps-conv
erted-to.pdf' not found: using draft setting.

See the pdftex.def package documentation for explanation.
Type  H <return>  for immediate help.
 ...                                              
                                                  
l.6585 ...gconnect_1tile_peribipole_connected.eps}
                                                  %
Try typing  <return>  to proceed.
If that doesn't work, type  X <return>  to quit.


:tex2html_wrap128421:lthtmlCropMarkHeight:=78.26999pt

:tex2html_wrap128421:lthtmlCropMarkDepth:=0.0pt:1ex:=4.49998pt
[180]

Package epstopdf Info: Source file: <dgconnect_cusph_not_connected.eps>
(epstopdf)                    date: 2025-01-29 21:36:07
(epstopdf)                    size: 86107 bytes
(epstopdf)             Output file: <dgconnect_cusph_not_connected-eps-converte
d-to.pdf>
(epstopdf)             Command: <repstopdf --outfile=dgconnect_cusph_not_connec
ted-eps-converted-to.pdf dgconnect_cusph_not_connected.eps>
(epstopdf)             \includegraphics on input line 6592.
runsystem(repstopdf --outfile=dgconnect_cusph_not_connected-eps-converted-to.pd
f dgconnect_cusph_not_connected.eps)...executed safely (allowed).

Package epstopdf Info: Result file: <dgconnect_cusph_not_connected-eps-converte
d-to.pdf>.

! Package pdftex.def Error: File `dgconnect_cusph_not_connected-eps-converted-t
o.pdf' not found: using draft setting.

See the pdftex.def package documentation for explanation.
Type  H <return>  for immediate help.
 ...                                              
                                                  
l.6592 ...phics{dgconnect_cusph_not_connected.eps}
                                                  %
Try typing  <return>  to proceed.
If that doesn't work, type  X <return>  to quit.


:tex2html_wrap128426:lthtmlCropMarkHeight:=78.26999pt

:tex2html_wrap128426:lthtmlCropMarkDepth:=0.0pt:1ex:=4.49998pt
[181]

Package epstopdf Info: Source file: <dgconnect_cusph_5connected.eps>
(epstopdf)                    date: 2025-01-29 21:36:07
(epstopdf)                    size: 89755 bytes
(epstopdf)             Output file: <dgconnect_cusph_5connected-eps-converted-t
o.pdf>
(epstopdf)             Command: <repstopdf --outfile=dgconnect_cusph_5connected
-eps-converted-to.pdf dgconnect_cusph_5connected.eps>
(epstopdf)             \includegraphics on input line 6598.
runsystem(repstopdf --outfile=dgconnect_cusph_5connected-eps-converted-to.pdf d
gconnect_cusph_5connected.eps)...executed safely (allowed).

Package epstopdf Info: Result file: <dgconnect_cusph_5connected-eps-converted-t
o.pdf>.

! Package pdftex.def Error: File `dgconnect_cusph_5connected-eps-converted-to.p
df' not found: using draft setting.

See the pdftex.def package documentation for explanation.
Type  H <return>  for immediate help.
 ...                                              
                                                  
l.6598 ...graphics{dgconnect_cusph_5connected.eps}
                                                  %
Try typing  <return>  to proceed.
If that doesn't work, type  X <return>  to quit.


:tex2html_wrap128430:lthtmlCropMarkHeight:=78.26999pt

:tex2html_wrap128430:lthtmlCropMarkDepth:=0.0pt:1ex:=4.49998pt
[182]


:tex2html_wrap_inline47482:lthtmlCropMarkHeight:=9.66875pt

:tex2html_wrap_inline47482:lthtmlCropMarkDepth:=0.0pt:1ex:=4.49998pt
[183]

Package epstopdf Info: Source file: <dgconnect_cusph_6connected.eps>
(epstopdf)                    date: 2025-01-29 21:36:07
(epstopdf)                    size: 107244 bytes
(epstopdf)             Output file: <dgconnect_cusph_6connected-eps-converted-t
o.pdf>
(epstopdf)             Command: <repstopdf --outfile=dgconnect_cusph_6connected
-eps-converted-to.pdf dgconnect_cusph_6connected.eps>
(epstopdf)             \includegraphics on input line 6610.
runsystem(repstopdf --outfile=dgconnect_cusph_6connected-eps-converted-to.pdf d
gconnect_cusph_6connected.eps)...executed safely (allowed).

Package epstopdf Info: Result file: <dgconnect_cusph_6connected-eps-converted-t
o.pdf>.

! Package pdftex.def Error: File `dgconnect_cusph_6connected-eps-converted-to.p
df' not found: using draft setting.

See the pdftex.def package documentation for explanation.
Type  H <return>  for immediate help.
 ...                                              
                                                  
l.6610 ...graphics{dgconnect_cusph_6connected.eps}
                                                  %
Try typing  <return>  to proceed.
If that doesn't work, type  X <return>  to quit.


:tex2html_wrap128438:lthtmlCropMarkHeight:=78.26999pt

:tex2html_wrap128438:lthtmlCropMarkDepth:=0.0pt:1ex:=4.49998pt
[184]


:tex2html_wrap_indisplay128446:lthtmlCropMarkHeight:=15.78334pt

:tex2html_wrap_indisplay128446:lthtmlCropMarkDepth:=0.83333pt:1ex:=4.49998pt
[185]


:tex2html_wrap_inline47498:lthtmlCropMarkHeight:=12.88586pt

:tex2html_wrap_inline47498:lthtmlCropMarkDepth:=0.0pt:1ex:=4.49998pt
[186]


:tex2html_wrap_inline47502:lthtmlCropMarkHeight:=12.88586pt

:tex2html_wrap_inline47502:lthtmlCropMarkDepth:=0.0pt:1ex:=4.49998pt
[187]


:tex2html_wrap_inline47504:lthtmlCropMarkHeight:=20.5001pt

:tex2html_wrap_inline47504:lthtmlCropMarkDepth:=9.50012pt:1ex:=4.49998pt
[188]


:tex2html_wrap_inline47512:lthtmlCropMarkHeight:=20.5001pt

:tex2html_wrap_inline47512:lthtmlCropMarkDepth:=9.50012pt:1ex:=4.49998pt
[189]

Package epstopdf Info: Source file: <dgconnect_cusph_2rotconnected.eps>
(epstopdf)                    date: 2025-01-29 21:36:07
(epstopdf)                    size: 103355 bytes
(epstopdf)             Output file: <dgconnect_cusph_2rotconnected-eps-converte
d-to.pdf>
(epstopdf)             Command: <repstopdf --outfile=dgconnect_cusph_2rotconnec
ted-eps-converted-to.pdf dgconnect_cusph_2rotconnected.eps>
(epstopdf)             \includegraphics on input line 6652.
runsystem(repstopdf --outfile=dgconnect_cusph_2rotconnected-eps-converted-to.pd
f dgconnect_cusph_2rotconnected.eps)...executed safely (allowed).

Package epstopdf Info: Result file: <dgconnect_cusph_2rotconnected-eps-converte
d-to.pdf>.

! Package pdftex.def Error: File `dgconnect_cusph_2rotconnected-eps-converted-t
o.pdf' not found: using draft setting.

See the pdftex.def package documentation for explanation.
Type  H <return>  for immediate help.
 ...                                              
                                                  
l.6652 ...phics{dgconnect_cusph_2rotconnected.eps}
                                                  %
Try typing  <return>  to proceed.
If that doesn't work, type  X <return>  to quit.


:tex2html_wrap128461:lthtmlCropMarkHeight:=78.26999pt

:tex2html_wrap128461:lthtmlCropMarkDepth:=0.0pt:1ex:=4.49998pt
[190]

Package epstopdf Info: Source file: <dgconnect_cusph_12connected.eps>
(epstopdf)                    date: 2025-01-29 21:36:07
(epstopdf)                    size: 203115 bytes
(epstopdf)             Output file: <dgconnect_cusph_12connected-eps-converted-
to.pdf>
(epstopdf)             Command: <repstopdf --outfile=dgconnect_cusph_12connecte
d-eps-converted-to.pdf dgconnect_cusph_12connected.eps>
(epstopdf)             \includegraphics on input line 6658.
runsystem(repstopdf --outfile=dgconnect_cusph_12connected-eps-converted-to.pdf 
dgconnect_cusph_12connected.eps)...executed safely (allowed).

Package epstopdf Info: Result file: <dgconnect_cusph_12connected-eps-converted-
to.pdf>.

! Package pdftex.def Error: File `dgconnect_cusph_12connected-eps-converted-to.
pdf' not found: using draft setting.

See the pdftex.def package documentation for explanation.
Type  H <return>  for immediate help.
 ...                                              
                                                  
l.6658 ...raphics{dgconnect_cusph_12connected.eps}
                                                  %
Try typing  <return>  to proceed.
If that doesn't work, type  X <return>  to quit.


:tex2html_wrap128465:lthtmlCropMarkHeight:=78.26999pt

:tex2html_wrap128465:lthtmlCropMarkDepth:=0.0pt:1ex:=4.49998pt
[191]


:tex2html_wrap_inline47518:lthtmlCropMarkHeight:=14.14003pt

:tex2html_wrap_inline47518:lthtmlCropMarkDepth:=1.94444pt:1ex:=4.49998pt
[192]


:tex2html_wrap_inline47526:lthtmlCropMarkHeight:=12.44444pt

:tex2html_wrap_inline47526:lthtmlCropMarkDepth:=0.83333pt:1ex:=4.49998pt
[193]


:tex2html_wrap_inline47528:lthtmlCropMarkHeight:=10.30554pt

:tex2html_wrap_inline47528:lthtmlCropMarkDepth:=0.0pt:1ex:=4.49998pt
[194]

Package epstopdf Info: Source file: <TimeMgr_desc.eps>
(epstopdf)                    date: 2025-01-29 21:36:07
(epstopdf)                    size: 1549151 bytes
(epstopdf)             Output file: <TimeMgr_desc-eps-converted-to.pdf>
(epstopdf)             Command: <repstopdf --outfile=TimeMgr_desc-eps-converted
-to.pdf TimeMgr_desc.eps>
(epstopdf)             \includegraphics on input line 7383.
runsystem(repstopdf --outfile=TimeMgr_desc-eps-converted-to.pdf TimeMgr_desc.ep
s)...executed safely (allowed).

Package epstopdf Info: Result file: <TimeMgr_desc-eps-converted-to.pdf>.

! Package pdftex.def Error: File `TimeMgr_desc-eps-converted-to.pdf' not found:
 using draft setting.

See the pdftex.def package documentation for explanation.
Type  H <return>  for immediate help.
 ...                                              
                                                  
l.7383 \includegraphics{TimeMgr_desc}
                                     %
Try typing  <return>  to proceed.
If that doesn't work, type  X <return>  to quit.


:tex2html_wrap128855:lthtmlCropMarkHeight:=78.26999pt

:tex2html_wrap128855:lthtmlCropMarkDepth:=0.0pt:1ex:=4.49998pt
[195]


:tex2html_wrap_inline47536:lthtmlCropMarkHeight:=14.72066pt

:tex2html_wrap_inline47536:lthtmlCropMarkDepth:=3.44841pt:1ex:=4.49998pt
[196]

Package epstopdf Info: Source file: <TimeMgr_obj.eps>
(epstopdf)                    date: 2025-01-29 21:36:07
(epstopdf)                    size: 1030651 bytes
(epstopdf)             Output file: <TimeMgr_obj-eps-converted-to.pdf>
(epstopdf)             Command: <repstopdf --outfile=TimeMgr_obj-eps-converted-
to.pdf TimeMgr_obj.eps>
(epstopdf)             \includegraphics on input line 7401.
runsystem(repstopdf --outfile=TimeMgr_obj-eps-converted-to.pdf TimeMgr_obj.eps)
...executed safely (allowed).

Package epstopdf Info: Result file: <TimeMgr_obj-eps-converted-to.pdf>.

! Package pdftex.def Error: File `TimeMgr_obj-eps-converted-to.pdf' not found: 
using draft setting.

See the pdftex.def package documentation for explanation.
Type  H <return>  for immediate help.
 ...                                              
                                                  
l.7401 \includegraphics{TimeMgr_obj}
                                    %
Try typing  <return>  to proceed.
If that doesn't work, type  X <return>  to quit.


:tex2html_wrap128894:lthtmlCropMarkHeight:=78.26999pt

:tex2html_wrap128894:lthtmlCropMarkDepth:=0.0pt:1ex:=4.49998pt
[197]


:tex2html_wrap_inline47540:lthtmlCropMarkHeight:=14.14003pt

:tex2html_wrap_inline47540:lthtmlCropMarkDepth:=0.0pt:1ex:=4.49998pt
[198]


:tex2html_wrap_inline47544:lthtmlCropMarkHeight:=14.14003pt

:tex2html_wrap_inline47544:lthtmlCropMarkDepth:=0.0pt:1ex:=4.49998pt
[199]


:tex2html_wrap_inline47548:lthtmlCropMarkHeight:=14.14003pt

:tex2html_wrap_inline47548:lthtmlCropMarkDepth:=0.0pt:1ex:=4.49998pt
[200]

Package epstopdf Info: Source file: <Log_obj.eps>
(epstopdf)                    date: 2025-01-29 21:36:07
(epstopdf)                    size: 1844016 bytes
(epstopdf)             Output file: <Log_obj-eps-converted-to.pdf>
(epstopdf)             Command: <repstopdf --outfile=Log_obj-eps-converted-to.p
df Log_obj.eps>
(epstopdf)             \includegraphics on input line 8393.
runsystem(repstopdf --outfile=Log_obj-eps-converted-to.pdf Log_obj.eps)...execu
ted safely (allowed).

Package epstopdf Info: Result file: <Log_obj-eps-converted-to.pdf>.

! Package pdftex.def Error: File `Log_obj-eps-converted-to.pdf' not found: usin
g draft setting.

See the pdftex.def package documentation for explanation.
Type  H <return>  for immediate help.
 ...                                              
                                                  
l.8393 \includegraphics{Log_obj}
                                %
Try typing  <return>  to proceed.
If that doesn't work, type  X <return>  to quit.


:tex2html_wrap130233:lthtmlCropMarkHeight:=78.26999pt

:tex2html_wrap130233:lthtmlCropMarkDepth:=0.0pt:1ex:=4.49998pt
[201]


:tex2html_wrap_inline47558:lthtmlCropMarkHeight:=13.5pt

:tex2html_wrap_inline47558:lthtmlCropMarkDepth:=2.5pt:1ex:=4.49998pt
[202]


:tex2html_wrap_inline47560:lthtmlCropMarkHeight:=13.5pt

:tex2html_wrap_inline47560:lthtmlCropMarkDepth:=2.5pt:1ex:=4.49998pt
[203]

Package epstopdf Info: Source file: <VM_design.eps>
(epstopdf)                    date: 2025-01-29 21:36:07
(epstopdf)                    size: 29305 bytes
(epstopdf)             Output file: <VM_design-eps-converted-to.pdf>
(epstopdf)             Command: <repstopdf --outfile=VM_design-eps-converted-to
.pdf VM_design.eps>
(epstopdf)             \includegraphics on input line 9150.
runsystem(repstopdf --outfile=VM_design-eps-converted-to.pdf VM_design.eps)...e
xecuted safely (allowed).

Package epstopdf Info: Result file: <VM_design-eps-converted-to.pdf>.

! Package pdftex.def Error: File `VM_design-eps-converted-to.pdf' not found: us
ing draft setting.

See the pdftex.def package documentation for explanation.
Type  H <return>  for immediate help.
 ...                                              
                                                  
l.9150 \scalebox{0.6}{\includegraphics{VM_design}}
                                                  %
Try typing  <return>  to proceed.
If that doesn't work, type  X <return>  to quit.


:tex2html_wrap104730:lthtmlCropMarkHeight:=49.36243pt

:tex2html_wrap104730:lthtmlCropMarkDepth:=0.0pt:1ex:=4.49998pt
[204]


:tex2html_wrap_inline47566:lthtmlCropMarkHeight:=11.83333pt

:tex2html_wrap_inline47566:lthtmlCropMarkDepth:=0.83333pt:1ex:=4.49998pt
[205]


:tex2html_wrap_inline47568:lthtmlCropMarkHeight:=11.83333pt

:tex2html_wrap_inline47568:lthtmlCropMarkDepth:=0.83333pt:1ex:=4.49998pt
[206]


:tex2html_wrap_inline47586:lthtmlCropMarkHeight:=13.5pt

:tex2html_wrap_inline47586:lthtmlCropMarkDepth:=2.5pt:1ex:=4.49998pt
[207]

Package epstopdf Info: Source file: <Appendix_uml.eps>
(epstopdf)                    date: 2025-01-29 21:36:07
(epstopdf)                    size: 4754792 bytes
(epstopdf)             Output file: <Appendix_uml-eps-converted-to.pdf>
(epstopdf)             Command: <repstopdf --outfile=Appendix_uml-eps-converted
-to.pdf Appendix_uml.eps>
(epstopdf)             \includegraphics on input line 9636.
runsystem(repstopdf --outfile=Appendix_uml-eps-converted-to.pdf Appendix_uml.ep
s)...executed safely (allowed).

Package epstopdf Info: Result file: <Appendix_uml-eps-converted-to.pdf>.

! Package pdftex.def Error: File `Appendix_uml-eps-converted-to.pdf' not found:
 using draft setting.

See the pdftex.def package documentation for explanation.
Type  H <return>  for immediate help.
 ...                                              
                                                  
l.9636 ...box{0.8}{\includegraphics{Appendix_uml}}
                                                  %
Try typing  <return>  to proceed.
If that doesn't work, type  X <return>  to quit.


:tex2html_wrap108612:lthtmlCropMarkHeight:=63.81621pt

:tex2html_wrap108612:lthtmlCropMarkDepth:=0.0pt:1ex:=4.49998pt
[208]

(./images.aux)
 ***********
LaTeX2e <2024-11-01>
L3 programming layer <2024-11-02>
 ***********

Package rerunfilecheck Warning: File `images.out' has changed.
(rerunfilecheck)                Rerun to get outlines right
(rerunfilecheck)                or use package `bookmark'.

Package rerunfilecheck Info: Checksums for `images.out':
(rerunfilecheck)             Before: <no file>
(rerunfilecheck)             After:  D41D8CD98F00B204E9800998ECF8427E;0.
 ) 
Here is how much of TeX's memory you used:
 12418 strings out of 473351
 202290 string characters out of 5722903
 610122 words of memory out of 5000000
 35200 multiletter control sequences out of 15000+600000
 561412 words of font info for 40 fonts, out of 8000000 for 9000
 1141 hyphenation exceptions out of 8191
 90i,9n,93p,834b,460s stack positions out of 10000i,1000n,20000p,200000b,200000s
</usr/share/texlive/texmf-dist/fonts/type1/public/amsfonts/cm/cmex10.pfb></us
r/share/texlive/texmf-dist/fonts/type1/public/amsfonts/cm/cmmi10.pfb></usr/shar
e/texlive/texmf-dist/fonts/type1/public/amsfonts/cm/cmmi5.pfb></usr/share/texli
ve/texmf-dist/fonts/type1/public/amsfonts/cm/cmmi7.pfb></usr/share/texlive/texm
f-dist/fonts/type1/public/amsfonts/cm/cmr10.pfb></usr/share/texlive/texmf-dist/
fonts/type1/public/amsfonts/cm/cmr7.pfb></usr/share/texlive/texmf-dist/fonts/ty
pe1/public/amsfonts/cm/cmsy10.pfb></usr/share/texlive/texmf-dist/fonts/type1/pu
blic/amsfonts/cm/cmsy7.pfb></usr/share/texlive/texmf-dist/fonts/type1/urw/couri
er/ucrr8a.pfb></usr/share/texlive/texmf-dist/fonts/type1/urw/times/utmr8a.pfb>
Output written on images.pdf (208 pages, 163505 bytes).
PDF statistics:
 980 PDF objects out of 1000 (max. 8388607)
 742 compressed objects within 8 object streams
 208 named destinations out of 1000 (max. 500000)
 1 words of extra memory for PDF output out of 10000 (max. 10000000)

